-- The C compiler identification is GNU 11.4.0
-- The CXX compiler identification is GNU 11.4.0
-- Detecting C compiler ABI info
-- Detecting C compiler ABI info - done
-- Check for working C compiler: /usr/bin/cc - skipped
-- Detecting C compile features
-- Detecting C compile features - done
-- Detecting CXX compiler ABI info
-- Detecting CXX compiler ABI info - done
-- Check for working CXX compiler: /usr/bin/c++ - skipped
-- Detecting CXX compile features
-- Detecting CXX compile features - done
-- Performing Test CXX_SUPPORTS_WEXTRA
-- Performing Test CXX_SUPPORTS_WEXTRA - Success
-- Performing Test CXX_SUPPORTS_WALL
-- Performing Test CXX_SUPPORTS_WALL - Success
-- Assuming cisst is built using ROS/catkin since ROS_ROOT is defined in environment
-- CATKIN_DEVEL_PREFIX is not defined so assuming this is NOT a ROS/catkin build after all
-- Found OpenGL: /usr/lib/x86_64-linux-gnu/libOpenGL.so   
-- Found unsuitable Qt version "5.15.3" from /usr/bin/qmake
-- Found X11: /usr/include   
-- Looking for XOpenDisplay in /usr/lib/x86_64-linux-gnu/libX11.so;/usr/lib/x86_64-linux-gnu/libXext.so
-- Looking for XOpenDisplay in /usr/lib/x86_64-linux-gnu/libX11.so;/usr/lib/x86_64-linux-gnu/libXext.so - found
-- Looking for gethostbyname
-- Looking for gethostbyname - found
-- Looking for connect
-- Looking for connect - found
-- Looking for remove
-- Looking for remove - found
-- Looking for shmat
-- Looking for shmat - found
-- Looking for IceConnectionNumber in ICE
-- Looking for IceConnectionNumber in ICE - found
-- Could NOT find FLTK (missing: FLTK_LIBRARIES FLTK_FLUID_EXECUTABLE) 
-- Found SWIG: /usr/bin/swig4.0 (found suitable version "4.0.2", minimum required is "1.3.36")  
-- Found PythonLibs: /usr/lib/x86_64-linux-gnu/libpython3.10.so (found version "3.10.12") 
-- Found PythonInterp: /usr/bin/python3.10 (found version "3.10.12") 
-- Found Numpy: /home/ytxu/.local/lib/python3.10/site-packages/numpy/core/include/numpy  
-- Found LibXml2: /usr/lib/x86_64-linux-gnu/libxml2.so (found version "2.9.13") 
-- Found PkgConfig: /usr/bin/pkg-config (found version "0.29.2") 
-- Checking for module 'jsoncpp'
--   Found jsoncpp, version 1.9.5
-- Checking to see if size_t is a native type
-- Checking to see if size_t is a native type - no
-- Checking to see if long long and long are different types
-- Checking to see if long long and long are different types - yes
-- Performing Test CISST_HAS_STD_ISNAN
-- Performing Test CISST_HAS_STD_ISNAN - Success
-- Performing Test CISST_HAS_STD_ISFINITE
-- Performing Test CISST_HAS_STD_ISFINITE - Success
-- Looking for isfinite
-- Looking for isfinite - found
-- Looking for pthread.h
-- Looking for pthread.h - found
-- Performing Test CMAKE_HAVE_LIBC_PTHREAD
-- Performing Test CMAKE_HAVE_LIBC_PTHREAD - Success
-- Found Threads: TRUE  
-- Found SWIG: /usr/bin/swig4.0 (found version "4.0.2")  
-- Configuring done
-- Generating done
-- Build files have been written to: /home/ytxu/cr_dvrk_ws/build/cisst
[  1%] [34m[1mGenerating /home/ytxu/cr_dvrk_ws/build/cisst/include/cisstBuildType.h from /home/ytxu/cr_dvrk_ws/src/cisst-saw/cisst/cisstBuildType.h.in[0m
[  1%] [34m[1mGenerating /home/ytxu/cr_dvrk_ws/build/cisst/include/cisstRevision.h from /home/ytxu/cr_dvrk_ws/src/cisst-saw/cisst/cisstRevision.h.in[0m
[  1%] [34m[1mCopying data files from models to /home/ytxu/cr_dvrk_ws/build/cisst/share/cisst-1.3/models[0m
[  2%] [34m[1mCopying data files from movies to /home/ytxu/cr_dvrk_ws/build/cisst/share/cisst-1.3/movies[0m
[  2%] [34m[1mCreating directories for 'cisstReflexxesTypeIIExternal'[0m
[  2%] [34m[1mCopying data files from images to /home/ytxu/cr_dvrk_ws/build/cisst/share/cisst-1.3/images[0m
-- Build type is: Release
Build suffix is: .
-- Found Git revision: 1.3.1
[  2%] Built target cisstBuildType
[  2%] Built target copy_data_movies
[  2%] Built target cisstRevision
[  2%] Built target copy_data_images
[  2%] Built target copy_data_models
[  2%] [32mBuilding CXX object cisstCommon/applications/cisstDataGenerator/CMakeFiles/cisstDataGenerator.dir/cisstDataGenerator.cpp.o[0m
[  3%] [32mBuilding CXX object cisstCommon/applications/cisstDataGenerator/CMakeFiles/cisstDataGenerator.dir/cdgScope.cpp.o[0m
[  3%] [32mBuilding CXX object cisstCommon/applications/cisstDataGenerator/CMakeFiles/cisstDataGenerator.dir/cdgField.cpp.o[0m
[  3%] [32mBuilding CXX object cisstCommon/applications/cisstDataGenerator/CMakeFiles/cisstDataGenerator.dir/cdgGlobal.cpp.o[0m
[  3%] [32mBuilding CXX object cisstCommon/applications/cisstDataGenerator/CMakeFiles/cisstDataGenerator.dir/cdgBaseClass.cpp.o[0m
[  3%] [32mBuilding CXX object cisstCommon/applications/cisstDataGenerator/CMakeFiles/cisstDataGenerator.dir/cdgClass.cpp.o[0m
[  4%] [32mBuilding CXX object cisstCommon/applications/cisstDataGenerator/CMakeFiles/cisstDataGenerator.dir/cdgMember.cpp.o[0m
[  4%] [32mBuilding CXX object cisstCommon/applications/cisstDataGenerator/CMakeFiles/cisstDataGenerator.dir/cdgEnum.cpp.o[0m
[  4%] [32mBuilding CXX object cisstCommon/applications/cisstDataGenerator/CMakeFiles/cisstDataGenerator.dir/cdgEnumValue.cpp.o[0m
[  4%] [32mBuilding CXX object cisstCommon/applications/cisstDataGenerator/CMakeFiles/cisstDataGenerator.dir/cdgTypedef.cpp.o[0m
[  5%] [32mBuilding CXX object cisstCommon/applications/cisstDataGenerator/CMakeFiles/cisstDataGenerator.dir/cdgInline.cpp.o[0m
[  5%] [34m[1mPerforming download step (git clone) for 'cisstReflexxesTypeIIExternal'[0m
[  5%] [34m[1mNo update step for 'cisstReflexxesTypeIIExternal'[0m
[  5%] [34m[1mNo patch step for 'cisstReflexxesTypeIIExternal'[0m
[  5%] [34m[1mPerforming configure step for 'cisstReflexxesTypeIIExternal'[0m
loading initial cache file /home/ytxu/cr_dvrk_ws/build/cisst/cisstRobot/code/Reflexxes/tmp/cisstReflexxesTypeIIExternal-cache-Release.cmake
-- The C compiler identification is GNU 11.4.0
[  5%] [32mBuilding CXX object cisstCommon/applications/cisstDataGenerator/CMakeFiles/cisstDataGenerator.dir/cdgFile.cpp.o[0m
[  5%] [32mBuilding CXX object cisstCommon/applications/cisstDataGenerator/CMakeFiles/cisstDataGenerator.dir/__/__/code/cmnClassRegister.cpp.o[0m
[  5%] [32mBuilding CXX object cisstCommon/applications/cisstDataGenerator/CMakeFiles/cisstDataGenerator.dir/__/__/code/cmnClassServicesBase.cpp.o[0m
[  6%] [32mBuilding CXX object cisstCommon/applications/cisstDataGenerator/CMakeFiles/cisstDataGenerator.dir/__/__/code/cmnCommandLineOptions.cpp.o[0m
[  6%] [32mBuilding CXX object cisstCommon/applications/cisstDataGenerator/CMakeFiles/cisstDataGenerator.dir/__/__/code/cmnGenericObject.cpp.o[0m
[  6%] [32mBuilding CXX object cisstCommon/applications/cisstDataGenerator/CMakeFiles/cisstDataGenerator.dir/__/__/code/cmnLogger.cpp.o[0m
-- The CXX compiler identification is GNU 11.4.0
[  6%] [32mBuilding CXX object cisstCommon/applications/cisstDataGenerator/CMakeFiles/cisstDataGenerator.dir/__/__/code/cmnLogLoD.cpp.o[0m
-- Detecting C compiler ABI info
-- Detecting C compiler ABI info - done
-- Check for working C compiler: /usr/bin/cc - skipped
-- Detecting C compile features
-- Detecting C compile features - done
-- Detecting CXX compiler ABI info
-- Detecting CXX compiler ABI info - done
-- Check for working CXX compiler: /usr/bin/c++ - skipped
-- Detecting CXX compile features
-- Detecting CXX compile features - done
-- Performing Test CXX_SUPPORTS_STDCPP11
-- Performing Test CXX_SUPPORTS_STDCPP11 - Success
-- Performing Test CXX_SUPPORTS_NOUNSAFEMATHOPT
[  7%] [32mBuilding CXX object cisstCommon/applications/cisstDataGenerator/CMakeFiles/cisstDataGenerator.dir/__/__/code/cmnPath.cpp.o[0m
[  7%] [32mBuilding CXX object cisstCommon/applications/cisstDataGenerator/CMakeFiles/cisstDataGenerator.dir/__/__/code/cmnTokenizer.cpp.o[0m
[  7%] [32mBuilding CXX object cisstCommon/applications/cisstDataGenerator/CMakeFiles/cisstDataGenerator.dir/__/__/code/cmnClassServices.cpp.o[0m
[  7%] [32mBuilding CXX object cisstCommon/applications/cisstDataGenerator/CMakeFiles/cisstDataGenerator.dir/__/__/code/cmnSerializer.cpp.o[0m
[  8%] [32mBuilding CXX object cisstCommon/applications/cisstDataGenerator/CMakeFiles/cisstDataGenerator.dir/__/__/code/cmnDeSerializer.cpp.o[0m
-- Performing Test CXX_SUPPORTS_NOUNSAFEMATHOPT - Success
-- Configuring done
-- Generating done
-- Build files have been written to: /home/ytxu/cr_dvrk_ws/build/cisst/cisstRobot/code/Reflexxes/src/cisstReflexxesTypeIIExternal-build
[  8%] [34m[1mPerforming build step for 'cisstReflexxesTypeIIExternal'[0m
[  2%] [32mBuilding CXX object ReflexxesTypeII/CMakeFiles/ReflexxesTypeII.dir/src/TypeIIRML/ReflexxesAPI.cpp.o[0m
[  4%] [32mBuilding CXX object ReflexxesTypeII/CMakeFiles/ReflexxesTypeII.dir/src/TypeIIRML/TypeIIRMLCalculatePositionalExtrems.cpp.o[0m
[  6%] [32mBuilding CXX object ReflexxesTypeII/CMakeFiles/ReflexxesTypeII.dir/src/TypeIIRML/TypeIIRMLDecisionTree1A.cpp.o[0m
[  8%] [32mBuilding CXX object ReflexxesTypeII/CMakeFiles/ReflexxesTypeII.dir/src/TypeIIRML/TypeIIRMLDecisionTree1B.cpp.o[0m
[ 11%] [32mBuilding CXX object ReflexxesTypeII/CMakeFiles/ReflexxesTypeII.dir/src/TypeIIRML/TypeIIRMLDecisionTree1C.cpp.o[0m
[ 13%] [32mBuilding CXX object ReflexxesTypeII/CMakeFiles/ReflexxesTypeII.dir/src/TypeIIRML/TypeIIRMLDecisionTree2.cpp.o[0m
[ 15%] [32mBuilding CXX object ReflexxesTypeII/CMakeFiles/ReflexxesTypeII.dir/src/TypeIIRML/TypeIIRMLDecisions.cpp.o[0m
[ 17%] [32mBuilding CXX object ReflexxesTypeII/CMakeFiles/ReflexxesTypeII.dir/src/TypeIIRML/TypeIIRMLFallBackStrategy.cpp.o[0m
[ 20%] [32mBuilding CXX object ReflexxesTypeII/CMakeFiles/ReflexxesTypeII.dir/src/TypeIIRML/TypeIIRMLIsPhaseSynchronizationPossible.cpp.o[0m
[ 22%] [32mBuilding CXX object ReflexxesTypeII/CMakeFiles/ReflexxesTypeII.dir/src/TypeIIRML/TypeIIRMLPolynomial.cpp.o[0m
[ 24%] [32mBuilding CXX object ReflexxesTypeII/CMakeFiles/ReflexxesTypeII.dir/src/TypeIIRML/TypeIIRMLPosition.cpp.o[0m
[ 26%] [32mBuilding CXX object ReflexxesTypeII/CMakeFiles/ReflexxesTypeII.dir/src/TypeIIRML/TypeIIRMLQuicksort.cpp.o[0m
[ 28%] [32mBuilding CXX object ReflexxesTypeII/CMakeFiles/ReflexxesTypeII.dir/src/TypeIIRML/TypeIIRMLSetupModifiedSelectionVector.cpp.o[0m
[ 31%] [32mBuilding CXX object ReflexxesTypeII/CMakeFiles/ReflexxesTypeII.dir/src/TypeIIRML/TypeIIRMLStep1.cpp.o[0m
[ 33%] [32mBuilding CXX object ReflexxesTypeII/CMakeFiles/ReflexxesTypeII.dir/src/TypeIIRML/TypeIIRMLStep1IntermediateProfiles.cpp.o[0m
[ 35%] [32mBuilding CXX object ReflexxesTypeII/CMakeFiles/ReflexxesTypeII.dir/src/TypeIIRML/TypeIIRMLStep1Profiles.cpp.o[0m
[ 37%] [32mBuilding CXX object ReflexxesTypeII/CMakeFiles/ReflexxesTypeII.dir/src/TypeIIRML/TypeIIRMLStep2.cpp.o[0m
[ 40%] [32mBuilding CXX object ReflexxesTypeII/CMakeFiles/ReflexxesTypeII.dir/src/TypeIIRML/TypeIIRMLStep2IntermediateProfiles.cpp.o[0m
[ 42%] [32mBuilding CXX object ReflexxesTypeII/CMakeFiles/ReflexxesTypeII.dir/src/TypeIIRML/TypeIIRMLStep2PhaseSynchronization.cpp.o[0m
[ 44%] [32mBuilding CXX object ReflexxesTypeII/CMakeFiles/ReflexxesTypeII.dir/src/TypeIIRML/TypeIIRMLStep2Profiles.cpp.o[0m
[ 46%] [32mBuilding CXX object ReflexxesTypeII/CMakeFiles/ReflexxesTypeII.dir/src/TypeIIRML/TypeIIRMLStep2WithoutSynchronization.cpp.o[0m
[ 48%] [32mBuilding CXX object ReflexxesTypeII/CMakeFiles/ReflexxesTypeII.dir/src/TypeIIRML/TypeIIRMLStep3.cpp.o[0m
[ 51%] [32mBuilding CXX object ReflexxesTypeII/CMakeFiles/ReflexxesTypeII.dir/src/TypeIIRML/TypeIIRMLVelocity.cpp.o[0m
[ 53%] [32mBuilding CXX object ReflexxesTypeII/CMakeFiles/ReflexxesTypeII.dir/src/TypeIIRML/TypeIIRMLVelocityCalculatePositionalExtrems.cpp.o[0m
[ 55%] [32mBuilding CXX object ReflexxesTypeII/CMakeFiles/ReflexxesTypeII.dir/src/TypeIIRML/TypeIIRMLVelocityFallBackStrategy.cpp.o[0m
[ 57%] [32mBuilding CXX object ReflexxesTypeII/CMakeFiles/ReflexxesTypeII.dir/src/TypeIIRML/TypeIIRMLVelocityIsPhaseSynchronizationPossible.cpp.o[0m
[ 60%] [32mBuilding CXX object ReflexxesTypeII/CMakeFiles/ReflexxesTypeII.dir/src/TypeIIRML/TypeIIRMLVelocityMethods.cpp.o[0m
[ 62%] [32mBuilding CXX object ReflexxesTypeII/CMakeFiles/ReflexxesTypeII.dir/src/TypeIIRML/TypeIIRMLVelocitySetupPhaseSyncSelectionVector.cpp.o[0m
[ 64%] [32m[1mLinking CXX shared library /home/ytxu/cr_dvrk_ws/build/cisst/lib/libReflexxesTypeII.so[0m
[ 64%] Built target ReflexxesTypeII
[ 66%] [32mBuilding CXX object ReflexxesTypeII/CMakeFiles/06_RMLVelocitySampleApplication.dir/src/RMLVelocitySampleApplications/06_RMLVelocitySampleApplication.cpp.o[0m
[ 71%] [32mBuilding CXX object ReflexxesTypeII/CMakeFiles/01_RMLPositionSampleApplication.dir/src/RMLPositionSampleApplications/01_RMLPositionSampleApplication.cpp.o[0m
[ 71%] [32mBuilding CXX object ReflexxesTypeII/CMakeFiles/02_RMLPositionSampleApplication.dir/src/RMLPositionSampleApplications/02_RMLPositionSampleApplication.cpp.o[0m
[ 73%] [32mBuilding CXX object ReflexxesTypeII/CMakeFiles/04_RMLVelocitySampleApplication.dir/src/RMLVelocitySampleApplications/04_RMLVelocitySampleApplication.cpp.o[0m
[ 75%] [32mBuilding CXX object ReflexxesTypeII/CMakeFiles/03_RMLPositionSampleApplication.dir/src/RMLPositionSampleApplications/03_RMLPositionSampleApplication.cpp.o[0m
[ 77%] [32mBuilding CXX object ReflexxesTypeII/CMakeFiles/05_RMLVelocitySampleApplication.dir/src/RMLVelocitySampleApplications/05_RMLVelocitySampleApplication.cpp.o[0m
[ 80%] [32mBuilding CXX object ReflexxesTypeII/CMakeFiles/07_RMLPositionSampleApplication.dir/src/RMLPositionSampleApplications/07_RMLPositionSampleApplication.cpp.o[0m
[ 82%] [32mBuilding CXX object ReflexxesTypeII/CMakeFiles/08_RMLVelocitySampleApplication.dir/src/RMLVelocitySampleApplications/08_RMLVelocitySampleApplication.cpp.o[0m
[ 84%] [32m[1mLinking CXX executable 01_RMLPositionSampleApplication[0m
[ 88%] [32m[1mLinking CXX executable 06_RMLVelocitySampleApplication[0m
[ 88%] [32m[1mLinking CXX executable 03_RMLPositionSampleApplication[0m
[ 91%] [32m[1mLinking CXX executable 07_RMLPositionSampleApplication[0m
[ 93%] [32m[1mLinking CXX executable 04_RMLVelocitySampleApplication[0m
[ 95%] [32m[1mLinking CXX executable 02_RMLPositionSampleApplication[0m
[ 97%] [32m[1mLinking CXX executable 08_RMLVelocitySampleApplication[0m
[100%] [32m[1mLinking CXX executable 05_RMLVelocitySampleApplication[0m
[100%] Built target 06_RMLVelocitySampleApplication
[100%] Built target 03_RMLPositionSampleApplication
[100%] Built target 01_RMLPositionSampleApplication
[100%] Built target 07_RMLPositionSampleApplication
[100%] Built target 04_RMLVelocitySampleApplication
[100%] Built target 08_RMLVelocitySampleApplication
[100%] Built target 02_RMLPositionSampleApplication
[100%] Built target 05_RMLVelocitySampleApplication
[  9%] [34m[1mPerforming install step for 'cisstReflexxesTypeIIExternal'[0m
[35m[1mConsolidate compiler generated dependencies of target ReflexxesTypeII[0m
[ 64%] Built target ReflexxesTypeII
[35m[1mConsolidate compiler generated dependencies of target 03_RMLPositionSampleApplication[0m
[35m[1mConsolidate compiler generated dependencies of target 01_RMLPositionSampleApplication[0m
[35m[1mConsolidate compiler generated dependencies of target 08_RMLVelocitySampleApplication[0m
[35m[1mConsolidate compiler generated dependencies of target 06_RMLVelocitySampleApplication[0m
[35m[1mConsolidate compiler generated dependencies of target 02_RMLPositionSampleApplication[0m
[35m[1mConsolidate compiler generated dependencies of target 07_RMLPositionSampleApplication[0m
[35m[1mConsolidate compiler generated dependencies of target 04_RMLVelocitySampleApplication[0m
[35m[1mConsolidate compiler generated dependencies of target 05_RMLVelocitySampleApplication[0m
[ 68%] Built target 03_RMLPositionSampleApplication
[ 75%] Built target 01_RMLPositionSampleApplication
[ 77%] Built target 05_RMLVelocitySampleApplication
[ 86%] Built target 08_RMLVelocitySampleApplication
[ 86%] Built target 02_RMLPositionSampleApplication
[ 93%] Built target 07_RMLPositionSampleApplication
[ 95%] Built target 06_RMLVelocitySampleApplication
[100%] Built target 04_RMLVelocitySampleApplication
[36mInstall the project...[0m
-- Install configuration: "Release"
-- Installing: /home/ytxu/cr_dvrk_ws/build/cisst/cisstReflexxesTypeII/lib/libReflexxesTypeII.so
-- Installing: /home/ytxu/cr_dvrk_ws/build/cisst/cisstReflexxesTypeII/include/ReflexxesTypeII/RMLFlags.h
-- Installing: /home/ytxu/cr_dvrk_ws/build/cisst/cisstReflexxesTypeII/include/ReflexxesTypeII/RMLInputParameters.h
-- Installing: /home/ytxu/cr_dvrk_ws/build/cisst/cisstReflexxesTypeII/include/ReflexxesTypeII/RMLOutputParameters.h
-- Installing: /home/ytxu/cr_dvrk_ws/build/cisst/cisstReflexxesTypeII/include/ReflexxesTypeII/RMLPositionFlags.h
-- Installing: /home/ytxu/cr_dvrk_ws/build/cisst/cisstReflexxesTypeII/include/ReflexxesTypeII/RMLPositionInputParameters.h
-- Installing: /home/ytxu/cr_dvrk_ws/build/cisst/cisstReflexxesTypeII/include/ReflexxesTypeII/RMLPositionOutputParameters.h
-- Installing: /home/ytxu/cr_dvrk_ws/build/cisst/cisstReflexxesTypeII/include/ReflexxesTypeII/RMLVector.h
-- Installing: /home/ytxu/cr_dvrk_ws/build/cisst/cisstReflexxesTypeII/include/ReflexxesTypeII/RMLVelocityFlags.h
-- Installing: /home/ytxu/cr_dvrk_ws/build/cisst/cisstReflexxesTypeII/include/ReflexxesTypeII/RMLVelocityInputParameters.h
-- Installing: /home/ytxu/cr_dvrk_ws/build/cisst/cisstReflexxesTypeII/include/ReflexxesTypeII/RMLVelocityOutputParameters.h
-- Installing: /home/ytxu/cr_dvrk_ws/build/cisst/cisstReflexxesTypeII/include/ReflexxesTypeII/ReflexxesAPI.h
-- Installing: /home/ytxu/cr_dvrk_ws/build/cisst/cisstReflexxesTypeII/include/ReflexxesTypeII/TypeIIRMLDecisionTree1A.h
-- Installing: /home/ytxu/cr_dvrk_ws/build/cisst/cisstReflexxesTypeII/include/ReflexxesTypeII/TypeIIRMLDecisionTree1B.h
-- Installing: /home/ytxu/cr_dvrk_ws/build/cisst/cisstReflexxesTypeII/include/ReflexxesTypeII/TypeIIRMLDecisionTree1C.h
-- Installing: /home/ytxu/cr_dvrk_ws/build/cisst/cisstReflexxesTypeII/include/ReflexxesTypeII/TypeIIRMLDecisionTree2.h
-- Installing: /home/ytxu/cr_dvrk_ws/build/cisst/cisstReflexxesTypeII/include/ReflexxesTypeII/TypeIIRMLDecisions.h
-- Installing: /home/ytxu/cr_dvrk_ws/build/cisst/cisstReflexxesTypeII/include/ReflexxesTypeII/TypeIIRMLMath.h
-- Installing: /home/ytxu/cr_dvrk_ws/build/cisst/cisstReflexxesTypeII/include/ReflexxesTypeII/TypeIIRMLPolynomial.h
-- Installing: /home/ytxu/cr_dvrk_ws/build/cisst/cisstReflexxesTypeII/include/ReflexxesTypeII/TypeIIRMLPosition.h
-- Installing: /home/ytxu/cr_dvrk_ws/build/cisst/cisstReflexxesTypeII/include/ReflexxesTypeII/TypeIIRMLQuicksort.h
-- Installing: /home/ytxu/cr_dvrk_ws/build/cisst/cisstReflexxesTypeII/include/ReflexxesTypeII/TypeIIRMLStep1IntermediateProfiles.h
-- Installing: /home/ytxu/cr_dvrk_ws/build/cisst/cisstReflexxesTypeII/include/ReflexxesTypeII/TypeIIRMLStep1Profiles.h
-- Installing: /home/ytxu/cr_dvrk_ws/build/cisst/cisstReflexxesTypeII/include/ReflexxesTypeII/TypeIIRMLStep2IntermediateProfiles.h
-- Installing: /home/ytxu/cr_dvrk_ws/build/cisst/cisstReflexxesTypeII/include/ReflexxesTypeII/TypeIIRMLStep2Profiles.h
-- Installing: /home/ytxu/cr_dvrk_ws/build/cisst/cisstReflexxesTypeII/include/ReflexxesTypeII/TypeIIRMLStep2WithoutSynchronization.h
-- Installing: /home/ytxu/cr_dvrk_ws/build/cisst/cisstReflexxesTypeII/include/ReflexxesTypeII/TypeIIRMLVelocity.h
[ 10%] [34m[1mCompleted 'cisstReflexxesTypeIIExternal'[0m
[ 10%] Built target cisstReflexxesTypeIIExternal
[ 10%] [32m[1mLinking CXX executable ../../../bin/cisstDataGenerator[0m
[ 10%] Built target cisstDataGenerator
[ 10%] [34m[1mcisstDataGenerator for cmnJointType[0m
cisstDataGenerator: generating /home/ytxu/cr_dvrk_ws/build/cisst/include/cisstCommon/cmnJointType.h and /home/ytxu/cr_dvrk_ws/build/cisst/cisstCommon/code/cmnJointType_cdg.cpp from /home/ytxu/cr_dvrk_ws/src/cisst-saw/cisst/cisstCommon/code/../cmnJointType.cdg
cisstDataGenerator: parse succeeded
cisstDataGenerator: generating header file "/home/ytxu/cr_dvrk_ws/build/cisst/include/cisstCommon/cmnJointType.h"
cisstDataGenerator: generating code file "/home/ytxu/cr_dvrk_ws/build/cisst/cisstCommon/code/cmnJointType_cdg.cpp"
[ 10%] [32mBuilding CXX object cisstCommon/code/CMakeFiles/cisstCommon.dir/cmnClassServicesBase.cpp.o[0m
[ 10%] [32mBuilding CXX object cisstCommon/code/CMakeFiles/cisstCommon.dir/cmnClassRegister.cpp.o[0m
[ 11%] [32mBuilding CXX object cisstCommon/code/CMakeFiles/cisstCommon.dir/cmnCommandLineOptions.cpp.o[0m
[ 11%] [32mBuilding CXX object cisstCommon/code/CMakeFiles/cisstCommon.dir/cmnClassServices.cpp.o[0m
[ 12%] [32mBuilding CXX object cisstCommon/code/CMakeFiles/cisstCommon.dir/cmnDataFunctions.cpp.o[0m
[ 12%] [32mBuilding CXX object cisstCommon/code/CMakeFiles/cisstCommon.dir/cmnDataFormat.cpp.o[0m
[ 12%] [32mBuilding CXX object cisstCommon/code/CMakeFiles/cisstCommon.dir/cmnDataFunctionsString.cpp.o[0m
[ 12%] [32mBuilding CXX object cisstCommon/code/CMakeFiles/cisstCommon.dir/cmnDataFunctionsJSON.cpp.o[0m
[ 12%] [32mBuilding CXX object cisstCommon/code/CMakeFiles/cisstCommon.dir/cmnDeSerializer.cpp.o[0m
[ 13%] [32mBuilding CXX object cisstCommon/code/CMakeFiles/cisstCommon.dir/cmnGenericObject.cpp.o[0m
[ 13%] [32mBuilding CXX object cisstCommon/code/CMakeFiles/cisstCommon.dir/cmnGetChar.cpp.o[0m
[ 13%] [32mBuilding CXX object cisstCommon/code/CMakeFiles/cisstCommon.dir/cmnKbHit.cpp.o[0m
[ 13%] [32mBuilding CXX object cisstCommon/code/CMakeFiles/cisstCommon.dir/cmnLogLoD.cpp.o[0m
[ 14%] [32mBuilding CXX object cisstCommon/code/CMakeFiles/cisstCommon.dir/cmnLogger.cpp.o[0m
[ 14%] [32mBuilding CXX object cisstCommon/code/CMakeFiles/cisstCommon.dir/cmnObjectRegister.cpp.o[0m
[ 14%] [32mBuilding CXX object cisstCommon/code/CMakeFiles/cisstCommon.dir/cmnOutputMultiplexer.cpp.o[0m
[ 14%] [32mBuilding CXX object cisstCommon/code/CMakeFiles/cisstCommon.dir/cmnPath.cpp.o[0m
[ 15%] [32mBuilding CXX object cisstCommon/code/CMakeFiles/cisstCommon.dir/cmnPortability.cpp.o[0m
[ 15%] [32mBuilding CXX object cisstCommon/code/CMakeFiles/cisstCommon.dir/cmnPrintf.cpp.o[0m
[ 15%] [32mBuilding CXX object cisstCommon/code/CMakeFiles/cisstCommon.dir/cmnRandomSequence.cpp.o[0m
[ 16%] [32mBuilding CXX object cisstCommon/code/CMakeFiles/cisstCommon.dir/cmnSerializer.cpp.o[0m
[ 16%] [32mBuilding CXX object cisstCommon/code/CMakeFiles/cisstCommon.dir/cmnStreamRawParser.cpp.o[0m
[ 16%] [32mBuilding CXX object cisstCommon/code/CMakeFiles/cisstCommon.dir/cmnStrings.cpp.o[0m
[ 16%] [32mBuilding CXX object cisstCommon/code/CMakeFiles/cisstCommon.dir/cmnTokenizer.cpp.o[0m
[ 17%] [32mBuilding CXX object cisstCommon/code/CMakeFiles/cisstCommon.dir/cmnTypeTraits.cpp.o[0m
[ 17%] [32mBuilding CXX object cisstCommon/code/CMakeFiles/cisstCommon.dir/cmnJointType_cdg.cpp.o[0m
[ 17%] [32m[1mLinking CXX shared library ../../lib/libcisstCommon.so[0m
[ 17%] Built target cisstCommon
[35m[1mScanning dependencies of target cisstCommonPython_swig_compilation[0m
[ 19%] [32mBuilding CXX object cisstCommon/codeXML/CMakeFiles/cisstCommonXML.dir/cmnXMLPath.cpp.o[0m
[ 19%] [32mBuilding CXX object cisstCommon/codeQt/CMakeFiles/cisstCommonQt.dir/cmnQt.cpp.o[0m
[ 19%] [32mBuilding CXX object cisstCommon/codeQt/CMakeFiles/cisstCommonQt.dir/cmnClassServicesQt.cpp.o[0m
[ 19%] [32mBuilding CXX object cisstCommon/codeQt/CMakeFiles/cisstCommonQt.dir/cmnLoggerQtWidget.cpp.o[0m
[ 19%] [32mBuilding CXX object cisstOSAbstraction/code/CMakeFiles/cisstOSAbstraction.dir/osaCPUAffinity.cpp.o[0m
[ 19%] [32mBuilding CXX object cisstVector/code/CMakeFiles/cisstVector.dir/vctAngleRotation2.cpp.o[0m
[ 19%] [32mBuilding CXX object cisstVector/code/CMakeFiles/cisstVector.dir/vctAxisAngleRotation3.cpp.o[0m
[ 19%] [32mBuilding CXX object cisstVector/code/CMakeFiles/cisstVector.dir/vctEulerRotation3.cpp.o[0m
[ 19%] [32mBuilding CXX object cisstOSAbstraction/code/CMakeFiles/cisstOSAbstraction.dir/osaClassServices.cpp.o[0m
[ 20%] [32mBuilding CXX object cisstOSAbstraction/code/CMakeFiles/cisstOSAbstraction.dir/osaCriticalSection.cpp.o[0m
[ 20%] [32mBuilding CXX object cisstOSAbstraction/code/CMakeFiles/cisstOSAbstraction.dir/osaDynamicLoader.cpp.o[0m
[ 20%] [34m[1mSwig compile /home/ytxu/cr_dvrk_ws/src/cisst-saw/cisst/cisstCommon/codePython/../cisstCommon.i for python[0m
Language subdirectory: python
Search paths:
   ./
   /home/ytxu/cr_dvrk_ws/build/cisst/include/
   /home/ytxu/cr_dvrk_ws/src/cisst-saw/cisst/
   /usr/include/jsoncpp/
   /usr/include/python3.10/
   /home/ytxu/.local/lib/python3.10/site-packages/numpy/core/include/numpy/
   ./swig_lib/python/
   /usr/share/swig4.0/python/
   ./swig_lib/
   /usr/share/swig4.0/
Preprocessing...
Starting language-specific parse...
Processing types...
C++ analysis...
Processing nested classes...
Generating wrappers...
[ 21%] [32mBuilding CXX object cisstOSAbstraction/code/CMakeFiles/cisstOSAbstraction.dir/osaGetTime.cpp.o[0m
[ 21%] [32mBuilding CXX object cisstOSAbstraction/code/CMakeFiles/cisstOSAbstraction.dir/osaDynamicLoaderAndFactory.cpp.o[0m
[ 21%] [32mBuilding CXX object cisstOSAbstraction/code/CMakeFiles/cisstOSAbstraction.dir/osaMutex.cpp.o[0m
[ 22%] [32mBuilding CXX object cisstVector/code/CMakeFiles/cisstVector.dir/vctFrame4x4ConstBase.cpp.o[0m
[ 22%] [32mBuilding CXX object cisstVector/code/CMakeFiles/cisstVector.dir/vctFrameBase.cpp.o[0m
[ 22%] [32mBuilding CXX object cisstOSAbstraction/code/CMakeFiles/cisstOSAbstraction.dir/osaPipeExec.cpp.o[0m
[ 22%] Built target cisstCommonPython_swig_compilation
[ 22%] [32mBuilding CXX object cisstOSAbstraction/code/CMakeFiles/cisstOSAbstraction.dir/osaSerialPort.cpp.o[0m
[ 23%] [32mBuilding CXX object cisstOSAbstraction/code/CMakeFiles/cisstOSAbstraction.dir/osaSleep.cpp.o[0m
[ 23%] [32mBuilding CXX object cisstVector/code/CMakeFiles/cisstVector.dir/vctMatrixRotation2.cpp.o[0m
[ 23%] [32mBuilding CXX object cisstVector/code/CMakeFiles/cisstVector.dir/vctMatrixRotation2Base.cpp.o[0m
[ 24%] [32mBuilding CXX object cisstVector/code/CMakeFiles/cisstVector.dir/vctMatrixRotation3.cpp.o[0m
[ 24%] [32m[1mLinking CXX shared library ../../lib/libcisstCommonXML.so[0m
[ 24%] [32mBuilding CXX object cisstCommon/codePython/CMakeFiles/_cisstCommonPython.dir/CMakeFiles/_cisstCommonPython.dir/cisstCommonPYTHON_wrap.cxx.o[0m
[ 24%] [32mBuilding CXX object cisstOSAbstraction/code/CMakeFiles/cisstOSAbstraction.dir/osaSocket.cpp.o[0m
[ 24%] [32m[1mLinking CXX shared library ../../lib/libcisstCommonQt.so[0m
[ 24%] Built target cisstCommonXML
[ 24%] [32mBuilding CXX object cisstOSAbstraction/code/CMakeFiles/cisstOSAbstraction.dir/osaSocketServer.cpp.o[0m
[ 24%] [32mBuilding CXX object cisstVector/code/CMakeFiles/cisstVector.dir/vctMatrixRotation3ConstBase.cpp.o[0m
[ 24%] [32mBuilding CXX object cisstOSAbstraction/code/CMakeFiles/cisstOSAbstraction.dir/osaStopwatch.cpp.o[0m
[ 24%] [32mBuilding CXX object cisstVector/code/CMakeFiles/cisstVector.dir/vctPlot2DBase.cpp.o[0m
[ 24%] Built target cisstCommonQt
[ 24%] [32mBuilding CXX object cisstVector/code/CMakeFiles/cisstVector.dir/vctPlot2DOpenGL.cpp.o[0m
[ 25%] [32mBuilding CXX object cisstOSAbstraction/code/CMakeFiles/cisstOSAbstraction.dir/osaThread.cpp.o[0m
[ 26%] [32mBuilding CXX object cisstVector/code/CMakeFiles/cisstVector.dir/vctPrintf.cpp.o[0m
[ 26%] [32mBuilding CXX object cisstVector/code/CMakeFiles/cisstVector.dir/vctQuaternion.cpp.o[0m
[ 26%] [32mBuilding CXX object cisstVector/code/CMakeFiles/cisstVector.dir/vctQuaternionBase.cpp.o[0m
[ 26%] [32mBuilding CXX object cisstOSAbstraction/code/CMakeFiles/cisstOSAbstraction.dir/osaThreadBuddy.cpp.o[0m
[ 26%] [32mBuilding CXX object cisstOSAbstraction/code/CMakeFiles/cisstOSAbstraction.dir/osaThreadSignal.cpp.o[0m
[ 26%] [32mBuilding CXX object cisstOSAbstraction/code/CMakeFiles/cisstOSAbstraction.dir/osaTimeServer.cpp.o[0m
[ 26%] [32mBuilding CXX object cisstVector/code/CMakeFiles/cisstVector.dir/vctQuaternionRotation3.cpp.o[0m
[ 27%] [32mBuilding CXX object cisstVector/code/CMakeFiles/cisstVector.dir/vctQuaternionRotation3Base.cpp.o[0m
[ 27%] [32mBuilding CXX object cisstVector/code/CMakeFiles/cisstVector.dir/vctRandom.cpp.o[0m
[ 27%] [32mBuilding CXX object cisstVector/code/CMakeFiles/cisstVector.dir/vctRodriguezRotation3.cpp.o[0m
[ 27%] [32mBuilding CXX object cisstVector/code/CMakeFiles/cisstVector.dir/vctRodriguezRotation3Base.cpp.o[0m
[ 28%] [32mBuilding CXX object cisstVector/code/CMakeFiles/cisstVector.dir/vctTypes.cpp.o[0m
[ 29%] [32m[1mLinking CXX shared library ../../lib/libcisstOSAbstraction.so[0m
[ 29%] Built target cisstOSAbstraction
[35m[1mScanning dependencies of target cisstOSAbstractionPython_swig_compilation[0m
[ 29%] [34m[1mSwig compile /home/ytxu/cr_dvrk_ws/src/cisst-saw/cisst/cisstOSAbstraction/codePython/../cisstOSAbstraction.i for python[0m
Language subdirectory: python
Search paths:
   ./
   /home/ytxu/cr_dvrk_ws/build/cisst/include/
   /home/ytxu/cr_dvrk_ws/src/cisst-saw/cisst/
   /usr/include/jsoncpp/
   /usr/include/python3.10/
   /home/ytxu/.local/lib/python3.10/site-packages/numpy/core/include/numpy/
   ./swig_lib/python/
   /usr/share/swig4.0/python/
   ./swig_lib/
   /usr/share/swig4.0/
Preprocessing...
Starting language-specific parse...
Processing types...
C++ analysis...
Processing nested classes...
Generating wrappers...
[ 29%] Built target cisstOSAbstractionPython_swig_compilation
[ 29%] [32m[1mLinking CXX shared library ../../lib/libcisstVector.so[0m
[ 29%] [32mBuilding CXX object cisstOSAbstraction/codePython/CMakeFiles/_cisstOSAbstractionPython.dir/CMakeFiles/_cisstOSAbstractionPython.dir/cisstOSAbstractionPYTHON_wrap.cxx.o[0m
[ 29%] Built target cisstVector
[35m[1mScanning dependencies of target cisstVectorPython_swig_compilation[0m
[ 29%] [34m[1mcisstDataGenerator for mtsParameterTypes[0m
[ 30%] [34m[1mcisstDataGenerator for mtsComponentState[0m
[ 30%] [34m[1mcisstDataGenerator for mtsExecutionResult[0m
[ 30%] [34m[1mcisstDataGenerator for mtsInterfaceCommon[0m
cisstDataGenerator: generating /home/ytxu/cr_dvrk_ws/build/cisst/include/cisstMultiTask/mtsParameterTypes.h and /home/ytxu/cr_dvrk_ws/build/cisst/cisstMultiTask/code/mtsParameterTypes_cdg.cpp from /home/ytxu/cr_dvrk_ws/src/cisst-saw/cisst/cisstMultiTask/code/../mtsParameterTypes.cdg
cisstDataGenerator: generating /home/ytxu/cr_dvrk_ws/build/cisst/include/cisstMultiTask/mtsComponentState.h and /home/ytxu/cr_dvrk_ws/build/cisst/cisstMultiTask/code/mtsComponentState_cdg.cpp from /home/ytxu/cr_dvrk_ws/src/cisst-saw/cisst/cisstMultiTask/code/../mtsComponentState.cdg
cisstDataGenerator: generating /home/ytxu/cr_dvrk_ws/build/cisst/include/cisstMultiTask/mtsExecutionResult.h and /home/ytxu/cr_dvrk_ws/build/cisst/cisstMultiTask/code/mtsExecutionResult_cdg.cpp from /home/ytxu/cr_dvrk_ws/src/cisst-saw/cisst/cisstMultiTask/code/../mtsExecutionResult.cdg
cisstDataGenerator: generating /home/ytxu/cr_dvrk_ws/build/cisst/include/cisstMultiTask/mtsInterfaceCommon.h and /home/ytxu/cr_dvrk_ws/build/cisst/cisstMultiTask/code/mtsInterfaceCommon_cdg.cpp from /home/ytxu/cr_dvrk_ws/src/cisst-saw/cisst/cisstMultiTask/code/../mtsInterfaceCommon.cdg
cisstDataGenerator: parse succeeded
cisstDataGenerator: generating header file "/home/ytxu/cr_dvrk_ws/build/cisst/include/cisstMultiTask/mtsComponentState.h"
cisstDataGenerator: parse succeeded
cisstDataGenerator: generating header file "/home/ytxu/cr_dvrk_ws/build/cisst/include/cisstMultiTask/mtsExecutionResult.h"
cisstDataGenerator: generating code file "/home/ytxu/cr_dvrk_ws/build/cisst/cisstMultiTask/code/mtsComponentState_cdg.cpp"
cisstDataGenerator: parse succeeded
cisstDataGenerator: generating header file "/home/ytxu/cr_dvrk_ws/build/cisst/include/cisstMultiTask/mtsParameterTypes.h"
cisstDataGenerator: generating code file "/home/ytxu/cr_dvrk_ws/build/cisst/cisstMultiTask/code/mtsExecutionResult_cdg.cpp"
cisstDataGenerator: parse succeeded
cisstDataGenerator: generating header file "/home/ytxu/cr_dvrk_ws/build/cisst/include/cisstMultiTask/mtsInterfaceCommon.h"
cisstDataGenerator: generating code file "/home/ytxu/cr_dvrk_ws/build/cisst/cisstMultiTask/code/mtsInterfaceCommon_cdg.cpp"
cisstDataGenerator: generating code file "/home/ytxu/cr_dvrk_ws/build/cisst/cisstMultiTask/code/mtsParameterTypes_cdg.cpp"
[ 31%] [34m[1mAutomatic MOC for target cisstVectorQt[0m
[ 31%] [32mBuilding CXX object cisstNumerical/code/CMakeFiles/cisstNumerical.dir/nmrInverseSPD.cpp.o[0m
[ 31%] [32mBuilding CXX object cisstNumerical/code/CMakeFiles/cisstNumerical.dir/nmrLDPSolver.cpp.o[0m
[ 32%] [32mBuilding CXX object cisstNumerical/code/CMakeFiles/cisstNumerical.dir/nmrGaussJordanInverse.cpp.o[0m
[ 32%] [32mBuilding CXX object cisstNumerical/code/CMakeFiles/cisstNumerical.dir/nmrConstraintOptimizer.cpp.o[0m
[ 32%] [32mBuilding CXX object cisstNumerical/code/CMakeFiles/cisstNumerical.dir/nmrLSMinNorm.cpp.o[0m
[ 32%] [32mBuilding CXX object cisstNumerical/code/CMakeFiles/cisstNumerical.dir/nmrPInverse.cpp.o[0m
[ 33%] [32mBuilding CXX object cisstNumerical/code/CMakeFiles/cisstNumerical.dir/nmrLSqLin.cpp.o[0m
[ 33%] [34m[1mSwig compile /home/ytxu/cr_dvrk_ws/src/cisst-saw/cisst/cisstVector/codePython/../cisstVector.i for python[0m
[ 34%] [32mBuilding CXX object cisstMultiTask/code/CMakeFiles/cisstMultiTask.dir/mtsClassServices.cpp.o[0m
Language subdirectory: python
Search paths:
   ./
   /home/ytxu/cr_dvrk_ws/build/cisst/include/
   /home/ytxu/cr_dvrk_ws/src/cisst-saw/cisst/
   /usr/include/jsoncpp/
   /usr/include/
   /usr/include/python3.10/
   /home/ytxu/.local/lib/python3.10/site-packages/numpy/core/include/numpy/
   ./swig_lib/python/
   /usr/share/swig4.0/python/
   ./swig_lib/
   /usr/share/swig4.0/
Preprocessing...
Starting language-specific parse...
Processing types...
C++ analysis...
Processing nested classes...
Generating wrappers...
[ 34%] Built target cisstVectorPython_swig_compilation
[ 34%] [32mBuilding CXX object cisstMultiTask/code/CMakeFiles/cisstMultiTask.dir/mtsCollectorBase.cpp.o[0m
[ 34%] Built target cisstVectorQt_autogen
[ 34%] [32mBuilding CXX object cisstNumerical/code/CMakeFiles/cisstNumerical.dir/nmrPInverseEconomy.cpp.o[0m
[ 34%] [32mBuilding CXX object cisstMultiTask/code/CMakeFiles/cisstMultiTask.dir/mtsCollectorEvent.cpp.o[0m
[ 34%] [32mBuilding CXX object cisstMultiTask/code/CMakeFiles/cisstMultiTask.dir/mtsCollectorFactory.cpp.o[0m
[ 35%] [32mBuilding CXX object cisstMultiTask/code/CMakeFiles/cisstMultiTask.dir/mtsCollectorState.cpp.o[0m
[ 35%] [32mBuilding CXX object cisstVector/codePython/CMakeFiles/_cisstVectorPython.dir/CMakeFiles/_cisstVectorPython.dir/cisstVectorPYTHON_wrap.cxx.o[0m
[ 35%] [32mBuilding CXX object cisstNumerical/code/CMakeFiles/cisstNumerical.dir/nmrRegistrationRigid.cpp.o[0m
[ 36%] [32mBuilding CXX object cisstNumerical/code/CMakeFiles/cisstNumerical.dir/nmrSVD.cpp.o[0m
[ 36%] [32mBuilding CXX object cisstMultiTask/code/CMakeFiles/cisstMultiTask.dir/mtsCommandFilteredQueuedWrite.cpp.o[0m
[ 36%] [32mBuilding CXX object cisstVector/codeQt/CMakeFiles/cisstVectorQt.dir/cisstVectorQt_autogen/mocs_compilation.cpp.o[0m
[ 36%] [32mBuilding CXX object cisstNumerical/code/CMakeFiles/cisstNumerical.dir/nmrSVDEconomy.cpp.o[0m
[ 37%] [32mBuilding CXX object cisstVector/codeQt/CMakeFiles/cisstVectorQt.dir/vctForceTorque2DQtWidget.cpp.o[0m
[ 37%] [32mBuilding CXX object cisstNumerical/code/CMakeFiles/cisstNumerical.dir/nmrSavitzkyGolay.cpp.o[0m
[ 37%] [32mBuilding CXX object cisstMultiTask/code/CMakeFiles/cisstMultiTask.dir/mtsCommandFilteredWrite.cpp.o[0m
[ 37%] [32mBuilding CXX object cisstMultiTask/code/CMakeFiles/cisstMultiTask.dir/mtsCommandQualifiedRead.cpp.o[0m
[ 37%] [32m[1mLinking CXX shared module ../../lib/_cisstOSAbstractionPython.so[0m
[ 37%] [32mBuilding CXX object cisstNumerical/code/CMakeFiles/cisstNumerical.dir/nmrSymmetricEigenProblem.cpp.o[0m
[ 37%] Built target _cisstOSAbstractionPython
[ 38%] [32mBuilding CXX object cisstMultiTask/code/CMakeFiles/cisstMultiTask.dir/mtsCommandQueuedVoid.cpp.o[0m
[ 39%] [32m[1mLinking CXX shared module ../../lib/_cisstVectorPython.so[0m
[ 39%] [32mBuilding CXX object cisstVector/codeQt/CMakeFiles/cisstVectorQt.dir/vctForceTorque3DQtWidget.cpp.o[0m
[ 39%] [32m[1mLinking CXX shared module ../../lib/_cisstCommonPython.so[0m
[ 39%] Built target _cisstVectorPython
[ 39%] [32mBuilding CXX object cisstMultiTask/code/CMakeFiles/cisstMultiTask.dir/mtsCommandQueuedVoidReturn.cpp.o[0m
[ 39%] Built target _cisstCommonPython
[ 39%] [32mBuilding CXX object cisstVector/codeQt/CMakeFiles/cisstVectorQt.dir/vctForceTorqueQtWidget.cpp.o[0m
[ 39%] [32mBuilding CXX object cisstVector/codeQt/CMakeFiles/cisstVectorQt.dir/vctPlot2DOpenGLQtWidget.cpp.o[0m
[ 39%] [32mBuilding CXX object cisstMultiTask/code/CMakeFiles/cisstMultiTask.dir/mtsCommandQueuedWriteBase.cpp.o[0m
[ 39%] [32mBuilding CXX object cisstMultiTask/code/CMakeFiles/cisstMultiTask.dir/mtsCommandQueuedWriteReturn.cpp.o[0m
[ 40%] [32m[1mLinking CXX shared library ../../lib/libcisstNumerical.so[0m
[ 41%] [32mBuilding CXX object cisstVector/codeQt/CMakeFiles/cisstVectorQt.dir/vctPose3DQtWidget.cpp.o[0m
[ 41%] Built target cisstNumerical
[ 41%] [32mBuilding CXX object cisstVector/codeQt/CMakeFiles/cisstVectorQt.dir/vctQtWidgetDynamicMatrix.cpp.o[0m
[ 42%] [32mBuilding CXX object cisstMultiTask/code/CMakeFiles/cisstMultiTask.dir/mtsCommandRead.cpp.o[0m
[35m[1mScanning dependencies of target cisstNumericalPython_swig_compilation[0m
[ 42%] [34m[1mSwig compile /home/ytxu/cr_dvrk_ws/src/cisst-saw/cisst/cisstNumerical/codePython/../cisstNumerical.i for python[0m
Language subdirectory: python
Search paths:
   ./
   /home/ytxu/cr_dvrk_ws/build/cisst/include/
   /home/ytxu/cr_dvrk_ws/src/cisst-saw/cisst/
   /usr/include/jsoncpp/
   /usr/include/
   /home/ytxu/cr_dvrk_ws/install/cisstNetlib/include/
   /usr/include/python3.10/
   /home/ytxu/.local/lib/python3.10/site-packages/numpy/core/include/numpy/
   ./swig_lib/python/
   /usr/share/swig4.0/python/
   ./swig_lib/
   /usr/share/swig4.0/
Preprocessing...
Starting language-specific parse...
Processing types...
C++ analysis...
Processing nested classes...
Generating wrappers...
[ 42%] Built target cisstNumericalPython_swig_compilation
[ 42%] [32mBuilding CXX object cisstVector/codeQt/CMakeFiles/cisstVectorQt.dir/vctQtWidgetDynamicVector.cpp.o[0m
[ 42%] [32mBuilding CXX object cisstRobot/code/CMakeFiles/cisstRobot.dir/robCubicSO3.cpp.o[0m
[ 42%] [32mBuilding CXX object cisstVector/codeQt/CMakeFiles/cisstVectorQt.dir/vctQtWidgetFrame.cpp.o[0m
[ 43%] [32mBuilding CXX object cisstVector/codeQt/CMakeFiles/cisstVectorQt.dir/vctQtWidgetFrame4x4.cpp.o[0m
[ 43%] [32mBuilding CXX object cisstVector/codeQt/CMakeFiles/cisstVectorQt.dir/vctQtWidgetRotation.cpp.o[0m
[ 43%] [32mBuilding CXX object cisstVector/codeQt/CMakeFiles/cisstVectorQt.dir/vctVector3DQtWidget.cpp.o[0m
[ 43%] [32mBuilding CXX object cisstMesh/code/CMakeFiles/cisstMesh.dir/EllipsoidOBBIntersectionSolver.cpp.o[0m
[ 43%] [32mBuilding CXX object cisstRobot/code/CMakeFiles/cisstRobot.dir/robDH.cpp.o[0m
[ 43%] [32mBuilding CXX object cisstMultiTask/code/CMakeFiles/cisstMultiTask.dir/mtsCommandVoid.cpp.o[0m
[ 44%] [32mBuilding CXX object cisstMesh/code/CMakeFiles/cisstMesh.dir/PointProjectionRoutines.cpp.o[0m
[ 44%] [32mBuilding CXX object cisstMultiTask/code/CMakeFiles/cisstMultiTask.dir/mtsCommandVoidReturn.cpp.o[0m
[ 44%] [32mBuilding CXX object cisstMesh/code/CMakeFiles/cisstMesh.dir/TriangleClosestPointSolver.cpp.o[0m
[ 44%] [32mBuilding CXX object cisstMesh/code/CMakeFiles/cisstMesh.dir/msh2AlgDirPDTree.cpp.o[0m
[ 44%] [32mBuilding CXX object cisstRobot/code/CMakeFiles/cisstRobot.dir/robFunction.cpp.o[0m
[ 44%] [32mBuilding CXX object cisstMesh/code/CMakeFiles/cisstMesh.dir/msh2AlgDirPDTreeCP.cpp.o[0m
[ 45%] [32mBuilding CXX object cisstMesh/code/CMakeFiles/cisstMesh.dir/msh2AlgDirPDTreeCPEdges.cpp.o[0m
[ 45%] [32mBuilding CXX object cisstMultiTask/code/CMakeFiles/cisstMultiTask.dir/mtsCommandWriteReturn.cpp.o[0m
[ 46%] [32mBuilding CXX object cisstRobot/code/CMakeFiles/cisstRobot.dir/robFunctionRn.cpp.o[0m
[ 46%] [32mBuilding CXX object cisstMesh/code/CMakeFiles/cisstMesh.dir/msh2AlgDirPDTreeCPPointCloud.cpp.o[0m
[ 46%] [32mBuilding CXX object cisstRobot/code/CMakeFiles/cisstRobot.dir/robFunctionSE3.cpp.o[0m
[ 46%] [32mBuilding CXX object cisstRobot/code/CMakeFiles/cisstRobot.dir/robFunctionSO3.cpp.o[0m
[ 46%] [32mBuilding CXX object cisstRobot/code/CMakeFiles/cisstRobot.dir/robHayati.cpp.o[0m
[ 47%] [32mBuilding CXX object cisstRobot/code/CMakeFiles/cisstRobot.dir/robJoint.cpp.o[0m
[ 47%] [32mBuilding CXX object cisstMesh/code/CMakeFiles/cisstMesh.dir/msh2AlgDirPDTreevonMises.cpp.o[0m
[ 48%] [32mBuilding CXX object cisstMultiTask/code/CMakeFiles/cisstMultiTask.dir/mtsComponent.cpp.o[0m
[ 48%] [32m[1mLinking CXX shared library ../../lib/libcisstVectorQt.so[0m
[ 48%] [32mBuilding CXX object cisstRobot/code/CMakeFiles/cisstRobot.dir/robKinematics.cpp.o[0m
[ 48%] [32mBuilding CXX object cisstRobot/code/CMakeFiles/cisstRobot.dir/robLSPB.cpp.o[0m
[ 48%] [32mBuilding CXX object cisstRobot/code/CMakeFiles/cisstRobot.dir/robLinearRn.cpp.o[0m
[ 48%] [32mBuilding CXX object cisstMesh/code/CMakeFiles/cisstMesh.dir/msh2AlgDirPDTreevonMisesEdges.cpp.o[0m
[ 48%] Built target cisstVectorQt
[ 49%] [32mBuilding CXX object cisstMesh/code/CMakeFiles/cisstMesh.dir/msh2AlgDirPDTreevonMisesPointCloud.cpp.o[0m
[ 49%] [32mBuilding CXX object cisstMultiTask/code/CMakeFiles/cisstMultiTask.dir/mtsComponentAddLatency.cpp.o[0m
[ 50%] [32mBuilding CXX object cisstRobot/code/CMakeFiles/cisstRobot.dir/robLinearSE3.cpp.o[0m
[ 50%] [32mBuilding CXX object cisstMesh/code/CMakeFiles/cisstMesh.dir/msh2BoundingBox.cpp.o[0m
[ 50%] [32mBuilding CXX object cisstNumerical/codePython/CMakeFiles/_cisstNumericalPython.dir/CMakeFiles/_cisstNumericalPython.dir/cisstNumericalPYTHON_wrap.cxx.o[0m
[ 50%] [32mBuilding CXX object cisstMultiTask/code/CMakeFiles/cisstMultiTask.dir/mtsComponentState.cpp.o[0m
[ 50%] [32mBuilding CXX object cisstMultiTask/code/CMakeFiles/cisstMultiTask.dir/mtsComponentViewer.cpp.o[0m
[ 50%] [32mBuilding CXX object cisstMesh/code/CMakeFiles/cisstMesh.dir/msh2DirPDTreeBase.cpp.o[0m
[ 51%] [32mBuilding CXX object cisstMultiTask/code/CMakeFiles/cisstMultiTask.dir/mtsConnection.cpp.o[0m
[ 51%] [32mBuilding CXX object cisstRobot/code/CMakeFiles/cisstRobot.dir/robLink.cpp.o[0m
[ 51%] [32mBuilding CXX object cisstMultiTask/code/CMakeFiles/cisstMultiTask.dir/mtsDelayedConnections.cpp.o[0m
[ 51%] [32mBuilding CXX object cisstMultiTask/code/CMakeFiles/cisstMultiTask.dir/mtsEventReceiver.cpp.o[0m
[ 51%] [32mBuilding CXX object cisstMesh/code/CMakeFiles/cisstMesh.dir/msh2DirPDTreeEdges.cpp.o[0m
[ 51%] [32mBuilding CXX object cisstRobot/code/CMakeFiles/cisstRobot.dir/robManipulator.cpp.o[0m
[ 52%] [32mBuilding CXX object cisstMesh/code/CMakeFiles/cisstMesh.dir/msh2DirPDTreeNode.cpp.o[0m
[ 52%] [32mBuilding CXX object cisstMultiTask/code/CMakeFiles/cisstMultiTask.dir/mtsExecutionResult.cpp.o[0m
[ 52%] [32mBuilding CXX object cisstMesh/code/CMakeFiles/cisstMesh.dir/msh2DirPDTreePointCloud.cpp.o[0m
[ 52%] [32mBuilding CXX object cisstRobot/code/CMakeFiles/cisstRobot.dir/robMass.cpp.o[0m
[ 52%] [32mBuilding CXX object cisstMesh/code/CMakeFiles/cisstMesh.dir/msh2Edges.cpp.o[0m
[ 53%] [32mBuilding CXX object cisstRobot/code/CMakeFiles/cisstRobot.dir/robModifiedDH.cpp.o[0m
[ 54%] [32m[1mLinking CXX shared module ../../lib/_cisstNumericalPython.so[0m
[ 54%] [32mBuilding CXX object cisstMesh/code/CMakeFiles/cisstMesh.dir/msh2PointCloud.cpp.o[0m
[ 54%] Built target _cisstNumericalPython
[ 54%] [32mBuilding CXX object cisstRobot/code/CMakeFiles/cisstRobot.dir/robModifiedHayati.cpp.o[0m
[ 55%] [32mBuilding CXX object cisstMesh/code/CMakeFiles/cisstMesh.dir/msh2Utilities.cpp.o[0m
[ 55%] [32mBuilding CXX object cisstMesh/code/CMakeFiles/cisstMesh.dir/msh3AlgDirPDTree.cpp.o[0m
[ 55%] [32mBuilding CXX object cisstRobot/code/CMakeFiles/cisstRobot.dir/robQLQRn.cpp.o[0m
[ 56%] [32mBuilding CXX object cisstMultiTask/code/CMakeFiles/cisstMultiTask.dir/mtsFunctionBase.cpp.o[0m
[ 56%] [32mBuilding CXX object cisstMesh/code/CMakeFiles/cisstMesh.dir/msh3AlgDirPDTreeBA.cpp.o[0m
[ 56%] [32mBuilding CXX object cisstMesh/code/CMakeFiles/cisstMesh.dir/msh3AlgDirPDTreeBAMesh.cpp.o[0m
[ 56%] [32mBuilding CXX object cisstMultiTask/code/CMakeFiles/cisstMultiTask.dir/mtsFunctionQualifiedRead.cpp.o[0m
[ 56%] [32mBuilding CXX object cisstRobot/code/CMakeFiles/cisstRobot.dir/robQuintic.cpp.o[0m
[ 56%] [32mBuilding CXX object cisstMultiTask/code/CMakeFiles/cisstMultiTask.dir/mtsFunctionRead.cpp.o[0m
[ 57%] [32mBuilding CXX object cisstRobot/code/CMakeFiles/cisstRobot.dir/robReflexxes.cpp.o[0m
[ 57%] [32mBuilding CXX object cisstMultiTask/code/CMakeFiles/cisstMultiTask.dir/mtsFunctionVoid.cpp.o[0m
[ 58%] [32mBuilding CXX object cisstMultiTask/code/CMakeFiles/cisstMultiTask.dir/mtsFunctionVoidReturn.cpp.o[0m
[ 58%] [32mBuilding CXX object cisstRobot/code/CMakeFiles/cisstRobot.dir/robSLERP.cpp.o[0m
[ 59%] [32mBuilding CXX object cisstMesh/code/CMakeFiles/cisstMesh.dir/msh3AlgDirPDTreeBAPointCloud.cpp.o[0m
[ 59%] [32mBuilding CXX object cisstMesh/code/CMakeFiles/cisstMesh.dir/msh3AlgDirPDTreevonMisesProj.cpp.o[0m
[ 59%] [32mBuilding CXX object cisstMesh/code/CMakeFiles/cisstMesh.dir/msh3AlgDirPDTreevonMisesProjMesh.cpp.o[0m
[ 59%] [32mBuilding CXX object cisstMesh/code/CMakeFiles/cisstMesh.dir/msh3AlgPDTree.cpp.o[0m
[ 59%] [32mBuilding CXX object cisstMultiTask/code/CMakeFiles/cisstMultiTask.dir/mtsFunctionWrite.cpp.o[0m
[ 59%] [32mBuilding CXX object cisstMultiTask/code/CMakeFiles/cisstMultiTask.dir/mtsFunctionWriteReturn.cpp.o[0m
[ 60%] [32mBuilding CXX object cisstMultiTask/code/CMakeFiles/cisstMultiTask.dir/mtsGenericObject.cpp.o[0m
[ 61%] [32mBuilding CXX object cisstMesh/code/CMakeFiles/cisstMesh.dir/msh3AlgPDTreeCP.cpp.o[0m
[ 61%] [32mBuilding CXX object cisstMultiTask/code/CMakeFiles/cisstMultiTask.dir/mtsInterface.cpp.o[0m
[ 61%] [32mBuilding CXX object cisstMesh/code/CMakeFiles/cisstMesh.dir/msh3AlgPDTreeCPMesh.cpp.o[0m
[ 61%] [32mBuilding CXX object cisstMesh/code/CMakeFiles/cisstMesh.dir/msh3AlgPDTreeCPPointCloud.cpp.o[0m
[ 61%] [32m[1mLinking CXX shared library ../../lib/libcisstRobot.so[0m
[ 61%] [32mBuilding CXX object cisstMesh/code/CMakeFiles/cisstMesh.dir/msh3AlgPDTreeMLP.cpp.o[0m
[ 61%] Built target cisstRobot
[35m[1mScanning dependencies of target cisstRobotPython_swig_compilation[0m
[ 62%] [34m[1mSwig compile /home/ytxu/cr_dvrk_ws/src/cisst-saw/cisst/cisstRobot/codePython/../cisstRobot.i for python[0m
Language subdirectory: python
Search paths:
   ./
   /home/ytxu/cr_dvrk_ws/build/cisst/include/
   /home/ytxu/cr_dvrk_ws/src/cisst-saw/cisst/
   /home/ytxu/cr_dvrk_ws/build/cisst/cisstReflexxesTypeII/include/ReflexxesTypeII/
   /home/ytxu/cr_dvrk_ws/install/cisstNetlib/include/
   /usr/include/
   /usr/include/jsoncpp/
   /usr/include/python3.10/
   /home/ytxu/.local/lib/python3.10/site-packages/numpy/core/include/numpy/
   ./swig_lib/python/
   /usr/share/swig4.0/python/
   ./swig_lib/
   /usr/share/swig4.0/
Preprocessing...
Starting language-specific parse...
[ 63%] [32mBuilding CXX object cisstMesh/code/CMakeFiles/cisstMesh.dir/msh3AlgPDTreeMLPMesh.cpp.o[0m
[ 63%] [32mBuilding CXX object cisstMultiTask/code/CMakeFiles/cisstMultiTask.dir/mtsInterfaceInput.cpp.o[0m
[ 63%] [32mBuilding CXX object cisstMesh/code/CMakeFiles/cisstMesh.dir/msh3AlgPDTreeMLPPointCloud.cpp.o[0m
Processing types...
C++ analysis...
Processing nested classes...
Generating wrappers...
[ 63%] [32mBuilding CXX object cisstMultiTask/code/CMakeFiles/cisstMultiTask.dir/mtsInterfaceOutput.cpp.o[0m
[ 63%] [32mBuilding CXX object cisstMesh/code/CMakeFiles/cisstMesh.dir/msh3DirPDTreeBase.cpp.o[0m
[ 63%] [32mBuilding CXX object cisstMesh/code/CMakeFiles/cisstMesh.dir/msh3DirPDTreeMesh.cpp.o[0m
[ 64%] [32mBuilding CXX object cisstMesh/code/CMakeFiles/cisstMesh.dir/msh3DirPDTreeNode.cpp.o[0m
[ 64%] [32mBuilding CXX object cisstMesh/code/CMakeFiles/cisstMesh.dir/msh3DirPDTreePointCloud.cpp.o[0m
[ 64%] [32mBuilding CXX object cisstMesh/code/CMakeFiles/cisstMesh.dir/msh3Mesh.cpp.o[0m
[ 64%] Built target cisstRobotPython_swig_compilation
[ 64%] [32mBuilding CXX object cisstRobot/codePython/CMakeFiles/_cisstRobotPython.dir/CMakeFiles/_cisstRobotPython.dir/cisstRobotPYTHON_wrap.cxx.o[0m
[ 64%] [32mBuilding CXX object cisstMesh/code/CMakeFiles/cisstMesh.dir/msh3PDTreeBase.cpp.o[0m
[ 65%] [32mBuilding CXX object cisstMesh/code/CMakeFiles/cisstMesh.dir/msh3PDTreeMesh.cpp.o[0m
[ 65%] [32mBuilding CXX object cisstMesh/code/CMakeFiles/cisstMesh.dir/msh3PDTreeNode.cpp.o[0m
[ 66%] [32mBuilding CXX object cisstMultiTask/code/CMakeFiles/cisstMultiTask.dir/mtsInterfaceProvided.cpp.o[0m
[ 66%] [32mBuilding CXX object cisstMesh/code/CMakeFiles/cisstMesh.dir/msh3PDTreePointCloud.cpp.o[0m
[ 66%] [32mBuilding CXX object cisstMultiTask/code/CMakeFiles/cisstMultiTask.dir/mtsInterfaceRequired.cpp.o[0m
[ 67%] [32mBuilding CXX object cisstMesh/code/CMakeFiles/cisstMesh.dir/msh3PointCloud.cpp.o[0m
[ 67%] [32mBuilding CXX object cisstMultiTask/code/CMakeFiles/cisstMultiTask.dir/mtsIntervalStatistics.cpp.o[0m
[ 67%] [32mBuilding CXX object cisstMesh/code/CMakeFiles/cisstMesh.dir/msh3Utilities.cpp.o[0m
[ 67%] [32mBuilding CXX object cisstMultiTask/code/CMakeFiles/cisstMultiTask.dir/mtsLODMultiplexerStreambuf.cpp.o[0m
[ 68%] [32mBuilding CXX object cisstMultiTask/code/CMakeFiles/cisstMultiTask.dir/mtsMailBox.cpp.o[0m
[ 68%] [32mBuilding CXX object cisstMultiTask/code/CMakeFiles/cisstMultiTask.dir/mtsManagerComponentBase.cpp.o[0m
[ 68%] [32mBuilding CXX object cisstMultiTask/code/CMakeFiles/cisstMultiTask.dir/mtsManagerComponentClient.cpp.o[0m
[ 68%] [32mBuilding CXX object cisstMultiTask/code/CMakeFiles/cisstMultiTask.dir/mtsManagerComponentServer.cpp.o[0m
[ 69%] [32mBuilding CXX object cisstMultiTask/code/CMakeFiles/cisstMultiTask.dir/mtsManagerComponentServices.cpp.o[0m
[ 69%] [32mBuilding CXX object cisstMultiTask/code/CMakeFiles/cisstMultiTask.dir/mtsManagerGlobal.cpp.o[0m
[ 69%] [32mBuilding CXX object cisstMultiTask/code/CMakeFiles/cisstMultiTask.dir/mtsManagerLocal.cpp.o[0m
[ 69%] [32mBuilding CXX object cisstMultiTask/code/CMakeFiles/cisstMultiTask.dir/mtsMulticastCommandVoid.cpp.o[0m
[ 70%] [32mBuilding CXX object cisstMultiTask/code/CMakeFiles/cisstMultiTask.dir/mtsMulticastCommandWriteBase.cpp.o[0m
[ 70%] [32mBuilding CXX object cisstMultiTask/code/CMakeFiles/cisstMultiTask.dir/mtsParameterTypesOld.cpp.o[0m
[ 70%] [32mBuilding CXX object cisstMultiTask/code/CMakeFiles/cisstMultiTask.dir/mtsStateIndex.cpp.o[0m
[ 70%] [32mBuilding CXX object cisstMultiTask/code/CMakeFiles/cisstMultiTask.dir/mtsSocketProxyCommon.cpp.o[0m
[ 71%] [32m[1mLinking CXX shared library ../../lib/libcisstMesh.so[0m
[ 71%] [32mBuilding CXX object cisstMultiTask/code/CMakeFiles/cisstMultiTask.dir/mtsSocketProxyServer.cpp.o[0m
[ 70%] [32mBuilding CXX object cisstMultiTask/code/CMakeFiles/cisstMultiTask.dir/mtsSocketProxyClient.cpp.o[0m
[ 71%] [32mBuilding CXX object cisstMultiTask/code/CMakeFiles/cisstMultiTask.dir/mtsStateTable.cpp.o[0m
[ 71%] Built target cisstMesh
[35m[1mScanning dependencies of target cisstMeshPython_swig_compilation[0m
[ 71%] [34m[1mSwig compile /home/ytxu/cr_dvrk_ws/src/cisst-saw/cisst/cisstMesh/codePython/../cisstMesh.i for python[0m
Language subdirectory: python
Search paths:
   ./
   /home/ytxu/cr_dvrk_ws/build/cisst/include/
   /home/ytxu/cr_dvrk_ws/src/cisst-saw/cisst/
   /usr/include/jsoncpp/
   /usr/include/
   /home/ytxu/cr_dvrk_ws/install/cisstNetlib/include/
   /usr/include/python3.10/
   /home/ytxu/.local/lib/python3.10/site-packages/numpy/core/include/numpy/
   ./swig_lib/python/
   /usr/share/swig4.0/python/
   ./swig_lib/
   /usr/share/swig4.0/
Preprocessing...
Starting language-specific parse...
Processing types...
C++ analysis...
Processing nested classes...
Generating wrappers...
[ 71%] [32mBuilding CXX object cisstMultiTask/code/CMakeFiles/cisstMultiTask.dir/mtsTask.cpp.o[0m
[ 71%] Built target cisstMeshPython_swig_compilation
[ 71%] [32mBuilding CXX object cisstMesh/codePython/CMakeFiles/_cisstMeshPython.dir/CMakeFiles/_cisstMeshPython.dir/cisstMeshPYTHON_wrap.cxx.o[0m
[ 72%] [32mBuilding CXX object cisstMultiTask/code/CMakeFiles/cisstMultiTask.dir/mtsTaskContinuous.cpp.o[0m
[ 72%] [32m[1mLinking CXX shared module ../../lib/_cisstRobotPython.so[0m
[ 72%] [32mBuilding CXX object cisstMultiTask/code/CMakeFiles/cisstMultiTask.dir/mtsTaskFromCallback.cpp.o[0m
[ 72%] Built target _cisstRobotPython
[ 72%] [32mBuilding CXX object cisstMultiTask/code/CMakeFiles/cisstMultiTask.dir/mtsTaskFromSignal.cpp.o[0m
[ 72%] [32mBuilding CXX object cisstMultiTask/code/CMakeFiles/cisstMultiTask.dir/mtsTaskPeriodic.cpp.o[0m
[ 73%] [32mBuilding CXX object cisstMultiTask/code/CMakeFiles/cisstMultiTask.dir/mtsWatchdogClient.cpp.o[0m
[ 73%] [32mBuilding CXX object cisstMultiTask/code/CMakeFiles/cisstMultiTask.dir/mtsWatchdogServer.cpp.o[0m
[ 73%] [32mBuilding CXX object cisstMultiTask/code/CMakeFiles/cisstMultiTask.dir/mtsComponentState_cdg.cpp.o[0m
[ 73%] [32mBuilding CXX object cisstMultiTask/code/CMakeFiles/cisstMultiTask.dir/mtsExecutionResult_cdg.cpp.o[0m
[ 74%] [32mBuilding CXX object cisstMultiTask/code/CMakeFiles/cisstMultiTask.dir/mtsInterfaceCommon_cdg.cpp.o[0m
[ 74%] [32mBuilding CXX object cisstMultiTask/code/CMakeFiles/cisstMultiTask.dir/mtsParameterTypes_cdg.cpp.o[0m
[ 75%] [32m[1mLinking CXX shared module ../../lib/_cisstMeshPython.so[0m
[ 75%] Built target _cisstMeshPython
[ 75%] [32m[1mLinking CXX shared library ../../lib/libcisstMultiTask.so[0m
[ 75%] Built target cisstMultiTask
[35m[1mScanning dependencies of target cisstMultiTaskPython_swig_compilation[0m
[ 75%] [34m[1mcisstDataGenerator for prmVelocityCartesianGet[0m
[ 75%] [34m[1mcisstDataGenerator for prmActuatorJointCoupling[0m
[ 76%] [34m[1mcisstDataGenerator for prmCartesianImpedance[0m
[ 76%] [34m[1mcisstDataGenerator for prmDepthMap[0m
[ 77%] [34m[1mcisstDataGenerator for prmConfigurationJoint[0m
[ 77%] [34m[1mcisstDataGenerator for prmForwardKinematicsRequest[0m
[ 77%] [34m[1mcisstDataGenerator for prmCameraInfo[0m
[ 77%] [34m[1mcisstDataGenerator for prmForceTorqueJointSet[0m
[ 77%] [34m[1mcisstDataGenerator for prmIMUSensors[0m
cisstDataGenerator: generating /home/ytxu/cr_dvrk_ws/build/cisst/include/cisstParameterTypes/prmCartesianImpedance.h and /home/ytxu/cr_dvrk_ws/build/cisst/cisstParameterTypes/code/prmCartesianImpedance_cdg.cpp from /home/ytxu/cr_dvrk_ws/src/cisst-saw/cisst/cisstParameterTypes/code/../prmCartesianImpedance.cdg
cisstDataGenerator: generating /home/ytxu/cr_dvrk_ws/build/cisst/include/cisstParameterTypes/prmDepthMap.h and /home/ytxu/cr_dvrk_ws/build/cisst/cisstParameterTypes/code/prmDepthMap_cdg.cpp from /home/ytxu/cr_dvrk_ws/src/cisst-saw/cisst/cisstParameterTypes/code/../prmDepthMap.cdg
cisstDataGenerator: generating /home/ytxu/cr_dvrk_ws/build/cisst/include/cisstParameterTypes/prmConfigurationJoint.h and /home/ytxu/cr_dvrk_ws/build/cisst/cisstParameterTypes/code/prmConfigurationJoint_cdg.cpp from /home/ytxu/cr_dvrk_ws/src/cisst-saw/cisst/cisstParameterTypes/code/../prmConfigurationJoint.cdg
cisstDataGenerator: generating /home/ytxu/cr_dvrk_ws/build/cisst/include/cisstParameterTypes/prmCameraInfo.h and /home/ytxu/cr_dvrk_ws/build/cisst/cisstParameterTypes/code/prmCameraInfo_cdg.cpp from /home/ytxu/cr_dvrk_ws/src/cisst-saw/cisst/cisstParameterTypes/code/../prmCameraInfo.cdg
cisstDataGenerator: generating /home/ytxu/cr_dvrk_ws/build/cisst/include/cisstParameterTypes/prmActuatorJointCoupling.h and /home/ytxu/cr_dvrk_ws/build/cisst/cisstParameterTypes/code/prmActuatorJointCoupling_cdg.cpp from /home/ytxu/cr_dvrk_ws/src/cisst-saw/cisst/cisstParameterTypes/code/../prmActuatorJointCoupling.cdg
cisstDataGenerator: generating /home/ytxu/cr_dvrk_ws/build/cisst/include/cisstParameterTypes/prmVelocityCartesianGet.h and /home/ytxu/cr_dvrk_ws/build/cisst/cisstParameterTypes/code/prmVelocityCartesianGet_cdg.cpp from /home/ytxu/cr_dvrk_ws/src/cisst-saw/cisst/cisstParameterTypes/code/../prmVelocityCartesianGet.cdg
cisstDataGenerator: generating /home/ytxu/cr_dvrk_ws/build/cisst/include/cisstParameterTypes/prmForceTorqueJointSet.h and /home/ytxu/cr_dvrk_ws/build/cisst/cisstParameterTypes/code/prmForceTorqueJointSet_cdg.cpp from /home/ytxu/cr_dvrk_ws/src/cisst-saw/cisst/cisstParameterTypes/code/../prmForceTorqueJointSet.cdg
cisstDataGenerator: parse succeeded
cisstDataGenerator: parse succeeded
cisstDataGenerator: generating header file "/home/ytxu/cr_dvrk_ws/build/cisst/include/cisstParameterTypes/prmActuatorJointCoupling.h"
cisstDataGenerator: parse succeeded
cisstDataGenerator: generating header file "/home/ytxu/cr_dvrk_ws/build/cisst/include/cisstParameterTypes/prmCameraInfo.h"
cisstDataGenerator: generating header file "/home/ytxu/cr_dvrk_ws/build/cisst/include/cisstParameterTypes/prmCartesianImpedance.h"
cisstDataGenerator: parse succeeded
cisstDataGenerator: parse succeeded
cisstDataGenerator: generating header file "/home/ytxu/cr_dvrk_ws/build/cisst/include/cisstParameterTypes/prmConfigurationJoint.h"
cisstDataGenerator: parse succeeded
cisstDataGenerator: generating code file "/home/ytxu/cr_dvrk_ws/build/cisst/cisstParameterTypes/code/prmActuatorJointCoupling_cdg.cpp"
cisstDataGenerator: generating header file "/home/ytxu/cr_dvrk_ws/build/cisst/include/cisstParameterTypes/prmForceTorqueJointSet.h"
cisstDataGenerator: generating /home/ytxu/cr_dvrk_ws/build/cisst/include/cisstParameterTypes/prmForwardKinematicsRequest.h and /home/ytxu/cr_dvrk_ws/build/cisst/cisstParameterTypes/code/prmForwardKinematicsRequest_cdg.cpp from /home/ytxu/cr_dvrk_ws/src/cisst-saw/cisst/cisstParameterTypes/code/../prmForwardKinematicsRequest.cdg
cisstDataGenerator: generating header file "/home/ytxu/cr_dvrk_ws/build/cisst/include/cisstParameterTypes/prmVelocityCartesianGet.h"
cisstDataGenerator: generating code file "/home/ytxu/cr_dvrk_ws/build/cisst/cisstParameterTypes/code/prmCartesianImpedance_cdg.cpp"
cisstDataGenerator: generating /home/ytxu/cr_dvrk_ws/build/cisst/include/cisstParameterTypes/prmIMUSensors.h and /home/ytxu/cr_dvrk_ws/build/cisst/cisstParameterTypes/code/prmIMUSensors_cdg.cpp from /home/ytxu/cr_dvrk_ws/src/cisst-saw/cisst/cisstParameterTypes/code/../prmIMUSensors.cdg
cisstDataGenerator: generating code file "/home/ytxu/cr_dvrk_ws/build/cisst/cisstParameterTypes/code/prmConfigurationJoint_cdg.cpp"
cisstDataGenerator: parse succeeded
cisstDataGenerator: generating header file "/home/ytxu/cr_dvrk_ws/build/cisst/include/cisstParameterTypes/prmDepthMap.h"
cisstDataGenerator: generating code file "/home/ytxu/cr_dvrk_ws/build/cisst/cisstParameterTypes/code/prmForceTorqueJointSet_cdg.cpp"
cisstDataGenerator: generating code file "/home/ytxu/cr_dvrk_ws/build/cisst/cisstParameterTypes/code/prmCameraInfo_cdg.cpp"
cisstDataGenerator: generating code file "/home/ytxu/cr_dvrk_ws/build/cisst/cisstParameterTypes/code/prmDepthMap_cdg.cpp"
cisstDataGenerator: generating code file "/home/ytxu/cr_dvrk_ws/build/cisst/cisstParameterTypes/code/prmVelocityCartesianGet_cdg.cpp"
cisstDataGenerator: parse succeeded
cisstDataGenerator: generating header file "/home/ytxu/cr_dvrk_ws/build/cisst/include/cisstParameterTypes/prmForwardKinematicsRequest.h"
cisstDataGenerator: parse succeeded
cisstDataGenerator: generating header file "/home/ytxu/cr_dvrk_ws/build/cisst/include/cisstParameterTypes/prmIMUSensors.h"
[ 77%] [34m[1mcisstDataGenerator for prmForwardKinematicsResponse[0m
cisstDataGenerator: generating code file "/home/ytxu/cr_dvrk_ws/build/cisst/cisstParameterTypes/code/prmForwardKinematicsRequest_cdg.cpp"
cisstDataGenerator: generating code file "/home/ytxu/cr_dvrk_ws/build/cisst/cisstParameterTypes/code/prmIMUSensors_cdg.cpp"
[ 77%] [34m[1mAutomatic MOC for target cisstMultiTaskQt[0m
cisstDataGenerator: generating /home/ytxu/cr_dvrk_ws/build/cisst/include/cisstParameterTypes/prmForwardKinematicsResponse.h and /home/ytxu/cr_dvrk_ws/build/cisst/cisstParameterTypes/code/prmForwardKinematicsResponse_cdg.cpp from /home/ytxu/cr_dvrk_ws/src/cisst-saw/cisst/cisstParameterTypes/code/../prmForwardKinematicsResponse.cdg
cisstDataGenerator: parse succeeded
cisstDataGenerator: generating header file "/home/ytxu/cr_dvrk_ws/build/cisst/include/cisstParameterTypes/prmForwardKinematicsResponse.h"
cisstDataGenerator: generating code file "/home/ytxu/cr_dvrk_ws/build/cisst/cisstParameterTypes/code/prmForwardKinematicsResponse_cdg.cpp"
[ 77%] [34m[1mcisstDataGenerator for prmImageFrame[0m
[ 78%] [34m[1mcisstDataGenerator for prmInputData[0m
[ 77%] [34m[1mcisstDataGenerator for prmInverseKinematicsRequest[0m
[ 78%] [34m[1mcisstDataGenerator for prmKeyValue[0m
[ 78%] [34m[1mcisstDataGenerator for prmInverseKinematicsResponse[0m
[ 79%] [34m[1mcisstDataGenerator for prmOperatingState[0m
[ 79%] [34m[1mcisstDataGenerator for prmPositionCartesianArrayGet[0m
[ 79%] [34m[1mcisstDataGenerator for prmPositionCartesianGet[0m
[ 79%] [34m[1mcisstDataGenerator for prmPositionCartesianSet[0m
cisstDataGenerator: generating /home/ytxu/cr_dvrk_ws/build/cisst/include/cisstParameterTypes/prmInputData.h and /home/ytxu/cr_dvrk_ws/build/cisst/cisstParameterTypes/code/prmInputData_cdg.cpp from /home/ytxu/cr_dvrk_ws/src/cisst-saw/cisst/cisstParameterTypes/code/../prmInputData.cdg
cisstDataGenerator: generating /home/ytxu/cr_dvrk_ws/build/cisst/include/cisstParameterTypes/prmImageFrame.h and /home/ytxu/cr_dvrk_ws/build/cisst/cisstParameterTypes/code/prmImageFrame_cdg.cpp from /home/ytxu/cr_dvrk_ws/src/cisst-saw/cisst/cisstParameterTypes/code/../prmImageFrame.cdg
cisstDataGenerator: generating /home/ytxu/cr_dvrk_ws/build/cisst/include/cisstParameterTypes/prmInverseKinematicsRequest.h and /home/ytxu/cr_dvrk_ws/build/cisst/cisstParameterTypes/code/prmInverseKinematicsRequest_cdg.cpp from /home/ytxu/cr_dvrk_ws/src/cisst-saw/cisst/cisstParameterTypes/code/../prmInverseKinematicsRequest.cdg
cisstDataGenerator: parse succeeded
cisstDataGenerator: parse succeeded
cisstDataGenerator: generating header file "/home/ytxu/cr_dvrk_ws/build/cisst/include/cisstParameterTypes/prmImageFrame.h"
cisstDataGenerator: generating header file "/home/ytxu/cr_dvrk_ws/build/cisst/include/cisstParameterTypes/prmInputData.h"
cisstDataGenerator: generating /home/ytxu/cr_dvrk_ws/build/cisst/include/cisstParameterTypes/prmKeyValue.h and /home/ytxu/cr_dvrk_ws/build/cisst/cisstParameterTypes/code/prmKeyValue_cdg.cpp from /home/ytxu/cr_dvrk_ws/src/cisst-saw/cisst/cisstParameterTypes/code/../prmKeyValue.cdg
cisstDataGenerator: parse succeeded
cisstDataGenerator: generating header file "/home/ytxu/cr_dvrk_ws/build/cisst/include/cisstParameterTypes/prmInverseKinematicsRequest.h"
cisstDataGenerator: generating code file "/home/ytxu/cr_dvrk_ws/build/cisst/cisstParameterTypes/code/prmInputData_cdg.cpp"
cisstDataGenerator: generating code file "/home/ytxu/cr_dvrk_ws/build/cisst/cisstParameterTypes/code/prmImageFrame_cdg.cpp"
cisstDataGenerator: generating code file "/home/ytxu/cr_dvrk_ws/build/cisst/cisstParameterTypes/code/prmInverseKinematicsRequest_cdg.cpp"
cisstDataGenerator: parse succeeded
cisstDataGenerator: generating header file "/home/ytxu/cr_dvrk_ws/build/cisst/include/cisstParameterTypes/prmKeyValue.h"
cisstDataGenerator: generating /home/ytxu/cr_dvrk_ws/build/cisst/include/cisstParameterTypes/prmInverseKinematicsResponse.h and /home/ytxu/cr_dvrk_ws/build/cisst/cisstParameterTypes/code/prmInverseKinematicsResponse_cdg.cpp from /home/ytxu/cr_dvrk_ws/src/cisst-saw/cisst/cisstParameterTypes/code/../prmInverseKinematicsResponse.cdg
cisstDataGenerator: generating /home/ytxu/cr_dvrk_ws/build/cisst/include/cisstParameterTypes/prmOperatingState.h and /home/ytxu/cr_dvrk_ws/build/cisst/cisstParameterTypes/code/prmOperatingState_cdg.cpp from /home/ytxu/cr_dvrk_ws/src/cisst-saw/cisst/cisstParameterTypes/code/../prmOperatingState.cdg
cisstDataGenerator: generating /home/ytxu/cr_dvrk_ws/build/cisst/include/cisstParameterTypes/prmPositionCartesianArrayGet.h and /home/ytxu/cr_dvrk_ws/build/cisst/cisstParameterTypes/code/prmPositionCartesianArrayGet_cdg.cpp from /home/ytxu/cr_dvrk_ws/src/cisst-saw/cisst/cisstParameterTypes/code/../prmPositionCartesianArrayGet.cdg
cisstDataGenerator: parse succeeded
cisstDataGenerator: generating header file "/home/ytxu/cr_dvrk_ws/build/cisst/include/cisstParameterTypes/prmPositionCartesianArrayGet.h"
cisstDataGenerator: parse succeeded
cisstDataGenerator: generating code file "/home/ytxu/cr_dvrk_ws/build/cisst/cisstParameterTypes/code/prmKeyValue_cdg.cpp"
cisstDataGenerator: generating header file "/home/ytxu/cr_dvrk_ws/build/cisst/include/cisstParameterTypes/prmInverseKinematicsResponse.h"
cisstDataGenerator: parse succeeded
cisstDataGenerator: generating header file "/home/ytxu/cr_dvrk_ws/build/cisst/include/cisstParameterTypes/prmOperatingState.h"
cisstDataGenerator: generating /home/ytxu/cr_dvrk_ws/build/cisst/include/cisstParameterTypes/prmPositionCartesianGet.h and /home/ytxu/cr_dvrk_ws/build/cisst/cisstParameterTypes/code/prmPositionCartesianGet_cdg.cpp from /home/ytxu/cr_dvrk_ws/src/cisst-saw/cisst/cisstParameterTypes/code/../prmPositionCartesianGet.cdg
cisstDataGenerator: generating /home/ytxu/cr_dvrk_ws/build/cisst/include/cisstParameterTypes/prmPositionCartesianSet.h and /home/ytxu/cr_dvrk_ws/build/cisst/cisstParameterTypes/code/prmPositionCartesianSet_cdg.cpp from /home/ytxu/cr_dvrk_ws/src/cisst-saw/cisst/cisstParameterTypes/code/../prmPositionCartesianSet.cdg
cisstDataGenerator: generating code file "/home/ytxu/cr_dvrk_ws/build/cisst/cisstParameterTypes/code/prmPositionCartesianArrayGet_cdg.cpp"
cisstDataGenerator: generating code file "/home/ytxu/cr_dvrk_ws/build/cisst/cisstParameterTypes/code/prmInverseKinematicsResponse_cdg.cpp"
cisstDataGenerator: parse succeeded
cisstDataGenerator: generating code file "/home/ytxu/cr_dvrk_ws/build/cisst/cisstParameterTypes/code/prmOperatingState_cdg.cpp"
cisstDataGenerator: generating header file "/home/ytxu/cr_dvrk_ws/build/cisst/include/cisstParameterTypes/prmPositionCartesianGet.h"
[ 80%] [34m[1mcisstDataGenerator for prmPositionJointGet[0m
cisstDataGenerator: parse succeeded
cisstDataGenerator: generating header file "/home/ytxu/cr_dvrk_ws/build/cisst/include/cisstParameterTypes/prmPositionCartesianSet.h"
cisstDataGenerator: generating code file "/home/ytxu/cr_dvrk_ws/build/cisst/cisstParameterTypes/code/prmPositionCartesianGet_cdg.cpp"
cisstDataGenerator: generating code file "/home/ytxu/cr_dvrk_ws/build/cisst/cisstParameterTypes/code/prmPositionCartesianSet_cdg.cpp"
cisstDataGenerator: generating /home/ytxu/cr_dvrk_ws/build/cisst/include/cisstParameterTypes/prmPositionJointGet.h and /home/ytxu/cr_dvrk_ws/build/cisst/cisstParameterTypes/code/prmPositionJointGet_cdg.cpp from /home/ytxu/cr_dvrk_ws/src/cisst-saw/cisst/cisstParameterTypes/code/../prmPositionJointGet.cdg
cisstDataGenerator: parse succeeded
cisstDataGenerator: generating header file "/home/ytxu/cr_dvrk_ws/build/cisst/include/cisstParameterTypes/prmPositionJointGet.h"
cisstDataGenerator: generating code file "/home/ytxu/cr_dvrk_ws/build/cisst/cisstParameterTypes/code/prmPositionJointGet_cdg.cpp"
[ 80%] [34m[1mcisstDataGenerator for prmPositionJointSet[0m
cisstDataGenerator: generating /home/ytxu/cr_dvrk_ws/build/cisst/include/cisstParameterTypes/prmPositionJointSet.h and /home/ytxu/cr_dvrk_ws/build/cisst/cisstParameterTypes/code/prmPositionJointSet_cdg.cpp from /home/ytxu/cr_dvrk_ws/src/cisst-saw/cisst/cisstParameterTypes/code/../prmPositionJointSet.cdg
[ 80%] [34m[1mcisstDataGenerator for prmStateJoint[0m
cisstDataGenerator: parse succeeded
cisstDataGenerator: generating header file "/home/ytxu/cr_dvrk_ws/build/cisst/include/cisstParameterTypes/prmPositionJointSet.h"
cisstDataGenerator: generating code file "/home/ytxu/cr_dvrk_ws/build/cisst/cisstParameterTypes/code/prmPositionJointSet_cdg.cpp"
cisstDataGenerator: generating /home/ytxu/cr_dvrk_ws/build/cisst/include/cisstParameterTypes/prmStateJoint.h and /home/ytxu/cr_dvrk_ws/build/cisst/cisstParameterTypes/code/prmStateJoint_cdg.cpp from /home/ytxu/cr_dvrk_ws/src/cisst-saw/cisst/cisstParameterTypes/code/../prmStateJoint.cdg
cisstDataGenerator: parse succeeded
cisstDataGenerator: generating header file "/home/ytxu/cr_dvrk_ws/build/cisst/include/cisstParameterTypes/prmStateJoint.h"
cisstDataGenerator: generating code file "/home/ytxu/cr_dvrk_ws/build/cisst/cisstParameterTypes/code/prmStateJoint_cdg.cpp"
[ 80%] [34m[1mSwig compile /home/ytxu/cr_dvrk_ws/src/cisst-saw/cisst/cisstMultiTask/codePython/../cisstMultiTask.i for python[0m
[ 80%] [32mBuilding CXX object cisstParameterTypes/code/CMakeFiles/cisstParameterTypes.dir/prmClassServices.cpp.o[0m
[ 81%] [32mBuilding CXX object cisstParameterTypes/code/CMakeFiles/cisstParameterTypes.dir/prmActuatorParameters.cpp.o[0m
[ 82%] [32mBuilding CXX object cisstParameterTypes/code/CMakeFiles/cisstParameterTypes.dir/prmEventButton.cpp.o[0m
[ 82%] [32mBuilding CXX object cisstParameterTypes/code/CMakeFiles/cisstParameterTypes.dir/prmActuatorState.cpp.o[0m
[ 82%] [32mBuilding CXX object cisstParameterTypes/code/CMakeFiles/cisstParameterTypes.dir/prmForceCartesianGet.cpp.o[0m
[ 82%] [32mBuilding CXX object cisstParameterTypes/code/CMakeFiles/cisstParameterTypes.dir/prmForceCartesianSet.cpp.o[0m
[ 83%] [32mBuilding CXX object cisstParameterTypes/code/CMakeFiles/cisstParameterTypes.dir/prmMotionBase.cpp.o[0m
[ 83%] [32mBuilding CXX object cisstParameterTypes/code/CMakeFiles/cisstParameterTypes.dir/prmOperatingState.cpp.o[0m
[ 83%] [32mBuilding CXX object cisstParameterTypes/code/CMakeFiles/cisstParameterTypes.dir/prmInputDataConverter.cpp.o[0m
[ 83%] [32mBuilding CXX object cisstParameterTypes/code/CMakeFiles/cisstParameterTypes.dir/prmRobotState.cpp.o[0m
Language subdirectory: python
Search paths:
   ./
   /home/ytxu/cr_dvrk_ws/build/cisst/include/
   /home/ytxu/cr_dvrk_ws/src/cisst-saw/cisst/
   /usr/include/
   /usr/include/jsoncpp/
   /usr/include/python3.10/
   /home/ytxu/.local/lib/python3.10/site-packages/numpy/core/include/numpy/
   ./swig_lib/python/
   /usr/share/swig4.0/python/
   ./swig_lib/
   /usr/share/swig4.0/
Preprocessing...
Starting language-specific parse...
[ 83%] [32mBuilding CXX object cisstParameterTypes/code/CMakeFiles/cisstParameterTypes.dir/prmVelocityCartesianSet.cpp.o[0m
[ 84%] [32mBuilding CXX object cisstParameterTypes/code/CMakeFiles/cisstParameterTypes.dir/prmVelocityJointGet.cpp.o[0m
[ 84%] [32mBuilding CXX object cisstParameterTypes/code/CMakeFiles/cisstParameterTypes.dir/prmVelocityJointSet.cpp.o[0m
[ 84%] [32mBuilding CXX object cisstParameterTypes/code/CMakeFiles/cisstParameterTypes.dir/prmActuatorJointCoupling_cdg.cpp.o[0m
[ 84%] [32mBuilding CXX object cisstParameterTypes/code/CMakeFiles/cisstParameterTypes.dir/prmCameraInfo_cdg.cpp.o[0m
[ 84%] Built target cisstMultiTaskQt_autogen
[ 85%] [32mBuilding CXX object cisstParameterTypes/code/CMakeFiles/cisstParameterTypes.dir/prmCartesianImpedance_cdg.cpp.o[0m
[ 86%] [32mBuilding CXX object cisstMultiTask/codeQt/CMakeFiles/cisstMultiTaskQt.dir/cisstMultiTaskQt_autogen/mocs_compilation.cpp.o[0m
[ 86%] [32mBuilding CXX object cisstMultiTask/codeQt/CMakeFiles/cisstMultiTaskQt.dir/mtsClassServicesQt.cpp.o[0m
[ 86%] [32mBuilding CXX object cisstMultiTask/codeQt/CMakeFiles/cisstMultiTaskQt.dir/mtsCollectorQtComponent.cpp.o[0m
[ 87%] [32mBuilding CXX object cisstMultiTask/codeQt/CMakeFiles/cisstMultiTaskQt.dir/mtsCollectorQtFactory.cpp.o[0m
Processing types...
[ 87%] [32mBuilding CXX object cisstMultiTask/codeQt/CMakeFiles/cisstMultiTaskQt.dir/mtsCollectorQtWidget.cpp.o[0m
[ 87%] [32mBuilding CXX object cisstMultiTask/codeQt/CMakeFiles/cisstMultiTaskQt.dir/mtsIntervalStatisticsQtWidget.cpp.o[0m
C++ analysis...
[ 87%] [32mBuilding CXX object cisstParameterTypes/code/CMakeFiles/cisstParameterTypes.dir/prmConfigurationJoint_cdg.cpp.o[0m
Processing nested classes...
Generating wrappers...
[ 87%] [32mBuilding CXX object cisstMultiTask/codeQt/CMakeFiles/cisstMultiTaskQt.dir/mtsMessageQtWidget.cpp.o[0m
[ 87%] [32mBuilding CXX object cisstParameterTypes/code/CMakeFiles/cisstParameterTypes.dir/prmDepthMap_cdg.cpp.o[0m
[ 87%] [32mBuilding CXX object cisstParameterTypes/code/CMakeFiles/cisstParameterTypes.dir/prmForceTorqueJointSet_cdg.cpp.o[0m
[ 88%] [32mBuilding CXX object cisstMultiTask/codeQt/CMakeFiles/cisstMultiTaskQt.dir/mtsQtApplication.cpp.o[0m
[ 89%] [32mBuilding CXX object cisstParameterTypes/code/CMakeFiles/cisstParameterTypes.dir/prmForwardKinematicsRequest_cdg.cpp.o[0m
[ 89%] [32mBuilding CXX object cisstMultiTask/codeQt/CMakeFiles/cisstMultiTaskQt.dir/mtsQtCommandSelector.cpp.o[0m
[ 89%] [32mBuilding CXX object cisstParameterTypes/code/CMakeFiles/cisstParameterTypes.dir/prmForwardKinematicsResponse_cdg.cpp.o[0m
[ 89%] [32mBuilding CXX object cisstParameterTypes/code/CMakeFiles/cisstParameterTypes.dir/prmIMUSensors_cdg.cpp.o[0m
[ 89%] [32mBuilding CXX object cisstMultiTask/codeQt/CMakeFiles/cisstMultiTaskQt.dir/mtsQtScaleAndSignalTool.cpp.o[0m
[ 89%] [32mBuilding CXX object cisstParameterTypes/code/CMakeFiles/cisstParameterTypes.dir/prmImageFrame_cdg.cpp.o[0m
[ 89%] [32mBuilding CXX object cisstMultiTask/codeQt/CMakeFiles/cisstMultiTaskQt.dir/mtsQtVisualizerShell.cpp.o[0m
[ 90%] [32mBuilding CXX object cisstMultiTask/codeQt/CMakeFiles/cisstMultiTaskQt.dir/mtsQtWidgetComponent.cpp.o[0m
[ 90%] [32mBuilding CXX object cisstMultiTask/codeQt/CMakeFiles/cisstMultiTaskQt.dir/mtsQtWidgetEvent.cpp.o[0m
[ 91%] [32mBuilding CXX object cisstParameterTypes/code/CMakeFiles/cisstParameterTypes.dir/prmInputData_cdg.cpp.o[0m
[ 91%] [32mBuilding CXX object cisstParameterTypes/code/CMakeFiles/cisstParameterTypes.dir/prmInverseKinematicsRequest_cdg.cpp.o[0m
[ 91%] [32mBuilding CXX object cisstMultiTask/codeQt/CMakeFiles/cisstMultiTaskQt.dir/mtsQtWidgetFactory.cpp.o[0m
[ 91%] [32mBuilding CXX object cisstParameterTypes/code/CMakeFiles/cisstParameterTypes.dir/prmInverseKinematicsResponse_cdg.cpp.o[0m
[ 91%] [32mBuilding CXX object cisstMultiTask/codeQt/CMakeFiles/cisstMultiTaskQt.dir/mtsQtWidgetFunction.cpp.o[0m
[ 91%] [32mBuilding CXX object cisstParameterTypes/code/CMakeFiles/cisstParameterTypes.dir/prmKeyValue_cdg.cpp.o[0m
[ 92%] [32mBuilding CXX object cisstMultiTask/codeQt/CMakeFiles/cisstMultiTaskQt.dir/mtsQtWidgetGenericObject.cpp.o[0m
[ 92%] [32mBuilding CXX object cisstMultiTask/codeQt/CMakeFiles/cisstMultiTaskQt.dir/mtsQtWidgetGenericObjectProxy.cpp.o[0m
[ 93%] [32mBuilding CXX object cisstParameterTypes/code/CMakeFiles/cisstParameterTypes.dir/prmOperatingState_cdg.cpp.o[0m
[ 93%] [32mBuilding CXX object cisstParameterTypes/code/CMakeFiles/cisstParameterTypes.dir/prmPositionCartesianArrayGet_cdg.cpp.o[0m
[ 93%] [32mBuilding CXX object cisstMultiTask/codeQt/CMakeFiles/cisstMultiTaskQt.dir/mtsQtWidgetInterfaceRequired.cpp.o[0m
[ 93%] [32mBuilding CXX object cisstParameterTypes/code/CMakeFiles/cisstParameterTypes.dir/prmPositionCartesianGet_cdg.cpp.o[0m
[ 93%] [32mBuilding CXX object cisstMultiTask/codeQt/CMakeFiles/cisstMultiTaskQt.dir/mtsQtWidgetVectorTypes.cpp.o[0m
[ 93%] [32mBuilding CXX object cisstParameterTypes/code/CMakeFiles/cisstParameterTypes.dir/prmPositionCartesianSet_cdg.cpp.o[0m
[ 94%] [32mBuilding CXX object cisstParameterTypes/code/CMakeFiles/cisstParameterTypes.dir/prmPositionJointGet_cdg.cpp.o[0m
[ 95%] [32mBuilding CXX object cisstMultiTask/codeQt/CMakeFiles/cisstMultiTaskQt.dir/mtsSystemQtWidget.cpp.o[0m
[ 95%] [32mBuilding CXX object cisstParameterTypes/code/CMakeFiles/cisstParameterTypes.dir/prmPositionJointSet_cdg.cpp.o[0m
[ 95%] [32mBuilding CXX object cisstParameterTypes/code/CMakeFiles/cisstParameterTypes.dir/prmStateJoint_cdg.cpp.o[0m
[ 95%] [32mBuilding CXX object cisstParameterTypes/code/CMakeFiles/cisstParameterTypes.dir/prmVelocityCartesianGet_cdg.cpp.o[0m
[ 95%] Built target cisstMultiTaskPython_swig_compilation
[ 95%] [32mBuilding CXX object cisstMultiTask/codePython/CMakeFiles/_cisstMultiTaskPython.dir/CMakeFiles/_cisstMultiTaskPython.dir/cisstMultiTaskPYTHON_wrap.cxx.o[0m
[ 95%] [32m[1mLinking CXX shared library ../../lib/libcisstMultiTaskQt.so[0m
[ 96%] [32m[1mLinking CXX shared library ../../lib/libcisstParameterTypes.so[0m
[ 96%] Built target cisstParameterTypes
[35m[1mScanning dependencies of target cisstParameterTypesPython_swig_compilation[0m
[ 96%] [34m[1mAutomatic MOC for target cisstParameterTypesQt[0m
[ 96%] [34m[1mSwig compile /home/ytxu/cr_dvrk_ws/src/cisst-saw/cisst/cisstParameterTypes/codePython/../cisstParameterTypes.i for python[0m
Language subdirectory: python
Search paths:
   ./
   /home/ytxu/cr_dvrk_ws/build/cisst/include/
   /home/ytxu/cr_dvrk_ws/src/cisst-saw/cisst/
   /usr/include/
   /usr/include/jsoncpp/
   /usr/include/python3.10/
   /home/ytxu/.local/lib/python3.10/site-packages/numpy/core/include/numpy/
   ./swig_lib/python/
   /usr/share/swig4.0/python/
   ./swig_lib/
   /usr/share/swig4.0/
Preprocessing...
[ 96%] Built target cisstMultiTaskQt
Starting language-specific parse...
[ 96%] Built target cisstParameterTypesQt_autogen
[ 96%] [32mBuilding CXX object cisstParameterTypes/codeQt/CMakeFiles/cisstParameterTypesQt.dir/cisstParameterTypesQt_autogen/mocs_compilation.cpp.o[0m
[ 96%] [32mBuilding CXX object cisstParameterTypes/codeQt/CMakeFiles/cisstParameterTypesQt.dir/prmEventButtonQtWidget.cpp.o[0m
[ 97%] [32mBuilding CXX object cisstParameterTypes/codeQt/CMakeFiles/cisstParameterTypesQt.dir/prmForceCartesianGetQtWidget.cpp.o[0m
[ 97%] [32mBuilding CXX object cisstParameterTypes/codeQt/CMakeFiles/cisstParameterTypesQt.dir/prmInputDataQtWidget.cpp.o[0m
[ 97%] [32mBuilding CXX object cisstParameterTypes/codeQt/CMakeFiles/cisstParameterTypesQt.dir/prmOperatingStateQtWidget.cpp.o[0m
[ 98%] [32mBuilding CXX object cisstParameterTypes/codeQt/CMakeFiles/cisstParameterTypesQt.dir/prmPositionCartesianGetQtWidgetFactory.cpp.o[0m
[ 98%] [32mBuilding CXX object cisstParameterTypes/codeQt/CMakeFiles/cisstParameterTypesQt.dir/prmPositionCartesianArrayGetQtWidget.cpp.o[0m
[ 98%] [32mBuilding CXX object cisstParameterTypes/codeQt/CMakeFiles/cisstParameterTypesQt.dir/prmPositionCartesianGetQtWidget.cpp.o[0m
[ 98%] [32mBuilding CXX object cisstParameterTypes/codeQt/CMakeFiles/cisstParameterTypesQt.dir/prmPositionJointSetQtWidget.cpp.o[0m
[ 99%] [32mBuilding CXX object cisstParameterTypes/codeQt/CMakeFiles/cisstParameterTypesQt.dir/prmStateJointQtWidget.cpp.o[0m
Processing types...
C++ analysis...
Processing nested classes...
Generating wrappers...
[ 99%] [32mBuilding CXX object cisstParameterTypes/codeQt/CMakeFiles/cisstParameterTypesQt.dir/prmStateRobotQtWidget.cpp.o[0m
[ 99%] Built target cisstParameterTypesPython_swig_compilation
[ 99%] [32mBuilding CXX object cisstParameterTypes/codePython/CMakeFiles/_cisstParameterTypesPython.dir/CMakeFiles/_cisstParameterTypesPython.dir/cisstParameterTypesPYTHON_wrap.cxx.o[0m
[ 99%] [32m[1mLinking CXX shared library ../../lib/libcisstParameterTypesQt.so[0m
[ 99%] Built target cisstParameterTypesQt
[100%] [32m[1mLinking CXX shared module ../../lib/_cisstParameterTypesPython.so[0m
[100%] Built target _cisstParameterTypesPython
