[0.039s] Invoking command in '/home/ytxu/cr_dvrk_ws/build/cisst_msgs': CMAKE_PREFIX_PATH=/home/ytxu/cr-dvrk-rviz/install/test_scripts:/home/ytxu/cr-dvrk-rviz/install/teleop_cr_psm:/home/ytxu/cr-dvrk-rviz/install/cr_dvrk_kinematics:/home/ytxu/ctr_tr_model/install/pub_ctr_kinematics:/opt/ros/humble /usr/bin/cmake /home/ytxu/cr_dvrk_ws/src/cisst-saw/cisst-ros/cisst_msgs -DCMAKE_BUILD_TYPE=Release -DAMENT_CMAKE_SYMLINK_INSTALL=1 -DCMAKE_INSTALL_PREFIX=/home/ytxu/cr_dvrk_ws/install/cisst_msgs
[0.327s] -- The C compiler identification is GNU 11.4.0
[0.601s] -- The CXX compiler identification is GNU 11.4.0
[0.773s] -- Detecting C compiler ABI info
[0.900s] -- Detecting C compiler ABI info - done
[0.909s] -- Check for working C compiler: /usr/bin/cc - skipped
[0.910s] -- Detecting C compile features
[0.910s] -- Detecting C compile features - done
[0.915s] -- Detecting CXX compiler ABI info
[1.054s] -- Detecting CXX compiler ABI info - done
[1.065s] -- Check for working CXX compiler: /usr/bin/c++ - skipped
[1.065s] -- Detecting CXX compile features
[1.066s] -- Detecting CXX compile features - done
[1.605s] -- Found Python3: /usr/bin/python3 (found version "3.10.12") found components: Interpreter 
[1.669s] -- Override CMake install command with custom implementation using symlinks instead of copying resources
[1.696s] -- Found rclcpp: 16.0.14 (/opt/ros/humble/share/rclcpp/cmake)
[1.800s] -- Found rosidl_generator_c: 3.1.7 (/opt/ros/humble/share/rosidl_generator_c/cmake)
[1.806s] -- Found rosidl_adapter: 3.1.7 (/opt/ros/humble/share/rosidl_adapter/cmake)
[1.815s] -- Found rosidl_generator_cpp: 3.1.7 (/opt/ros/humble/share/rosidl_generator_cpp/cmake)
[1.830s] -- Using all available rosidl_typesupport_c: rosidl_typesupport_fastrtps_c;rosidl_typesupport_introspection_c
[1.850s] -- Using all available rosidl_typesupport_cpp: rosidl_typesupport_fastrtps_cpp;rosidl_typesupport_introspection_cpp
[1.910s] -- Found rmw_implementation_cmake: 6.1.2 (/opt/ros/humble/share/rmw_implementation_cmake/cmake)
[1.913s] -- Found rmw_fastrtps_cpp: 6.2.8 (/opt/ros/humble/share/rmw_fastrtps_cpp/cmake)
[2.274s] -- Found OpenSSL: /usr/lib/x86_64-linux-gnu/libcrypto.so (found version "3.0.2")  
[2.607s] -- Found FastRTPS: /opt/ros/humble/include  
[3.786s] -- Using RMW implementation 'rmw_fastrtps_cpp' as default
[3.794s] -- Looking for pthread.h
[3.882s] -- Looking for pthread.h - found
[3.882s] -- Performing Test CMAKE_HAVE_LIBC_PTHREAD
[3.978s] -- Performing Test CMAKE_HAVE_LIBC_PTHREAD - Success
[3.979s] -- Found Threads: TRUE  
[4.026s] -- Found geometry_msgs: 4.9.0 (/opt/ros/humble/share/geometry_msgs/cmake)
[4.042s] -- Found rosidl_default_generators: 1.2.0 (/opt/ros/humble/share/rosidl_default_generators/cmake)
[4.364s] -- Found ament_cmake_ros: 0.10.0 (/opt/ros/humble/share/ament_cmake_ros/cmake)
[4.835s] -- Using all available rosidl_typesupport_c: rosidl_typesupport_fastrtps_c;rosidl_typesupport_introspection_c
[5.028s] -- Using all available rosidl_typesupport_cpp: rosidl_typesupport_fastrtps_cpp;rosidl_typesupport_introspection_cpp
[5.102s] -- Found PythonInterp: /usr/bin/python3 (found suitable version "3.10.12", minimum required is "3.6") 
[5.103s] -- Found python_cmake_module: 0.10.0 (/opt/ros/humble/share/python_cmake_module/cmake)
[5.271s] -- Found PythonLibs: /usr/lib/x86_64-linux-gnu/libpython3.10.so (found suitable version "3.10.12", minimum required is "3.5") 
[5.271s] -- Using PYTHON_EXECUTABLE: /usr/bin/python3
[5.271s] -- Using PYTHON_INCLUDE_DIRS: /usr/include/python3.10
[5.271s] -- Using PYTHON_LIBRARIES: /usr/lib/x86_64-linux-gnu/libpython3.10.so
[5.295s] -- Found PythonExtra: .so  
[5.558s] -- Configuring done
[5.787s] -- Generating done
[5.931s] -- Build files have been written to: /home/ytxu/cr_dvrk_ws/build/cisst_msgs
[5.948s] Invoked command in '/home/ytxu/cr_dvrk_ws/build/cisst_msgs' returned '0': CMAKE_PREFIX_PATH=/home/ytxu/cr-dvrk-rviz/install/test_scripts:/home/ytxu/cr-dvrk-rviz/install/teleop_cr_psm:/home/ytxu/cr-dvrk-rviz/install/cr_dvrk_kinematics:/home/ytxu/ctr_tr_model/install/pub_ctr_kinematics:/opt/ros/humble /usr/bin/cmake /home/ytxu/cr_dvrk_ws/src/cisst-saw/cisst-ros/cisst_msgs -DCMAKE_BUILD_TYPE=Release -DAMENT_CMAKE_SYMLINK_INSTALL=1 -DCMAKE_INSTALL_PREFIX=/home/ytxu/cr_dvrk_ws/install/cisst_msgs
[5.950s] Invoking command in '/home/ytxu/cr_dvrk_ws/build/cisst_msgs': CMAKE_PREFIX_PATH=/home/ytxu/cr-dvrk-rviz/install/test_scripts:/home/ytxu/cr-dvrk-rviz/install/teleop_cr_psm:/home/ytxu/cr-dvrk-rviz/install/cr_dvrk_kinematics:/home/ytxu/ctr_tr_model/install/pub_ctr_kinematics:/opt/ros/humble /usr/bin/cmake --build /home/ytxu/cr_dvrk_ws/build/cisst_msgs -- -j12 -l12
[6.182s] [  1%] [34m[1mGenerating C code for ROS interfaces[0m
[6.235s] [  3%] [34m[1mGenerating C++ code for ROS interfaces[0m
[6.410s] [  3%] Built target ament_cmake_python_symlink_cisst_msgs
[7.313s] running egg_info
[7.314s] creating cisst_msgs.egg-info
[7.314s] writing cisst_msgs.egg-info/PKG-INFO
[7.314s] writing dependency_links to cisst_msgs.egg-info/dependency_links.txt
[7.314s] writing top-level names to cisst_msgs.egg-info/top_level.txt
[7.314s] writing manifest file 'cisst_msgs.egg-info/SOURCES.txt'
[7.329s] reading manifest file 'cisst_msgs.egg-info/SOURCES.txt'
[7.333s] writing manifest file 'cisst_msgs.egg-info/SOURCES.txt'
[7.482s] [  3%] Built target ament_cmake_python_build_cisst_msgs_egg
[7.982s] [  3%] Built target cisst_msgs__cpp
[7.999s] [  5%] [34m[1mGenerating C++ type support for eProsima Fast-RTPS[0m
[8.000s] [  9%] [34m[1mGenerating C++ type support dispatch for ROS interfaces[0m
[8.000s] [  9%] [34m[1mGenerating C++ introspection for ROS interfaces[0m
[8.353s] [ 10%] [32mBuilding C object CMakeFiles/cisst_msgs__rosidl_generator_c.dir/rosidl_generator_c/cisst_msgs/msg/detail/interval_statistics__functions.c.o[0m
[8.359s] [ 12%] [32mBuilding C object CMakeFiles/cisst_msgs__rosidl_generator_c.dir/rosidl_generator_c/cisst_msgs/msg/detail/bool_stamped__functions.c.o[0m
[8.363s] [ 14%] [32mBuilding C object CMakeFiles/cisst_msgs__rosidl_generator_c.dir/rosidl_generator_c/cisst_msgs/srv/detail/convert_float64_array__functions.c.o[0m
[8.369s] [ 16%] [32mBuilding C object CMakeFiles/cisst_msgs__rosidl_generator_c.dir/rosidl_generator_c/cisst_msgs/msg/detail/double_vec__functions.c.o[0m
[8.595s] [ 18%] [32m[1mLinking C shared library libcisst_msgs__rosidl_generator_c.so[0m
[8.686s] [ 18%] Built target cisst_msgs__rosidl_generator_c
[8.703s] [ 20%] [34m[1mGenerating C type support for eProsima Fast-RTPS[0m
[8.710s] [ 21%] [34m[1mGenerating C introspection for ROS interfaces[0m
[8.711s] [ 23%] [34m[1mGenerating C type support dispatch for ROS interfaces[0m
[8.997s] [ 25%] [32mBuilding CXX object CMakeFiles/cisst_msgs__rosidl_typesupport_cpp.dir/rosidl_typesupport_cpp/cisst_msgs/msg/double_vec__type_support.cpp.o[0m
[9.002s] [ 29%] [32mBuilding CXX object CMakeFiles/cisst_msgs__rosidl_typesupport_cpp.dir/rosidl_typesupport_cpp/cisst_msgs/srv/convert_float64_array__type_support.cpp.o[0m
[9.008s] [ 27%] [32mBuilding CXX object CMakeFiles/cisst_msgs__rosidl_typesupport_cpp.dir/rosidl_typesupport_cpp/cisst_msgs/msg/interval_statistics__type_support.cpp.o[0m
[9.008s] [ 30%] [32mBuilding CXX object CMakeFiles/cisst_msgs__rosidl_typesupport_cpp.dir/rosidl_typesupport_cpp/cisst_msgs/msg/bool_stamped__type_support.cpp.o[0m
[9.038s] [ 32%] [32mBuilding CXX object CMakeFiles/cisst_msgs__rosidl_typesupport_introspection_cpp.dir/rosidl_typesupport_introspection_cpp/cisst_msgs/msg/detail/double_vec__type_support.cpp.o[0m
[9.052s] [ 34%] [32mBuilding CXX object CMakeFiles/cisst_msgs__rosidl_typesupport_introspection_cpp.dir/rosidl_typesupport_introspection_cpp/cisst_msgs/srv/detail/convert_float64_array__type_support.cpp.o[0m
[9.056s] [ 36%] [32mBuilding CXX object CMakeFiles/cisst_msgs__rosidl_typesupport_introspection_cpp.dir/rosidl_typesupport_introspection_cpp/cisst_msgs/msg/detail/interval_statistics__type_support.cpp.o[0m
[9.066s] [ 38%] [32mBuilding CXX object CMakeFiles/cisst_msgs__rosidl_typesupport_introspection_cpp.dir/rosidl_typesupport_introspection_cpp/cisst_msgs/msg/detail/bool_stamped__type_support.cpp.o[0m
[9.336s] [ 40%] [32mBuilding CXX object CMakeFiles/cisst_msgs__rosidl_typesupport_fastrtps_cpp.dir/rosidl_typesupport_fastrtps_cpp/cisst_msgs/msg/detail/dds_fastrtps/double_vec__type_support.cpp.o[0m
[10.116s] [ 41%] [32mBuilding CXX object CMakeFiles/cisst_msgs__rosidl_typesupport_c.dir/rosidl_typesupport_c/cisst_msgs/msg/double_vec__type_support.cpp.o[0m
[10.366s] [ 43%] [32mBuilding CXX object CMakeFiles/cisst_msgs__rosidl_typesupport_c.dir/rosidl_typesupport_c/cisst_msgs/msg/interval_statistics__type_support.cpp.o[0m
[10.390s] [ 45%] [32mBuilding CXX object CMakeFiles/cisst_msgs__rosidl_typesupport_fastrtps_cpp.dir/rosidl_typesupport_fastrtps_cpp/cisst_msgs/msg/detail/dds_fastrtps/interval_statistics__type_support.cpp.o[0m
[10.497s] [ 47%] [32mBuilding CXX object CMakeFiles/cisst_msgs__rosidl_typesupport_c.dir/rosidl_typesupport_c/cisst_msgs/msg/bool_stamped__type_support.cpp.o[0m
[10.616s] [ 49%] [32mBuilding CXX object CMakeFiles/cisst_msgs__rosidl_typesupport_c.dir/rosidl_typesupport_c/cisst_msgs/srv/convert_float64_array__type_support.cpp.o[0m
[10.696s] [ 50%] [32m[1mLinking CXX shared library libcisst_msgs__rosidl_typesupport_c.so[0m
[10.772s] [ 52%] [32mBuilding CXX object CMakeFiles/cisst_msgs__rosidl_typesupport_fastrtps_cpp.dir/rosidl_typesupport_fastrtps_cpp/cisst_msgs/srv/detail/dds_fastrtps/convert_float64_array__type_support.cpp.o[0m
[10.790s] [ 54%] [32mBuilding CXX object CMakeFiles/cisst_msgs__rosidl_typesupport_fastrtps_c.dir/rosidl_typesupport_fastrtps_c/cisst_msgs/msg/detail/double_vec__type_support_c.cpp.o[0m
[10.799s] [ 56%] [32mBuilding CXX object CMakeFiles/cisst_msgs__rosidl_typesupport_fastrtps_c.dir/rosidl_typesupport_fastrtps_c/cisst_msgs/msg/detail/interval_statistics__type_support_c.cpp.o[0m
[10.810s] [ 58%] [32mBuilding CXX object CMakeFiles/cisst_msgs__rosidl_typesupport_fastrtps_cpp.dir/rosidl_typesupport_fastrtps_cpp/cisst_msgs/msg/detail/dds_fastrtps/bool_stamped__type_support.cpp.o[0m
[10.843s] [ 60%] [32m[1mLinking CXX shared library libcisst_msgs__rosidl_typesupport_cpp.so[0m
[10.908s] [ 60%] Built target cisst_msgs__rosidl_typesupport_c
[10.943s] [ 61%] [32mBuilding CXX object CMakeFiles/cisst_msgs__rosidl_typesupport_fastrtps_c.dir/rosidl_typesupport_fastrtps_c/cisst_msgs/msg/detail/bool_stamped__type_support_c.cpp.o[0m
[11.164s] [ 63%] [32mBuilding C object CMakeFiles/cisst_msgs__rosidl_typesupport_introspection_c.dir/rosidl_typesupport_introspection_c/cisst_msgs/msg/detail/double_vec__type_support.c.o[0m
[11.201s] [ 65%] [32mBuilding C object CMakeFiles/cisst_msgs__rosidl_typesupport_introspection_c.dir/rosidl_typesupport_introspection_c/cisst_msgs/msg/detail/interval_statistics__type_support.c.o[0m
[11.280s] [ 67%] [32mBuilding CXX object CMakeFiles/cisst_msgs__rosidl_typesupport_fastrtps_c.dir/rosidl_typesupport_fastrtps_c/cisst_msgs/srv/detail/convert_float64_array__type_support_c.cpp.o[0m
[11.333s] [ 69%] [32mBuilding C object CMakeFiles/cisst_msgs__rosidl_typesupport_introspection_c.dir/rosidl_typesupport_introspection_c/cisst_msgs/msg/detail/bool_stamped__type_support.c.o[0m
[11.372s] [ 70%] [32mBuilding C object CMakeFiles/cisst_msgs__rosidl_typesupport_introspection_c.dir/rosidl_typesupport_introspection_c/cisst_msgs/srv/detail/convert_float64_array__type_support.c.o[0m
[11.500s] [ 72%] [32m[1mLinking CXX shared library libcisst_msgs__rosidl_typesupport_introspection_cpp.so[0m
[11.627s] [ 74%] [32m[1mLinking C shared library libcisst_msgs__rosidl_typesupport_introspection_c.so[0m
[11.764s] [ 74%] Built target cisst_msgs__rosidl_typesupport_cpp
[12.308s] [ 74%] Built target cisst_msgs__rosidl_typesupport_introspection_cpp
[12.529s] [ 74%] Built target cisst_msgs__rosidl_typesupport_introspection_c
[12.568s] [ 76%] [32m[1mLinking CXX shared library libcisst_msgs__rosidl_typesupport_fastrtps_cpp.so[0m
[12.688s] [ 78%] [32m[1mLinking CXX shared library libcisst_msgs__rosidl_typesupport_fastrtps_c.so[0m
[13.109s] [ 78%] Built target cisst_msgs__rosidl_typesupport_fastrtps_cpp
[14.038s] [ 78%] Built target cisst_msgs__rosidl_typesupport_fastrtps_c
[14.109s] [ 78%] Built target cisst_msgs
[14.180s] [ 80%] [34m[1mGenerating Python code for ROS interfaces[0m
[17.180s] [ 80%] Built target cisst_msgs__py
[17.223s] [ 81%] [32mBuilding C object CMakeFiles/cisst_msgs__rosidl_generator_py.dir/rosidl_generator_py/cisst_msgs/msg/_bool_stamped_s.c.o[0m
[17.233s] [ 83%] [32mBuilding C object CMakeFiles/cisst_msgs__rosidl_generator_py.dir/rosidl_generator_py/cisst_msgs/msg/_double_vec_s.c.o[0m
[17.236s] [ 85%] [32mBuilding C object CMakeFiles/cisst_msgs__rosidl_generator_py.dir/rosidl_generator_py/cisst_msgs/msg/_interval_statistics_s.c.o[0m
[17.240s] [ 87%] [32mBuilding C object CMakeFiles/cisst_msgs__rosidl_generator_py.dir/rosidl_generator_py/cisst_msgs/srv/_convert_float64_array_s.c.o[0m
[17.804s] [ 89%] [32m[1mLinking C shared library rosidl_generator_py/cisst_msgs/libcisst_msgs__rosidl_generator_py.so[0m
[18.109s] [ 89%] Built target cisst_msgs__rosidl_generator_py
[18.176s] [ 90%] [32mBuilding C object CMakeFiles/cisst_msgs__rosidl_typesupport_c__pyext.dir/rosidl_generator_py/cisst_msgs/_cisst_msgs_s.ep.rosidl_typesupport_c.c.o[0m
[18.193s] [ 92%] [32mBuilding C object CMakeFiles/cisst_msgs__rosidl_typesupport_fastrtps_c__pyext.dir/rosidl_generator_py/cisst_msgs/_cisst_msgs_s.ep.rosidl_typesupport_fastrtps_c.c.o[0m
[18.197s] [ 94%] [32mBuilding C object CMakeFiles/cisst_msgs__rosidl_typesupport_introspection_c__pyext.dir/rosidl_generator_py/cisst_msgs/_cisst_msgs_s.ep.rosidl_typesupport_introspection_c.c.o[0m
[18.554s] [ 96%] [32m[1mLinking C shared library rosidl_generator_py/cisst_msgs/cisst_msgs_s__rosidl_typesupport_introspection_c.cpython-310-x86_64-linux-gnu.so[0m
[18.656s] [ 98%] [32m[1mLinking C shared library rosidl_generator_py/cisst_msgs/cisst_msgs_s__rosidl_typesupport_c.cpython-310-x86_64-linux-gnu.so[0m
[18.668s] [100%] [32m[1mLinking C shared library rosidl_generator_py/cisst_msgs/cisst_msgs_s__rosidl_typesupport_fastrtps_c.cpython-310-x86_64-linux-gnu.so[0m
[18.827s] [100%] Built target cisst_msgs__rosidl_typesupport_introspection_c__pyext
[18.835s] [100%] Built target cisst_msgs__rosidl_typesupport_c__pyext
[18.929s] [100%] Built target cisst_msgs__rosidl_typesupport_fastrtps_c__pyext
[18.986s] Invoked command in '/home/ytxu/cr_dvrk_ws/build/cisst_msgs' returned '0': CMAKE_PREFIX_PATH=/home/ytxu/cr-dvrk-rviz/install/test_scripts:/home/ytxu/cr-dvrk-rviz/install/teleop_cr_psm:/home/ytxu/cr-dvrk-rviz/install/cr_dvrk_kinematics:/home/ytxu/ctr_tr_model/install/pub_ctr_kinematics:/opt/ros/humble /usr/bin/cmake --build /home/ytxu/cr_dvrk_ws/build/cisst_msgs -- -j12 -l12
[18.986s] Invoking command in '/home/ytxu/cr_dvrk_ws/build/cisst_msgs': CMAKE_PREFIX_PATH=/home/ytxu/cr-dvrk-rviz/install/test_scripts:/home/ytxu/cr-dvrk-rviz/install/teleop_cr_psm:/home/ytxu/cr-dvrk-rviz/install/cr_dvrk_kinematics:/home/ytxu/ctr_tr_model/install/pub_ctr_kinematics:/opt/ros/humble /usr/bin/cmake --install /home/ytxu/cr_dvrk_ws/build/cisst_msgs
[19.002s] -- Install configuration: "Release"
[19.003s] -- Execute custom install script
[19.029s] -- Symlinking: /home/ytxu/cr_dvrk_ws/install/cisst_msgs/share/ament_index/resource_index/rosidl_interfaces/cisst_msgs
[19.052s] -- Symlinking: /home/ytxu/cr_dvrk_ws/install/cisst_msgs/include/cisst_msgs/cisst_msgs/msg/bool_stamped.h
[19.071s] -- Symlinking: /home/ytxu/cr_dvrk_ws/install/cisst_msgs/include/cisst_msgs/cisst_msgs/msg/detail/bool_stamped__functions.h
[19.086s] -- Symlinking: /home/ytxu/cr_dvrk_ws/install/cisst_msgs/include/cisst_msgs/cisst_msgs/msg/detail/bool_stamped__struct.h
[19.101s] -- Symlinking: /home/ytxu/cr_dvrk_ws/install/cisst_msgs/include/cisst_msgs/cisst_msgs/msg/detail/bool_stamped__type_support.h
[19.123s] -- Symlinking: /home/ytxu/cr_dvrk_ws/install/cisst_msgs/include/cisst_msgs/cisst_msgs/msg/detail/double_vec__functions.h
[19.147s] -- Symlinking: /home/ytxu/cr_dvrk_ws/install/cisst_msgs/include/cisst_msgs/cisst_msgs/msg/detail/double_vec__struct.h
[19.174s] -- Symlinking: /home/ytxu/cr_dvrk_ws/install/cisst_msgs/include/cisst_msgs/cisst_msgs/msg/detail/double_vec__type_support.h
[19.203s] -- Symlinking: /home/ytxu/cr_dvrk_ws/install/cisst_msgs/include/cisst_msgs/cisst_msgs/msg/detail/interval_statistics__functions.h
[19.234s] -- Symlinking: /home/ytxu/cr_dvrk_ws/install/cisst_msgs/include/cisst_msgs/cisst_msgs/msg/detail/interval_statistics__struct.h
[19.264s] -- Symlinking: /home/ytxu/cr_dvrk_ws/install/cisst_msgs/include/cisst_msgs/cisst_msgs/msg/detail/interval_statistics__type_support.h
[19.291s] -- Symlinking: /home/ytxu/cr_dvrk_ws/install/cisst_msgs/include/cisst_msgs/cisst_msgs/msg/double_vec.h
[19.313s] -- Symlinking: /home/ytxu/cr_dvrk_ws/install/cisst_msgs/include/cisst_msgs/cisst_msgs/msg/interval_statistics.h
[19.340s] -- Symlinking: /home/ytxu/cr_dvrk_ws/install/cisst_msgs/include/cisst_msgs/cisst_msgs/msg/rosidl_generator_c__visibility_control.h
[19.366s] -- Symlinking: /home/ytxu/cr_dvrk_ws/install/cisst_msgs/include/cisst_msgs/cisst_msgs/srv/convert_float64_array.h
[19.393s] -- Symlinking: /home/ytxu/cr_dvrk_ws/install/cisst_msgs/include/cisst_msgs/cisst_msgs/srv/detail/convert_float64_array__functions.h
[19.412s] -- Symlinking: /home/ytxu/cr_dvrk_ws/install/cisst_msgs/include/cisst_msgs/cisst_msgs/srv/detail/convert_float64_array__struct.h
[19.430s] -- Symlinking: /home/ytxu/cr_dvrk_ws/install/cisst_msgs/include/cisst_msgs/cisst_msgs/srv/detail/convert_float64_array__type_support.h
[19.457s] -- Symlinking: /home/ytxu/cr_dvrk_ws/install/cisst_msgs/share/cisst_msgs/environment/library_path.sh
[19.474s] -- Symlinking: /home/ytxu/cr_dvrk_ws/install/cisst_msgs/share/cisst_msgs/environment/library_path.dsv
[19.488s] -- Symlinking: /home/ytxu/cr_dvrk_ws/install/cisst_msgs/include/cisst_msgs/cisst_msgs/msg/detail/bool_stamped__rosidl_typesupport_fastrtps_c.h
[19.511s] -- Symlinking: /home/ytxu/cr_dvrk_ws/install/cisst_msgs/include/cisst_msgs/cisst_msgs/msg/detail/double_vec__rosidl_typesupport_fastrtps_c.h
[19.539s] -- Symlinking: /home/ytxu/cr_dvrk_ws/install/cisst_msgs/include/cisst_msgs/cisst_msgs/msg/detail/interval_statistics__rosidl_typesupport_fastrtps_c.h
[19.560s] -- Symlinking: /home/ytxu/cr_dvrk_ws/install/cisst_msgs/include/cisst_msgs/cisst_msgs/msg/rosidl_typesupport_fastrtps_c__visibility_control.h
[19.586s] -- Symlinking: /home/ytxu/cr_dvrk_ws/install/cisst_msgs/include/cisst_msgs/cisst_msgs/srv/detail/convert_float64_array__rosidl_typesupport_fastrtps_c.h
[19.600s] -- Symlinking: /home/ytxu/cr_dvrk_ws/install/cisst_msgs/include/cisst_msgs/cisst_msgs/msg/bool_stamped.hpp
[19.621s] -- Symlinking: /home/ytxu/cr_dvrk_ws/install/cisst_msgs/include/cisst_msgs/cisst_msgs/msg/detail/bool_stamped__builder.hpp
[19.646s] -- Symlinking: /home/ytxu/cr_dvrk_ws/install/cisst_msgs/include/cisst_msgs/cisst_msgs/msg/detail/bool_stamped__struct.hpp
[19.675s] -- Symlinking: /home/ytxu/cr_dvrk_ws/install/cisst_msgs/include/cisst_msgs/cisst_msgs/msg/detail/bool_stamped__traits.hpp
[19.693s] -- Symlinking: /home/ytxu/cr_dvrk_ws/install/cisst_msgs/include/cisst_msgs/cisst_msgs/msg/detail/bool_stamped__type_support.hpp
[19.711s] -- Symlinking: /home/ytxu/cr_dvrk_ws/install/cisst_msgs/include/cisst_msgs/cisst_msgs/msg/detail/double_vec__builder.hpp
[19.729s] -- Symlinking: /home/ytxu/cr_dvrk_ws/install/cisst_msgs/include/cisst_msgs/cisst_msgs/msg/detail/double_vec__struct.hpp
[19.763s] -- Symlinking: /home/ytxu/cr_dvrk_ws/install/cisst_msgs/include/cisst_msgs/cisst_msgs/msg/detail/double_vec__traits.hpp
[19.785s] -- Symlinking: /home/ytxu/cr_dvrk_ws/install/cisst_msgs/include/cisst_msgs/cisst_msgs/msg/detail/double_vec__type_support.hpp
[19.822s] -- Symlinking: /home/ytxu/cr_dvrk_ws/install/cisst_msgs/include/cisst_msgs/cisst_msgs/msg/detail/interval_statistics__builder.hpp
[19.835s] -- Symlinking: /home/ytxu/cr_dvrk_ws/install/cisst_msgs/include/cisst_msgs/cisst_msgs/msg/detail/interval_statistics__struct.hpp
[19.850s] -- Symlinking: /home/ytxu/cr_dvrk_ws/install/cisst_msgs/include/cisst_msgs/cisst_msgs/msg/detail/interval_statistics__traits.hpp
[19.868s] -- Symlinking: /home/ytxu/cr_dvrk_ws/install/cisst_msgs/include/cisst_msgs/cisst_msgs/msg/detail/interval_statistics__type_support.hpp
[19.895s] -- Symlinking: /home/ytxu/cr_dvrk_ws/install/cisst_msgs/include/cisst_msgs/cisst_msgs/msg/double_vec.hpp
[19.919s] -- Symlinking: /home/ytxu/cr_dvrk_ws/install/cisst_msgs/include/cisst_msgs/cisst_msgs/msg/interval_statistics.hpp
[19.935s] -- Symlinking: /home/ytxu/cr_dvrk_ws/install/cisst_msgs/include/cisst_msgs/cisst_msgs/msg/rosidl_generator_cpp__visibility_control.hpp
[19.959s] -- Symlinking: /home/ytxu/cr_dvrk_ws/install/cisst_msgs/include/cisst_msgs/cisst_msgs/srv/convert_float64_array.hpp
[19.973s] -- Symlinking: /home/ytxu/cr_dvrk_ws/install/cisst_msgs/include/cisst_msgs/cisst_msgs/srv/detail/convert_float64_array__builder.hpp
[19.994s] -- Symlinking: /home/ytxu/cr_dvrk_ws/install/cisst_msgs/include/cisst_msgs/cisst_msgs/srv/detail/convert_float64_array__struct.hpp
[20.012s] -- Symlinking: /home/ytxu/cr_dvrk_ws/install/cisst_msgs/include/cisst_msgs/cisst_msgs/srv/detail/convert_float64_array__traits.hpp
[20.041s] -- Symlinking: /home/ytxu/cr_dvrk_ws/install/cisst_msgs/include/cisst_msgs/cisst_msgs/srv/detail/convert_float64_array__type_support.hpp
[20.075s] -- Symlinking: /home/ytxu/cr_dvrk_ws/install/cisst_msgs/include/cisst_msgs/cisst_msgs/msg/detail/bool_stamped__rosidl_typesupport_fastrtps_cpp.hpp
[20.097s] -- Symlinking: /home/ytxu/cr_dvrk_ws/install/cisst_msgs/include/cisst_msgs/cisst_msgs/msg/detail/double_vec__rosidl_typesupport_fastrtps_cpp.hpp
[20.123s] -- Symlinking: /home/ytxu/cr_dvrk_ws/install/cisst_msgs/include/cisst_msgs/cisst_msgs/msg/detail/interval_statistics__rosidl_typesupport_fastrtps_cpp.hpp
[20.136s] -- Symlinking: /home/ytxu/cr_dvrk_ws/install/cisst_msgs/include/cisst_msgs/cisst_msgs/msg/rosidl_typesupport_fastrtps_cpp__visibility_control.h
[20.169s] -- Symlinking: /home/ytxu/cr_dvrk_ws/install/cisst_msgs/include/cisst_msgs/cisst_msgs/srv/detail/convert_float64_array__rosidl_typesupport_fastrtps_cpp.hpp
[20.196s] -- Symlinking: /home/ytxu/cr_dvrk_ws/install/cisst_msgs/include/cisst_msgs/cisst_msgs/msg/detail/bool_stamped__rosidl_typesupport_introspection_c.h
[20.215s] -- Symlinking: /home/ytxu/cr_dvrk_ws/install/cisst_msgs/include/cisst_msgs/cisst_msgs/msg/detail/double_vec__rosidl_typesupport_introspection_c.h
[20.231s] -- Symlinking: /home/ytxu/cr_dvrk_ws/install/cisst_msgs/include/cisst_msgs/cisst_msgs/msg/detail/interval_statistics__rosidl_typesupport_introspection_c.h
[20.252s] -- Symlinking: /home/ytxu/cr_dvrk_ws/install/cisst_msgs/include/cisst_msgs/cisst_msgs/msg/rosidl_typesupport_introspection_c__visibility_control.h
[20.287s] -- Symlinking: /home/ytxu/cr_dvrk_ws/install/cisst_msgs/include/cisst_msgs/cisst_msgs/srv/detail/convert_float64_array__rosidl_typesupport_introspection_c.h
[20.312s] -- Symlinking: /home/ytxu/cr_dvrk_ws/install/cisst_msgs/include/cisst_msgs/cisst_msgs/msg/detail/bool_stamped__rosidl_typesupport_introspection_cpp.hpp
[20.339s] -- Symlinking: /home/ytxu/cr_dvrk_ws/install/cisst_msgs/include/cisst_msgs/cisst_msgs/msg/detail/double_vec__rosidl_typesupport_introspection_cpp.hpp
[20.354s] -- Symlinking: /home/ytxu/cr_dvrk_ws/install/cisst_msgs/include/cisst_msgs/cisst_msgs/msg/detail/interval_statistics__rosidl_typesupport_introspection_cpp.hpp
[20.376s] -- Symlinking: /home/ytxu/cr_dvrk_ws/install/cisst_msgs/include/cisst_msgs/cisst_msgs/srv/detail/convert_float64_array__rosidl_typesupport_introspection_cpp.hpp
[20.388s] -- Symlinking: /home/ytxu/cr_dvrk_ws/install/cisst_msgs/share/cisst_msgs/environment/pythonpath.sh
[20.415s] -- Symlinking: /home/ytxu/cr_dvrk_ws/install/cisst_msgs/share/cisst_msgs/environment/pythonpath.dsv
[20.432s] -- Symlinking: /home/ytxu/cr_dvrk_ws/install/cisst_msgs/local/lib/python3.10/dist-packages/cisst_msgs-3.0.0-py3.10.egg-info/PKG-INFO
[20.449s] -- Symlinking: /home/ytxu/cr_dvrk_ws/install/cisst_msgs/local/lib/python3.10/dist-packages/cisst_msgs-3.0.0-py3.10.egg-info/SOURCES.txt
[20.472s] -- Symlinking: /home/ytxu/cr_dvrk_ws/install/cisst_msgs/local/lib/python3.10/dist-packages/cisst_msgs-3.0.0-py3.10.egg-info/dependency_links.txt
[20.498s] -- Symlinking: /home/ytxu/cr_dvrk_ws/install/cisst_msgs/local/lib/python3.10/dist-packages/cisst_msgs-3.0.0-py3.10.egg-info/top_level.txt
[20.525s] -- Symlinking: /home/ytxu/cr_dvrk_ws/install/cisst_msgs/local/lib/python3.10/dist-packages/cisst_msgs/__init__.py
[20.549s] -- Symlinking: /home/ytxu/cr_dvrk_ws/install/cisst_msgs/local/lib/python3.10/dist-packages/cisst_msgs/_cisst_msgs_s.ep.rosidl_typesupport_c.c
[20.563s] -- Symlinking: /home/ytxu/cr_dvrk_ws/install/cisst_msgs/local/lib/python3.10/dist-packages/cisst_msgs/_cisst_msgs_s.ep.rosidl_typesupport_fastrtps_c.c
[20.593s] -- Symlinking: /home/ytxu/cr_dvrk_ws/install/cisst_msgs/local/lib/python3.10/dist-packages/cisst_msgs/_cisst_msgs_s.ep.rosidl_typesupport_introspection_c.c
[20.614s] -- Symlinking: /home/ytxu/cr_dvrk_ws/install/cisst_msgs/local/lib/python3.10/dist-packages/cisst_msgs/cisst_msgs_s__rosidl_typesupport_c.cpython-310-x86_64-linux-gnu.so
[20.641s] -- Symlinking: /home/ytxu/cr_dvrk_ws/install/cisst_msgs/local/lib/python3.10/dist-packages/cisst_msgs/cisst_msgs_s__rosidl_typesupport_fastrtps_c.cpython-310-x86_64-linux-gnu.so
[20.665s] -- Symlinking: /home/ytxu/cr_dvrk_ws/install/cisst_msgs/local/lib/python3.10/dist-packages/cisst_msgs/cisst_msgs_s__rosidl_typesupport_introspection_c.cpython-310-x86_64-linux-gnu.so
[20.698s] -- Symlinking: /home/ytxu/cr_dvrk_ws/install/cisst_msgs/local/lib/python3.10/dist-packages/cisst_msgs/libcisst_msgs__rosidl_generator_py.so
[20.719s] -- Symlinking: /home/ytxu/cr_dvrk_ws/install/cisst_msgs/local/lib/python3.10/dist-packages/cisst_msgs/msg/__init__.py
[20.748s] -- Symlinking: /home/ytxu/cr_dvrk_ws/install/cisst_msgs/local/lib/python3.10/dist-packages/cisst_msgs/msg/_bool_stamped.py
[20.770s] -- Symlinking: /home/ytxu/cr_dvrk_ws/install/cisst_msgs/local/lib/python3.10/dist-packages/cisst_msgs/msg/_bool_stamped_s.c
[20.799s] -- Symlinking: /home/ytxu/cr_dvrk_ws/install/cisst_msgs/local/lib/python3.10/dist-packages/cisst_msgs/msg/_double_vec.py
[20.831s] -- Symlinking: /home/ytxu/cr_dvrk_ws/install/cisst_msgs/local/lib/python3.10/dist-packages/cisst_msgs/msg/_double_vec_s.c
[20.858s] -- Symlinking: /home/ytxu/cr_dvrk_ws/install/cisst_msgs/local/lib/python3.10/dist-packages/cisst_msgs/msg/_interval_statistics.py
[20.893s] -- Symlinking: /home/ytxu/cr_dvrk_ws/install/cisst_msgs/local/lib/python3.10/dist-packages/cisst_msgs/msg/_interval_statistics_s.c
[20.918s] -- Symlinking: /home/ytxu/cr_dvrk_ws/install/cisst_msgs/local/lib/python3.10/dist-packages/cisst_msgs/srv/__init__.py
[20.943s] -- Symlinking: /home/ytxu/cr_dvrk_ws/install/cisst_msgs/local/lib/python3.10/dist-packages/cisst_msgs/srv/_convert_float64_array.py
[20.963s] -- Symlinking: /home/ytxu/cr_dvrk_ws/install/cisst_msgs/local/lib/python3.10/dist-packages/cisst_msgs/srv/_convert_float64_array_s.c
[20.983s] -- Up-to-date symlink: /home/ytxu/cr_dvrk_ws/install/cisst_msgs/local/lib/python3.10/dist-packages/cisst_msgs/cisst_msgs_s__rosidl_typesupport_fastrtps_c.cpython-310-x86_64-linux-gnu.so
[20.983s] -- Up-to-date symlink: /home/ytxu/cr_dvrk_ws/install/cisst_msgs/local/lib/python3.10/dist-packages/cisst_msgs/cisst_msgs_s__rosidl_typesupport_introspection_c.cpython-310-x86_64-linux-gnu.so
[20.984s] -- Up-to-date symlink: /home/ytxu/cr_dvrk_ws/install/cisst_msgs/local/lib/python3.10/dist-packages/cisst_msgs/cisst_msgs_s__rosidl_typesupport_c.cpython-310-x86_64-linux-gnu.so
[20.985s] -- Symlinking: /home/ytxu/cr_dvrk_ws/install/cisst_msgs/share/cisst_msgs/msg/DoubleVec.idl
[21.014s] -- Symlinking: /home/ytxu/cr_dvrk_ws/install/cisst_msgs/share/cisst_msgs/msg/IntervalStatistics.idl
[21.031s] -- Symlinking: /home/ytxu/cr_dvrk_ws/install/cisst_msgs/share/cisst_msgs/msg/BoolStamped.idl
[21.060s] -- Symlinking: /home/ytxu/cr_dvrk_ws/install/cisst_msgs/share/cisst_msgs/srv/ConvertFloat64Array.idl
[21.092s] -- Symlinking: /home/ytxu/cr_dvrk_ws/install/cisst_msgs/share/cisst_msgs/msg/DoubleVec.msg
[21.115s] -- Symlinking: /home/ytxu/cr_dvrk_ws/install/cisst_msgs/share/cisst_msgs/msg/IntervalStatistics.msg
[21.146s] -- Symlinking: /home/ytxu/cr_dvrk_ws/install/cisst_msgs/share/cisst_msgs/msg/BoolStamped.msg
[21.157s] -- Symlinking: /home/ytxu/cr_dvrk_ws/install/cisst_msgs/share/cisst_msgs/srv/ConvertFloat64Array.srv
[21.184s] -- Symlinking: /home/ytxu/cr_dvrk_ws/install/cisst_msgs/share/cisst_msgs/srv/ConvertFloat64Array_Request.msg
[21.200s] -- Symlinking: /home/ytxu/cr_dvrk_ws/install/cisst_msgs/share/cisst_msgs/srv/ConvertFloat64Array_Response.msg
[21.225s] -- Symlinking: /home/ytxu/cr_dvrk_ws/install/cisst_msgs/share/ament_index/resource_index/package_run_dependencies/cisst_msgs
[21.247s] -- Symlinking: /home/ytxu/cr_dvrk_ws/install/cisst_msgs/share/ament_index/resource_index/parent_prefix_path/cisst_msgs
[21.274s] -- Symlinking: /home/ytxu/cr_dvrk_ws/install/cisst_msgs/share/cisst_msgs/environment/ament_prefix_path.sh
[21.280s] -- Symlinking: /home/ytxu/cr_dvrk_ws/install/cisst_msgs/share/cisst_msgs/environment/ament_prefix_path.dsv
[21.302s] -- Symlinking: /home/ytxu/cr_dvrk_ws/install/cisst_msgs/share/cisst_msgs/environment/path.sh
[21.319s] -- Symlinking: /home/ytxu/cr_dvrk_ws/install/cisst_msgs/share/cisst_msgs/environment/path.dsv
[21.346s] -- Symlinking: /home/ytxu/cr_dvrk_ws/install/cisst_msgs/share/cisst_msgs/local_setup.bash
[21.373s] -- Symlinking: /home/ytxu/cr_dvrk_ws/install/cisst_msgs/share/cisst_msgs/local_setup.sh
[21.410s] -- Symlinking: /home/ytxu/cr_dvrk_ws/install/cisst_msgs/share/cisst_msgs/local_setup.zsh
[21.426s] -- Symlinking: /home/ytxu/cr_dvrk_ws/install/cisst_msgs/share/cisst_msgs/local_setup.dsv
[21.451s] -- Symlinking: /home/ytxu/cr_dvrk_ws/install/cisst_msgs/share/cisst_msgs/package.dsv
[21.467s] -- Symlinking: /home/ytxu/cr_dvrk_ws/install/cisst_msgs/share/ament_index/resource_index/packages/cisst_msgs
[21.492s] -- Symlinking: /home/ytxu/cr_dvrk_ws/install/cisst_msgs/share/cisst_msgs/cmake/rosidl_cmake-extras.cmake
[21.514s] -- Symlinking: /home/ytxu/cr_dvrk_ws/install/cisst_msgs/share/cisst_msgs/cmake/ament_cmake_export_dependencies-extras.cmake
[21.539s] -- Symlinking: /home/ytxu/cr_dvrk_ws/install/cisst_msgs/share/cisst_msgs/cmake/ament_cmake_export_include_directories-extras.cmake
[21.573s] -- Symlinking: /home/ytxu/cr_dvrk_ws/install/cisst_msgs/share/cisst_msgs/cmake/ament_cmake_export_libraries-extras.cmake
[21.588s] -- Symlinking: /home/ytxu/cr_dvrk_ws/install/cisst_msgs/share/cisst_msgs/cmake/ament_cmake_export_targets-extras.cmake
[21.603s] -- Symlinking: /home/ytxu/cr_dvrk_ws/install/cisst_msgs/share/cisst_msgs/cmake/rosidl_cmake_export_typesupport_targets-extras.cmake
[21.632s] -- Symlinking: /home/ytxu/cr_dvrk_ws/install/cisst_msgs/share/cisst_msgs/cmake/rosidl_cmake_export_typesupport_libraries-extras.cmake
[21.663s] -- Symlinking: /home/ytxu/cr_dvrk_ws/install/cisst_msgs/share/cisst_msgs/cmake/cisst_msgsConfig.cmake
[21.691s] -- Symlinking: /home/ytxu/cr_dvrk_ws/install/cisst_msgs/share/cisst_msgs/cmake/cisst_msgsConfig-version.cmake
[21.719s] -- Symlinking: /home/ytxu/cr_dvrk_ws/install/cisst_msgs/share/cisst_msgs/package.xml
[21.749s] -- Installing: /home/ytxu/cr_dvrk_ws/install/cisst_msgs/lib/libcisst_msgs__rosidl_generator_c.so
[21.749s] -- Set runtime path of "/home/ytxu/cr_dvrk_ws/install/cisst_msgs/lib/libcisst_msgs__rosidl_generator_c.so" to ""
[21.749s] -- Installing: /home/ytxu/cr_dvrk_ws/install/cisst_msgs/lib/libcisst_msgs__rosidl_typesupport_fastrtps_c.so
[21.749s] -- Set runtime path of "/home/ytxu/cr_dvrk_ws/install/cisst_msgs/lib/libcisst_msgs__rosidl_typesupport_fastrtps_c.so" to ""
[21.749s] -- Installing: /home/ytxu/cr_dvrk_ws/install/cisst_msgs/lib/libcisst_msgs__rosidl_typesupport_fastrtps_cpp.so
[21.750s] -- Set runtime path of "/home/ytxu/cr_dvrk_ws/install/cisst_msgs/lib/libcisst_msgs__rosidl_typesupport_fastrtps_cpp.so" to ""
[21.750s] -- Installing: /home/ytxu/cr_dvrk_ws/install/cisst_msgs/lib/libcisst_msgs__rosidl_typesupport_introspection_c.so
[21.766s] -- Set runtime path of "/home/ytxu/cr_dvrk_ws/install/cisst_msgs/lib/libcisst_msgs__rosidl_typesupport_introspection_c.so" to ""
[21.766s] -- Installing: /home/ytxu/cr_dvrk_ws/install/cisst_msgs/lib/libcisst_msgs__rosidl_typesupport_c.so
[21.766s] -- Set runtime path of "/home/ytxu/cr_dvrk_ws/install/cisst_msgs/lib/libcisst_msgs__rosidl_typesupport_c.so" to ""
[21.766s] -- Installing: /home/ytxu/cr_dvrk_ws/install/cisst_msgs/lib/libcisst_msgs__rosidl_typesupport_introspection_cpp.so
[21.766s] -- Set runtime path of "/home/ytxu/cr_dvrk_ws/install/cisst_msgs/lib/libcisst_msgs__rosidl_typesupport_introspection_cpp.so" to ""
[21.766s] -- Installing: /home/ytxu/cr_dvrk_ws/install/cisst_msgs/lib/libcisst_msgs__rosidl_typesupport_cpp.so
[21.766s] -- Set runtime path of "/home/ytxu/cr_dvrk_ws/install/cisst_msgs/lib/libcisst_msgs__rosidl_typesupport_cpp.so" to ""
[21.877s] Listing '/home/ytxu/cr_dvrk_ws/install/cisst_msgs/local/lib/python3.10/dist-packages/cisst_msgs'...
[21.877s] Compiling '/home/ytxu/cr_dvrk_ws/install/cisst_msgs/local/lib/python3.10/dist-packages/cisst_msgs/__init__.py'...
[21.878s] Listing '/home/ytxu/cr_dvrk_ws/install/cisst_msgs/local/lib/python3.10/dist-packages/cisst_msgs/msg'...
[21.878s] Compiling '/home/ytxu/cr_dvrk_ws/install/cisst_msgs/local/lib/python3.10/dist-packages/cisst_msgs/msg/__init__.py'...
[21.878s] Compiling '/home/ytxu/cr_dvrk_ws/install/cisst_msgs/local/lib/python3.10/dist-packages/cisst_msgs/msg/_bool_stamped.py'...
[21.879s] Compiling '/home/ytxu/cr_dvrk_ws/install/cisst_msgs/local/lib/python3.10/dist-packages/cisst_msgs/msg/_double_vec.py'...
[21.879s] Compiling '/home/ytxu/cr_dvrk_ws/install/cisst_msgs/local/lib/python3.10/dist-packages/cisst_msgs/msg/_interval_statistics.py'...
[21.879s] Listing '/home/ytxu/cr_dvrk_ws/install/cisst_msgs/local/lib/python3.10/dist-packages/cisst_msgs/srv'...
[21.879s] Compiling '/home/ytxu/cr_dvrk_ws/install/cisst_msgs/local/lib/python3.10/dist-packages/cisst_msgs/srv/__init__.py'...
[21.879s] Compiling '/home/ytxu/cr_dvrk_ws/install/cisst_msgs/local/lib/python3.10/dist-packages/cisst_msgs/srv/_convert_float64_array.py'...
[21.886s] -- Installing: /home/ytxu/cr_dvrk_ws/install/cisst_msgs/lib/libcisst_msgs__rosidl_generator_py.so
[21.887s] -- Set runtime path of "/home/ytxu/cr_dvrk_ws/install/cisst_msgs/lib/libcisst_msgs__rosidl_generator_py.so" to ""
[21.888s] -- Installing: /home/ytxu/cr_dvrk_ws/install/cisst_msgs/share/cisst_msgs/cmake/export_cisst_msgs__rosidl_generator_cExport.cmake
[21.888s] -- Installing: /home/ytxu/cr_dvrk_ws/install/cisst_msgs/share/cisst_msgs/cmake/export_cisst_msgs__rosidl_generator_cExport-release.cmake
[21.889s] -- Installing: /home/ytxu/cr_dvrk_ws/install/cisst_msgs/share/cisst_msgs/cmake/export_cisst_msgs__rosidl_typesupport_fastrtps_cExport.cmake
[21.891s] -- Installing: /home/ytxu/cr_dvrk_ws/install/cisst_msgs/share/cisst_msgs/cmake/export_cisst_msgs__rosidl_typesupport_fastrtps_cExport-release.cmake
[21.891s] -- Installing: /home/ytxu/cr_dvrk_ws/install/cisst_msgs/share/cisst_msgs/cmake/export_cisst_msgs__rosidl_generator_cppExport.cmake
[21.891s] -- Installing: /home/ytxu/cr_dvrk_ws/install/cisst_msgs/share/cisst_msgs/cmake/export_cisst_msgs__rosidl_typesupport_fastrtps_cppExport.cmake
[21.892s] -- Installing: /home/ytxu/cr_dvrk_ws/install/cisst_msgs/share/cisst_msgs/cmake/export_cisst_msgs__rosidl_typesupport_fastrtps_cppExport-release.cmake
[21.892s] -- Installing: /home/ytxu/cr_dvrk_ws/install/cisst_msgs/share/cisst_msgs/cmake/cisst_msgs__rosidl_typesupport_introspection_cExport.cmake
[21.893s] -- Installing: /home/ytxu/cr_dvrk_ws/install/cisst_msgs/share/cisst_msgs/cmake/cisst_msgs__rosidl_typesupport_introspection_cExport-release.cmake
[21.893s] -- Installing: /home/ytxu/cr_dvrk_ws/install/cisst_msgs/share/cisst_msgs/cmake/cisst_msgs__rosidl_typesupport_cExport.cmake
[21.894s] -- Installing: /home/ytxu/cr_dvrk_ws/install/cisst_msgs/share/cisst_msgs/cmake/cisst_msgs__rosidl_typesupport_cExport-release.cmake
[21.894s] -- Installing: /home/ytxu/cr_dvrk_ws/install/cisst_msgs/share/cisst_msgs/cmake/cisst_msgs__rosidl_typesupport_introspection_cppExport.cmake
[21.894s] -- Installing: /home/ytxu/cr_dvrk_ws/install/cisst_msgs/share/cisst_msgs/cmake/cisst_msgs__rosidl_typesupport_introspection_cppExport-release.cmake
[21.895s] -- Installing: /home/ytxu/cr_dvrk_ws/install/cisst_msgs/share/cisst_msgs/cmake/cisst_msgs__rosidl_typesupport_cppExport.cmake
[21.895s] -- Installing: /home/ytxu/cr_dvrk_ws/install/cisst_msgs/share/cisst_msgs/cmake/cisst_msgs__rosidl_typesupport_cppExport-release.cmake
[21.896s] -- Installing: /home/ytxu/cr_dvrk_ws/install/cisst_msgs/share/cisst_msgs/cmake/export_cisst_msgs__rosidl_generator_pyExport.cmake
[21.896s] -- Installing: /home/ytxu/cr_dvrk_ws/install/cisst_msgs/share/cisst_msgs/cmake/export_cisst_msgs__rosidl_generator_pyExport-release.cmake
[21.902s] Invoked command in '/home/ytxu/cr_dvrk_ws/build/cisst_msgs' returned '0': CMAKE_PREFIX_PATH=/home/ytxu/cr-dvrk-rviz/install/test_scripts:/home/ytxu/cr-dvrk-rviz/install/teleop_cr_psm:/home/ytxu/cr-dvrk-rviz/install/cr_dvrk_kinematics:/home/ytxu/ctr_tr_model/install/pub_ctr_kinematics:/opt/ros/humble /usr/bin/cmake --install /home/ytxu/cr_dvrk_ws/build/cisst_msgs
