[1.800s] Invoking command in '/home/ytxu/cr_dvrk_ws/build/task_space_ctrl': PYTHONPATH=/home/ytxu/cr_dvrk_ws/build/task_space_ctrl/prefix_override:/usr/lib/python3/dist-packages/colcon_core/task/python/colcon_distutils_commands:/home/ytxu/cr_dvrk_ws/install/task_space_ctrl/lib/python3.10/site-packages:${PYTHONPATH} /usr/bin/python3 -W ignore:setup.py install is deprecated -W ignore:easy_install command is deprecated setup.py develop --editable --build-directory /home/ytxu/cr_dvrk_ws/build/task_space_ctrl/build --no-deps symlink_data
[2.138s] running develop
[2.366s] running egg_info
[2.366s] creating task_space_ctrl.egg-info
[2.367s] writing task_space_ctrl.egg-info/PKG-INFO
[2.368s] writing dependency_links to task_space_ctrl.egg-info/dependency_links.txt
[2.368s] writing entry points to task_space_ctrl.egg-info/entry_points.txt
[2.368s] writing requirements to task_space_ctrl.egg-info/requires.txt
[2.368s] writing top-level names to task_space_ctrl.egg-info/top_level.txt
[2.368s] writing manifest file 'task_space_ctrl.egg-info/SOURCES.txt'
[2.370s] reading manifest file 'task_space_ctrl.egg-info/SOURCES.txt'
[2.371s] writing manifest file 'task_space_ctrl.egg-info/SOURCES.txt'
[2.374s] running build_ext
[2.374s] Creating /home/ytxu/cr_dvrk_ws/install/task_space_ctrl/lib/python3.10/site-packages/task-space-ctrl.egg-link (link to .)
[2.376s] 
[2.376s] Installed /home/ytxu/cr_dvrk_ws/build/task_space_ctrl
[2.376s] running symlink_data
[2.376s] creating /home/ytxu/cr_dvrk_ws/install/task_space_ctrl/share/ament_index
[2.377s] creating /home/ytxu/cr_dvrk_ws/install/task_space_ctrl/share/ament_index/resource_index
[2.377s] creating /home/ytxu/cr_dvrk_ws/install/task_space_ctrl/share/ament_index/resource_index/packages
[2.378s] symbolically linking /home/ytxu/cr_dvrk_ws/build/task_space_ctrl/resource/task_space_ctrl -> /home/ytxu/cr_dvrk_ws/install/task_space_ctrl/share/ament_index/resource_index/packages
[2.378s] symbolically linking /home/ytxu/cr_dvrk_ws/build/task_space_ctrl/package.xml -> /home/ytxu/cr_dvrk_ws/install/task_space_ctrl/share/task_space_ctrl
[2.461s] Invoked command in '/home/ytxu/cr_dvrk_ws/build/task_space_ctrl' returned '0': PYTHONPATH=/home/ytxu/cr_dvrk_ws/build/task_space_ctrl/prefix_override:/usr/lib/python3/dist-packages/colcon_core/task/python/colcon_distutils_commands:/home/ytxu/cr_dvrk_ws/install/task_space_ctrl/lib/python3.10/site-packages:${PYTHONPATH} /usr/bin/python3 -W ignore:setup.py install is deprecated -W ignore:easy_install command is deprecated setup.py develop --editable --build-directory /home/ytxu/cr_dvrk_ws/build/task_space_ctrl/build --no-deps symlink_data
