[0.227s] Invoking command in '/home/ytxu/cr_dvrk_ws/build/robot_io': AMENT_PREFIX_PATH=/home/ytxu/cr_dvrk_ws/install/cisst_ros_crtk:/home/ytxu/cr_dvrk_ws/install/cisst_ros_bridge:/home/ytxu/cr_dvrk_ws/install/crtk_msgs:/home/ytxu/cr_dvrk_ws/install/cisst_msgs:${AMENT_PREFIX_PATH} CISST_ROOT=/home/ytxu/cr_dvrk_ws/install/cisst CMAKE_PREFIX_PATH=/home/ytxu/cr_dvrk_ws/install/cisst_ros_crtk:/home/ytxu/cr_dvrk_ws/install/sawRobotIO1394Core:/home/ytxu/cr_dvrk_ws/install/cisst_ros_bridge:/home/ytxu/cr-dvrk-rviz/install/test_scripts:/home/ytxu/cr-dvrk-rviz/install/teleop_cr_psm:/home/ytxu/cr-dvrk-rviz/install/cr_dvrk_kinematics:/home/ytxu/ctr_tr_model/install/pub_ctr_kinematics:/opt/ros/humble:/home/ytxu/cr_dvrk_ws/install/cisst:/home/ytxu/cr_dvrk_ws/install/crtk_msgs:/home/ytxu/cr_dvrk_ws/install/cisst_msgs:/home/ytxu/cr_dvrk_ws/install/cisstNetlib LD_LIBRARY_PATH=/home/ytxu/cr_dvrk_ws/install/cisst_ros_crtk/lib:/home/ytxu/cr_dvrk_ws/install/sawRobotIO1394Core/lib:/home/ytxu/cr_dvrk_ws/install/cisst_ros_bridge/lib:/home/ytxu/cr_dvrk_ws/install/cisst/lib:/home/ytxu/cr_dvrk_ws/install/cisst/lib:/home/ytxu/cr_dvrk_ws/install/crtk_msgs/lib:/home/ytxu/cr_dvrk_ws/install/cisst_msgs/lib:${LD_LIBRARY_PATH} PATH=/home/ytxu/cr_dvrk_ws/install/sawRobotIO1394Core/bin:/home/ytxu/cr_dvrk_ws/install/cisst/bin:/home/ytxu/cr_dvrk_ws/install/cisst/bin:${PATH} PKG_CONFIG_PATH=/home/ytxu/cr_dvrk_ws/install/cisst/lib/x86_64-linux-gnu/pkgconfig:/home/ytxu/cr_dvrk_ws/install/cisst/lib/pkgconfig:/home/ytxu/cr_dvrk_ws/install/cisstNetlib/lib/x86_64-linux-gnu/pkgconfig:/home/ytxu/cr_dvrk_ws/install/cisstNetlib/lib/pkgconfig PYTHONPATH=/home/ytxu/cr_dvrk_ws/install/cisst/lib:/home/ytxu/cr_dvrk_ws/install/crtk_msgs/local/lib/python3.10/dist-packages:/home/ytxu/cr_dvrk_ws/install/cisst_msgs/local/lib/python3.10/dist-packages:${PYTHONPATH} ROS_PACKAGE_PATH=/home/ytxu/cr_dvrk_ws/install/cisst/share /usr/bin/cmake /home/ytxu/cr_dvrk_ws/src/cisst-saw/sawRobotIO1394/ros -DCMAKE_BUILD_TYPE=Release -DAMENT_CMAKE_SYMLINK_INSTALL=1 -DCMAKE_INSTALL_PREFIX=/home/ytxu/cr_dvrk_ws/install/robot_io
[0.303s] -- The C compiler identification is GNU 11.4.0
[0.457s] -- The CXX compiler identification is GNU 11.4.0
[0.600s] -- Detecting C compiler ABI info
[0.727s] -- Detecting C compiler ABI info - done
[0.736s] -- Check for working C compiler: /usr/bin/cc - skipped
[0.736s] -- Detecting C compile features
[0.737s] -- Detecting C compile features - done
[0.740s] -- Detecting CXX compiler ABI info
[0.861s] -- Detecting CXX compiler ABI info - done
[0.867s] -- Check for working CXX compiler: /usr/bin/c++ - skipped
[0.868s] -- Detecting CXX compile features
[0.868s] -- Detecting CXX compile features - done
[1.512s] -- Found Python3: /usr/bin/python3 (found version "3.10.12") found components: Interpreter 
[1.576s] -- Override CMake install command with custom implementation using symlinks instead of copying resources
[1.606s] -- Found rclcpp: 16.0.14 (/opt/ros/humble/share/rclcpp/cmake)
[1.705s] -- Found rosidl_generator_c: 3.1.7 (/opt/ros/humble/share/rosidl_generator_c/cmake)
[1.714s] -- Found rosidl_adapter: 3.1.7 (/opt/ros/humble/share/rosidl_adapter/cmake)
[1.722s] -- Found rosidl_generator_cpp: 3.1.7 (/opt/ros/humble/share/rosidl_generator_cpp/cmake)
[1.736s] -- Using all available rosidl_typesupport_c: rosidl_typesupport_fastrtps_c;rosidl_typesupport_introspection_c
[1.756s] -- Using all available rosidl_typesupport_cpp: rosidl_typesupport_fastrtps_cpp;rosidl_typesupport_introspection_cpp
[1.811s] -- Found rmw_implementation_cmake: 6.1.2 (/opt/ros/humble/share/rmw_implementation_cmake/cmake)
[1.814s] -- Found rmw_fastrtps_cpp: 6.2.8 (/opt/ros/humble/share/rmw_fastrtps_cpp/cmake)
[2.367s] -- Found OpenSSL: /usr/lib/x86_64-linux-gnu/libcrypto.so (found version "3.0.2")  
[2.934s] -- Found FastRTPS: /opt/ros/humble/include  
[3.952s] -- Using RMW implementation 'rmw_fastrtps_cpp' as default
[3.962s] -- Looking for pthread.h
[4.059s] -- Looking for pthread.h - found
[4.060s] -- Performing Test CMAKE_HAVE_LIBC_PTHREAD
[4.152s] -- Performing Test CMAKE_HAVE_LIBC_PTHREAD - Success
[4.153s] -- Found Threads: TRUE  
[4.203s] -- Found std_srvs: 4.9.0 (/opt/ros/humble/share/std_srvs/cmake)
[4.212s] -- Found geometry_msgs: 4.9.0 (/opt/ros/humble/share/geometry_msgs/cmake)
[4.226s] -- Found sensor_msgs: 4.9.0 (/opt/ros/humble/share/sensor_msgs/cmake)
[4.245s] -- Found diagnostic_msgs: 4.9.0 (/opt/ros/humble/share/diagnostic_msgs/cmake)
[4.258s] -- Found tf2_ros: 0.25.16 (/opt/ros/humble/share/tf2_ros/cmake)
[4.355s] -- Found cisst_msgs: 3.0.0 (/home/ytxu/cr_dvrk_ws/install/cisst_msgs/share/cisst_msgs/cmake)
[4.370s] -- Found crtk_msgs: 1.2.0 (/home/ytxu/cr_dvrk_ws/install/crtk_msgs/share/crtk_msgs/cmake)
[4.384s] -- Found cisst_ros_bridge: 3.0.0 (/home/ytxu/cr_dvrk_ws/install/cisst_ros_bridge/share/cisst_ros_bridge/cmake)
[4.385s] -- Found cisst_ros_crtk: 3.0.0 (/home/ytxu/cr_dvrk_ws/install/cisst_ros_crtk/share/cisst_ros_crtk/cmake)
[4.388s] -- Information: cisst has been found in "/home/ytxu/cr_dvrk_ws/install/cisst/", headers are in "/home/ytxu/cr_dvrk_ws/install/cisst//include"
[4.409s] -- Performing Test CXX_SUPPORTS_WEXTRA
[4.514s] -- Performing Test CXX_SUPPORTS_WEXTRA - Success
[4.515s] -- Performing Test CXX_SUPPORTS_WALL
[4.628s] -- Performing Test CXX_SUPPORTS_WALL - Success
[4.690s] -- Assuming cisst is built using ROS/catkin since ROS_ROOT is defined in environment
[4.690s] -- CATKIN_DEVEL_PREFIX is not defined so assuming this is NOT a ROS/catkin build after all
[4.690s] -- Assuming cisst is built using ROS2/colcon since ROS_VERSION is 2
[4.781s] -- Configuring done
[4.810s] -- Generating done
[4.820s] -- Build files have been written to: /home/ytxu/cr_dvrk_ws/build/robot_io
[4.835s] Invoked command in '/home/ytxu/cr_dvrk_ws/build/robot_io' returned '0': AMENT_PREFIX_PATH=/home/ytxu/cr_dvrk_ws/install/cisst_ros_crtk:/home/ytxu/cr_dvrk_ws/install/cisst_ros_bridge:/home/ytxu/cr_dvrk_ws/install/crtk_msgs:/home/ytxu/cr_dvrk_ws/install/cisst_msgs:${AMENT_PREFIX_PATH} CISST_ROOT=/home/ytxu/cr_dvrk_ws/install/cisst CMAKE_PREFIX_PATH=/home/ytxu/cr_dvrk_ws/install/cisst_ros_crtk:/home/ytxu/cr_dvrk_ws/install/sawRobotIO1394Core:/home/ytxu/cr_dvrk_ws/install/cisst_ros_bridge:/home/ytxu/cr-dvrk-rviz/install/test_scripts:/home/ytxu/cr-dvrk-rviz/install/teleop_cr_psm:/home/ytxu/cr-dvrk-rviz/install/cr_dvrk_kinematics:/home/ytxu/ctr_tr_model/install/pub_ctr_kinematics:/opt/ros/humble:/home/ytxu/cr_dvrk_ws/install/cisst:/home/ytxu/cr_dvrk_ws/install/crtk_msgs:/home/ytxu/cr_dvrk_ws/install/cisst_msgs:/home/ytxu/cr_dvrk_ws/install/cisstNetlib LD_LIBRARY_PATH=/home/ytxu/cr_dvrk_ws/install/cisst_ros_crtk/lib:/home/ytxu/cr_dvrk_ws/install/sawRobotIO1394Core/lib:/home/ytxu/cr_dvrk_ws/install/cisst_ros_bridge/lib:/home/ytxu/cr_dvrk_ws/install/cisst/lib:/home/ytxu/cr_dvrk_ws/install/cisst/lib:/home/ytxu/cr_dvrk_ws/install/crtk_msgs/lib:/home/ytxu/cr_dvrk_ws/install/cisst_msgs/lib:${LD_LIBRARY_PATH} PATH=/home/ytxu/cr_dvrk_ws/install/sawRobotIO1394Core/bin:/home/ytxu/cr_dvrk_ws/install/cisst/bin:/home/ytxu/cr_dvrk_ws/install/cisst/bin:${PATH} PKG_CONFIG_PATH=/home/ytxu/cr_dvrk_ws/install/cisst/lib/x86_64-linux-gnu/pkgconfig:/home/ytxu/cr_dvrk_ws/install/cisst/lib/pkgconfig:/home/ytxu/cr_dvrk_ws/install/cisstNetlib/lib/x86_64-linux-gnu/pkgconfig:/home/ytxu/cr_dvrk_ws/install/cisstNetlib/lib/pkgconfig PYTHONPATH=/home/ytxu/cr_dvrk_ws/install/cisst/lib:/home/ytxu/cr_dvrk_ws/install/crtk_msgs/local/lib/python3.10/dist-packages:/home/ytxu/cr_dvrk_ws/install/cisst_msgs/local/lib/python3.10/dist-packages:${PYTHONPATH} ROS_PACKAGE_PATH=/home/ytxu/cr_dvrk_ws/install/cisst/share /usr/bin/cmake /home/ytxu/cr_dvrk_ws/src/cisst-saw/sawRobotIO1394/ros -DCMAKE_BUILD_TYPE=Release -DAMENT_CMAKE_SYMLINK_INSTALL=1 -DCMAKE_INSTALL_PREFIX=/home/ytxu/cr_dvrk_ws/install/robot_io
[4.836s] Invoking command in '/home/ytxu/cr_dvrk_ws/build/robot_io': AMENT_PREFIX_PATH=/home/ytxu/cr_dvrk_ws/install/cisst_ros_crtk:/home/ytxu/cr_dvrk_ws/install/cisst_ros_bridge:/home/ytxu/cr_dvrk_ws/install/crtk_msgs:/home/ytxu/cr_dvrk_ws/install/cisst_msgs:${AMENT_PREFIX_PATH} CISST_ROOT=/home/ytxu/cr_dvrk_ws/install/cisst CMAKE_PREFIX_PATH=/home/ytxu/cr_dvrk_ws/install/cisst_ros_crtk:/home/ytxu/cr_dvrk_ws/install/sawRobotIO1394Core:/home/ytxu/cr_dvrk_ws/install/cisst_ros_bridge:/home/ytxu/cr-dvrk-rviz/install/test_scripts:/home/ytxu/cr-dvrk-rviz/install/teleop_cr_psm:/home/ytxu/cr-dvrk-rviz/install/cr_dvrk_kinematics:/home/ytxu/ctr_tr_model/install/pub_ctr_kinematics:/opt/ros/humble:/home/ytxu/cr_dvrk_ws/install/cisst:/home/ytxu/cr_dvrk_ws/install/crtk_msgs:/home/ytxu/cr_dvrk_ws/install/cisst_msgs:/home/ytxu/cr_dvrk_ws/install/cisstNetlib LD_LIBRARY_PATH=/home/ytxu/cr_dvrk_ws/install/cisst_ros_crtk/lib:/home/ytxu/cr_dvrk_ws/install/sawRobotIO1394Core/lib:/home/ytxu/cr_dvrk_ws/install/cisst_ros_bridge/lib:/home/ytxu/cr_dvrk_ws/install/cisst/lib:/home/ytxu/cr_dvrk_ws/install/cisst/lib:/home/ytxu/cr_dvrk_ws/install/crtk_msgs/lib:/home/ytxu/cr_dvrk_ws/install/cisst_msgs/lib:${LD_LIBRARY_PATH} PATH=/home/ytxu/cr_dvrk_ws/install/sawRobotIO1394Core/bin:/home/ytxu/cr_dvrk_ws/install/cisst/bin:/home/ytxu/cr_dvrk_ws/install/cisst/bin:${PATH} PKG_CONFIG_PATH=/home/ytxu/cr_dvrk_ws/install/cisst/lib/x86_64-linux-gnu/pkgconfig:/home/ytxu/cr_dvrk_ws/install/cisst/lib/pkgconfig:/home/ytxu/cr_dvrk_ws/install/cisstNetlib/lib/x86_64-linux-gnu/pkgconfig:/home/ytxu/cr_dvrk_ws/install/cisstNetlib/lib/pkgconfig PYTHONPATH=/home/ytxu/cr_dvrk_ws/install/cisst/lib:/home/ytxu/cr_dvrk_ws/install/crtk_msgs/local/lib/python3.10/dist-packages:/home/ytxu/cr_dvrk_ws/install/cisst_msgs/local/lib/python3.10/dist-packages:${PYTHONPATH} ROS_PACKAGE_PATH=/home/ytxu/cr_dvrk_ws/install/cisst/share /usr/bin/cmake --build /home/ytxu/cr_dvrk_ws/build/robot_io -- -j12 -l12
[4.913s] [ 66%] [32mBuilding CXX object CMakeFiles/robot_io_console.dir/src/robot_io_console.cpp.o[0m
[4.913s] [ 66%] [32mBuilding CXX object CMakeFiles/robot_io_console.dir/src/mts_ros_crtk_robot_io_bridge.cpp.o[0m
[8.618s] [01m[K/home/ytxu/cr_dvrk_ws/src/cisst-saw/sawRobotIO1394/ros/src/mts_ros_crtk_robot_io_bridge.cpp:[m[K In member function ‘[01m[Kvoid mts_ros_crtk_robot_io_bridge::bridge_all()[m[K’:
[8.618s] [01m[K/home/ytxu/cr_dvrk_ws/src/cisst-saw/sawRobotIO1394/ros/src/mts_ros_crtk_robot_io_bridge.cpp:77:21:[m[K [01;35m[Kwarning: [m[Kloop variable ‘[01m[Krobot[m[K’ creates a copy from type ‘[01m[Kconst std::__cxx11::basic_string<char>[m[K’ [[01;35m[K]8;;https://gcc.gnu.org/onlinedocs/gcc/Warning-Options.html#index-Wrange-loop-construct-Wrange-loop-construct]8;;[m[K]
[8.618s]    77 |     for (const auto [01;35m[Krobot[m[K : robot_names) {
[8.618s]       |                     [01;35m[K^~~~~[m[K
[8.618s] [01m[K/home/ytxu/cr_dvrk_ws/src/cisst-saw/sawRobotIO1394/ros/src/mts_ros_crtk_robot_io_bridge.cpp:77:21:[m[K [01;36m[Knote: [m[Kuse reference type to prevent copying
[8.618s]    77 |     for (const auto [01;36m[Krobot[m[K : robot_names) {
[8.618s]       |                     [01;36m[K^~~~~[m[K
[8.619s]       |                     [32m[K&[m[K
[8.619s] [01m[K/home/ytxu/cr_dvrk_ws/src/cisst-saw/sawRobotIO1394/ros/src/mts_ros_crtk_robot_io_bridge.cpp:84:21:[m[K [01;35m[Kwarning: [m[Kloop variable ‘[01m[Kinput[m[K’ creates a copy from type ‘[01m[Kconst std::__cxx11::basic_string<char>[m[K’ [[01;35m[K]8;;https://gcc.gnu.org/onlinedocs/gcc/Warning-Options.html#index-Wrange-loop-construct-Wrange-loop-construct]8;;[m[K]
[8.619s]    84 |     for (const auto [01;35m[Kinput[m[K : input_names) {
[8.619s]       |                     [01;35m[K^~~~~[m[K
[8.619s] [01m[K/home/ytxu/cr_dvrk_ws/src/cisst-saw/sawRobotIO1394/ros/src/mts_ros_crtk_robot_io_bridge.cpp:84:21:[m[K [01;36m[Knote: [m[Kuse reference type to prevent copying
[8.619s]    84 |     for (const auto [01;36m[Kinput[m[K : input_names) {
[8.619s]       |                     [01;36m[K^~~~~[m[K
[8.619s]       |                     [32m[K&[m[K
[12.935s] [100%] [32m[1mLinking CXX executable /home/ytxu/cr_dvrk_ws/install/cisst/bin/robot_io_console[0m
[15.214s] [100%] Built target robot_io_console
[15.226s] Invoked command in '/home/ytxu/cr_dvrk_ws/build/robot_io' returned '0': AMENT_PREFIX_PATH=/home/ytxu/cr_dvrk_ws/install/cisst_ros_crtk:/home/ytxu/cr_dvrk_ws/install/cisst_ros_bridge:/home/ytxu/cr_dvrk_ws/install/crtk_msgs:/home/ytxu/cr_dvrk_ws/install/cisst_msgs:${AMENT_PREFIX_PATH} CISST_ROOT=/home/ytxu/cr_dvrk_ws/install/cisst CMAKE_PREFIX_PATH=/home/ytxu/cr_dvrk_ws/install/cisst_ros_crtk:/home/ytxu/cr_dvrk_ws/install/sawRobotIO1394Core:/home/ytxu/cr_dvrk_ws/install/cisst_ros_bridge:/home/ytxu/cr-dvrk-rviz/install/test_scripts:/home/ytxu/cr-dvrk-rviz/install/teleop_cr_psm:/home/ytxu/cr-dvrk-rviz/install/cr_dvrk_kinematics:/home/ytxu/ctr_tr_model/install/pub_ctr_kinematics:/opt/ros/humble:/home/ytxu/cr_dvrk_ws/install/cisst:/home/ytxu/cr_dvrk_ws/install/crtk_msgs:/home/ytxu/cr_dvrk_ws/install/cisst_msgs:/home/ytxu/cr_dvrk_ws/install/cisstNetlib LD_LIBRARY_PATH=/home/ytxu/cr_dvrk_ws/install/cisst_ros_crtk/lib:/home/ytxu/cr_dvrk_ws/install/sawRobotIO1394Core/lib:/home/ytxu/cr_dvrk_ws/install/cisst_ros_bridge/lib:/home/ytxu/cr_dvrk_ws/install/cisst/lib:/home/ytxu/cr_dvrk_ws/install/cisst/lib:/home/ytxu/cr_dvrk_ws/install/crtk_msgs/lib:/home/ytxu/cr_dvrk_ws/install/cisst_msgs/lib:${LD_LIBRARY_PATH} PATH=/home/ytxu/cr_dvrk_ws/install/sawRobotIO1394Core/bin:/home/ytxu/cr_dvrk_ws/install/cisst/bin:/home/ytxu/cr_dvrk_ws/install/cisst/bin:${PATH} PKG_CONFIG_PATH=/home/ytxu/cr_dvrk_ws/install/cisst/lib/x86_64-linux-gnu/pkgconfig:/home/ytxu/cr_dvrk_ws/install/cisst/lib/pkgconfig:/home/ytxu/cr_dvrk_ws/install/cisstNetlib/lib/x86_64-linux-gnu/pkgconfig:/home/ytxu/cr_dvrk_ws/install/cisstNetlib/lib/pkgconfig PYTHONPATH=/home/ytxu/cr_dvrk_ws/install/cisst/lib:/home/ytxu/cr_dvrk_ws/install/crtk_msgs/local/lib/python3.10/dist-packages:/home/ytxu/cr_dvrk_ws/install/cisst_msgs/local/lib/python3.10/dist-packages:${PYTHONPATH} ROS_PACKAGE_PATH=/home/ytxu/cr_dvrk_ws/install/cisst/share /usr/bin/cmake --build /home/ytxu/cr_dvrk_ws/build/robot_io -- -j12 -l12
[15.228s] Invoking command in '/home/ytxu/cr_dvrk_ws/build/robot_io': AMENT_PREFIX_PATH=/home/ytxu/cr_dvrk_ws/install/cisst_ros_crtk:/home/ytxu/cr_dvrk_ws/install/cisst_ros_bridge:/home/ytxu/cr_dvrk_ws/install/crtk_msgs:/home/ytxu/cr_dvrk_ws/install/cisst_msgs:${AMENT_PREFIX_PATH} CISST_ROOT=/home/ytxu/cr_dvrk_ws/install/cisst CMAKE_PREFIX_PATH=/home/ytxu/cr_dvrk_ws/install/cisst_ros_crtk:/home/ytxu/cr_dvrk_ws/install/sawRobotIO1394Core:/home/ytxu/cr_dvrk_ws/install/cisst_ros_bridge:/home/ytxu/cr-dvrk-rviz/install/test_scripts:/home/ytxu/cr-dvrk-rviz/install/teleop_cr_psm:/home/ytxu/cr-dvrk-rviz/install/cr_dvrk_kinematics:/home/ytxu/ctr_tr_model/install/pub_ctr_kinematics:/opt/ros/humble:/home/ytxu/cr_dvrk_ws/install/cisst:/home/ytxu/cr_dvrk_ws/install/crtk_msgs:/home/ytxu/cr_dvrk_ws/install/cisst_msgs:/home/ytxu/cr_dvrk_ws/install/cisstNetlib LD_LIBRARY_PATH=/home/ytxu/cr_dvrk_ws/install/cisst_ros_crtk/lib:/home/ytxu/cr_dvrk_ws/install/sawRobotIO1394Core/lib:/home/ytxu/cr_dvrk_ws/install/cisst_ros_bridge/lib:/home/ytxu/cr_dvrk_ws/install/cisst/lib:/home/ytxu/cr_dvrk_ws/install/cisst/lib:/home/ytxu/cr_dvrk_ws/install/crtk_msgs/lib:/home/ytxu/cr_dvrk_ws/install/cisst_msgs/lib:${LD_LIBRARY_PATH} PATH=/home/ytxu/cr_dvrk_ws/install/sawRobotIO1394Core/bin:/home/ytxu/cr_dvrk_ws/install/cisst/bin:/home/ytxu/cr_dvrk_ws/install/cisst/bin:${PATH} PKG_CONFIG_PATH=/home/ytxu/cr_dvrk_ws/install/cisst/lib/x86_64-linux-gnu/pkgconfig:/home/ytxu/cr_dvrk_ws/install/cisst/lib/pkgconfig:/home/ytxu/cr_dvrk_ws/install/cisstNetlib/lib/x86_64-linux-gnu/pkgconfig:/home/ytxu/cr_dvrk_ws/install/cisstNetlib/lib/pkgconfig PYTHONPATH=/home/ytxu/cr_dvrk_ws/install/cisst/lib:/home/ytxu/cr_dvrk_ws/install/crtk_msgs/local/lib/python3.10/dist-packages:/home/ytxu/cr_dvrk_ws/install/cisst_msgs/local/lib/python3.10/dist-packages:${PYTHONPATH} ROS_PACKAGE_PATH=/home/ytxu/cr_dvrk_ws/install/cisst/share /usr/bin/cmake --install /home/ytxu/cr_dvrk_ws/build/robot_io
[15.235s] -- Install configuration: "Release"
[15.235s] -- Execute custom install script
[15.236s] -- Symlinking: /home/ytxu/cr_dvrk_ws/install/robot_io/share/ament_index/resource_index/package_run_dependencies/robot_io
[15.246s] -- Symlinking: /home/ytxu/cr_dvrk_ws/install/robot_io/share/ament_index/resource_index/parent_prefix_path/robot_io
[15.257s] -- Symlinking: /home/ytxu/cr_dvrk_ws/install/robot_io/share/robot_io/environment/ament_prefix_path.sh
[15.266s] -- Symlinking: /home/ytxu/cr_dvrk_ws/install/robot_io/share/robot_io/environment/ament_prefix_path.dsv
[15.277s] -- Symlinking: /home/ytxu/cr_dvrk_ws/install/robot_io/share/robot_io/environment/path.sh
[15.286s] -- Symlinking: /home/ytxu/cr_dvrk_ws/install/robot_io/share/robot_io/environment/path.dsv
[15.296s] -- Symlinking: /home/ytxu/cr_dvrk_ws/install/robot_io/share/robot_io/local_setup.bash
[15.305s] -- Symlinking: /home/ytxu/cr_dvrk_ws/install/robot_io/share/robot_io/local_setup.sh
[15.315s] -- Symlinking: /home/ytxu/cr_dvrk_ws/install/robot_io/share/robot_io/local_setup.zsh
[15.325s] -- Symlinking: /home/ytxu/cr_dvrk_ws/install/robot_io/share/robot_io/local_setup.dsv
[15.334s] -- Symlinking: /home/ytxu/cr_dvrk_ws/install/robot_io/share/robot_io/package.dsv
[15.344s] -- Symlinking: /home/ytxu/cr_dvrk_ws/install/robot_io/share/ament_index/resource_index/packages/robot_io
[15.354s] -- Symlinking: /home/ytxu/cr_dvrk_ws/install/robot_io/share/robot_io/cmake/robot_ioConfig.cmake
[15.363s] -- Symlinking: /home/ytxu/cr_dvrk_ws/install/robot_io/share/robot_io/cmake/robot_ioConfig-version.cmake
[15.373s] -- Symlinking: /home/ytxu/cr_dvrk_ws/install/robot_io/share/robot_io/package.xml
[15.384s] -- Installing: /home/ytxu/cr_dvrk_ws/install/robot_io/lib/robot_io/robot_io_console
[15.385s] -- Set runtime path of "/home/ytxu/cr_dvrk_ws/install/robot_io/lib/robot_io/robot_io_console" to ""
[15.388s] Invoked command in '/home/ytxu/cr_dvrk_ws/build/robot_io' returned '0': AMENT_PREFIX_PATH=/home/ytxu/cr_dvrk_ws/install/cisst_ros_crtk:/home/ytxu/cr_dvrk_ws/install/cisst_ros_bridge:/home/ytxu/cr_dvrk_ws/install/crtk_msgs:/home/ytxu/cr_dvrk_ws/install/cisst_msgs:${AMENT_PREFIX_PATH} CISST_ROOT=/home/ytxu/cr_dvrk_ws/install/cisst CMAKE_PREFIX_PATH=/home/ytxu/cr_dvrk_ws/install/cisst_ros_crtk:/home/ytxu/cr_dvrk_ws/install/sawRobotIO1394Core:/home/ytxu/cr_dvrk_ws/install/cisst_ros_bridge:/home/ytxu/cr-dvrk-rviz/install/test_scripts:/home/ytxu/cr-dvrk-rviz/install/teleop_cr_psm:/home/ytxu/cr-dvrk-rviz/install/cr_dvrk_kinematics:/home/ytxu/ctr_tr_model/install/pub_ctr_kinematics:/opt/ros/humble:/home/ytxu/cr_dvrk_ws/install/cisst:/home/ytxu/cr_dvrk_ws/install/crtk_msgs:/home/ytxu/cr_dvrk_ws/install/cisst_msgs:/home/ytxu/cr_dvrk_ws/install/cisstNetlib LD_LIBRARY_PATH=/home/ytxu/cr_dvrk_ws/install/cisst_ros_crtk/lib:/home/ytxu/cr_dvrk_ws/install/sawRobotIO1394Core/lib:/home/ytxu/cr_dvrk_ws/install/cisst_ros_bridge/lib:/home/ytxu/cr_dvrk_ws/install/cisst/lib:/home/ytxu/cr_dvrk_ws/install/cisst/lib:/home/ytxu/cr_dvrk_ws/install/crtk_msgs/lib:/home/ytxu/cr_dvrk_ws/install/cisst_msgs/lib:${LD_LIBRARY_PATH} PATH=/home/ytxu/cr_dvrk_ws/install/sawRobotIO1394Core/bin:/home/ytxu/cr_dvrk_ws/install/cisst/bin:/home/ytxu/cr_dvrk_ws/install/cisst/bin:${PATH} PKG_CONFIG_PATH=/home/ytxu/cr_dvrk_ws/install/cisst/lib/x86_64-linux-gnu/pkgconfig:/home/ytxu/cr_dvrk_ws/install/cisst/lib/pkgconfig:/home/ytxu/cr_dvrk_ws/install/cisstNetlib/lib/x86_64-linux-gnu/pkgconfig:/home/ytxu/cr_dvrk_ws/install/cisstNetlib/lib/pkgconfig PYTHONPATH=/home/ytxu/cr_dvrk_ws/install/cisst/lib:/home/ytxu/cr_dvrk_ws/install/crtk_msgs/local/lib/python3.10/dist-packages:/home/ytxu/cr_dvrk_ws/install/cisst_msgs/local/lib/python3.10/dist-packages:${PYTHONPATH} ROS_PACKAGE_PATH=/home/ytxu/cr_dvrk_ws/install/cisst/share /usr/bin/cmake --install /home/ytxu/cr_dvrk_ws/build/robot_io
