[0.036s] Invoking command in '/home/ytxu/cr_dvrk_ws/build/dvrk_config': CMAKE_PREFIX_PATH=/home/ytxu/cr-dvrk-rviz/install/test_scripts:/home/ytxu/cr-dvrk-rviz/install/teleop_cr_psm:/home/ytxu/cr-dvrk-rviz/install/cr_dvrk_kinematics:/home/ytxu/ctr_tr_model/install/pub_ctr_kinematics:/opt/ros/humble /usr/bin/cmake --build /home/ytxu/cr_dvrk_ws/build/dvrk_config -- -j12 -l12
[0.102s] Invoked command in '/home/ytxu/cr_dvrk_ws/build/dvrk_config' returned '0': CMAKE_PREFIX_PATH=/home/ytxu/cr-dvrk-rviz/install/test_scripts:/home/ytxu/cr-dvrk-rviz/install/teleop_cr_psm:/home/ytxu/cr-dvrk-rviz/install/cr_dvrk_kinematics:/home/ytxu/ctr_tr_model/install/pub_ctr_kinematics:/opt/ros/humble /usr/bin/cmake --build /home/ytxu/cr_dvrk_ws/build/dvrk_config -- -j12 -l12
[0.114s] Invoking command in '/home/ytxu/cr_dvrk_ws/build/dvrk_config': CMAKE_PREFIX_PATH=/home/ytxu/cr-dvrk-rviz/install/test_scripts:/home/ytxu/cr-dvrk-rviz/install/teleop_cr_psm:/home/ytxu/cr-dvrk-rviz/install/cr_dvrk_kinematics:/home/ytxu/ctr_tr_model/install/pub_ctr_kinematics:/opt/ros/humble /usr/bin/cmake --install /home/ytxu/cr_dvrk_ws/build/dvrk_config
[0.123s] -- Install configuration: "Release"
[0.124s] -- Execute custom install script
[0.127s] -- Up-to-date symlink: /home/ytxu/cr_dvrk_ws/install/dvrk_config/share/dvrk_config/arm/ECM_KIN_SIMULATED_STRAIGHT.json
[0.128s] -- Up-to-date symlink: /home/ytxu/cr_dvrk_ws/install/dvrk_config/share/dvrk_config/arm/ECM_Si_KIN_SIMULATED_STRAIGHT.json
[0.129s] -- Up-to-date symlink: /home/ytxu/cr_dvrk_ws/install/dvrk_config/share/dvrk_config/arm/MTML_KIN_SIMULATED.json
[0.131s] -- Up-to-date symlink: /home/ytxu/cr_dvrk_ws/install/dvrk_config/share/dvrk_config/arm/MTMR_KIN_SIMULATED.json
[0.133s] -- Up-to-date symlink: /home/ytxu/cr_dvrk_ws/install/dvrk_config/share/dvrk_config/arm/PSM_KIN_SIMULATED_5MM_NEEDLE_DRIVER_400117.json
[0.133s] -- Up-to-date symlink: /home/ytxu/cr_dvrk_ws/install/dvrk_config/share/dvrk_config/arm/PSM_KIN_SIMULATED_LARGE_NEEDLE_DRIVER_400006.json
[0.134s] -- Up-to-date symlink: /home/ytxu/cr_dvrk_ws/install/dvrk_config/share/dvrk_config/arm/PSM_KIN_SIMULATED_MANUAL.json
[0.142s] -- Up-to-date symlink: /home/ytxu/cr_dvrk_ws/install/dvrk_config/share/dvrk_config/arm/PSM_Si_KIN_SIMULATED_LARGE_NEEDLE_DRIVER_420006.json
[0.142s] -- Up-to-date symlink: /home/ytxu/cr_dvrk_ws/install/dvrk_config/share/dvrk_config/arm/README.md
[0.142s] -- Up-to-date symlink: /home/ytxu/cr_dvrk_ws/install/dvrk_config/share/dvrk_config/arm/suj-fixed-simulated.json
[0.142s] -- Up-to-date symlink: /home/ytxu/cr_dvrk_ws/install/dvrk_config/share/dvrk_config/arm/suj-si-simulated.json
[0.142s] -- Up-to-date symlink: /home/ytxu/cr_dvrk_ws/install/dvrk_config/share/dvrk_config/arm/suj-simulated.json
[0.143s] -- Up-to-date symlink: /home/ytxu/cr_dvrk_ws/install/dvrk_config/share/dvrk_config/collection/collection-MTML-MTMR.json
[0.149s] -- Up-to-date symlink: /home/ytxu/cr_dvrk_ws/install/dvrk_config/share/dvrk_config/collection/collection-MTML-PSM1.json
[0.155s] -- Up-to-date symlink: /home/ytxu/cr_dvrk_ws/install/dvrk_config/share/dvrk_config/console/console-ECM_Classic_KIN_SIMULATED.json
[0.156s] -- Up-to-date symlink: /home/ytxu/cr_dvrk_ws/install/dvrk_config/share/dvrk_config/console/console-ECM_Si_KIN_SIMULATED.json
[0.157s] -- Up-to-date symlink: /home/ytxu/cr_dvrk_ws/install/dvrk_config/share/dvrk_config/console/console-MTML_Classic_KIN_SIMULATED.json
[0.158s] -- Up-to-date symlink: /home/ytxu/cr_dvrk_ws/install/dvrk_config/share/dvrk_config/console/console-MTMR-ForceDimension-PSM1_KIN_SIMULATED-Teleop.json
[0.159s] -- Up-to-date symlink: /home/ytxu/cr_dvrk_ws/install/dvrk_config/share/dvrk_config/console/console-MTMR-ForceDimension-no-keyboard-PSM1_KIN_SIMULATED-Teleop.json
[0.159s] -- Up-to-date symlink: /home/ytxu/cr_dvrk_ws/install/dvrk_config/share/dvrk_config/console/console-MTMR-NovintFalcon-JoystickPedals-PSM1_KIN_SIMULATED-Teleop.json
[0.176s] -- Up-to-date symlink: /home/ytxu/cr_dvrk_ws/install/dvrk_config/share/dvrk_config/console/console-MTMR-Omni-PSM1_KIN_SIMULATED-Teleop.json
[0.176s] -- Up-to-date symlink: /home/ytxu/cr_dvrk_ws/install/dvrk_config/share/dvrk_config/console/console-MTMR_Classic_KIN_SIMULATED.json
[0.176s] -- Up-to-date symlink: /home/ytxu/cr_dvrk_ws/install/dvrk_config/share/dvrk_config/console/console-MTMR_KIN_SIMULATED-PSM1_SocketClient-Teleop.json
[0.178s] -- Up-to-date symlink: /home/ytxu/cr_dvrk_ws/install/dvrk_config/share/dvrk_config/console/console-PSM1_Classic_KIN_SIMULATED.json
[0.179s] -- Up-to-date symlink: /home/ytxu/cr_dvrk_ws/install/dvrk_config/share/dvrk_config/console/console-PSM1_KIN_SIMULATED_SocketServer.json
[0.180s] -- Up-to-date symlink: /home/ytxu/cr_dvrk_ws/install/dvrk_config/share/dvrk_config/console/console-PSM1_SNAKE_KIN_SIMULATED.json
[0.181s] -- Up-to-date symlink: /home/ytxu/cr_dvrk_ws/install/dvrk_config/share/dvrk_config/console/console-PSM1_Si_KIN_SIMULATED.json
[0.184s] -- Up-to-date symlink: /home/ytxu/cr_dvrk_ws/install/dvrk_config/share/dvrk_config/console/console-PSM2_Classic_KIN_SIMULATED.json
[0.189s] -- Up-to-date symlink: /home/ytxu/cr_dvrk_ws/install/dvrk_config/share/dvrk_config/console/console-PSM2_Si_KIN_SIMULATED.json
[0.196s] -- Up-to-date symlink: /home/ytxu/cr_dvrk_ws/install/dvrk_config/share/dvrk_config/console/console-PSM3_Classic_KIN_SIMULATED.json
[0.196s] -- Up-to-date symlink: /home/ytxu/cr_dvrk_ws/install/dvrk_config/share/dvrk_config/console/console-PSM3_Si_KIN_SIMULATED.json
[0.198s] -- Up-to-date symlink: /home/ytxu/cr_dvrk_ws/install/dvrk_config/share/dvrk_config/console/console-dVRK-cart-simulated.json
[0.199s] -- Up-to-date symlink: /home/ytxu/cr_dvrk_ws/install/dvrk_config/share/dvrk_config/console/console-full-system-simulated.json
[0.204s] -- Up-to-date symlink: /home/ytxu/cr_dvrk_ws/install/dvrk_config/share/dvrk_config/console/console-patient-cart-Classic-simulated.json
[0.204s] -- Up-to-date symlink: /home/ytxu/cr_dvrk_ws/install/dvrk_config/share/dvrk_config/console/console-patient-cart-Si-simulated.json
[0.204s] -- Up-to-date symlink: /home/ytxu/cr_dvrk_ws/install/dvrk_config/share/dvrk_config/console/console-patient-cart-fixed-simulated.json
[0.204s] -- Up-to-date symlink: /home/ytxu/cr_dvrk_ws/install/dvrk_config/share/dvrk_config/console/console-surgeon-console-simulated.json
[0.205s] -- Up-to-date symlink: /home/ytxu/cr_dvrk_ws/install/dvrk_config/share/dvrk_config/console/sawSensablePhantomDefault.json
[0.207s] -- Up-to-date symlink: /home/ytxu/cr_dvrk_ws/install/dvrk_config/share/dvrk_config/deprecated/dvecm.rob
[0.208s] -- Up-to-date symlink: /home/ytxu/cr_dvrk_ws/install/dvrk_config/share/dvrk_config/deprecated/dvmtm.rob
[0.208s] -- Up-to-date symlink: /home/ytxu/cr_dvrk_ws/install/dvrk_config/share/dvrk_config/deprecated/dvpsm.rob
[0.209s] -- Up-to-date symlink: /home/ytxu/cr_dvrk_ws/install/dvrk_config/share/dvrk_config/hid/goovis-hd.json
[0.211s] -- Up-to-date symlink: /home/ytxu/cr_dvrk_ws/install/dvrk_config/share/dvrk_config/igtl/README.md
[0.211s] -- Up-to-date symlink: /home/ytxu/cr_dvrk_ws/install/dvrk_config/share/dvrk_config/igtl/igtl-PSM1.json
[0.212s] -- Up-to-date symlink: /home/ytxu/cr_dvrk_ws/install/dvrk_config/share/dvrk_config/igtl/manager-igtl-PSM1.json
[0.213s] -- Up-to-date symlink: /home/ytxu/cr_dvrk_ws/install/dvrk_config/share/dvrk_config/io/README.md
[0.213s] -- Up-to-date symlink: /home/ytxu/cr_dvrk_ws/install/dvrk_config/share/dvrk_config/io/sawRobotIO1394-MTML-all-inputs.xml
[0.213s] -- Up-to-date symlink: /home/ytxu/cr_dvrk_ws/install/dvrk_config/share/dvrk_config/io/sawRobotIO1394-MTML-dv-endoscope-focus.xml
[0.213s] -- Up-to-date symlink: /home/ytxu/cr_dvrk_ws/install/dvrk_config/share/dvrk_config/io/sawRobotIO1394-MTML-dv-head-sensor.xml
[0.213s] -- Up-to-date symlink: /home/ytxu/cr_dvrk_ws/install/dvrk_config/share/dvrk_config/io/sawRobotIO1394-MTML-foot-pedals-DQLA.xml
[0.215s] -- Up-to-date symlink: /home/ytxu/cr_dvrk_ws/install/dvrk_config/share/dvrk_config/io/sawRobotIO1394-MTML-foot-pedals.xml
[0.215s] -- Up-to-date symlink: /home/ytxu/cr_dvrk_ws/install/dvrk_config/share/dvrk_config/io/sawRobotIO1394-MTMR-all-inputs.xml
[0.215s] -- Up-to-date symlink: /home/ytxu/cr_dvrk_ws/install/dvrk_config/share/dvrk_config/io/sawRobotIO1394-MTMR-dv-endoscope-focus.xml
[0.215s] -- Up-to-date symlink: /home/ytxu/cr_dvrk_ws/install/dvrk_config/share/dvrk_config/io/sawRobotIO1394-MTMR-dv-head-sensor.xml
[0.215s] -- Up-to-date symlink: /home/ytxu/cr_dvrk_ws/install/dvrk_config/share/dvrk_config/io/sawRobotIO1394-MTMR-foot-pedals-DQLA.xml
[0.215s] -- Up-to-date symlink: /home/ytxu/cr_dvrk_ws/install/dvrk_config/share/dvrk_config/io/sawRobotIO1394-MTMR-foot-pedals.xml
[0.216s] -- Up-to-date symlink: /home/ytxu/cr_dvrk_ws/install/dvrk_config/share/dvrk_config/io/sawRobotIO1394-PSM1-foot-pedals.xml
[0.216s] -- Up-to-date symlink: /home/ytxu/cr_dvrk_ws/install/dvrk_config/share/dvrk_config/io/sawRobotIO1394-PSM1s-all-inputs.xml
[0.217s] -- Up-to-date symlink: /home/ytxu/cr_dvrk_ws/install/dvrk_config/share/dvrk_config/io/sawRobotIO1394-PSM2-foot-pedals.xml
[0.217s] -- Up-to-date symlink: /home/ytxu/cr_dvrk_ws/install/dvrk_config/share/dvrk_config/io/sawRobotIO1394-PSM3-dv-head-sensor.xml
[0.217s] -- Up-to-date symlink: /home/ytxu/cr_dvrk_ws/install/dvrk_config/share/dvrk_config/io/sawRobotIO1394-PSM3-foot-pedals.xml
[0.218s] -- Up-to-date symlink: /home/ytxu/cr_dvrk_ws/install/dvrk_config/share/dvrk_config/kinematic/compute-ftmax.py
[0.218s] -- Up-to-date symlink: /home/ytxu/cr_dvrk_ws/install/dvrk_config/share/dvrk_config/kinematic/ecm-si.json
[0.218s] -- Up-to-date symlink: /home/ytxu/cr_dvrk_ws/install/dvrk_config/share/dvrk_config/kinematic/ecm.json
[0.218s] -- Up-to-date symlink: /home/ytxu/cr_dvrk_ws/install/dvrk_config/share/dvrk_config/kinematic/mtm-deprecated.json
[0.218s] -- Up-to-date symlink: /home/ytxu/cr_dvrk_ws/install/dvrk_config/share/dvrk_config/kinematic/mtml-deprecated.json
[0.218s] -- Up-to-date symlink: /home/ytxu/cr_dvrk_ws/install/dvrk_config/share/dvrk_config/kinematic/mtml.json
[0.218s] -- Up-to-date symlink: /home/ytxu/cr_dvrk_ws/install/dvrk_config/share/dvrk_config/kinematic/mtmr-deprecated.json
[0.220s] -- Up-to-date symlink: /home/ytxu/cr_dvrk_ws/install/dvrk_config/share/dvrk_config/kinematic/mtmr.json
[0.220s] -- Up-to-date symlink: /home/ytxu/cr_dvrk_ws/install/dvrk_config/share/dvrk_config/kinematic/psm-si-physical.json
[0.220s] -- Up-to-date symlink: /home/ytxu/cr_dvrk_ws/install/dvrk_config/share/dvrk_config/kinematic/psm-si.json
[0.220s] -- Up-to-date symlink: /home/ytxu/cr_dvrk_ws/install/dvrk_config/share/dvrk_config/kinematic/psm.json
[0.222s] -- Up-to-date symlink: /home/ytxu/cr_dvrk_ws/install/dvrk_config/share/dvrk_config/pid/deprecated/sawControllersPID-ECM.xml
[0.222s] -- Up-to-date symlink: /home/ytxu/cr_dvrk_ws/install/dvrk_config/share/dvrk_config/pid/deprecated/sawControllersPID-Focus.xml
[0.223s] -- Up-to-date symlink: /home/ytxu/cr_dvrk_ws/install/dvrk_config/share/dvrk_config/pid/deprecated/sawControllersPID-MTML.xml
[0.223s] -- Up-to-date symlink: /home/ytxu/cr_dvrk_ws/install/dvrk_config/share/dvrk_config/pid/deprecated/sawControllersPID-MTMR.xml
[0.223s] -- Up-to-date symlink: /home/ytxu/cr_dvrk_ws/install/dvrk_config/share/dvrk_config/pid/deprecated/sawControllersPID-PSM-Si.xml
[0.224s] -- Up-to-date symlink: /home/ytxu/cr_dvrk_ws/install/dvrk_config/share/dvrk_config/pid/deprecated/sawControllersPID-PSM.xml
[0.224s] -- Up-to-date symlink: /home/ytxu/cr_dvrk_ws/install/dvrk_config/share/dvrk_config/pid/sawControllersPID-ECM-Si.json
[0.226s] -- Up-to-date symlink: /home/ytxu/cr_dvrk_ws/install/dvrk_config/share/dvrk_config/pid/sawControllersPID-ECM.json
[0.228s] -- Up-to-date symlink: /home/ytxu/cr_dvrk_ws/install/dvrk_config/share/dvrk_config/pid/sawControllersPID-MTM.json
[0.228s] -- Up-to-date symlink: /home/ytxu/cr_dvrk_ws/install/dvrk_config/share/dvrk_config/pid/sawControllersPID-PSM-Si.json
[0.228s] -- Up-to-date symlink: /home/ytxu/cr_dvrk_ws/install/dvrk_config/share/dvrk_config/pid/sawControllersPID-PSM.json
[0.230s] -- Up-to-date symlink: /home/ytxu/cr_dvrk_ws/install/dvrk_config/share/dvrk_config/schemas/README.md
[0.230s] -- Up-to-date symlink: /home/ytxu/cr_dvrk_ws/install/dvrk_config/share/dvrk_config/schemas/cisst-component-manager.schema.json
[0.231s] -- Up-to-date symlink: /home/ytxu/cr_dvrk_ws/install/dvrk_config/share/dvrk_config/schemas/cisst-matrices.schema.json
[0.231s] -- Up-to-date symlink: /home/ytxu/cr_dvrk_ws/install/dvrk_config/share/dvrk_config/schemas/dvrk-arm.schema.json
[0.231s] -- Up-to-date symlink: /home/ytxu/cr_dvrk_ws/install/dvrk_config/share/dvrk_config/schemas/dvrk-console.schema.json
[0.232s] -- Up-to-date symlink: /home/ytxu/cr_dvrk_ws/install/dvrk_config/share/dvrk_config/schemas/dvrk-ecm.schema.json
[0.232s] -- Up-to-date symlink: /home/ytxu/cr_dvrk_ws/install/dvrk_config/share/dvrk_config/schemas/dvrk-interface-button.schema.json
[0.233s] -- Up-to-date symlink: /home/ytxu/cr_dvrk_ws/install/dvrk_config/share/dvrk_config/schemas/dvrk-mtm.schema.json
[0.233s] -- Up-to-date symlink: /home/ytxu/cr_dvrk_ws/install/dvrk_config/share/dvrk_config/schemas/dvrk-psm.schema.json
[0.234s] -- Up-to-date symlink: /home/ytxu/cr_dvrk_ws/install/dvrk_config/share/dvrk_config/schemas/dvrk-teleop-ecm.schema.json
[0.235s] -- Up-to-date symlink: /home/ytxu/cr_dvrk_ws/install/dvrk_config/share/dvrk_config/schemas/dvrk-teleop-psm.schema.json
[0.235s] -- Up-to-date symlink: /home/ytxu/cr_dvrk_ws/install/dvrk_config/share/dvrk_config/schemas/dvrk-tool-list.schema.json
[0.235s] -- Up-to-date symlink: /home/ytxu/cr_dvrk_ws/install/dvrk_config/share/dvrk_config/schemas/generate-html.py
[0.236s] -- Up-to-date symlink: /home/ytxu/cr_dvrk_ws/install/dvrk_config/share/dvrk_config/schemas/json-schema.py
[0.236s] -- Up-to-date symlink: /home/ytxu/cr_dvrk_ws/install/dvrk_config/share/dvrk_config/socket-streamer/README.md
[0.236s] -- Up-to-date symlink: /home/ytxu/cr_dvrk_ws/install/dvrk_config/share/dvrk_config/socket-streamer/example.py
[0.236s] -- Up-to-date symlink: /home/ytxu/cr_dvrk_ws/install/dvrk_config/share/dvrk_config/socket-streamer/manager-socket-streamer-MTML.json
[0.237s] -- Up-to-date symlink: /home/ytxu/cr_dvrk_ws/install/dvrk_config/share/dvrk_config/socket-streamer/manager-socket-streamer-PSM1.json
[0.238s] -- Up-to-date symlink: /home/ytxu/cr_dvrk_ws/install/dvrk_config/share/dvrk_config/socket-streamer/manager-socket-streamer-PSM2.json
[0.238s] -- Up-to-date symlink: /home/ytxu/cr_dvrk_ws/install/dvrk_config/share/dvrk_config/socket-streamer/manager-socket-streamer-console.json
[0.238s] -- Up-to-date symlink: /home/ytxu/cr_dvrk_ws/install/dvrk_config/share/dvrk_config/socket-streamer/manager-socket-streamer-patient-cart.json
[0.239s] -- Up-to-date symlink: /home/ytxu/cr_dvrk_ws/install/dvrk_config/share/dvrk_config/socket-streamer/streamerECM.json
[0.239s] -- Up-to-date symlink: /home/ytxu/cr_dvrk_ws/install/dvrk_config/share/dvrk_config/socket-streamer/streamerMTML.json
[0.241s] -- Up-to-date symlink: /home/ytxu/cr_dvrk_ws/install/dvrk_config/share/dvrk_config/socket-streamer/streamerMTMR.json
[0.241s] -- Up-to-date symlink: /home/ytxu/cr_dvrk_ws/install/dvrk_config/share/dvrk_config/socket-streamer/streamerPSM1.json
[0.242s] -- Up-to-date symlink: /home/ytxu/cr_dvrk_ws/install/dvrk_config/share/dvrk_config/socket-streamer/streamerPSM2.json
[0.243s] -- Up-to-date symlink: /home/ytxu/cr_dvrk_ws/install/dvrk_config/share/dvrk_config/tool/BOWEL_GRASPER_400127.json
[0.244s] -- Up-to-date symlink: /home/ytxu/cr_dvrk_ws/install/dvrk_config/share/dvrk_config/tool/CADIERE_FORCEPS_400049.json
[0.244s] -- Up-to-date symlink: /home/ytxu/cr_dvrk_ws/install/dvrk_config/share/dvrk_config/tool/CADIERE_FORCEPS_420049.json
[0.245s] -- Up-to-date symlink: /home/ytxu/cr_dvrk_ws/install/dvrk_config/share/dvrk_config/tool/CURVED_SCISSORS_400178.json
[0.246s] -- Up-to-date symlink: /home/ytxu/cr_dvrk_ws/install/dvrk_config/share/dvrk_config/tool/CURVED_SCISSORS_420178.json
[0.247s] -- Up-to-date symlink: /home/ytxu/cr_dvrk_ws/install/dvrk_config/share/dvrk_config/tool/DEBAKEY_FORCEPS_400036.json
[0.248s] -- Up-to-date symlink: /home/ytxu/cr_dvrk_ws/install/dvrk_config/share/dvrk_config/tool/DEBAKEY_FORCEPS_420036.json
[0.248s] -- Up-to-date symlink: /home/ytxu/cr_dvrk_ws/install/dvrk_config/share/dvrk_config/tool/DOUBLE_FENESTRATED_GRASPER_400189.json
[0.249s] -- Up-to-date symlink: /home/ytxu/cr_dvrk_ws/install/dvrk_config/share/dvrk_config/tool/FENESTRATED_BIPOLAR_FORCEPS_400205.json
[0.250s] -- Up-to-date symlink: /home/ytxu/cr_dvrk_ws/install/dvrk_config/share/dvrk_config/tool/FENESTRATED_BIPOLAR_FORCEPS_420205.json
[0.251s] -- Up-to-date symlink: /home/ytxu/cr_dvrk_ws/install/dvrk_config/share/dvrk_config/tool/LARGE_CLIP_APPLIER_400230.json
[0.251s] -- Up-to-date symlink: /home/ytxu/cr_dvrk_ws/install/dvrk_config/share/dvrk_config/tool/LARGE_CLIP_APPLIER_420230.json
[0.251s] -- Up-to-date symlink: /home/ytxu/cr_dvrk_ws/install/dvrk_config/share/dvrk_config/tool/LARGE_NEEDLE_DRIVER_400006.json
[0.252s] -- Up-to-date symlink: /home/ytxu/cr_dvrk_ws/install/dvrk_config/share/dvrk_config/tool/LARGE_NEEDLE_DRIVER_420006.json
[0.252s] -- Up-to-date symlink: /home/ytxu/cr_dvrk_ws/install/dvrk_config/share/dvrk_config/tool/LARGE_NEEDLE_DRIVER_420006_GEARED.json
[0.254s] -- Up-to-date symlink: /home/ytxu/cr_dvrk_ws/install/dvrk_config/share/dvrk_config/tool/LARGE_SUTURECUT_NEEDLEDRIVER_420296.json
[0.255s] -- Up-to-date symlink: /home/ytxu/cr_dvrk_ws/install/dvrk_config/share/dvrk_config/tool/LONG_TIP_FORCEPS_400048.json
[0.256s] -- Up-to-date symlink: /home/ytxu/cr_dvrk_ws/install/dvrk_config/share/dvrk_config/tool/LONG_TIP_FORCEPS_420048.json
[0.257s] -- Up-to-date symlink: /home/ytxu/cr_dvrk_ws/install/dvrk_config/share/dvrk_config/tool/LRG_SUTURECUT_NEEDLE_DRIVER_400296.json
[0.257s] -- Up-to-date symlink: /home/ytxu/cr_dvrk_ws/install/dvrk_config/share/dvrk_config/tool/MARYLAND_BIPOLAR_FORCEPS_400172.json
[0.257s] -- Up-to-date symlink: /home/ytxu/cr_dvrk_ws/install/dvrk_config/share/dvrk_config/tool/MARYLAND_BIPOLAR_FORCEPS_420172.json
[0.258s] -- Up-to-date symlink: /home/ytxu/cr_dvrk_ws/install/dvrk_config/share/dvrk_config/tool/MARYLAND_DISSECTOR_400143.json
[0.258s] -- Up-to-date symlink: /home/ytxu/cr_dvrk_ws/install/dvrk_config/share/dvrk_config/tool/MEDIUM-LARGE_CLIP_APPLIER_420327.json
[0.259s] -- Up-to-date symlink: /home/ytxu/cr_dvrk_ws/install/dvrk_config/share/dvrk_config/tool/MEGA_NEEDLE_DRIVER_400194.json
[0.259s] -- Up-to-date symlink: /home/ytxu/cr_dvrk_ws/install/dvrk_config/share/dvrk_config/tool/MEGA_NEEDLE_DRIVER_420194.json
[0.259s] -- Up-to-date symlink: /home/ytxu/cr_dvrk_ws/install/dvrk_config/share/dvrk_config/tool/MEGA_SUTURECUT_NEEDLE_DRIVER_400309.json
[0.260s] -- Up-to-date symlink: /home/ytxu/cr_dvrk_ws/install/dvrk_config/share/dvrk_config/tool/MEGA_SUTURECUT_NEEDLE_DRIVER_420309.json
[0.260s] -- Up-to-date symlink: /home/ytxu/cr_dvrk_ws/install/dvrk_config/share/dvrk_config/tool/MICRO_FORCEPS_400033.json
[0.261s] -- Up-to-date symlink: /home/ytxu/cr_dvrk_ws/install/dvrk_config/share/dvrk_config/tool/MICRO_FORCEPS_420033.json
[0.261s] -- Up-to-date symlink: /home/ytxu/cr_dvrk_ws/install/dvrk_config/share/dvrk_config/tool/MONOPOLAR_CURVED_SCISSORS_400179.json
[0.261s] -- Up-to-date symlink: /home/ytxu/cr_dvrk_ws/install/dvrk_config/share/dvrk_config/tool/MONOPOLAR_CURVED_SCISSORS_420179.json
[0.262s] -- Up-to-date symlink: /home/ytxu/cr_dvrk_ws/install/dvrk_config/share/dvrk_config/tool/NEEDLE_DRIVER_400117.json
[0.263s] -- Up-to-date symlink: /home/ytxu/cr_dvrk_ws/install/dvrk_config/share/dvrk_config/tool/NEEDLE_DRIVER_420117.json
[0.263s] -- Up-to-date symlink: /home/ytxu/cr_dvrk_ws/install/dvrk_config/share/dvrk_config/tool/PERMANENT_CAUTERY_HOOK_400183.json
[0.263s] -- Up-to-date symlink: /home/ytxu/cr_dvrk_ws/install/dvrk_config/share/dvrk_config/tool/PERMANENT_CAUTERY_HOOK_420183.json
[0.263s] -- Up-to-date symlink: /home/ytxu/cr_dvrk_ws/install/dvrk_config/share/dvrk_config/tool/PERMANENT_CAUTERY_SPATULA_400184.json
[0.264s] -- Up-to-date symlink: /home/ytxu/cr_dvrk_ws/install/dvrk_config/share/dvrk_config/tool/PERMANENT_CAUTERY_SPATULA_420184.json
[0.264s] -- Up-to-date symlink: /home/ytxu/cr_dvrk_ws/install/dvrk_config/share/dvrk_config/tool/POTTS_SCISSORS_400001.json
[0.267s] -- Up-to-date symlink: /home/ytxu/cr_dvrk_ws/install/dvrk_config/share/dvrk_config/tool/POTTS_SCISSORS_420001.json
[0.267s] -- Up-to-date symlink: /home/ytxu/cr_dvrk_ws/install/dvrk_config/share/dvrk_config/tool/PROGRASP_FORCEPS_400093.json
[0.267s] -- Up-to-date symlink: /home/ytxu/cr_dvrk_ws/install/dvrk_config/share/dvrk_config/tool/PROGRASP_FORCEPS_420093.json
[0.268s] -- Up-to-date symlink: /home/ytxu/cr_dvrk_ws/install/dvrk_config/share/dvrk_config/tool/RESANO_FORCEPS_400181.json
[0.268s] -- Up-to-date symlink: /home/ytxu/cr_dvrk_ws/install/dvrk_config/share/dvrk_config/tool/RESANO_FORCEPS_420181.json
[0.268s] -- Up-to-date symlink: /home/ytxu/cr_dvrk_ws/install/dvrk_config/share/dvrk_config/tool/ROUND_TIP_SCISSORS_400007.json
[0.271s] -- Up-to-date symlink: /home/ytxu/cr_dvrk_ws/install/dvrk_config/share/dvrk_config/tool/ROUND_TIP_SCISSORS_420007.json
[0.271s] -- Up-to-date symlink: /home/ytxu/cr_dvrk_ws/install/dvrk_config/share/dvrk_config/tool/ROUND_TOOTH_FORCEPS_400035.json
[0.271s] -- Up-to-date symlink: /home/ytxu/cr_dvrk_ws/install/dvrk_config/share/dvrk_config/tool/SMALL_CLIP_APPLIER_400003.json
[0.272s] -- Up-to-date symlink: /home/ytxu/cr_dvrk_ws/install/dvrk_config/share/dvrk_config/tool/STAPLER_45_410298.json
[0.272s] -- Up-to-date symlink: /home/ytxu/cr_dvrk_ws/install/dvrk_config/share/dvrk_config/tool/TENACULUM_FORCEPS_400207.json
[0.274s] -- Up-to-date symlink: /home/ytxu/cr_dvrk_ws/install/dvrk_config/share/dvrk_config/tool/THORACIC_GRASPER_400208.json
[0.274s] -- Up-to-date symlink: /home/ytxu/cr_dvrk_ws/install/dvrk_config/share/dvrk_config/tool/index.json
[0.275s] -- Up-to-date symlink: /home/ytxu/cr_dvrk_ws/install/dvrk_config/share/ament_index/resource_index/package_run_dependencies/dvrk_config
[0.276s] -- Up-to-date symlink: /home/ytxu/cr_dvrk_ws/install/dvrk_config/share/ament_index/resource_index/parent_prefix_path/dvrk_config
[0.276s] -- Up-to-date symlink: /home/ytxu/cr_dvrk_ws/install/dvrk_config/share/dvrk_config/environment/ament_prefix_path.sh
[0.277s] -- Up-to-date symlink: /home/ytxu/cr_dvrk_ws/install/dvrk_config/share/dvrk_config/environment/ament_prefix_path.dsv
[0.278s] -- Up-to-date symlink: /home/ytxu/cr_dvrk_ws/install/dvrk_config/share/dvrk_config/environment/path.sh
[0.278s] -- Up-to-date symlink: /home/ytxu/cr_dvrk_ws/install/dvrk_config/share/dvrk_config/environment/path.dsv
[0.278s] -- Up-to-date symlink: /home/ytxu/cr_dvrk_ws/install/dvrk_config/share/dvrk_config/local_setup.bash
[0.279s] -- Up-to-date symlink: /home/ytxu/cr_dvrk_ws/install/dvrk_config/share/dvrk_config/local_setup.sh
[0.279s] -- Up-to-date symlink: /home/ytxu/cr_dvrk_ws/install/dvrk_config/share/dvrk_config/local_setup.zsh
[0.279s] -- Up-to-date symlink: /home/ytxu/cr_dvrk_ws/install/dvrk_config/share/dvrk_config/local_setup.dsv
[0.279s] -- Symlinking: /home/ytxu/cr_dvrk_ws/install/dvrk_config/share/dvrk_config/package.dsv
[0.289s] -- Up-to-date symlink: /home/ytxu/cr_dvrk_ws/install/dvrk_config/share/ament_index/resource_index/packages/dvrk_config
[0.289s] -- Up-to-date symlink: /home/ytxu/cr_dvrk_ws/install/dvrk_config/share/dvrk_config/cmake/dvrk_configConfig.cmake
[0.289s] -- Up-to-date symlink: /home/ytxu/cr_dvrk_ws/install/dvrk_config/share/dvrk_config/cmake/dvrk_configConfig-version.cmake
[0.289s] -- Up-to-date symlink: /home/ytxu/cr_dvrk_ws/install/dvrk_config/share/dvrk_config/package.xml
[0.316s] Invoked command in '/home/ytxu/cr_dvrk_ws/build/dvrk_config' returned '0': CMAKE_PREFIX_PATH=/home/ytxu/cr-dvrk-rviz/install/test_scripts:/home/ytxu/cr-dvrk-rviz/install/teleop_cr_psm:/home/ytxu/cr-dvrk-rviz/install/cr_dvrk_kinematics:/home/ytxu/ctr_tr_model/install/pub_ctr_kinematics:/opt/ros/humble /usr/bin/cmake --install /home/ytxu/cr_dvrk_ws/build/dvrk_config
