[0.122s] Invoking command in '/home/ytxu/cr_dvrk_ws/build/sawRobotIO1394Core': CMAKE_PREFIX_PATH=/home/ytxu/cr_dvrk_ws/install/cisst:/home/ytxu/cr_dvrk_ws/install/cisstNetlib:/home/ytxu/cr_dvrk_ws/install/dvrk_robot:/home/ytxu/cr_dvrk_ws/install/sawIntuitiveResearchKitCore:/home/ytxu/cr_dvrk_ws/install/sawTextToSpeechAll:/home/ytxu/cr_dvrk_ws/install/robot_io:/home/ytxu/cr_dvrk_ws/install/sawRobotIO1394Core:/home/ytxu/cr_dvrk_ws/install/sawControllersAll:/home/ytxu/cr_dvrk_ws/install/sawKeyboardAll:/home/ytxu/cr_dvrk_ws/install/dvrk_video:/home/ytxu/cr_dvrk_ws/install/dvrk_python:/home/ytxu/cr_dvrk_ws/install/dvrk_model:/home/ytxu/cr_dvrk_ws/install/dvrk_hrsv_widget:/home/ytxu/cr_dvrk_ws/install/dvrk_config_jhu:/home/ytxu/cr_dvrk_ws/install/dvrk_config:/home/ytxu/cr_dvrk_ws/install/dvrk_camera_registration:/home/ytxu/cr_dvrk_ws/install/dvrk_arms_from_ros:/home/ytxu/cr_dvrk_ws/install/crtk_python_client:/home/ytxu/cr_dvrk_ws/install/cisst_ros_crtk:/home/ytxu/cr_dvrk_ws/install/crtk_msgs:/home/ytxu/cr_dvrk_ws/install/cisst_ros_bridge:/home/ytxu/cr_dvrk_ws/install/cisst_msgs LD_LIBRARY_PATH=/home/ytxu/cr_dvrk_ws/install/cisst/lib:/home/ytxu/cr_dvrk_ws/install/cisst/lib:/home/ytxu/cr_dvrk_ws/install/dvrk_robot/lib:/home/ytxu/cr_dvrk_ws/install/sawIntuitiveResearchKitCore/lib:/home/ytxu/cr_dvrk_ws/install/sawTextToSpeechAll/lib:/home/ytxu/cr_dvrk_ws/install/sawRobotIO1394Core/lib:/home/ytxu/cr_dvrk_ws/install/sawControllersAll/lib:/home/ytxu/cr_dvrk_ws/install/sawKeyboardAll/lib:/home/ytxu/cr_dvrk_ws/install/dvrk_arms_from_ros/lib:/home/ytxu/cr_dvrk_ws/install/cisst_ros_crtk/lib:/home/ytxu/cr_dvrk_ws/install/crtk_msgs/lib:/home/ytxu/cr_dvrk_ws/install/cisst_ros_bridge/lib:/home/ytxu/cr_dvrk_ws/install/cisst_msgs/lib:/opt/ros/humble/opt/rviz_ogre_vendor/lib:/opt/ros/humble/lib/x86_64-linux-gnu:/opt/ros/humble/lib PATH=/home/ytxu/cr_dvrk_ws/install/cisst/bin:/home/ytxu/cr_dvrk_ws/install/cisst/bin:/home/ytxu/cr_dvrk_ws/install/sawIntuitiveResearchKitCore/bin:/home/ytxu/cr_dvrk_ws/install/sawTextToSpeechAll/bin:/home/ytxu/cr_dvrk_ws/install/sawRobotIO1394Core/bin:/home/ytxu/cr_dvrk_ws/install/sawControllersAll/bin:/opt/ros/humble/bin:/home/ytxu/.local/bin:/usr/local/sbin:/usr/local/bin:/usr/sbin:/usr/bin:/sbin:/bin:/usr/games:/usr/local/games:/usr/lib/wsl/lib:/mnt/c/WINDOWS/system32:/mnt/c/WINDOWS:/mnt/c/WINDOWS/System32/Wbem:/mnt/c/WINDOWS/System32/WindowsPowerShell/v1.0/:/mnt/c/WINDOWS/System32/OpenSSH/:/mnt/c/Program Files/MATLAB/R2024a/bin:/mnt/c/Program Files/CMake/bin:/mnt/c/Program Files (x86)/Incredibuild:/mnt/c/ProgramData/chocolatey/bin:/mnt/c/Program Files/Git/cmd:/mnt/c/Program Files/usbipd-win/:/mnt/c/Users/Morimoto_Lab/AppData/Local/Microsoft/WindowsApps:/mnt/c/Users/Morimoto_Lab/AppData/Local/GitHubDesktop/bin:/mnt/c/Users/Morimoto_Lab/AppData/Local/Programs/Microsoft VS Code/bin:/snap/bin PKG_CONFIG_PATH=/home/ytxu/cr_dvrk_ws/install/cisst/lib/x86_64-linux-gnu/pkgconfig:/home/ytxu/cr_dvrk_ws/install/cisst/lib/pkgconfig:/home/ytxu/cr_dvrk_ws/install/cisstNetlib/lib/x86_64-linux-gnu/pkgconfig:/home/ytxu/cr_dvrk_ws/install/cisstNetlib/lib/pkgconfig:/home/ytxu/cr_dvrk_ws/install/dvrk_config_jhu/lib/x86_64-linux-gnu/pkgconfig:/home/ytxu/cr_dvrk_ws/install/dvrk_config_jhu/lib/pkgconfig PYTHONPATH=/home/ytxu/cr_dvrk_ws/install/cisst/lib:${PYTHONPATH} /usr/bin/cmake --build /home/ytxu/cr_dvrk_ws/build/sawRobotIO1394Core -- -j12 -l12
[0.179s] [35m[1mConsolidate compiler generated dependencies of target block1394[0m
[0.180s] [35m[1mConsolidate compiler generated dependencies of target Amp1394Console[0m
[0.184s] [35m[1mConsolidate compiler generated dependencies of target info1394[0m
[0.188s] [35m[1mConsolidate compiler generated dependencies of target time1394[0m
[0.195s] [35m[1mConsolidate compiler generated dependencies of target Amp1394[0m
[0.206s] [  2%] Built target Amp1394Console
[0.206s] [  3%] Built target Amp1394Python_swig_compilation
[0.213s] [  5%] Built target info1394
[0.214s] [  8%] Built target block1394
[0.215s] [ 10%] Built target time1394
[0.232s] [ 23%] Built target Amp1394
[0.250s] [35m[1mConsolidate compiler generated dependencies of target _Amp1394Python[0m
[0.260s] [35m[1mConsolidate compiler generated dependencies of target fwPortTest[0m
[0.260s] [35m[1mConsolidate compiler generated dependencies of target qlatest[0m
[0.266s] [35m[1mConsolidate compiler generated dependencies of target qlacloserelays[0m
[0.266s] [35m[1mConsolidate compiler generated dependencies of target qlacommand[0m
[0.267s] [35m[1mConsolidate compiler generated dependencies of target ethswitch[0m
[0.267s] [35m[1mConsolidate compiler generated dependencies of target qladisp[0m
[0.273s] [35m[1mConsolidate compiler generated dependencies of target block1394eth[0m
[0.284s] [35m[1mConsolidate compiler generated dependencies of target eth1394Test[0m
[0.284s] [35m[1mConsolidate compiler generated dependencies of target instrument[0m
[0.284s] [35m[1mConsolidate compiler generated dependencies of target enctest[0m
[0.294s] [ 25%] Built target qlatest
[0.294s] [35m[1mConsolidate compiler generated dependencies of target sawRobotIO1394[0m
[0.295s] [ 27%] Built target qlacommand
[0.299s] [ 30%] Built target qladisp
[0.299s] [ 32%] Built target fwPortTest
[0.299s] [ 34%] Built target qlacloserelays
[0.302s] [ 37%] Built target ethswitch
[0.302s] [ 51%] Built target _Amp1394Python
[0.308s] [ 53%] Built target block1394eth
[0.315s] [ 56%] Built target eth1394Test
[0.320s] [35m[1mConsolidate compiler generated dependencies of target dvrktest[0m
[0.321s] [ 59%] Built target instrument
[0.324s] [35m[1mConsolidate compiler generated dependencies of target pgm1394[0m
[0.325s] [ 61%] Built target enctest
[0.339s] [ 72%] Built target sawRobotIO1394
[0.343s] [ 75%] Built target dvrktest
[0.346s] [ 79%] Built target pgm1394
[0.368s] [ 80%] [34m[1mAutomatic MOC for target sawRobotIO1394Qt[0m
[0.397s] [ 80%] Built target sawRobotIO1394Qt_autogen
[0.418s] [35m[1mConsolidate compiler generated dependencies of target sawRobotIO1394Qt[0m
[0.456s] [ 84%] Built target sawRobotIO1394Qt
[0.475s] [35m[1mConsolidate compiler generated dependencies of target sawRobotIO1394QtConsole[0m
[0.476s] [35m[1mConsolidate compiler generated dependencies of target sawRobotIO1394CurrentCalibration[0m
[0.476s] [35m[1mConsolidate compiler generated dependencies of target sawRobotIO1394DataCollection[0m
[0.476s] [35m[1mConsolidate compiler generated dependencies of target sawRobotIO1394XMLtoJSON[0m
[0.491s] [ 86%] [34m[1mAutomatic MOC for target sawRobotIO1394QtDataPlot[0m
[0.501s] [ 88%] Built target sawRobotIO1394DataCollection
[0.503s] [ 90%] Built target sawRobotIO1394XMLtoJSON
[0.503s] [ 93%] Built target sawRobotIO1394CurrentCalibration
[0.510s] [ 95%] Built target sawRobotIO1394QtConsole
[0.523s] [ 95%] Built target sawRobotIO1394QtDataPlot_autogen
[0.541s] [35m[1mConsolidate compiler generated dependencies of target sawRobotIO1394QtDataPlot[0m
[0.568s] [100%] Built target sawRobotIO1394QtDataPlot
[0.585s] Invoked command in '/home/ytxu/cr_dvrk_ws/build/sawRobotIO1394Core' returned '0': CMAKE_PREFIX_PATH=/home/ytxu/cr_dvrk_ws/install/cisst:/home/ytxu/cr_dvrk_ws/install/cisstNetlib:/home/ytxu/cr_dvrk_ws/install/dvrk_robot:/home/ytxu/cr_dvrk_ws/install/sawIntuitiveResearchKitCore:/home/ytxu/cr_dvrk_ws/install/sawTextToSpeechAll:/home/ytxu/cr_dvrk_ws/install/robot_io:/home/ytxu/cr_dvrk_ws/install/sawRobotIO1394Core:/home/ytxu/cr_dvrk_ws/install/sawControllersAll:/home/ytxu/cr_dvrk_ws/install/sawKeyboardAll:/home/ytxu/cr_dvrk_ws/install/dvrk_video:/home/ytxu/cr_dvrk_ws/install/dvrk_python:/home/ytxu/cr_dvrk_ws/install/dvrk_model:/home/ytxu/cr_dvrk_ws/install/dvrk_hrsv_widget:/home/ytxu/cr_dvrk_ws/install/dvrk_config_jhu:/home/ytxu/cr_dvrk_ws/install/dvrk_config:/home/ytxu/cr_dvrk_ws/install/dvrk_camera_registration:/home/ytxu/cr_dvrk_ws/install/dvrk_arms_from_ros:/home/ytxu/cr_dvrk_ws/install/crtk_python_client:/home/ytxu/cr_dvrk_ws/install/cisst_ros_crtk:/home/ytxu/cr_dvrk_ws/install/crtk_msgs:/home/ytxu/cr_dvrk_ws/install/cisst_ros_bridge:/home/ytxu/cr_dvrk_ws/install/cisst_msgs LD_LIBRARY_PATH=/home/ytxu/cr_dvrk_ws/install/cisst/lib:/home/ytxu/cr_dvrk_ws/install/cisst/lib:/home/ytxu/cr_dvrk_ws/install/dvrk_robot/lib:/home/ytxu/cr_dvrk_ws/install/sawIntuitiveResearchKitCore/lib:/home/ytxu/cr_dvrk_ws/install/sawTextToSpeechAll/lib:/home/ytxu/cr_dvrk_ws/install/sawRobotIO1394Core/lib:/home/ytxu/cr_dvrk_ws/install/sawControllersAll/lib:/home/ytxu/cr_dvrk_ws/install/sawKeyboardAll/lib:/home/ytxu/cr_dvrk_ws/install/dvrk_arms_from_ros/lib:/home/ytxu/cr_dvrk_ws/install/cisst_ros_crtk/lib:/home/ytxu/cr_dvrk_ws/install/crtk_msgs/lib:/home/ytxu/cr_dvrk_ws/install/cisst_ros_bridge/lib:/home/ytxu/cr_dvrk_ws/install/cisst_msgs/lib:/opt/ros/humble/opt/rviz_ogre_vendor/lib:/opt/ros/humble/lib/x86_64-linux-gnu:/opt/ros/humble/lib PATH=/home/ytxu/cr_dvrk_ws/install/cisst/bin:/home/ytxu/cr_dvrk_ws/install/cisst/bin:/home/ytxu/cr_dvrk_ws/install/sawIntuitiveResearchKitCore/bin:/home/ytxu/cr_dvrk_ws/install/sawTextToSpeechAll/bin:/home/ytxu/cr_dvrk_ws/install/sawRobotIO1394Core/bin:/home/ytxu/cr_dvrk_ws/install/sawControllersAll/bin:/opt/ros/humble/bin:/home/ytxu/.local/bin:/usr/local/sbin:/usr/local/bin:/usr/sbin:/usr/bin:/sbin:/bin:/usr/games:/usr/local/games:/usr/lib/wsl/lib:/mnt/c/WINDOWS/system32:/mnt/c/WINDOWS:/mnt/c/WINDOWS/System32/Wbem:/mnt/c/WINDOWS/System32/WindowsPowerShell/v1.0/:/mnt/c/WINDOWS/System32/OpenSSH/:/mnt/c/Program Files/MATLAB/R2024a/bin:/mnt/c/Program Files/CMake/bin:/mnt/c/Program Files (x86)/Incredibuild:/mnt/c/ProgramData/chocolatey/bin:/mnt/c/Program Files/Git/cmd:/mnt/c/Program Files/usbipd-win/:/mnt/c/Users/Morimoto_Lab/AppData/Local/Microsoft/WindowsApps:/mnt/c/Users/Morimoto_Lab/AppData/Local/GitHubDesktop/bin:/mnt/c/Users/Morimoto_Lab/AppData/Local/Programs/Microsoft VS Code/bin:/snap/bin PKG_CONFIG_PATH=/home/ytxu/cr_dvrk_ws/install/cisst/lib/x86_64-linux-gnu/pkgconfig:/home/ytxu/cr_dvrk_ws/install/cisst/lib/pkgconfig:/home/ytxu/cr_dvrk_ws/install/cisstNetlib/lib/x86_64-linux-gnu/pkgconfig:/home/ytxu/cr_dvrk_ws/install/cisstNetlib/lib/pkgconfig:/home/ytxu/cr_dvrk_ws/install/dvrk_config_jhu/lib/x86_64-linux-gnu/pkgconfig:/home/ytxu/cr_dvrk_ws/install/dvrk_config_jhu/lib/pkgconfig PYTHONPATH=/home/ytxu/cr_dvrk_ws/install/cisst/lib:${PYTHONPATH} /usr/bin/cmake --build /home/ytxu/cr_dvrk_ws/build/sawRobotIO1394Core -- -j12 -l12
[0.588s] Invoking command in '/home/ytxu/cr_dvrk_ws/build/sawRobotIO1394Core': CMAKE_PREFIX_PATH=/home/ytxu/cr_dvrk_ws/install/cisst:/home/ytxu/cr_dvrk_ws/install/cisstNetlib:/home/ytxu/cr_dvrk_ws/install/dvrk_robot:/home/ytxu/cr_dvrk_ws/install/sawIntuitiveResearchKitCore:/home/ytxu/cr_dvrk_ws/install/sawTextToSpeechAll:/home/ytxu/cr_dvrk_ws/install/robot_io:/home/ytxu/cr_dvrk_ws/install/sawRobotIO1394Core:/home/ytxu/cr_dvrk_ws/install/sawControllersAll:/home/ytxu/cr_dvrk_ws/install/sawKeyboardAll:/home/ytxu/cr_dvrk_ws/install/dvrk_video:/home/ytxu/cr_dvrk_ws/install/dvrk_python:/home/ytxu/cr_dvrk_ws/install/dvrk_model:/home/ytxu/cr_dvrk_ws/install/dvrk_hrsv_widget:/home/ytxu/cr_dvrk_ws/install/dvrk_config_jhu:/home/ytxu/cr_dvrk_ws/install/dvrk_config:/home/ytxu/cr_dvrk_ws/install/dvrk_camera_registration:/home/ytxu/cr_dvrk_ws/install/dvrk_arms_from_ros:/home/ytxu/cr_dvrk_ws/install/crtk_python_client:/home/ytxu/cr_dvrk_ws/install/cisst_ros_crtk:/home/ytxu/cr_dvrk_ws/install/crtk_msgs:/home/ytxu/cr_dvrk_ws/install/cisst_ros_bridge:/home/ytxu/cr_dvrk_ws/install/cisst_msgs LD_LIBRARY_PATH=/home/ytxu/cr_dvrk_ws/install/cisst/lib:/home/ytxu/cr_dvrk_ws/install/cisst/lib:/home/ytxu/cr_dvrk_ws/install/dvrk_robot/lib:/home/ytxu/cr_dvrk_ws/install/sawIntuitiveResearchKitCore/lib:/home/ytxu/cr_dvrk_ws/install/sawTextToSpeechAll/lib:/home/ytxu/cr_dvrk_ws/install/sawRobotIO1394Core/lib:/home/ytxu/cr_dvrk_ws/install/sawControllersAll/lib:/home/ytxu/cr_dvrk_ws/install/sawKeyboardAll/lib:/home/ytxu/cr_dvrk_ws/install/dvrk_arms_from_ros/lib:/home/ytxu/cr_dvrk_ws/install/cisst_ros_crtk/lib:/home/ytxu/cr_dvrk_ws/install/crtk_msgs/lib:/home/ytxu/cr_dvrk_ws/install/cisst_ros_bridge/lib:/home/ytxu/cr_dvrk_ws/install/cisst_msgs/lib:/opt/ros/humble/opt/rviz_ogre_vendor/lib:/opt/ros/humble/lib/x86_64-linux-gnu:/opt/ros/humble/lib PATH=/home/ytxu/cr_dvrk_ws/install/cisst/bin:/home/ytxu/cr_dvrk_ws/install/cisst/bin:/home/ytxu/cr_dvrk_ws/install/sawIntuitiveResearchKitCore/bin:/home/ytxu/cr_dvrk_ws/install/sawTextToSpeechAll/bin:/home/ytxu/cr_dvrk_ws/install/sawRobotIO1394Core/bin:/home/ytxu/cr_dvrk_ws/install/sawControllersAll/bin:/opt/ros/humble/bin:/home/ytxu/.local/bin:/usr/local/sbin:/usr/local/bin:/usr/sbin:/usr/bin:/sbin:/bin:/usr/games:/usr/local/games:/usr/lib/wsl/lib:/mnt/c/WINDOWS/system32:/mnt/c/WINDOWS:/mnt/c/WINDOWS/System32/Wbem:/mnt/c/WINDOWS/System32/WindowsPowerShell/v1.0/:/mnt/c/WINDOWS/System32/OpenSSH/:/mnt/c/Program Files/MATLAB/R2024a/bin:/mnt/c/Program Files/CMake/bin:/mnt/c/Program Files (x86)/Incredibuild:/mnt/c/ProgramData/chocolatey/bin:/mnt/c/Program Files/Git/cmd:/mnt/c/Program Files/usbipd-win/:/mnt/c/Users/Morimoto_Lab/AppData/Local/Microsoft/WindowsApps:/mnt/c/Users/Morimoto_Lab/AppData/Local/GitHubDesktop/bin:/mnt/c/Users/Morimoto_Lab/AppData/Local/Programs/Microsoft VS Code/bin:/snap/bin PKG_CONFIG_PATH=/home/ytxu/cr_dvrk_ws/install/cisst/lib/x86_64-linux-gnu/pkgconfig:/home/ytxu/cr_dvrk_ws/install/cisst/lib/pkgconfig:/home/ytxu/cr_dvrk_ws/install/cisstNetlib/lib/x86_64-linux-gnu/pkgconfig:/home/ytxu/cr_dvrk_ws/install/cisstNetlib/lib/pkgconfig:/home/ytxu/cr_dvrk_ws/install/dvrk_config_jhu/lib/x86_64-linux-gnu/pkgconfig:/home/ytxu/cr_dvrk_ws/install/dvrk_config_jhu/lib/pkgconfig PYTHONPATH=/home/ytxu/cr_dvrk_ws/install/cisst/lib:${PYTHONPATH} /usr/bin/cmake --install /home/ytxu/cr_dvrk_ws/build/sawRobotIO1394Core
[0.597s] -- Install configuration: "Release"
[0.597s] -- Up-to-date: /home/ytxu/cr_dvrk_ws/install/sawRobotIO1394Core/share/sawRobotIO1394/sawRobotIO1394Config.cmake
[0.597s] -- Up-to-date: /home/ytxu/cr_dvrk_ws/install/sawRobotIO1394Core/share/sawRobotIO1394/sawRobotIO1394ConfigVersion.cmake
[0.598s] -- Up-to-date: /home/ytxu/cr_dvrk_ws/install/sawRobotIO1394Core/include/sawRobotIO1394
[0.598s] -- Up-to-date: /home/ytxu/cr_dvrk_ws/install/sawRobotIO1394Core/include/sawRobotIO1394/mtsRobotIO1394QtWidgetFactory.h
[0.598s] -- Up-to-date: /home/ytxu/cr_dvrk_ws/install/sawRobotIO1394Core/include/sawRobotIO1394/mtsDigitalOutput1394.h
[0.598s] -- Up-to-date: /home/ytxu/cr_dvrk_ws/install/sawRobotIO1394Core/include/sawRobotIO1394/mtsRobotIO1394.h
[0.599s] -- Up-to-date: /home/ytxu/cr_dvrk_ws/install/sawRobotIO1394Core/include/sawRobotIO1394/mtsDallasChip1394.h
[0.599s] -- Up-to-date: /home/ytxu/cr_dvrk_ws/install/sawRobotIO1394Core/include/sawRobotIO1394/mtsDigitalInput1394.h
[0.599s] -- Up-to-date: /home/ytxu/cr_dvrk_ws/install/sawRobotIO1394Core/include/sawRobotIO1394/osaXML1394.h
[0.599s] -- Up-to-date: /home/ytxu/cr_dvrk_ws/install/sawRobotIO1394Core/include/sawRobotIO1394/mtsRobot1394.h
[0.599s] -- Up-to-date: /home/ytxu/cr_dvrk_ws/install/sawRobotIO1394Core/include/sawRobotIO1394/sawRobotIO1394Export.h
[0.599s] -- Up-to-date: /home/ytxu/cr_dvrk_ws/install/sawRobotIO1394Core/include/sawRobotIO1394/mtsRobot1394QtWidget.h
[0.599s] -- Up-to-date: /home/ytxu/cr_dvrk_ws/install/sawRobotIO1394Core/include/sawRobotIO1394/sawRobotIO1394ForwardDeclarations.h
[0.599s] -- Up-to-date: /home/ytxu/cr_dvrk_ws/install/sawRobotIO1394Core/include/sawRobotIO1394/sawRobotIO1394ExportQt.h
[0.599s] -- Up-to-date: /home/ytxu/cr_dvrk_ws/install/sawRobotIO1394Core/include/sawRobotIO1394
[0.599s] -- Up-to-date: /home/ytxu/cr_dvrk_ws/install/sawRobotIO1394Core/include/sawRobotIO1394/sawRobotIO1394Revision.h
[0.599s] -- Up-to-date: /home/ytxu/cr_dvrk_ws/install/sawRobotIO1394Core/include/sawRobotIO1394/osaConfiguration1394.h
[0.600s] -- Up-to-date: /home/ytxu/cr_dvrk_ws/install/sawRobotIO1394Core/lib/libsawRobotIO1394.so.2.3.0
[0.600s] -- Up-to-date: /home/ytxu/cr_dvrk_ws/install/sawRobotIO1394Core/lib/libsawRobotIO1394.so
[0.600s] -- Up-to-date: /home/ytxu/cr_dvrk_ws/install/sawRobotIO1394Core/lib/_Amp1394Python.so
[0.600s] -- Up-to-date: /home/ytxu/cr_dvrk_ws/install/sawRobotIO1394Core/lib/Amp1394Python.py
[0.600s] -- Up-to-date: /home/ytxu/cr_dvrk_ws/install/sawRobotIO1394Core/lib/libAmp1394.a
[0.601s] -- Up-to-date: /home/ytxu/cr_dvrk_ws/install/sawRobotIO1394Core/lib/libAmp1394Console.a
[0.601s] -- Up-to-date: /home/ytxu/cr_dvrk_ws/install/sawRobotIO1394Core/include/Amp1394/BoardIO.h
[0.601s] -- Up-to-date: /home/ytxu/cr_dvrk_ws/install/sawRobotIO1394Core/include/Amp1394/FpgaIO.h
[0.601s] -- Up-to-date: /home/ytxu/cr_dvrk_ws/install/sawRobotIO1394Core/include/Amp1394/AmpIO.h
[0.601s] -- Up-to-date: /home/ytxu/cr_dvrk_ws/install/sawRobotIO1394Core/include/Amp1394/Amp1394Types.h
[0.601s] -- Up-to-date: /home/ytxu/cr_dvrk_ws/install/sawRobotIO1394Core/include/Amp1394/Amp1394Time.h
[0.601s] -- Up-to-date: /home/ytxu/cr_dvrk_ws/install/sawRobotIO1394Core/include/Amp1394/Amp1394BSwap.h
[0.601s] -- Up-to-date: /home/ytxu/cr_dvrk_ws/install/sawRobotIO1394Core/include/Amp1394/EncoderVelocity.h
[0.601s] -- Up-to-date: /home/ytxu/cr_dvrk_ws/install/sawRobotIO1394Core/include/Amp1394/BasePort.h
[0.601s] -- Up-to-date: /home/ytxu/cr_dvrk_ws/install/sawRobotIO1394Core/include/Amp1394/EthBasePort.h
[0.601s] -- Up-to-date: /home/ytxu/cr_dvrk_ws/install/sawRobotIO1394Core/include/Amp1394/EthUdpPort.h
[0.601s] -- Up-to-date: /home/ytxu/cr_dvrk_ws/install/sawRobotIO1394Core/include/Amp1394/PortFactory.h
[0.601s] -- Up-to-date: /home/ytxu/cr_dvrk_ws/install/sawRobotIO1394Core/include/Amp1394/FirewirePort.h
[0.602s] -- Up-to-date: /home/ytxu/cr_dvrk_ws/install/sawRobotIO1394Core/include/Amp1394/Amp1394Console.h
[0.602s] -- Up-to-date: /home/ytxu/cr_dvrk_ws/install/sawRobotIO1394Core/bin/qladisp
[0.602s] -- Up-to-date: /home/ytxu/cr_dvrk_ws/install/sawRobotIO1394Core/bin/qlatest
[0.602s] -- Up-to-date: /home/ytxu/cr_dvrk_ws/install/sawRobotIO1394Core/bin/fwPortTest
[0.603s] -- Up-to-date: /home/ytxu/cr_dvrk_ws/install/sawRobotIO1394Core/bin/quad1394eth
[0.603s] -- Up-to-date: /home/ytxu/cr_dvrk_ws/install/sawRobotIO1394Core/bin/qlacloserelays
[0.604s] -- Up-to-date: /home/ytxu/cr_dvrk_ws/install/sawRobotIO1394Core/bin/qlacommand
[0.604s] -- Up-to-date: /home/ytxu/cr_dvrk_ws/install/sawRobotIO1394Core/bin/eth1394Test
[0.605s] -- Up-to-date: /home/ytxu/cr_dvrk_ws/install/sawRobotIO1394Core/bin/instrument
[0.605s] -- Up-to-date: /home/ytxu/cr_dvrk_ws/install/sawRobotIO1394Core/bin/block1394eth
[0.606s] -- Up-to-date: /home/ytxu/cr_dvrk_ws/install/sawRobotIO1394Core/bin/enctest
[0.607s] -- Up-to-date: /home/ytxu/cr_dvrk_ws/install/sawRobotIO1394Core/bin/ethswitch
[0.608s] -- Up-to-date: /home/ytxu/cr_dvrk_ws/install/sawRobotIO1394Core/bin/dvrktest
[0.609s] -- Up-to-date: /home/ytxu/cr_dvrk_ws/install/sawRobotIO1394Core/bin/pgm1394
[0.609s] -- Up-to-date: /home/ytxu/cr_dvrk_ws/install/sawRobotIO1394Core/bin/pgm1394multi.bash
[0.609s] -- Up-to-date: /home/ytxu/cr_dvrk_ws/install/sawRobotIO1394Core/bin/qlareloadfw.bash
[0.610s] -- Up-to-date: /home/ytxu/cr_dvrk_ws/install/sawRobotIO1394Core/lib/libsawRobotIO1394Qt.so.2.3.0
[0.610s] -- Up-to-date: /home/ytxu/cr_dvrk_ws/install/sawRobotIO1394Core/lib/libsawRobotIO1394Qt.so
[0.611s] -- Up-to-date: /home/ytxu/cr_dvrk_ws/install/sawRobotIO1394Core/bin/sawRobotIO1394QtConsole
[0.612s] -- Up-to-date: /home/ytxu/cr_dvrk_ws/install/sawRobotIO1394Core/bin/sawRobotIO1394CurrentCalibration
[0.613s] -- Up-to-date: /home/ytxu/cr_dvrk_ws/install/sawRobotIO1394Core/bin/sawRobotIO1394XMLtoJSON
[0.616s] Invoked command in '/home/ytxu/cr_dvrk_ws/build/sawRobotIO1394Core' returned '0': CMAKE_PREFIX_PATH=/home/ytxu/cr_dvrk_ws/install/cisst:/home/ytxu/cr_dvrk_ws/install/cisstNetlib:/home/ytxu/cr_dvrk_ws/install/dvrk_robot:/home/ytxu/cr_dvrk_ws/install/sawIntuitiveResearchKitCore:/home/ytxu/cr_dvrk_ws/install/sawTextToSpeechAll:/home/ytxu/cr_dvrk_ws/install/robot_io:/home/ytxu/cr_dvrk_ws/install/sawRobotIO1394Core:/home/ytxu/cr_dvrk_ws/install/sawControllersAll:/home/ytxu/cr_dvrk_ws/install/sawKeyboardAll:/home/ytxu/cr_dvrk_ws/install/dvrk_video:/home/ytxu/cr_dvrk_ws/install/dvrk_python:/home/ytxu/cr_dvrk_ws/install/dvrk_model:/home/ytxu/cr_dvrk_ws/install/dvrk_hrsv_widget:/home/ytxu/cr_dvrk_ws/install/dvrk_config_jhu:/home/ytxu/cr_dvrk_ws/install/dvrk_config:/home/ytxu/cr_dvrk_ws/install/dvrk_camera_registration:/home/ytxu/cr_dvrk_ws/install/dvrk_arms_from_ros:/home/ytxu/cr_dvrk_ws/install/crtk_python_client:/home/ytxu/cr_dvrk_ws/install/cisst_ros_crtk:/home/ytxu/cr_dvrk_ws/install/crtk_msgs:/home/ytxu/cr_dvrk_ws/install/cisst_ros_bridge:/home/ytxu/cr_dvrk_ws/install/cisst_msgs LD_LIBRARY_PATH=/home/ytxu/cr_dvrk_ws/install/cisst/lib:/home/ytxu/cr_dvrk_ws/install/cisst/lib:/home/ytxu/cr_dvrk_ws/install/dvrk_robot/lib:/home/ytxu/cr_dvrk_ws/install/sawIntuitiveResearchKitCore/lib:/home/ytxu/cr_dvrk_ws/install/sawTextToSpeechAll/lib:/home/ytxu/cr_dvrk_ws/install/sawRobotIO1394Core/lib:/home/ytxu/cr_dvrk_ws/install/sawControllersAll/lib:/home/ytxu/cr_dvrk_ws/install/sawKeyboardAll/lib:/home/ytxu/cr_dvrk_ws/install/dvrk_arms_from_ros/lib:/home/ytxu/cr_dvrk_ws/install/cisst_ros_crtk/lib:/home/ytxu/cr_dvrk_ws/install/crtk_msgs/lib:/home/ytxu/cr_dvrk_ws/install/cisst_ros_bridge/lib:/home/ytxu/cr_dvrk_ws/install/cisst_msgs/lib:/opt/ros/humble/opt/rviz_ogre_vendor/lib:/opt/ros/humble/lib/x86_64-linux-gnu:/opt/ros/humble/lib PATH=/home/ytxu/cr_dvrk_ws/install/cisst/bin:/home/ytxu/cr_dvrk_ws/install/cisst/bin:/home/ytxu/cr_dvrk_ws/install/sawIntuitiveResearchKitCore/bin:/home/ytxu/cr_dvrk_ws/install/sawTextToSpeechAll/bin:/home/ytxu/cr_dvrk_ws/install/sawRobotIO1394Core/bin:/home/ytxu/cr_dvrk_ws/install/sawControllersAll/bin:/opt/ros/humble/bin:/home/ytxu/.local/bin:/usr/local/sbin:/usr/local/bin:/usr/sbin:/usr/bin:/sbin:/bin:/usr/games:/usr/local/games:/usr/lib/wsl/lib:/mnt/c/WINDOWS/system32:/mnt/c/WINDOWS:/mnt/c/WINDOWS/System32/Wbem:/mnt/c/WINDOWS/System32/WindowsPowerShell/v1.0/:/mnt/c/WINDOWS/System32/OpenSSH/:/mnt/c/Program Files/MATLAB/R2024a/bin:/mnt/c/Program Files/CMake/bin:/mnt/c/Program Files (x86)/Incredibuild:/mnt/c/ProgramData/chocolatey/bin:/mnt/c/Program Files/Git/cmd:/mnt/c/Program Files/usbipd-win/:/mnt/c/Users/Morimoto_Lab/AppData/Local/Microsoft/WindowsApps:/mnt/c/Users/Morimoto_Lab/AppData/Local/GitHubDesktop/bin:/mnt/c/Users/Morimoto_Lab/AppData/Local/Programs/Microsoft VS Code/bin:/snap/bin PKG_CONFIG_PATH=/home/ytxu/cr_dvrk_ws/install/cisst/lib/x86_64-linux-gnu/pkgconfig:/home/ytxu/cr_dvrk_ws/install/cisst/lib/pkgconfig:/home/ytxu/cr_dvrk_ws/install/cisstNetlib/lib/x86_64-linux-gnu/pkgconfig:/home/ytxu/cr_dvrk_ws/install/cisstNetlib/lib/pkgconfig:/home/ytxu/cr_dvrk_ws/install/dvrk_config_jhu/lib/x86_64-linux-gnu/pkgconfig:/home/ytxu/cr_dvrk_ws/install/dvrk_config_jhu/lib/pkgconfig PYTHONPATH=/home/ytxu/cr_dvrk_ws/install/cisst/lib:${PYTHONPATH} /usr/bin/cmake --install /home/ytxu/cr_dvrk_ws/build/sawRobotIO1394Core
