[0.110s] Invoking command in '/home/ytxu/cr_dvrk_ws/build/crtk_python_client': AMENT_PREFIX_PATH=/home/ytxu/cr_dvrk_ws/install/crtk_msgs:${AMENT_PREFIX_PATH} CMAKE_PREFIX_PATH=/home/ytxu/cr_dvrk_ws/install/crtk_msgs:/home/ytxu/cr-dvrk-rviz/install/test_scripts:/home/ytxu/cr-dvrk-rviz/install/teleop_cr_psm:/home/ytxu/cr-dvrk-rviz/install/cr_dvrk_kinematics:/home/ytxu/ctr_tr_model/install/pub_ctr_kinematics:/opt/ros/humble LD_LIBRARY_PATH=/home/ytxu/cr_dvrk_ws/install/crtk_msgs/lib:${LD_LIBRARY_PATH} PYTHONPATH=/home/ytxu/cr_dvrk_ws/install/crtk_msgs/local/lib/python3.10/dist-packages:${PYTHONPATH} /usr/bin/cmake /home/ytxu/cr_dvrk_ws/src/crtk/crtk_python_client -DCMAKE_BUILD_TYPE=Release -DAMENT_CMAKE_SYMLINK_INSTALL=1 -DCMAKE_INSTALL_PREFIX=/home/ytxu/cr_dvrk_ws/install/crtk_python_client
[0.326s] -- The C compiler identification is GNU 11.4.0
[0.722s] -- The CXX compiler identification is GNU 11.4.0
[0.919s] -- Detecting C compiler ABI info
[1.140s] -- Detecting C compiler ABI info - done
[1.165s] -- Check for working C compiler: /usr/bin/cc - skipped
[1.165s] -- Detecting C compile features
[1.165s] -- Detecting C compile features - done
[1.170s] -- Detecting CXX compiler ABI info
[1.419s] -- Detecting CXX compiler ABI info - done
[1.443s] -- Check for working CXX compiler: /usr/bin/c++ - skipped
[1.444s] -- Detecting CXX compile features
[1.444s] -- Detecting CXX compile features - done
[2.885s] -- Found Python3: /usr/bin/python3 (found version "3.10.12") found components: Interpreter 
[3.070s] -- Override CMake install command with custom implementation using symlinks instead of copying resources
[3.512s] -- Configuring done
[3.542s] -- Generating done
[3.547s] -- Build files have been written to: /home/ytxu/cr_dvrk_ws/build/crtk_python_client
[3.553s] Invoked command in '/home/ytxu/cr_dvrk_ws/build/crtk_python_client' returned '0': AMENT_PREFIX_PATH=/home/ytxu/cr_dvrk_ws/install/crtk_msgs:${AMENT_PREFIX_PATH} CMAKE_PREFIX_PATH=/home/ytxu/cr_dvrk_ws/install/crtk_msgs:/home/ytxu/cr-dvrk-rviz/install/test_scripts:/home/ytxu/cr-dvrk-rviz/install/teleop_cr_psm:/home/ytxu/cr-dvrk-rviz/install/cr_dvrk_kinematics:/home/ytxu/ctr_tr_model/install/pub_ctr_kinematics:/opt/ros/humble LD_LIBRARY_PATH=/home/ytxu/cr_dvrk_ws/install/crtk_msgs/lib:${LD_LIBRARY_PATH} PYTHONPATH=/home/ytxu/cr_dvrk_ws/install/crtk_msgs/local/lib/python3.10/dist-packages:${PYTHONPATH} /usr/bin/cmake /home/ytxu/cr_dvrk_ws/src/crtk/crtk_python_client -DCMAKE_BUILD_TYPE=Release -DAMENT_CMAKE_SYMLINK_INSTALL=1 -DCMAKE_INSTALL_PREFIX=/home/ytxu/cr_dvrk_ws/install/crtk_python_client
[3.554s] Invoking command in '/home/ytxu/cr_dvrk_ws/build/crtk_python_client': AMENT_PREFIX_PATH=/home/ytxu/cr_dvrk_ws/install/crtk_msgs:${AMENT_PREFIX_PATH} CMAKE_PREFIX_PATH=/home/ytxu/cr_dvrk_ws/install/crtk_msgs:/home/ytxu/cr-dvrk-rviz/install/test_scripts:/home/ytxu/cr-dvrk-rviz/install/teleop_cr_psm:/home/ytxu/cr-dvrk-rviz/install/cr_dvrk_kinematics:/home/ytxu/ctr_tr_model/install/pub_ctr_kinematics:/opt/ros/humble LD_LIBRARY_PATH=/home/ytxu/cr_dvrk_ws/install/crtk_msgs/lib:${LD_LIBRARY_PATH} PYTHONPATH=/home/ytxu/cr_dvrk_ws/install/crtk_msgs/local/lib/python3.10/dist-packages:${PYTHONPATH} /usr/bin/cmake --build /home/ytxu/cr_dvrk_ws/build/crtk_python_client -- -j12 -l12
[3.692s] Built target ament_cmake_python_symlink_crtk
[4.185s] running egg_info
[4.190s] creating crtk.egg-info
[4.190s] writing crtk.egg-info/PKG-INFO
[4.190s] writing dependency_links to crtk.egg-info/dependency_links.txt
[4.190s] writing top-level names to crtk.egg-info/top_level.txt
[4.198s] writing manifest file 'crtk.egg-info/SOURCES.txt'
[4.198s] reading manifest file 'crtk.egg-info/SOURCES.txt'
[4.198s] writing manifest file 'crtk.egg-info/SOURCES.txt'
[4.269s] Built target ament_cmake_python_build_crtk_egg
[4.293s] Invoked command in '/home/ytxu/cr_dvrk_ws/build/crtk_python_client' returned '0': AMENT_PREFIX_PATH=/home/ytxu/cr_dvrk_ws/install/crtk_msgs:${AMENT_PREFIX_PATH} CMAKE_PREFIX_PATH=/home/ytxu/cr_dvrk_ws/install/crtk_msgs:/home/ytxu/cr-dvrk-rviz/install/test_scripts:/home/ytxu/cr-dvrk-rviz/install/teleop_cr_psm:/home/ytxu/cr-dvrk-rviz/install/cr_dvrk_kinematics:/home/ytxu/ctr_tr_model/install/pub_ctr_kinematics:/opt/ros/humble LD_LIBRARY_PATH=/home/ytxu/cr_dvrk_ws/install/crtk_msgs/lib:${LD_LIBRARY_PATH} PYTHONPATH=/home/ytxu/cr_dvrk_ws/install/crtk_msgs/local/lib/python3.10/dist-packages:${PYTHONPATH} /usr/bin/cmake --build /home/ytxu/cr_dvrk_ws/build/crtk_python_client -- -j12 -l12
[4.296s] Invoking command in '/home/ytxu/cr_dvrk_ws/build/crtk_python_client': AMENT_PREFIX_PATH=/home/ytxu/cr_dvrk_ws/install/crtk_msgs:${AMENT_PREFIX_PATH} CMAKE_PREFIX_PATH=/home/ytxu/cr_dvrk_ws/install/crtk_msgs:/home/ytxu/cr-dvrk-rviz/install/test_scripts:/home/ytxu/cr-dvrk-rviz/install/teleop_cr_psm:/home/ytxu/cr-dvrk-rviz/install/cr_dvrk_kinematics:/home/ytxu/ctr_tr_model/install/pub_ctr_kinematics:/opt/ros/humble LD_LIBRARY_PATH=/home/ytxu/cr_dvrk_ws/install/crtk_msgs/lib:${LD_LIBRARY_PATH} PYTHONPATH=/home/ytxu/cr_dvrk_ws/install/crtk_msgs/local/lib/python3.10/dist-packages:${PYTHONPATH} /usr/bin/cmake --install /home/ytxu/cr_dvrk_ws/build/crtk_python_client
[4.312s] -- Install configuration: "Release"
[4.313s] -- Execute custom install script
[4.316s] -- Symlinking: /home/ytxu/cr_dvrk_ws/install/crtk_python_client/share/crtk_python_client/environment/pythonpath.sh
[4.339s] -- Symlinking: /home/ytxu/cr_dvrk_ws/install/crtk_python_client/share/crtk_python_client/environment/pythonpath.dsv
[4.371s] -- Symlinking: /home/ytxu/cr_dvrk_ws/install/crtk_python_client/local/lib/python3.10/dist-packages/crtk-1.3.1-py3.10.egg-info/PKG-INFO
[4.413s] -- Symlinking: /home/ytxu/cr_dvrk_ws/install/crtk_python_client/local/lib/python3.10/dist-packages/crtk-1.3.1-py3.10.egg-info/SOURCES.txt
[4.423s] -- Symlinking: /home/ytxu/cr_dvrk_ws/install/crtk_python_client/local/lib/python3.10/dist-packages/crtk-1.3.1-py3.10.egg-info/dependency_links.txt
[4.438s] -- Symlinking: /home/ytxu/cr_dvrk_ws/install/crtk_python_client/local/lib/python3.10/dist-packages/crtk-1.3.1-py3.10.egg-info/top_level.txt
[4.464s] -- Symlinking: /home/ytxu/cr_dvrk_ws/install/crtk_python_client/local/lib/python3.10/dist-packages/crtk/__init__.py
[4.497s] -- Symlinking: /home/ytxu/cr_dvrk_ws/install/crtk_python_client/local/lib/python3.10/dist-packages/crtk/joystick_button.py
[4.516s] -- Symlinking: /home/ytxu/cr_dvrk_ws/install/crtk_python_client/local/lib/python3.10/dist-packages/crtk/measured_cp.py
[4.535s] -- Symlinking: /home/ytxu/cr_dvrk_ws/install/crtk_python_client/local/lib/python3.10/dist-packages/crtk/msg_conversions.py
[4.577s] -- Symlinking: /home/ytxu/cr_dvrk_ws/install/crtk_python_client/local/lib/python3.10/dist-packages/crtk/ral_ros1.py
[4.605s] -- Symlinking: /home/ytxu/cr_dvrk_ws/install/crtk_python_client/local/lib/python3.10/dist-packages/crtk/ral_ros2.py
[4.630s] -- Symlinking: /home/ytxu/cr_dvrk_ws/install/crtk_python_client/local/lib/python3.10/dist-packages/crtk/utils.py
[4.644s] -- Symlinking: /home/ytxu/cr_dvrk_ws/install/crtk_python_client/local/lib/python3.10/dist-packages/crtk/wait_move_handle.py
[4.668s] -- Symlinking: /home/ytxu/cr_dvrk_ws/install/crtk_python_client/lib/crtk_python_client/crtk_haptic_example.py
[4.681s] -- Symlinking: /home/ytxu/cr_dvrk_ws/install/crtk_python_client/lib/crtk_python_client/crtk_move_cp_example.py
[4.695s] -- Symlinking: /home/ytxu/cr_dvrk_ws/install/crtk_python_client/lib/crtk_python_client/crtk_servo_cp_example.py
[4.714s] -- Symlinking: /home/ytxu/cr_dvrk_ws/install/crtk_python_client/lib/crtk_python_client/crtk_servo_cv_example.py
[4.731s] -- Symlinking: /home/ytxu/cr_dvrk_ws/install/crtk_python_client/lib/crtk_python_client/crtk_servo_jp_example.py
[4.754s] -- Symlinking: /home/ytxu/cr_dvrk_ws/install/crtk_python_client/lib/crtk_python_client/crtk_teleop_example.py
[4.778s] -- Symlinking: /home/ytxu/cr_dvrk_ws/install/crtk_python_client/share/ament_index/resource_index/package_run_dependencies/crtk_python_client
[4.817s] -- Symlinking: /home/ytxu/cr_dvrk_ws/install/crtk_python_client/share/ament_index/resource_index/parent_prefix_path/crtk_python_client
[4.851s] -- Symlinking: /home/ytxu/cr_dvrk_ws/install/crtk_python_client/share/crtk_python_client/environment/ament_prefix_path.sh
[4.879s] -- Symlinking: /home/ytxu/cr_dvrk_ws/install/crtk_python_client/share/crtk_python_client/environment/ament_prefix_path.dsv
[4.908s] -- Symlinking: /home/ytxu/cr_dvrk_ws/install/crtk_python_client/share/crtk_python_client/environment/path.sh
[4.923s] -- Symlinking: /home/ytxu/cr_dvrk_ws/install/crtk_python_client/share/crtk_python_client/environment/path.dsv
[4.937s] -- Symlinking: /home/ytxu/cr_dvrk_ws/install/crtk_python_client/share/crtk_python_client/local_setup.bash
[4.954s] -- Symlinking: /home/ytxu/cr_dvrk_ws/install/crtk_python_client/share/crtk_python_client/local_setup.sh
[4.982s] -- Symlinking: /home/ytxu/cr_dvrk_ws/install/crtk_python_client/share/crtk_python_client/local_setup.zsh
[5.012s] -- Symlinking: /home/ytxu/cr_dvrk_ws/install/crtk_python_client/share/crtk_python_client/local_setup.dsv
[5.043s] -- Symlinking: /home/ytxu/cr_dvrk_ws/install/crtk_python_client/share/crtk_python_client/package.dsv
[5.075s] -- Symlinking: /home/ytxu/cr_dvrk_ws/install/crtk_python_client/share/ament_index/resource_index/packages/crtk_python_client
[5.089s] -- Symlinking: /home/ytxu/cr_dvrk_ws/install/crtk_python_client/share/crtk_python_client/cmake/crtk_python_clientConfig.cmake
[5.105s] -- Symlinking: /home/ytxu/cr_dvrk_ws/install/crtk_python_client/share/crtk_python_client/cmake/crtk_python_clientConfig-version.cmake
[5.123s] -- Symlinking: /home/ytxu/cr_dvrk_ws/install/crtk_python_client/share/crtk_python_client/package.xml
[5.300s] Listing '/home/ytxu/cr_dvrk_ws/install/crtk_python_client/local/lib/python3.10/dist-packages/crtk'...
[5.300s] Compiling '/home/ytxu/cr_dvrk_ws/install/crtk_python_client/local/lib/python3.10/dist-packages/crtk/__init__.py'...
[5.300s] Compiling '/home/ytxu/cr_dvrk_ws/install/crtk_python_client/local/lib/python3.10/dist-packages/crtk/joystick_button.py'...
[5.300s] Compiling '/home/ytxu/cr_dvrk_ws/install/crtk_python_client/local/lib/python3.10/dist-packages/crtk/measured_cp.py'...
[5.300s] Compiling '/home/ytxu/cr_dvrk_ws/install/crtk_python_client/local/lib/python3.10/dist-packages/crtk/msg_conversions.py'...
[5.300s] Compiling '/home/ytxu/cr_dvrk_ws/install/crtk_python_client/local/lib/python3.10/dist-packages/crtk/ral_ros1.py'...
[5.300s] Compiling '/home/ytxu/cr_dvrk_ws/install/crtk_python_client/local/lib/python3.10/dist-packages/crtk/ral_ros2.py'...
[5.300s] Compiling '/home/ytxu/cr_dvrk_ws/install/crtk_python_client/local/lib/python3.10/dist-packages/crtk/utils.py'...
[5.300s] Compiling '/home/ytxu/cr_dvrk_ws/install/crtk_python_client/local/lib/python3.10/dist-packages/crtk/wait_move_handle.py'...
[5.326s] Invoked command in '/home/ytxu/cr_dvrk_ws/build/crtk_python_client' returned '0': AMENT_PREFIX_PATH=/home/ytxu/cr_dvrk_ws/install/crtk_msgs:${AMENT_PREFIX_PATH} CMAKE_PREFIX_PATH=/home/ytxu/cr_dvrk_ws/install/crtk_msgs:/home/ytxu/cr-dvrk-rviz/install/test_scripts:/home/ytxu/cr-dvrk-rviz/install/teleop_cr_psm:/home/ytxu/cr-dvrk-rviz/install/cr_dvrk_kinematics:/home/ytxu/ctr_tr_model/install/pub_ctr_kinematics:/opt/ros/humble LD_LIBRARY_PATH=/home/ytxu/cr_dvrk_ws/install/crtk_msgs/lib:${LD_LIBRARY_PATH} PYTHONPATH=/home/ytxu/cr_dvrk_ws/install/crtk_msgs/local/lib/python3.10/dist-packages:${PYTHONPATH} /usr/bin/cmake --install /home/ytxu/cr_dvrk_ws/build/crtk_python_client
