[0.037s] Invoking command in '/home/ytxu/cr_dvrk_ws/build/crtk_msgs': CMAKE_PREFIX_PATH=/home/ytxu/cr-dvrk-rviz/install/test_scripts:/home/ytxu/cr-dvrk-rviz/install/teleop_cr_psm:/home/ytxu/cr-dvrk-rviz/install/cr_dvrk_kinematics:/home/ytxu/ctr_tr_model/install/pub_ctr_kinematics:/opt/ros/humble /usr/bin/cmake --build /home/ytxu/cr_dvrk_ws/build/crtk_msgs -- -j12 -l12
[0.218s] [35m[1mConsolidate compiler generated dependencies of target crtk_msgs__rosidl_generator_c[0m
[0.218s] [  1%] Built target crtk_msgs__cpp
[0.221s] [  1%] Built target ament_cmake_python_symlink_crtk_msgs
[0.230s] [35m[1mConsolidate compiler generated dependencies of target crtk_msgs__rosidl_typesupport_cpp[0m
[0.235s] [35m[1mConsolidate compiler generated dependencies of target crtk_msgs__rosidl_typesupport_introspection_cpp[0m
[0.236s] [35m[1mConsolidate compiler generated dependencies of target crtk_msgs__rosidl_typesupport_fastrtps_cpp[0m
[0.236s] [ 12%] Built target crtk_msgs__rosidl_generator_c
[0.248s] [ 24%] Built target crtk_msgs__rosidl_typesupport_cpp
[0.250s] [ 35%] Built target crtk_msgs__rosidl_typesupport_introspection_cpp
[0.251s] [ 46%] Built target crtk_msgs__rosidl_typesupport_fastrtps_cpp
[0.253s] [35m[1mConsolidate compiler generated dependencies of target crtk_msgs__rosidl_typesupport_fastrtps_c[0m
[0.255s] [35m[1mConsolidate compiler generated dependencies of target crtk_msgs__rosidl_typesupport_c[0m
[0.255s] [35m[1mConsolidate compiler generated dependencies of target crtk_msgs__rosidl_typesupport_introspection_c[0m
[0.271s] [ 58%] Built target crtk_msgs__rosidl_typesupport_c
[0.276s] [ 69%] Built target crtk_msgs__rosidl_typesupport_introspection_c
[0.281s] [ 81%] Built target crtk_msgs__rosidl_typesupport_fastrtps_c
[0.297s] [ 81%] Built target crtk_msgs
[0.325s] [ 82%] Built target crtk_msgs__py
[0.343s] [35m[1mConsolidate compiler generated dependencies of target crtk_msgs__rosidl_generator_py[0m
[0.362s] [ 92%] Built target crtk_msgs__rosidl_generator_py
[0.377s] [35m[1mConsolidate compiler generated dependencies of target crtk_msgs__rosidl_typesupport_fastrtps_c__pyext[0m
[0.379s] [35m[1mConsolidate compiler generated dependencies of target crtk_msgs__rosidl_typesupport_introspection_c__pyext[0m
[0.379s] [35m[1mConsolidate compiler generated dependencies of target crtk_msgs__rosidl_typesupport_c__pyext[0m
[0.392s] [ 96%] Built target crtk_msgs__rosidl_typesupport_introspection_c__pyext
[0.392s] [ 97%] Built target crtk_msgs__rosidl_typesupport_fastrtps_c__pyext
[0.393s] [100%] Built target crtk_msgs__rosidl_typesupport_c__pyext
[0.496s] running egg_info
[0.497s] writing crtk_msgs.egg-info/PKG-INFO
[0.497s] writing dependency_links to crtk_msgs.egg-info/dependency_links.txt
[0.497s] writing top-level names to crtk_msgs.egg-info/top_level.txt
[0.499s] reading manifest file 'crtk_msgs.egg-info/SOURCES.txt'
[0.500s] writing manifest file 'crtk_msgs.egg-info/SOURCES.txt'
[0.524s] [100%] Built target ament_cmake_python_build_crtk_msgs_egg
[0.540s] Invoked command in '/home/ytxu/cr_dvrk_ws/build/crtk_msgs' returned '0': CMAKE_PREFIX_PATH=/home/ytxu/cr-dvrk-rviz/install/test_scripts:/home/ytxu/cr-dvrk-rviz/install/teleop_cr_psm:/home/ytxu/cr-dvrk-rviz/install/cr_dvrk_kinematics:/home/ytxu/ctr_tr_model/install/pub_ctr_kinematics:/opt/ros/humble /usr/bin/cmake --build /home/ytxu/cr_dvrk_ws/build/crtk_msgs -- -j12 -l12
[0.543s] Invoking command in '/home/ytxu/cr_dvrk_ws/build/crtk_msgs': CMAKE_PREFIX_PATH=/home/ytxu/cr-dvrk-rviz/install/test_scripts:/home/ytxu/cr-dvrk-rviz/install/teleop_cr_psm:/home/ytxu/cr-dvrk-rviz/install/cr_dvrk_kinematics:/home/ytxu/ctr_tr_model/install/pub_ctr_kinematics:/opt/ros/humble /usr/bin/cmake --install /home/ytxu/cr_dvrk_ws/build/crtk_msgs
[0.551s] -- Install configuration: "Release"
[0.551s] -- Execute custom install script
[0.553s] -- Up-to-date symlink: /home/ytxu/cr_dvrk_ws/install/crtk_msgs/share/ament_index/resource_index/rosidl_interfaces/crtk_msgs
[0.555s] -- Up-to-date symlink: /home/ytxu/cr_dvrk_ws/install/crtk_msgs/include/crtk_msgs/crtk_msgs/msg/cartesian_impedance.h
[0.555s] -- Up-to-date symlink: /home/ytxu/cr_dvrk_ws/install/crtk_msgs/include/crtk_msgs/crtk_msgs/msg/cartesian_impedance_half_plane_gains.h
[0.556s] -- Up-to-date symlink: /home/ytxu/cr_dvrk_ws/install/crtk_msgs/include/crtk_msgs/crtk_msgs/msg/detail/cartesian_impedance__functions.h
[0.556s] -- Up-to-date symlink: /home/ytxu/cr_dvrk_ws/install/crtk_msgs/include/crtk_msgs/crtk_msgs/msg/detail/cartesian_impedance__struct.h
[0.556s] -- Up-to-date symlink: /home/ytxu/cr_dvrk_ws/install/crtk_msgs/include/crtk_msgs/crtk_msgs/msg/detail/cartesian_impedance__type_support.h
[0.557s] -- Up-to-date symlink: /home/ytxu/cr_dvrk_ws/install/crtk_msgs/include/crtk_msgs/crtk_msgs/msg/detail/cartesian_impedance_half_plane_gains__functions.h
[0.557s] -- Up-to-date symlink: /home/ytxu/cr_dvrk_ws/install/crtk_msgs/include/crtk_msgs/crtk_msgs/msg/detail/cartesian_impedance_half_plane_gains__struct.h
[0.557s] -- Up-to-date symlink: /home/ytxu/cr_dvrk_ws/install/crtk_msgs/include/crtk_msgs/crtk_msgs/msg/detail/cartesian_impedance_half_plane_gains__type_support.h
[0.558s] -- Up-to-date symlink: /home/ytxu/cr_dvrk_ws/install/crtk_msgs/include/crtk_msgs/crtk_msgs/msg/detail/operating_state__functions.h
[0.558s] -- Up-to-date symlink: /home/ytxu/cr_dvrk_ws/install/crtk_msgs/include/crtk_msgs/crtk_msgs/msg/detail/operating_state__struct.h
[0.559s] -- Up-to-date symlink: /home/ytxu/cr_dvrk_ws/install/crtk_msgs/include/crtk_msgs/crtk_msgs/msg/detail/operating_state__type_support.h
[0.559s] -- Up-to-date symlink: /home/ytxu/cr_dvrk_ws/install/crtk_msgs/include/crtk_msgs/crtk_msgs/msg/detail/string_stamped__functions.h
[0.559s] -- Up-to-date symlink: /home/ytxu/cr_dvrk_ws/install/crtk_msgs/include/crtk_msgs/crtk_msgs/msg/detail/string_stamped__struct.h
[0.560s] -- Up-to-date symlink: /home/ytxu/cr_dvrk_ws/install/crtk_msgs/include/crtk_msgs/crtk_msgs/msg/detail/string_stamped__type_support.h
[0.560s] -- Up-to-date symlink: /home/ytxu/cr_dvrk_ws/install/crtk_msgs/include/crtk_msgs/crtk_msgs/msg/operating_state.h
[0.560s] -- Up-to-date symlink: /home/ytxu/cr_dvrk_ws/install/crtk_msgs/include/crtk_msgs/crtk_msgs/msg/rosidl_generator_c__visibility_control.h
[0.561s] -- Up-to-date symlink: /home/ytxu/cr_dvrk_ws/install/crtk_msgs/include/crtk_msgs/crtk_msgs/msg/string_stamped.h
[0.562s] -- Up-to-date symlink: /home/ytxu/cr_dvrk_ws/install/crtk_msgs/include/crtk_msgs/crtk_msgs/srv/detail/query_forward_kinematics__functions.h
[0.562s] -- Up-to-date symlink: /home/ytxu/cr_dvrk_ws/install/crtk_msgs/include/crtk_msgs/crtk_msgs/srv/detail/query_forward_kinematics__struct.h
[0.563s] -- Up-to-date symlink: /home/ytxu/cr_dvrk_ws/install/crtk_msgs/include/crtk_msgs/crtk_msgs/srv/detail/query_forward_kinematics__type_support.h
[0.563s] -- Up-to-date symlink: /home/ytxu/cr_dvrk_ws/install/crtk_msgs/include/crtk_msgs/crtk_msgs/srv/detail/query_inverse_kinematics__functions.h
[0.564s] -- Up-to-date symlink: /home/ytxu/cr_dvrk_ws/install/crtk_msgs/include/crtk_msgs/crtk_msgs/srv/detail/query_inverse_kinematics__struct.h
[0.564s] -- Up-to-date symlink: /home/ytxu/cr_dvrk_ws/install/crtk_msgs/include/crtk_msgs/crtk_msgs/srv/detail/query_inverse_kinematics__type_support.h
[0.564s] -- Up-to-date symlink: /home/ytxu/cr_dvrk_ws/install/crtk_msgs/include/crtk_msgs/crtk_msgs/srv/detail/trigger_operating_state__functions.h
[0.564s] -- Up-to-date symlink: /home/ytxu/cr_dvrk_ws/install/crtk_msgs/include/crtk_msgs/crtk_msgs/srv/detail/trigger_operating_state__struct.h
[0.565s] -- Up-to-date symlink: /home/ytxu/cr_dvrk_ws/install/crtk_msgs/include/crtk_msgs/crtk_msgs/srv/detail/trigger_operating_state__type_support.h
[0.565s] -- Up-to-date symlink: /home/ytxu/cr_dvrk_ws/install/crtk_msgs/include/crtk_msgs/crtk_msgs/srv/query_forward_kinematics.h
[0.566s] -- Up-to-date symlink: /home/ytxu/cr_dvrk_ws/install/crtk_msgs/include/crtk_msgs/crtk_msgs/srv/query_inverse_kinematics.h
[0.567s] -- Up-to-date symlink: /home/ytxu/cr_dvrk_ws/install/crtk_msgs/include/crtk_msgs/crtk_msgs/srv/trigger_operating_state.h
[0.567s] -- Up-to-date symlink: /home/ytxu/cr_dvrk_ws/install/crtk_msgs/share/crtk_msgs/environment/library_path.sh
[0.568s] -- Up-to-date symlink: /home/ytxu/cr_dvrk_ws/install/crtk_msgs/share/crtk_msgs/environment/library_path.dsv
[0.569s] -- Up-to-date symlink: /home/ytxu/cr_dvrk_ws/install/crtk_msgs/include/crtk_msgs/crtk_msgs/msg/detail/cartesian_impedance__rosidl_typesupport_fastrtps_c.h
[0.570s] -- Up-to-date symlink: /home/ytxu/cr_dvrk_ws/install/crtk_msgs/include/crtk_msgs/crtk_msgs/msg/detail/cartesian_impedance_half_plane_gains__rosidl_typesupport_fastrtps_c.h
[0.570s] -- Up-to-date symlink: /home/ytxu/cr_dvrk_ws/install/crtk_msgs/include/crtk_msgs/crtk_msgs/msg/detail/operating_state__rosidl_typesupport_fastrtps_c.h
[0.571s] -- Up-to-date symlink: /home/ytxu/cr_dvrk_ws/install/crtk_msgs/include/crtk_msgs/crtk_msgs/msg/detail/string_stamped__rosidl_typesupport_fastrtps_c.h
[0.571s] -- Up-to-date symlink: /home/ytxu/cr_dvrk_ws/install/crtk_msgs/include/crtk_msgs/crtk_msgs/msg/rosidl_typesupport_fastrtps_c__visibility_control.h
[0.572s] -- Up-to-date symlink: /home/ytxu/cr_dvrk_ws/install/crtk_msgs/include/crtk_msgs/crtk_msgs/srv/detail/query_forward_kinematics__rosidl_typesupport_fastrtps_c.h
[0.572s] -- Up-to-date symlink: /home/ytxu/cr_dvrk_ws/install/crtk_msgs/include/crtk_msgs/crtk_msgs/srv/detail/query_inverse_kinematics__rosidl_typesupport_fastrtps_c.h
[0.572s] -- Up-to-date symlink: /home/ytxu/cr_dvrk_ws/install/crtk_msgs/include/crtk_msgs/crtk_msgs/srv/detail/trigger_operating_state__rosidl_typesupport_fastrtps_c.h
[0.574s] -- Up-to-date symlink: /home/ytxu/cr_dvrk_ws/install/crtk_msgs/include/crtk_msgs/crtk_msgs/msg/cartesian_impedance.hpp
[0.574s] -- Up-to-date symlink: /home/ytxu/cr_dvrk_ws/install/crtk_msgs/include/crtk_msgs/crtk_msgs/msg/cartesian_impedance_half_plane_gains.hpp
[0.574s] -- Up-to-date symlink: /home/ytxu/cr_dvrk_ws/install/crtk_msgs/include/crtk_msgs/crtk_msgs/msg/detail/cartesian_impedance__builder.hpp
[0.575s] -- Up-to-date symlink: /home/ytxu/cr_dvrk_ws/install/crtk_msgs/include/crtk_msgs/crtk_msgs/msg/detail/cartesian_impedance__struct.hpp
[0.575s] -- Up-to-date symlink: /home/ytxu/cr_dvrk_ws/install/crtk_msgs/include/crtk_msgs/crtk_msgs/msg/detail/cartesian_impedance__traits.hpp
[0.576s] -- Up-to-date symlink: /home/ytxu/cr_dvrk_ws/install/crtk_msgs/include/crtk_msgs/crtk_msgs/msg/detail/cartesian_impedance__type_support.hpp
[0.576s] -- Up-to-date symlink: /home/ytxu/cr_dvrk_ws/install/crtk_msgs/include/crtk_msgs/crtk_msgs/msg/detail/cartesian_impedance_half_plane_gains__builder.hpp
[0.577s] -- Up-to-date symlink: /home/ytxu/cr_dvrk_ws/install/crtk_msgs/include/crtk_msgs/crtk_msgs/msg/detail/cartesian_impedance_half_plane_gains__struct.hpp
[0.577s] -- Up-to-date symlink: /home/ytxu/cr_dvrk_ws/install/crtk_msgs/include/crtk_msgs/crtk_msgs/msg/detail/cartesian_impedance_half_plane_gains__traits.hpp
[0.577s] -- Up-to-date symlink: /home/ytxu/cr_dvrk_ws/install/crtk_msgs/include/crtk_msgs/crtk_msgs/msg/detail/cartesian_impedance_half_plane_gains__type_support.hpp
[0.578s] -- Up-to-date symlink: /home/ytxu/cr_dvrk_ws/install/crtk_msgs/include/crtk_msgs/crtk_msgs/msg/detail/operating_state__builder.hpp
[0.578s] -- Up-to-date symlink: /home/ytxu/cr_dvrk_ws/install/crtk_msgs/include/crtk_msgs/crtk_msgs/msg/detail/operating_state__struct.hpp
[0.580s] -- Up-to-date symlink: /home/ytxu/cr_dvrk_ws/install/crtk_msgs/include/crtk_msgs/crtk_msgs/msg/detail/operating_state__traits.hpp
[0.580s] -- Up-to-date symlink: /home/ytxu/cr_dvrk_ws/install/crtk_msgs/include/crtk_msgs/crtk_msgs/msg/detail/operating_state__type_support.hpp
[0.580s] -- Up-to-date symlink: /home/ytxu/cr_dvrk_ws/install/crtk_msgs/include/crtk_msgs/crtk_msgs/msg/detail/string_stamped__builder.hpp
[0.581s] -- Up-to-date symlink: /home/ytxu/cr_dvrk_ws/install/crtk_msgs/include/crtk_msgs/crtk_msgs/msg/detail/string_stamped__struct.hpp
[0.582s] -- Up-to-date symlink: /home/ytxu/cr_dvrk_ws/install/crtk_msgs/include/crtk_msgs/crtk_msgs/msg/detail/string_stamped__traits.hpp
[0.582s] -- Up-to-date symlink: /home/ytxu/cr_dvrk_ws/install/crtk_msgs/include/crtk_msgs/crtk_msgs/msg/detail/string_stamped__type_support.hpp
[0.582s] -- Up-to-date symlink: /home/ytxu/cr_dvrk_ws/install/crtk_msgs/include/crtk_msgs/crtk_msgs/msg/operating_state.hpp
[0.583s] -- Up-to-date symlink: /home/ytxu/cr_dvrk_ws/install/crtk_msgs/include/crtk_msgs/crtk_msgs/msg/rosidl_generator_cpp__visibility_control.hpp
[0.583s] -- Up-to-date symlink: /home/ytxu/cr_dvrk_ws/install/crtk_msgs/include/crtk_msgs/crtk_msgs/msg/string_stamped.hpp
[0.584s] -- Up-to-date symlink: /home/ytxu/cr_dvrk_ws/install/crtk_msgs/include/crtk_msgs/crtk_msgs/srv/detail/query_forward_kinematics__builder.hpp
[0.584s] -- Up-to-date symlink: /home/ytxu/cr_dvrk_ws/install/crtk_msgs/include/crtk_msgs/crtk_msgs/srv/detail/query_forward_kinematics__struct.hpp
[0.585s] -- Up-to-date symlink: /home/ytxu/cr_dvrk_ws/install/crtk_msgs/include/crtk_msgs/crtk_msgs/srv/detail/query_forward_kinematics__traits.hpp
[0.585s] -- Up-to-date symlink: /home/ytxu/cr_dvrk_ws/install/crtk_msgs/include/crtk_msgs/crtk_msgs/srv/detail/query_forward_kinematics__type_support.hpp
[0.586s] -- Up-to-date symlink: /home/ytxu/cr_dvrk_ws/install/crtk_msgs/include/crtk_msgs/crtk_msgs/srv/detail/query_inverse_kinematics__builder.hpp
[0.586s] -- Up-to-date symlink: /home/ytxu/cr_dvrk_ws/install/crtk_msgs/include/crtk_msgs/crtk_msgs/srv/detail/query_inverse_kinematics__struct.hpp
[0.587s] -- Up-to-date symlink: /home/ytxu/cr_dvrk_ws/install/crtk_msgs/include/crtk_msgs/crtk_msgs/srv/detail/query_inverse_kinematics__traits.hpp
[0.587s] -- Up-to-date symlink: /home/ytxu/cr_dvrk_ws/install/crtk_msgs/include/crtk_msgs/crtk_msgs/srv/detail/query_inverse_kinematics__type_support.hpp
[0.588s] -- Up-to-date symlink: /home/ytxu/cr_dvrk_ws/install/crtk_msgs/include/crtk_msgs/crtk_msgs/srv/detail/trigger_operating_state__builder.hpp
[0.588s] -- Up-to-date symlink: /home/ytxu/cr_dvrk_ws/install/crtk_msgs/include/crtk_msgs/crtk_msgs/srv/detail/trigger_operating_state__struct.hpp
[0.589s] -- Up-to-date symlink: /home/ytxu/cr_dvrk_ws/install/crtk_msgs/include/crtk_msgs/crtk_msgs/srv/detail/trigger_operating_state__traits.hpp
[0.589s] -- Up-to-date symlink: /home/ytxu/cr_dvrk_ws/install/crtk_msgs/include/crtk_msgs/crtk_msgs/srv/detail/trigger_operating_state__type_support.hpp
[0.590s] -- Up-to-date symlink: /home/ytxu/cr_dvrk_ws/install/crtk_msgs/include/crtk_msgs/crtk_msgs/srv/query_forward_kinematics.hpp
[0.590s] -- Up-to-date symlink: /home/ytxu/cr_dvrk_ws/install/crtk_msgs/include/crtk_msgs/crtk_msgs/srv/query_inverse_kinematics.hpp
[0.590s] -- Up-to-date symlink: /home/ytxu/cr_dvrk_ws/install/crtk_msgs/include/crtk_msgs/crtk_msgs/srv/trigger_operating_state.hpp
[0.591s] -- Up-to-date symlink: /home/ytxu/cr_dvrk_ws/install/crtk_msgs/include/crtk_msgs/crtk_msgs/msg/detail/cartesian_impedance__rosidl_typesupport_fastrtps_cpp.hpp
[0.592s] -- Up-to-date symlink: /home/ytxu/cr_dvrk_ws/install/crtk_msgs/include/crtk_msgs/crtk_msgs/msg/detail/cartesian_impedance_half_plane_gains__rosidl_typesupport_fastrtps_cpp.hpp
[0.592s] -- Up-to-date symlink: /home/ytxu/cr_dvrk_ws/install/crtk_msgs/include/crtk_msgs/crtk_msgs/msg/detail/operating_state__rosidl_typesupport_fastrtps_cpp.hpp
[0.592s] -- Up-to-date symlink: /home/ytxu/cr_dvrk_ws/install/crtk_msgs/include/crtk_msgs/crtk_msgs/msg/detail/string_stamped__rosidl_typesupport_fastrtps_cpp.hpp
[0.593s] -- Up-to-date symlink: /home/ytxu/cr_dvrk_ws/install/crtk_msgs/include/crtk_msgs/crtk_msgs/msg/rosidl_typesupport_fastrtps_cpp__visibility_control.h
[0.593s] -- Up-to-date symlink: /home/ytxu/cr_dvrk_ws/install/crtk_msgs/include/crtk_msgs/crtk_msgs/srv/detail/query_forward_kinematics__rosidl_typesupport_fastrtps_cpp.hpp
[0.594s] -- Up-to-date symlink: /home/ytxu/cr_dvrk_ws/install/crtk_msgs/include/crtk_msgs/crtk_msgs/srv/detail/query_inverse_kinematics__rosidl_typesupport_fastrtps_cpp.hpp
[0.594s] -- Up-to-date symlink: /home/ytxu/cr_dvrk_ws/install/crtk_msgs/include/crtk_msgs/crtk_msgs/srv/detail/trigger_operating_state__rosidl_typesupport_fastrtps_cpp.hpp
[0.595s] -- Up-to-date symlink: /home/ytxu/cr_dvrk_ws/install/crtk_msgs/include/crtk_msgs/crtk_msgs/msg/detail/cartesian_impedance__rosidl_typesupport_introspection_c.h
[0.595s] -- Up-to-date symlink: /home/ytxu/cr_dvrk_ws/install/crtk_msgs/include/crtk_msgs/crtk_msgs/msg/detail/cartesian_impedance_half_plane_gains__rosidl_typesupport_introspection_c.h
[0.595s] -- Up-to-date symlink: /home/ytxu/cr_dvrk_ws/install/crtk_msgs/include/crtk_msgs/crtk_msgs/msg/detail/operating_state__rosidl_typesupport_introspection_c.h
[0.596s] -- Up-to-date symlink: /home/ytxu/cr_dvrk_ws/install/crtk_msgs/include/crtk_msgs/crtk_msgs/msg/detail/string_stamped__rosidl_typesupport_introspection_c.h
[0.597s] -- Up-to-date symlink: /home/ytxu/cr_dvrk_ws/install/crtk_msgs/include/crtk_msgs/crtk_msgs/msg/rosidl_typesupport_introspection_c__visibility_control.h
[0.597s] -- Up-to-date symlink: /home/ytxu/cr_dvrk_ws/install/crtk_msgs/include/crtk_msgs/crtk_msgs/srv/detail/query_forward_kinematics__rosidl_typesupport_introspection_c.h
[0.598s] -- Up-to-date symlink: /home/ytxu/cr_dvrk_ws/install/crtk_msgs/include/crtk_msgs/crtk_msgs/srv/detail/query_inverse_kinematics__rosidl_typesupport_introspection_c.h
[0.598s] -- Up-to-date symlink: /home/ytxu/cr_dvrk_ws/install/crtk_msgs/include/crtk_msgs/crtk_msgs/srv/detail/trigger_operating_state__rosidl_typesupport_introspection_c.h
[0.599s] -- Up-to-date symlink: /home/ytxu/cr_dvrk_ws/install/crtk_msgs/include/crtk_msgs/crtk_msgs/msg/detail/cartesian_impedance__rosidl_typesupport_introspection_cpp.hpp
[0.599s] -- Up-to-date symlink: /home/ytxu/cr_dvrk_ws/install/crtk_msgs/include/crtk_msgs/crtk_msgs/msg/detail/cartesian_impedance_half_plane_gains__rosidl_typesupport_introspection_cpp.hpp
[0.600s] -- Up-to-date symlink: /home/ytxu/cr_dvrk_ws/install/crtk_msgs/include/crtk_msgs/crtk_msgs/msg/detail/operating_state__rosidl_typesupport_introspection_cpp.hpp
[0.600s] -- Up-to-date symlink: /home/ytxu/cr_dvrk_ws/install/crtk_msgs/include/crtk_msgs/crtk_msgs/msg/detail/string_stamped__rosidl_typesupport_introspection_cpp.hpp
[0.601s] -- Up-to-date symlink: /home/ytxu/cr_dvrk_ws/install/crtk_msgs/include/crtk_msgs/crtk_msgs/srv/detail/query_forward_kinematics__rosidl_typesupport_introspection_cpp.hpp
[0.602s] -- Up-to-date symlink: /home/ytxu/cr_dvrk_ws/install/crtk_msgs/include/crtk_msgs/crtk_msgs/srv/detail/query_inverse_kinematics__rosidl_typesupport_introspection_cpp.hpp
[0.603s] -- Up-to-date symlink: /home/ytxu/cr_dvrk_ws/install/crtk_msgs/include/crtk_msgs/crtk_msgs/srv/detail/trigger_operating_state__rosidl_typesupport_introspection_cpp.hpp
[0.603s] -- Up-to-date symlink: /home/ytxu/cr_dvrk_ws/install/crtk_msgs/share/crtk_msgs/environment/pythonpath.sh
[0.604s] -- Up-to-date symlink: /home/ytxu/cr_dvrk_ws/install/crtk_msgs/share/crtk_msgs/environment/pythonpath.dsv
[0.605s] -- Up-to-date symlink: /home/ytxu/cr_dvrk_ws/install/crtk_msgs/local/lib/python3.10/dist-packages/crtk_msgs-1.2.0-py3.10.egg-info/PKG-INFO
[0.605s] -- Up-to-date symlink: /home/ytxu/cr_dvrk_ws/install/crtk_msgs/local/lib/python3.10/dist-packages/crtk_msgs-1.2.0-py3.10.egg-info/SOURCES.txt
[0.606s] -- Up-to-date symlink: /home/ytxu/cr_dvrk_ws/install/crtk_msgs/local/lib/python3.10/dist-packages/crtk_msgs-1.2.0-py3.10.egg-info/dependency_links.txt
[0.606s] -- Up-to-date symlink: /home/ytxu/cr_dvrk_ws/install/crtk_msgs/local/lib/python3.10/dist-packages/crtk_msgs-1.2.0-py3.10.egg-info/top_level.txt
[0.607s] -- Up-to-date symlink: /home/ytxu/cr_dvrk_ws/install/crtk_msgs/local/lib/python3.10/dist-packages/crtk_msgs/__init__.py
[0.608s] -- Up-to-date symlink: /home/ytxu/cr_dvrk_ws/install/crtk_msgs/local/lib/python3.10/dist-packages/crtk_msgs/_crtk_msgs_s.ep.rosidl_typesupport_c.c
[0.608s] -- Up-to-date symlink: /home/ytxu/cr_dvrk_ws/install/crtk_msgs/local/lib/python3.10/dist-packages/crtk_msgs/_crtk_msgs_s.ep.rosidl_typesupport_fastrtps_c.c
[0.608s] -- Up-to-date symlink: /home/ytxu/cr_dvrk_ws/install/crtk_msgs/local/lib/python3.10/dist-packages/crtk_msgs/_crtk_msgs_s.ep.rosidl_typesupport_introspection_c.c
[0.609s] -- Up-to-date symlink: /home/ytxu/cr_dvrk_ws/install/crtk_msgs/local/lib/python3.10/dist-packages/crtk_msgs/crtk_msgs_s__rosidl_typesupport_c.cpython-310-x86_64-linux-gnu.so
[0.609s] -- Up-to-date symlink: /home/ytxu/cr_dvrk_ws/install/crtk_msgs/local/lib/python3.10/dist-packages/crtk_msgs/crtk_msgs_s__rosidl_typesupport_fastrtps_c.cpython-310-x86_64-linux-gnu.so
[0.609s] -- Up-to-date symlink: /home/ytxu/cr_dvrk_ws/install/crtk_msgs/local/lib/python3.10/dist-packages/crtk_msgs/crtk_msgs_s__rosidl_typesupport_introspection_c.cpython-310-x86_64-linux-gnu.so
[0.610s] -- Up-to-date symlink: /home/ytxu/cr_dvrk_ws/install/crtk_msgs/local/lib/python3.10/dist-packages/crtk_msgs/libcrtk_msgs__rosidl_generator_py.so
[0.611s] -- Up-to-date symlink: /home/ytxu/cr_dvrk_ws/install/crtk_msgs/local/lib/python3.10/dist-packages/crtk_msgs/msg/__init__.py
[0.611s] -- Up-to-date symlink: /home/ytxu/cr_dvrk_ws/install/crtk_msgs/local/lib/python3.10/dist-packages/crtk_msgs/msg/_cartesian_impedance.py
[0.611s] -- Up-to-date symlink: /home/ytxu/cr_dvrk_ws/install/crtk_msgs/local/lib/python3.10/dist-packages/crtk_msgs/msg/_cartesian_impedance_half_plane_gains.py
[0.612s] -- Up-to-date symlink: /home/ytxu/cr_dvrk_ws/install/crtk_msgs/local/lib/python3.10/dist-packages/crtk_msgs/msg/_cartesian_impedance_half_plane_gains_s.c
[0.612s] -- Up-to-date symlink: /home/ytxu/cr_dvrk_ws/install/crtk_msgs/local/lib/python3.10/dist-packages/crtk_msgs/msg/_cartesian_impedance_s.c
[0.613s] -- Up-to-date symlink: /home/ytxu/cr_dvrk_ws/install/crtk_msgs/local/lib/python3.10/dist-packages/crtk_msgs/msg/_operating_state.py
[0.613s] -- Up-to-date symlink: /home/ytxu/cr_dvrk_ws/install/crtk_msgs/local/lib/python3.10/dist-packages/crtk_msgs/msg/_operating_state_s.c
[0.613s] -- Up-to-date symlink: /home/ytxu/cr_dvrk_ws/install/crtk_msgs/local/lib/python3.10/dist-packages/crtk_msgs/msg/_string_stamped.py
[0.614s] -- Up-to-date symlink: /home/ytxu/cr_dvrk_ws/install/crtk_msgs/local/lib/python3.10/dist-packages/crtk_msgs/msg/_string_stamped_s.c
[0.615s] -- Up-to-date symlink: /home/ytxu/cr_dvrk_ws/install/crtk_msgs/local/lib/python3.10/dist-packages/crtk_msgs/srv/__init__.py
[0.615s] -- Up-to-date symlink: /home/ytxu/cr_dvrk_ws/install/crtk_msgs/local/lib/python3.10/dist-packages/crtk_msgs/srv/_query_forward_kinematics.py
[0.615s] -- Up-to-date symlink: /home/ytxu/cr_dvrk_ws/install/crtk_msgs/local/lib/python3.10/dist-packages/crtk_msgs/srv/_query_forward_kinematics_s.c
[0.616s] -- Up-to-date symlink: /home/ytxu/cr_dvrk_ws/install/crtk_msgs/local/lib/python3.10/dist-packages/crtk_msgs/srv/_query_inverse_kinematics.py
[0.616s] -- Up-to-date symlink: /home/ytxu/cr_dvrk_ws/install/crtk_msgs/local/lib/python3.10/dist-packages/crtk_msgs/srv/_query_inverse_kinematics_s.c
[0.616s] -- Up-to-date symlink: /home/ytxu/cr_dvrk_ws/install/crtk_msgs/local/lib/python3.10/dist-packages/crtk_msgs/srv/_trigger_operating_state.py
[0.617s] -- Up-to-date symlink: /home/ytxu/cr_dvrk_ws/install/crtk_msgs/local/lib/python3.10/dist-packages/crtk_msgs/srv/_trigger_operating_state_s.c
[0.617s] -- Up-to-date symlink: /home/ytxu/cr_dvrk_ws/install/crtk_msgs/local/lib/python3.10/dist-packages/crtk_msgs/crtk_msgs_s__rosidl_typesupport_fastrtps_c.cpython-310-x86_64-linux-gnu.so
[0.618s] -- Up-to-date symlink: /home/ytxu/cr_dvrk_ws/install/crtk_msgs/local/lib/python3.10/dist-packages/crtk_msgs/crtk_msgs_s__rosidl_typesupport_introspection_c.cpython-310-x86_64-linux-gnu.so
[0.618s] -- Up-to-date symlink: /home/ytxu/cr_dvrk_ws/install/crtk_msgs/local/lib/python3.10/dist-packages/crtk_msgs/crtk_msgs_s__rosidl_typesupport_c.cpython-310-x86_64-linux-gnu.so
[0.619s] -- Up-to-date symlink: /home/ytxu/cr_dvrk_ws/install/crtk_msgs/share/crtk_msgs/msg/OperatingState.idl
[0.619s] -- Up-to-date symlink: /home/ytxu/cr_dvrk_ws/install/crtk_msgs/share/crtk_msgs/msg/StringStamped.idl
[0.620s] -- Up-to-date symlink: /home/ytxu/cr_dvrk_ws/install/crtk_msgs/share/crtk_msgs/msg/CartesianImpedanceHalfPlaneGains.idl
[0.620s] -- Up-to-date symlink: /home/ytxu/cr_dvrk_ws/install/crtk_msgs/share/crtk_msgs/msg/CartesianImpedance.idl
[0.621s] -- Up-to-date symlink: /home/ytxu/cr_dvrk_ws/install/crtk_msgs/share/crtk_msgs/srv/TriggerOperatingState.idl
[0.621s] -- Up-to-date symlink: /home/ytxu/cr_dvrk_ws/install/crtk_msgs/share/crtk_msgs/srv/QueryForwardKinematics.idl
[0.622s] -- Up-to-date symlink: /home/ytxu/cr_dvrk_ws/install/crtk_msgs/share/crtk_msgs/srv/QueryInverseKinematics.idl
[0.622s] -- Up-to-date symlink: /home/ytxu/cr_dvrk_ws/install/crtk_msgs/share/crtk_msgs/msg/OperatingState.msg
[0.623s] -- Up-to-date symlink: /home/ytxu/cr_dvrk_ws/install/crtk_msgs/share/crtk_msgs/msg/StringStamped.msg
[0.623s] -- Up-to-date symlink: /home/ytxu/cr_dvrk_ws/install/crtk_msgs/share/crtk_msgs/msg/CartesianImpedanceHalfPlaneGains.msg
[0.623s] -- Up-to-date symlink: /home/ytxu/cr_dvrk_ws/install/crtk_msgs/share/crtk_msgs/msg/CartesianImpedance.msg
[0.624s] -- Up-to-date symlink: /home/ytxu/cr_dvrk_ws/install/crtk_msgs/share/crtk_msgs/srv/TriggerOperatingState.srv
[0.624s] -- Up-to-date symlink: /home/ytxu/cr_dvrk_ws/install/crtk_msgs/share/crtk_msgs/srv/TriggerOperatingState_Request.msg
[0.625s] -- Up-to-date symlink: /home/ytxu/cr_dvrk_ws/install/crtk_msgs/share/crtk_msgs/srv/TriggerOperatingState_Response.msg
[0.625s] -- Up-to-date symlink: /home/ytxu/cr_dvrk_ws/install/crtk_msgs/share/crtk_msgs/srv/QueryForwardKinematics.srv
[0.626s] -- Up-to-date symlink: /home/ytxu/cr_dvrk_ws/install/crtk_msgs/share/crtk_msgs/srv/QueryForwardKinematics_Request.msg
[0.626s] -- Up-to-date symlink: /home/ytxu/cr_dvrk_ws/install/crtk_msgs/share/crtk_msgs/srv/QueryForwardKinematics_Response.msg
[0.626s] -- Up-to-date symlink: /home/ytxu/cr_dvrk_ws/install/crtk_msgs/share/crtk_msgs/srv/QueryInverseKinematics.srv
[0.627s] -- Up-to-date symlink: /home/ytxu/cr_dvrk_ws/install/crtk_msgs/share/crtk_msgs/srv/QueryInverseKinematics_Request.msg
[0.627s] -- Up-to-date symlink: /home/ytxu/cr_dvrk_ws/install/crtk_msgs/share/crtk_msgs/srv/QueryInverseKinematics_Response.msg
[0.628s] -- Up-to-date symlink: /home/ytxu/cr_dvrk_ws/install/crtk_msgs/share/ament_index/resource_index/package_run_dependencies/crtk_msgs
[0.629s] -- Up-to-date symlink: /home/ytxu/cr_dvrk_ws/install/crtk_msgs/share/ament_index/resource_index/parent_prefix_path/crtk_msgs
[0.629s] -- Up-to-date symlink: /home/ytxu/cr_dvrk_ws/install/crtk_msgs/share/crtk_msgs/environment/ament_prefix_path.sh
[0.629s] -- Up-to-date symlink: /home/ytxu/cr_dvrk_ws/install/crtk_msgs/share/crtk_msgs/environment/ament_prefix_path.dsv
[0.630s] -- Up-to-date symlink: /home/ytxu/cr_dvrk_ws/install/crtk_msgs/share/crtk_msgs/environment/path.sh
[0.630s] -- Up-to-date symlink: /home/ytxu/cr_dvrk_ws/install/crtk_msgs/share/crtk_msgs/environment/path.dsv
[0.631s] -- Up-to-date symlink: /home/ytxu/cr_dvrk_ws/install/crtk_msgs/share/crtk_msgs/local_setup.bash
[0.631s] -- Up-to-date symlink: /home/ytxu/cr_dvrk_ws/install/crtk_msgs/share/crtk_msgs/local_setup.sh
[0.632s] -- Up-to-date symlink: /home/ytxu/cr_dvrk_ws/install/crtk_msgs/share/crtk_msgs/local_setup.zsh
[0.632s] -- Up-to-date symlink: /home/ytxu/cr_dvrk_ws/install/crtk_msgs/share/crtk_msgs/local_setup.dsv
[0.632s] -- Symlinking: /home/ytxu/cr_dvrk_ws/install/crtk_msgs/share/crtk_msgs/package.dsv
[0.641s] -- Up-to-date symlink: /home/ytxu/cr_dvrk_ws/install/crtk_msgs/share/ament_index/resource_index/packages/crtk_msgs
[0.642s] -- Up-to-date symlink: /home/ytxu/cr_dvrk_ws/install/crtk_msgs/share/crtk_msgs/cmake/rosidl_cmake-extras.cmake
[0.642s] -- Up-to-date symlink: /home/ytxu/cr_dvrk_ws/install/crtk_msgs/share/crtk_msgs/cmake/ament_cmake_export_dependencies-extras.cmake
[0.643s] -- Up-to-date symlink: /home/ytxu/cr_dvrk_ws/install/crtk_msgs/share/crtk_msgs/cmake/ament_cmake_export_include_directories-extras.cmake
[0.643s] -- Up-to-date symlink: /home/ytxu/cr_dvrk_ws/install/crtk_msgs/share/crtk_msgs/cmake/ament_cmake_export_libraries-extras.cmake
[0.644s] -- Up-to-date symlink: /home/ytxu/cr_dvrk_ws/install/crtk_msgs/share/crtk_msgs/cmake/ament_cmake_export_targets-extras.cmake
[0.644s] -- Up-to-date symlink: /home/ytxu/cr_dvrk_ws/install/crtk_msgs/share/crtk_msgs/cmake/rosidl_cmake_export_typesupport_targets-extras.cmake
[0.645s] -- Up-to-date symlink: /home/ytxu/cr_dvrk_ws/install/crtk_msgs/share/crtk_msgs/cmake/rosidl_cmake_export_typesupport_libraries-extras.cmake
[0.645s] -- Up-to-date symlink: /home/ytxu/cr_dvrk_ws/install/crtk_msgs/share/crtk_msgs/cmake/crtk_msgsConfig.cmake
[0.647s] -- Up-to-date symlink: /home/ytxu/cr_dvrk_ws/install/crtk_msgs/share/crtk_msgs/cmake/crtk_msgsConfig-version.cmake
[0.647s] -- Up-to-date symlink: /home/ytxu/cr_dvrk_ws/install/crtk_msgs/share/crtk_msgs/package.xml
[0.649s] -- Up-to-date: /home/ytxu/cr_dvrk_ws/install/crtk_msgs/lib/libcrtk_msgs__rosidl_generator_c.so
[0.650s] -- Up-to-date: /home/ytxu/cr_dvrk_ws/install/crtk_msgs/lib/libcrtk_msgs__rosidl_typesupport_fastrtps_c.so
[0.651s] -- Up-to-date: /home/ytxu/cr_dvrk_ws/install/crtk_msgs/lib/libcrtk_msgs__rosidl_typesupport_fastrtps_cpp.so
[0.653s] -- Up-to-date: /home/ytxu/cr_dvrk_ws/install/crtk_msgs/lib/libcrtk_msgs__rosidl_typesupport_introspection_c.so
[0.656s] -- Up-to-date: /home/ytxu/cr_dvrk_ws/install/crtk_msgs/lib/libcrtk_msgs__rosidl_typesupport_c.so
[0.658s] -- Up-to-date: /home/ytxu/cr_dvrk_ws/install/crtk_msgs/lib/libcrtk_msgs__rosidl_typesupport_introspection_cpp.so
[0.659s] -- Up-to-date: /home/ytxu/cr_dvrk_ws/install/crtk_msgs/lib/libcrtk_msgs__rosidl_typesupport_cpp.so
[0.698s] Listing '/home/ytxu/cr_dvrk_ws/install/crtk_msgs/local/lib/python3.10/dist-packages/crtk_msgs'...
[0.698s] Listing '/home/ytxu/cr_dvrk_ws/install/crtk_msgs/local/lib/python3.10/dist-packages/crtk_msgs/msg'...
[0.698s] Listing '/home/ytxu/cr_dvrk_ws/install/crtk_msgs/local/lib/python3.10/dist-packages/crtk_msgs/srv'...
[0.703s] -- Up-to-date: /home/ytxu/cr_dvrk_ws/install/crtk_msgs/lib/libcrtk_msgs__rosidl_generator_py.so
[0.704s] -- Up-to-date: /home/ytxu/cr_dvrk_ws/install/crtk_msgs/share/crtk_msgs/cmake/export_crtk_msgs__rosidl_generator_cExport.cmake
[0.704s] -- Up-to-date: /home/ytxu/cr_dvrk_ws/install/crtk_msgs/share/crtk_msgs/cmake/export_crtk_msgs__rosidl_generator_cExport-release.cmake
[0.705s] -- Up-to-date: /home/ytxu/cr_dvrk_ws/install/crtk_msgs/share/crtk_msgs/cmake/export_crtk_msgs__rosidl_typesupport_fastrtps_cExport.cmake
[0.705s] -- Up-to-date: /home/ytxu/cr_dvrk_ws/install/crtk_msgs/share/crtk_msgs/cmake/export_crtk_msgs__rosidl_typesupport_fastrtps_cExport-release.cmake
[0.705s] -- Up-to-date: /home/ytxu/cr_dvrk_ws/install/crtk_msgs/share/crtk_msgs/cmake/export_crtk_msgs__rosidl_generator_cppExport.cmake
[0.706s] -- Up-to-date: /home/ytxu/cr_dvrk_ws/install/crtk_msgs/share/crtk_msgs/cmake/export_crtk_msgs__rosidl_typesupport_fastrtps_cppExport.cmake
[0.706s] -- Up-to-date: /home/ytxu/cr_dvrk_ws/install/crtk_msgs/share/crtk_msgs/cmake/export_crtk_msgs__rosidl_typesupport_fastrtps_cppExport-release.cmake
[0.706s] -- Up-to-date: /home/ytxu/cr_dvrk_ws/install/crtk_msgs/share/crtk_msgs/cmake/crtk_msgs__rosidl_typesupport_introspection_cExport.cmake
[0.706s] -- Up-to-date: /home/ytxu/cr_dvrk_ws/install/crtk_msgs/share/crtk_msgs/cmake/crtk_msgs__rosidl_typesupport_introspection_cExport-release.cmake
[0.707s] -- Up-to-date: /home/ytxu/cr_dvrk_ws/install/crtk_msgs/share/crtk_msgs/cmake/crtk_msgs__rosidl_typesupport_cExport.cmake
[0.707s] -- Up-to-date: /home/ytxu/cr_dvrk_ws/install/crtk_msgs/share/crtk_msgs/cmake/crtk_msgs__rosidl_typesupport_cExport-release.cmake
[0.707s] -- Up-to-date: /home/ytxu/cr_dvrk_ws/install/crtk_msgs/share/crtk_msgs/cmake/crtk_msgs__rosidl_typesupport_introspection_cppExport.cmake
[0.707s] -- Up-to-date: /home/ytxu/cr_dvrk_ws/install/crtk_msgs/share/crtk_msgs/cmake/crtk_msgs__rosidl_typesupport_introspection_cppExport-release.cmake
[0.708s] -- Up-to-date: /home/ytxu/cr_dvrk_ws/install/crtk_msgs/share/crtk_msgs/cmake/crtk_msgs__rosidl_typesupport_cppExport.cmake
[0.708s] -- Up-to-date: /home/ytxu/cr_dvrk_ws/install/crtk_msgs/share/crtk_msgs/cmake/crtk_msgs__rosidl_typesupport_cppExport-release.cmake
[0.708s] -- Up-to-date: /home/ytxu/cr_dvrk_ws/install/crtk_msgs/share/crtk_msgs/cmake/export_crtk_msgs__rosidl_generator_pyExport.cmake
[0.709s] -- Up-to-date: /home/ytxu/cr_dvrk_ws/install/crtk_msgs/share/crtk_msgs/cmake/export_crtk_msgs__rosidl_generator_pyExport-release.cmake
[0.711s] Invoked command in '/home/ytxu/cr_dvrk_ws/build/crtk_msgs' returned '0': CMAKE_PREFIX_PATH=/home/ytxu/cr-dvrk-rviz/install/test_scripts:/home/ytxu/cr-dvrk-rviz/install/teleop_cr_psm:/home/ytxu/cr-dvrk-rviz/install/cr_dvrk_kinematics:/home/ytxu/ctr_tr_model/install/pub_ctr_kinematics:/opt/ros/humble /usr/bin/cmake --install /home/ytxu/cr_dvrk_ws/build/crtk_msgs
