[0.038s] Invoking command in '/home/ytxu/cr_dvrk_ws/build/dvrk_hrsv_widget': CMAKE_PREFIX_PATH=/home/ytxu/cr-dvrk-rviz/install/test_scripts:/home/ytxu/cr-dvrk-rviz/install/teleop_cr_psm:/home/ytxu/cr-dvrk-rviz/install/cr_dvrk_kinematics:/home/ytxu/ctr_tr_model/install/pub_ctr_kinematics:/opt/ros/humble /usr/bin/cmake /home/ytxu/cr_dvrk_ws/src/cisst-saw/sawIntuitiveResearchKit/ros/dvrk_hrsv_widget -DCMAKE_BUILD_TYPE=Release -DAMENT_CMAKE_SYMLINK_INSTALL=1 -DCMAKE_INSTALL_PREFIX=/home/ytxu/cr_dvrk_ws/install/dvrk_hrsv_widget
[0.312s] -- The C compiler identification is GNU 11.4.0
[0.586s] -- The CXX compiler identification is GNU 11.4.0
[0.719s] -- Detecting C compiler ABI info
[0.841s] -- Detecting C compiler ABI info - done
[0.852s] -- Check for working C compiler: /usr/bin/cc - skipped
[0.852s] -- Detecting C compile features
[0.853s] -- Detecting C compile features - done
[0.857s] -- Detecting CXX compiler ABI info
[0.994s] -- Detecting CXX compiler ABI info - done
[1.005s] -- Check for working CXX compiler: /usr/bin/c++ - skipped
[1.005s] -- Detecting CXX compile features
[1.006s] -- Detecting CXX compile features - done
[1.557s] -- Found Python3: /usr/bin/python3 (found version "3.10.12") found components: Interpreter 
[1.636s] -- Override CMake install command with custom implementation using symlinks instead of copying resources
[1.667s] -- Found rclcpp: 16.0.14 (/opt/ros/humble/share/rclcpp/cmake)
[1.776s] -- Found rosidl_generator_c: 3.1.7 (/opt/ros/humble/share/rosidl_generator_c/cmake)
[1.780s] -- Found rosidl_adapter: 3.1.7 (/opt/ros/humble/share/rosidl_adapter/cmake)
[1.791s] -- Found rosidl_generator_cpp: 3.1.7 (/opt/ros/humble/share/rosidl_generator_cpp/cmake)
[1.807s] -- Using all available rosidl_typesupport_c: rosidl_typesupport_fastrtps_c;rosidl_typesupport_introspection_c
[1.824s] -- Using all available rosidl_typesupport_cpp: rosidl_typesupport_fastrtps_cpp;rosidl_typesupport_introspection_cpp
[1.881s] -- Found rmw_implementation_cmake: 6.1.2 (/opt/ros/humble/share/rmw_implementation_cmake/cmake)
[1.884s] -- Found rmw_fastrtps_cpp: 6.2.8 (/opt/ros/humble/share/rmw_fastrtps_cpp/cmake)
[2.262s] -- Found OpenSSL: /usr/lib/x86_64-linux-gnu/libcrypto.so (found version "3.0.2")  
[2.595s] -- Found FastRTPS: /opt/ros/humble/include  
[3.487s] -- Using RMW implementation 'rmw_fastrtps_cpp' as default
[3.499s] -- Looking for pthread.h
[3.606s] -- Looking for pthread.h - found
[3.606s] -- Performing Test CMAKE_HAVE_LIBC_PTHREAD
[3.702s] -- Performing Test CMAKE_HAVE_LIBC_PTHREAD - Success
[3.702s] -- Found Threads: TRUE  
[3.751s] -- Found diagnostic_msgs: 4.9.0 (/opt/ros/humble/share/diagnostic_msgs/cmake)
[3.763s] -- Found sensor_msgs: 4.9.0 (/opt/ros/humble/share/sensor_msgs/cmake)
[3.922s] -- Configuring done
[3.957s] -- Generating done
[3.961s] -- Build files have been written to: /home/ytxu/cr_dvrk_ws/build/dvrk_hrsv_widget
[3.970s] Invoked command in '/home/ytxu/cr_dvrk_ws/build/dvrk_hrsv_widget' returned '0': CMAKE_PREFIX_PATH=/home/ytxu/cr-dvrk-rviz/install/test_scripts:/home/ytxu/cr-dvrk-rviz/install/teleop_cr_psm:/home/ytxu/cr-dvrk-rviz/install/cr_dvrk_kinematics:/home/ytxu/ctr_tr_model/install/pub_ctr_kinematics:/opt/ros/humble /usr/bin/cmake /home/ytxu/cr_dvrk_ws/src/cisst-saw/sawIntuitiveResearchKit/ros/dvrk_hrsv_widget -DCMAKE_BUILD_TYPE=Release -DAMENT_CMAKE_SYMLINK_INSTALL=1 -DCMAKE_INSTALL_PREFIX=/home/ytxu/cr_dvrk_ws/install/dvrk_hrsv_widget
[3.971s] Invoking command in '/home/ytxu/cr_dvrk_ws/build/dvrk_hrsv_widget': CMAKE_PREFIX_PATH=/home/ytxu/cr-dvrk-rviz/install/test_scripts:/home/ytxu/cr-dvrk-rviz/install/teleop_cr_psm:/home/ytxu/cr-dvrk-rviz/install/cr_dvrk_kinematics:/home/ytxu/ctr_tr_model/install/pub_ctr_kinematics:/opt/ros/humble /usr/bin/cmake --build /home/ytxu/cr_dvrk_ws/build/dvrk_hrsv_widget -- -j12 -l12
[4.019s] [ 20%] [34m[1mAutomatic MOC for target hrsv_widget[0m
[4.643s] [ 20%] Built target hrsv_widget_autogen
[4.663s] [ 40%] [32mBuilding CXX object CMakeFiles/hrsv_widget.dir/src/main.cpp.o[0m
[4.665s] [ 60%] [32mBuilding CXX object CMakeFiles/hrsv_widget.dir/hrsv_widget_autogen/mocs_compilation.cpp.o[0m
[4.665s] [ 80%] [32mBuilding CXX object CMakeFiles/hrsv_widget.dir/src/hrsv_widget.cpp.o[0m
[42.276s] [100%] [32m[1mLinking CXX executable hrsv_widget[0m
[43.524s] [100%] Built target hrsv_widget
[43.535s] Invoked command in '/home/ytxu/cr_dvrk_ws/build/dvrk_hrsv_widget' returned '0': CMAKE_PREFIX_PATH=/home/ytxu/cr-dvrk-rviz/install/test_scripts:/home/ytxu/cr-dvrk-rviz/install/teleop_cr_psm:/home/ytxu/cr-dvrk-rviz/install/cr_dvrk_kinematics:/home/ytxu/ctr_tr_model/install/pub_ctr_kinematics:/opt/ros/humble /usr/bin/cmake --build /home/ytxu/cr_dvrk_ws/build/dvrk_hrsv_widget -- -j12 -l12
[43.535s] Invoking command in '/home/ytxu/cr_dvrk_ws/build/dvrk_hrsv_widget': CMAKE_PREFIX_PATH=/home/ytxu/cr-dvrk-rviz/install/test_scripts:/home/ytxu/cr-dvrk-rviz/install/teleop_cr_psm:/home/ytxu/cr-dvrk-rviz/install/cr_dvrk_kinematics:/home/ytxu/ctr_tr_model/install/pub_ctr_kinematics:/opt/ros/humble /usr/bin/cmake --install /home/ytxu/cr_dvrk_ws/build/dvrk_hrsv_widget
[43.543s] -- Install configuration: "Release"
[43.543s] -- Execute custom install script
[43.545s] -- Symlinking: /home/ytxu/cr_dvrk_ws/install/dvrk_hrsv_widget/share/ament_index/resource_index/package_run_dependencies/dvrk_hrsv_widget
[43.554s] -- Symlinking: /home/ytxu/cr_dvrk_ws/install/dvrk_hrsv_widget/share/ament_index/resource_index/parent_prefix_path/dvrk_hrsv_widget
[43.562s] -- Symlinking: /home/ytxu/cr_dvrk_ws/install/dvrk_hrsv_widget/share/dvrk_hrsv_widget/environment/ament_prefix_path.sh
[43.574s] -- Symlinking: /home/ytxu/cr_dvrk_ws/install/dvrk_hrsv_widget/share/dvrk_hrsv_widget/environment/ament_prefix_path.dsv
[43.582s] -- Symlinking: /home/ytxu/cr_dvrk_ws/install/dvrk_hrsv_widget/share/dvrk_hrsv_widget/environment/path.sh
[43.591s] -- Symlinking: /home/ytxu/cr_dvrk_ws/install/dvrk_hrsv_widget/share/dvrk_hrsv_widget/environment/path.dsv
[43.599s] -- Symlinking: /home/ytxu/cr_dvrk_ws/install/dvrk_hrsv_widget/share/dvrk_hrsv_widget/local_setup.bash
[43.608s] -- Symlinking: /home/ytxu/cr_dvrk_ws/install/dvrk_hrsv_widget/share/dvrk_hrsv_widget/local_setup.sh
[43.616s] -- Symlinking: /home/ytxu/cr_dvrk_ws/install/dvrk_hrsv_widget/share/dvrk_hrsv_widget/local_setup.zsh
[43.624s] -- Symlinking: /home/ytxu/cr_dvrk_ws/install/dvrk_hrsv_widget/share/dvrk_hrsv_widget/local_setup.dsv
[43.633s] -- Symlinking: /home/ytxu/cr_dvrk_ws/install/dvrk_hrsv_widget/share/dvrk_hrsv_widget/package.dsv
[43.642s] -- Symlinking: /home/ytxu/cr_dvrk_ws/install/dvrk_hrsv_widget/share/ament_index/resource_index/packages/dvrk_hrsv_widget
[43.650s] -- Symlinking: /home/ytxu/cr_dvrk_ws/install/dvrk_hrsv_widget/share/dvrk_hrsv_widget/cmake/dvrk_hrsv_widgetConfig.cmake
[43.659s] -- Symlinking: /home/ytxu/cr_dvrk_ws/install/dvrk_hrsv_widget/share/dvrk_hrsv_widget/cmake/dvrk_hrsv_widgetConfig-version.cmake
[43.668s] -- Symlinking: /home/ytxu/cr_dvrk_ws/install/dvrk_hrsv_widget/share/dvrk_hrsv_widget/package.xml
[43.677s] -- Installing: /home/ytxu/cr_dvrk_ws/install/dvrk_hrsv_widget/lib/dvrk_hrsv_widget/hrsv_widget
[43.679s] -- Set runtime path of "/home/ytxu/cr_dvrk_ws/install/dvrk_hrsv_widget/lib/dvrk_hrsv_widget/hrsv_widget" to ""
[43.681s] Invoked command in '/home/ytxu/cr_dvrk_ws/build/dvrk_hrsv_widget' returned '0': CMAKE_PREFIX_PATH=/home/ytxu/cr-dvrk-rviz/install/test_scripts:/home/ytxu/cr-dvrk-rviz/install/teleop_cr_psm:/home/ytxu/cr-dvrk-rviz/install/cr_dvrk_kinematics:/home/ytxu/ctr_tr_model/install/pub_ctr_kinematics:/opt/ros/humble /usr/bin/cmake --install /home/ytxu/cr_dvrk_ws/build/dvrk_hrsv_widget
