[0.105s] Invoking command in '/home/ytxu/cr_dvrk_ws/build/sawKeyboardAll': CISST_ROOT=/home/ytxu/cr_dvrk_ws/install/cisst CMAKE_PREFIX_PATH=/home/ytxu/cr_dvrk_ws/install/cisst:/home/ytxu/cr_dvrk_ws/install/cisstNetlib LD_LIBRARY_PATH=/home/ytxu/cr_dvrk_ws/install/cisst/lib:/home/ytxu/cr_dvrk_ws/install/cisst/lib:${LD_LIBRARY_PATH} PATH=/home/ytxu/cr_dvrk_ws/install/cisst/bin:/home/ytxu/cr_dvrk_ws/install/cisst/bin:${PATH} PKG_CONFIG_PATH=/home/ytxu/cr_dvrk_ws/install/cisst/lib/x86_64-linux-gnu/pkgconfig:/home/ytxu/cr_dvrk_ws/install/cisst/lib/pkgconfig:/home/ytxu/cr_dvrk_ws/install/cisstNetlib/lib/x86_64-linux-gnu/pkgconfig:/home/ytxu/cr_dvrk_ws/install/cisstNetlib/lib/pkgconfig PYTHONPATH=/home/ytxu/cr_dvrk_ws/install/cisst/lib:${PYTHONPATH} ROS_PACKAGE_PATH=/home/ytxu/cr_dvrk_ws/install/cisst/share /usr/bin/cmake /home/ytxu/cr_dvrk_ws/src/cisst-saw/sawKeyboard -DCMAKE_BUILD_TYPE=Release -DCMAKE_INSTALL_PREFIX=/home/ytxu/cr_dvrk_ws/install/sawKeyboardAll
[0.255s] -- The C compiler identification is GNU 11.4.0
[0.442s] -- The CXX compiler identification is GNU 11.4.0
[0.564s] -- Detecting C compiler ABI info
[0.658s] -- Detecting C compiler ABI info - done
[0.665s] -- Check for working C compiler: /usr/bin/cc - skipped
[0.666s] -- Detecting C compile features
[0.666s] -- Detecting C compile features - done
[0.669s] -- Detecting CXX compiler ABI info
[0.773s] -- Detecting CXX compiler ABI info - done
[0.780s] -- Check for working CXX compiler: /usr/bin/c++ - skipped
[0.780s] -- Detecting CXX compile features
[0.780s] -- Detecting CXX compile features - done
[0.782s] -- Information: cisst has been found in "/home/ytxu/cr_dvrk_ws/install/cisst/", headers are in "/home/ytxu/cr_dvrk_ws/install/cisst//include"
[0.807s] -- Performing Test CXX_SUPPORTS_WEXTRA
[0.908s] -- Performing Test CXX_SUPPORTS_WEXTRA - Success
[0.908s] -- Performing Test CXX_SUPPORTS_WALL
[1.008s] -- Performing Test CXX_SUPPORTS_WALL - Success
[1.118s] -- Information: cisst has been found in "/home/ytxu/cr_dvrk_ws/install/cisst/", headers are in "/home/ytxu/cr_dvrk_ws/install/cisst//include"
[1.137s] -- Assuming cisst is built using ROS/catkin since ROS_ROOT is defined in environment
[1.138s] -- CATKIN_DEVEL_PREFIX is not defined so assuming this is NOT a ROS/catkin build after all
[1.138s] -- Assuming cisst is built using ROS2/colcon since ROS_VERSION is 2
[1.138s] -- Assuming cisst is built using ROS/catkin since ROS_ROOT is defined in environment
[1.138s] -- CATKIN_DEVEL_PREFIX is not defined so assuming this is NOT a ROS/catkin build after all
[1.147s] -- Configuring done
[1.152s] -- Generating done
[1.155s] -- Build files have been written to: /home/ytxu/cr_dvrk_ws/build/sawKeyboardAll
[1.160s] Invoked command in '/home/ytxu/cr_dvrk_ws/build/sawKeyboardAll' returned '0': CISST_ROOT=/home/ytxu/cr_dvrk_ws/install/cisst CMAKE_PREFIX_PATH=/home/ytxu/cr_dvrk_ws/install/cisst:/home/ytxu/cr_dvrk_ws/install/cisstNetlib LD_LIBRARY_PATH=/home/ytxu/cr_dvrk_ws/install/cisst/lib:/home/ytxu/cr_dvrk_ws/install/cisst/lib:${LD_LIBRARY_PATH} PATH=/home/ytxu/cr_dvrk_ws/install/cisst/bin:/home/ytxu/cr_dvrk_ws/install/cisst/bin:${PATH} PKG_CONFIG_PATH=/home/ytxu/cr_dvrk_ws/install/cisst/lib/x86_64-linux-gnu/pkgconfig:/home/ytxu/cr_dvrk_ws/install/cisst/lib/pkgconfig:/home/ytxu/cr_dvrk_ws/install/cisstNetlib/lib/x86_64-linux-gnu/pkgconfig:/home/ytxu/cr_dvrk_ws/install/cisstNetlib/lib/pkgconfig PYTHONPATH=/home/ytxu/cr_dvrk_ws/install/cisst/lib:${PYTHONPATH} ROS_PACKAGE_PATH=/home/ytxu/cr_dvrk_ws/install/cisst/share /usr/bin/cmake /home/ytxu/cr_dvrk_ws/src/cisst-saw/sawKeyboard -DCMAKE_BUILD_TYPE=Release -DCMAKE_INSTALL_PREFIX=/home/ytxu/cr_dvrk_ws/install/sawKeyboardAll
[1.162s] Invoking command in '/home/ytxu/cr_dvrk_ws/build/sawKeyboardAll': CISST_ROOT=/home/ytxu/cr_dvrk_ws/install/cisst CMAKE_PREFIX_PATH=/home/ytxu/cr_dvrk_ws/install/cisst:/home/ytxu/cr_dvrk_ws/install/cisstNetlib LD_LIBRARY_PATH=/home/ytxu/cr_dvrk_ws/install/cisst/lib:/home/ytxu/cr_dvrk_ws/install/cisst/lib:${LD_LIBRARY_PATH} PATH=/home/ytxu/cr_dvrk_ws/install/cisst/bin:/home/ytxu/cr_dvrk_ws/install/cisst/bin:${PATH} PKG_CONFIG_PATH=/home/ytxu/cr_dvrk_ws/install/cisst/lib/x86_64-linux-gnu/pkgconfig:/home/ytxu/cr_dvrk_ws/install/cisst/lib/pkgconfig:/home/ytxu/cr_dvrk_ws/install/cisstNetlib/lib/x86_64-linux-gnu/pkgconfig:/home/ytxu/cr_dvrk_ws/install/cisstNetlib/lib/pkgconfig PYTHONPATH=/home/ytxu/cr_dvrk_ws/install/cisst/lib:${PYTHONPATH} ROS_PACKAGE_PATH=/home/ytxu/cr_dvrk_ws/install/cisst/share /usr/bin/cmake --build /home/ytxu/cr_dvrk_ws/build/sawKeyboardAll -- -j12 -l12
[1.206s] [ 50%] [32mBuilding CXX object components/CMakeFiles/sawKeyboard.dir/code/mtsKeyboard.cpp.o[0m
[4.532s] [100%] [32m[1mLinking CXX shared library /home/ytxu/cr_dvrk_ws/install/cisst/lib/libsawKeyboard.so[0m
[5.135s] [100%] Built target sawKeyboard
[5.154s] Invoked command in '/home/ytxu/cr_dvrk_ws/build/sawKeyboardAll' returned '0': CISST_ROOT=/home/ytxu/cr_dvrk_ws/install/cisst CMAKE_PREFIX_PATH=/home/ytxu/cr_dvrk_ws/install/cisst:/home/ytxu/cr_dvrk_ws/install/cisstNetlib LD_LIBRARY_PATH=/home/ytxu/cr_dvrk_ws/install/cisst/lib:/home/ytxu/cr_dvrk_ws/install/cisst/lib:${LD_LIBRARY_PATH} PATH=/home/ytxu/cr_dvrk_ws/install/cisst/bin:/home/ytxu/cr_dvrk_ws/install/cisst/bin:${PATH} PKG_CONFIG_PATH=/home/ytxu/cr_dvrk_ws/install/cisst/lib/x86_64-linux-gnu/pkgconfig:/home/ytxu/cr_dvrk_ws/install/cisst/lib/pkgconfig:/home/ytxu/cr_dvrk_ws/install/cisstNetlib/lib/x86_64-linux-gnu/pkgconfig:/home/ytxu/cr_dvrk_ws/install/cisstNetlib/lib/pkgconfig PYTHONPATH=/home/ytxu/cr_dvrk_ws/install/cisst/lib:${PYTHONPATH} ROS_PACKAGE_PATH=/home/ytxu/cr_dvrk_ws/install/cisst/share /usr/bin/cmake --build /home/ytxu/cr_dvrk_ws/build/sawKeyboardAll -- -j12 -l12
[5.156s] Invoking command in '/home/ytxu/cr_dvrk_ws/build/sawKeyboardAll': CISST_ROOT=/home/ytxu/cr_dvrk_ws/install/cisst CMAKE_PREFIX_PATH=/home/ytxu/cr_dvrk_ws/install/cisst:/home/ytxu/cr_dvrk_ws/install/cisstNetlib LD_LIBRARY_PATH=/home/ytxu/cr_dvrk_ws/install/cisst/lib:/home/ytxu/cr_dvrk_ws/install/cisst/lib:${LD_LIBRARY_PATH} PATH=/home/ytxu/cr_dvrk_ws/install/cisst/bin:/home/ytxu/cr_dvrk_ws/install/cisst/bin:${PATH} PKG_CONFIG_PATH=/home/ytxu/cr_dvrk_ws/install/cisst/lib/x86_64-linux-gnu/pkgconfig:/home/ytxu/cr_dvrk_ws/install/cisst/lib/pkgconfig:/home/ytxu/cr_dvrk_ws/install/cisstNetlib/lib/x86_64-linux-gnu/pkgconfig:/home/ytxu/cr_dvrk_ws/install/cisstNetlib/lib/pkgconfig PYTHONPATH=/home/ytxu/cr_dvrk_ws/install/cisst/lib:${PYTHONPATH} ROS_PACKAGE_PATH=/home/ytxu/cr_dvrk_ws/install/cisst/share /usr/bin/cmake --install /home/ytxu/cr_dvrk_ws/build/sawKeyboardAll
[5.169s] -- Install configuration: "Release"
[5.172s] -- Installing: /home/ytxu/cr_dvrk_ws/install/sawKeyboardAll/share/sawKeyboard/sawKeyboardConfig.cmake
[5.172s] -- Installing: /home/ytxu/cr_dvrk_ws/install/sawKeyboardAll/share/sawKeyboard/sawKeyboardConfigVersion.cmake
[5.173s] -- Installing: /home/ytxu/cr_dvrk_ws/install/sawKeyboardAll/include/sawKeyboard
[5.174s] -- Installing: /home/ytxu/cr_dvrk_ws/install/sawKeyboardAll/include/sawKeyboard/mtsKeyboard.h
[5.175s] -- Installing: /home/ytxu/cr_dvrk_ws/install/sawKeyboardAll/include/sawKeyboard/sawKeyboardExport.h
[5.175s] -- Up-to-date: /home/ytxu/cr_dvrk_ws/install/sawKeyboardAll/include/sawKeyboard
[5.175s] -- Installing: /home/ytxu/cr_dvrk_ws/install/sawKeyboardAll/include/sawKeyboard/sawKeyboardRevision.h
[5.180s] -- Installing: /home/ytxu/cr_dvrk_ws/install/sawKeyboardAll/lib/libsawKeyboard.so.1.4.0
[5.180s] -- Set runtime path of "/home/ytxu/cr_dvrk_ws/install/sawKeyboardAll/lib/libsawKeyboard.so.1.4.0" to ""
[5.180s] -- Installing: /home/ytxu/cr_dvrk_ws/install/sawKeyboardAll/lib/libsawKeyboard.so
[5.186s] Invoked command in '/home/ytxu/cr_dvrk_ws/build/sawKeyboardAll' returned '0': CISST_ROOT=/home/ytxu/cr_dvrk_ws/install/cisst CMAKE_PREFIX_PATH=/home/ytxu/cr_dvrk_ws/install/cisst:/home/ytxu/cr_dvrk_ws/install/cisstNetlib LD_LIBRARY_PATH=/home/ytxu/cr_dvrk_ws/install/cisst/lib:/home/ytxu/cr_dvrk_ws/install/cisst/lib:${LD_LIBRARY_PATH} PATH=/home/ytxu/cr_dvrk_ws/install/cisst/bin:/home/ytxu/cr_dvrk_ws/install/cisst/bin:${PATH} PKG_CONFIG_PATH=/home/ytxu/cr_dvrk_ws/install/cisst/lib/x86_64-linux-gnu/pkgconfig:/home/ytxu/cr_dvrk_ws/install/cisst/lib/pkgconfig:/home/ytxu/cr_dvrk_ws/install/cisstNetlib/lib/x86_64-linux-gnu/pkgconfig:/home/ytxu/cr_dvrk_ws/install/cisstNetlib/lib/pkgconfig PYTHONPATH=/home/ytxu/cr_dvrk_ws/install/cisst/lib:${PYTHONPATH} ROS_PACKAGE_PATH=/home/ytxu/cr_dvrk_ws/install/cisst/share /usr/bin/cmake --install /home/ytxu/cr_dvrk_ws/build/sawKeyboardAll
