[  2%] [34m[1mPerforming update step for 'cisstNetlib_C'[0m
[  4%] [34m[1mNo patch step for 'cisstNetlib_C'[0m
[  6%] [34m[1mPerforming configure step for 'cisstNetlib_C'[0m
loading initial cache file /home/ytxu/cr_dvrk_ws/build/cisstNetlib/cisstNetlibLapack/tmp/cisstNetlib_C-cache-Release.cmake
-- Configuring done
-- Generating done
-- Build files have been written to: /home/ytxu/cr_dvrk_ws/build/cisstNetlib/cisstNetlibLapack/src/cisstNetlib_C-build
[  8%] [34m[1mPerforming build step for 'cisstNetlib_C'[0m
[35m[1mConsolidate compiler generated dependencies of target arithchk[0m
[  0%] Built target arithchk
[35m[1mConsolidate compiler generated dependencies of target f2c[0m
[  9%] Built target f2c
[35m[1mConsolidate compiler generated dependencies of target blas[0m
[ 17%] Built target blas
[35m[1mConsolidate compiler generated dependencies of target lapack[0m
[100%] Built target lapack
[ 10%] [34m[1mNo install step for 'cisstNetlib_C'[0m
[ 13%] [34m[1mCompleted 'cisstNetlib_C'[0m
[ 17%] Built target cisstNetlib_C
[35m[1mConsolidate compiler generated dependencies of target cisstNetlib[0m
[35m[1mConsolidate compiler generated dependencies of target cisstNetlib_lawson_hanson[0m
[35m[1mConsolidate compiler generated dependencies of target cisstNetlib_hanson_haskell[0m
[ 26%] Built target cisstNetlib
[ 45%] Built target cisstNetlib_lawson_hanson
[100%] Built target cisstNetlib_hanson_haskell
-- Install configuration: "Release"
-- Up-to-date: /home/ytxu/cr_dvrk_ws/install/cisstNetlib/include/cisstNetlib.h
-- Up-to-date: /home/ytxu/cr_dvrk_ws/install/cisstNetlib/include/cisstNetlib/cisstNetlib-types.h
-- Up-to-date: /home/ytxu/cr_dvrk_ws/install/cisstNetlib/include/cisstNetlib/cisstNetlib-lapack.h
-- Up-to-date: /home/ytxu/cr_dvrk_ws/install/cisstNetlib/include/cisstNetlib/cisstNetlib-hanson-haskell.h
-- Up-to-date: /home/ytxu/cr_dvrk_ws/install/cisstNetlib/include/cisstNetlib/cisstNetlib-lawson-hanson.h
-- Up-to-date: /home/ytxu/cr_dvrk_ws/install/cisstNetlib/lib/libcisstNetlib_lapack.a
-- Up-to-date: /home/ytxu/cr_dvrk_ws/install/cisstNetlib/lib/libcisstNetlib_blas.a
-- Up-to-date: /home/ytxu/cr_dvrk_ws/install/cisstNetlib/lib/libcisstNetlib_f2c.a
-- Up-to-date: /home/ytxu/cr_dvrk_ws/install/cisstNetlib/share/cisstNetlib/CisstNetlibConfig.cmake
-- Up-to-date: /home/ytxu/cr_dvrk_ws/install/cisstNetlib/lib/libcisstNetlib_hanson_haskell.a
-- Up-to-date: /home/ytxu/cr_dvrk_ws/install/cisstNetlib/lib/libcisstNetlib_lawson_hanson.a
-- Up-to-date: /home/ytxu/cr_dvrk_ws/install/cisstNetlib/lib/libcisstNetlib.a
