[0.041s] Invoking command in '/home/ytxu/cr_dvrk_ws/build/cisstNetlib': CMAKE_PREFIX_PATH=/home/ytxu/cr-dvrk-rviz/install/test_scripts:/home/ytxu/cr-dvrk-rviz/install/teleop_cr_psm:/home/ytxu/cr-dvrk-rviz/install/cr_dvrk_kinematics:/home/ytxu/ctr_tr_model/install/pub_ctr_kinematics:/opt/ros/humble /usr/bin/cmake --build /home/ytxu/cr_dvrk_ws/build/cisstNetlib -- -j12 -l12
[0.111s] [  2%] [34m[1mPerforming update step for 'cisstNetlib_C'[0m
[0.614s] HEAD is now at 93ef9f8 disable BLAS TESTING since it requires CMake policy CMP0026 OLD which is not supported on recent CMake
[0.653s] [  4%] [34m[1mNo patch step for 'cisstNetlib_C'[0m
[0.676s] [  6%] [34m[1mPerforming configure step for 'cisstNetlib_C'[0m
[0.685s] loading initial cache file /home/ytxu/cr_dvrk_ws/build/cisstNetlib/cisstNetlibLapack/tmp/cisstNetlib_C-cache-Release.cmake
[0.984s] -- Configuring done
[1.242s] -- Generating done
[1.249s] -- Build files have been written to: /home/ytxu/cr_dvrk_ws/build/cisstNetlib/cisstNetlibLapack/src/cisstNetlib_C-build
[1.265s] [  8%] [34m[1mPerforming build step for 'cisstNetlib_C'[0m
[1.296s] [35m[1mConsolidate compiler generated dependencies of target arithchk[0m
[1.307s] [  0%] Built target arithchk
[1.366s] [35m[1mConsolidate compiler generated dependencies of target f2c[0m
[1.392s] [  9%] Built target f2c
[1.452s] [35m[1mConsolidate compiler generated dependencies of target blas[0m
[1.469s] [ 17%] Built target blas
[1.917s] [35m[1mConsolidate compiler generated dependencies of target lapack[0m
[1.994s] [100%] Built target lapack
[2.021s] [ 10%] [34m[1mNo install step for 'cisstNetlib_C'[0m
[2.044s] [ 13%] [34m[1mCompleted 'cisstNetlib_C'[0m
[2.072s] [ 17%] Built target cisstNetlib_C
[2.086s] [35m[1mConsolidate compiler generated dependencies of target cisstNetlib[0m
[2.087s] [35m[1mConsolidate compiler generated dependencies of target cisstNetlib_lawson_hanson[0m
[2.092s] [35m[1mConsolidate compiler generated dependencies of target cisstNetlib_hanson_haskell[0m
[2.097s] [ 26%] Built target cisstNetlib
[2.099s] [ 45%] Built target cisstNetlib_lawson_hanson
[2.104s] [100%] Built target cisstNetlib_hanson_haskell
[2.115s] Invoked command in '/home/ytxu/cr_dvrk_ws/build/cisstNetlib' returned '0': CMAKE_PREFIX_PATH=/home/ytxu/cr-dvrk-rviz/install/test_scripts:/home/ytxu/cr-dvrk-rviz/install/teleop_cr_psm:/home/ytxu/cr-dvrk-rviz/install/cr_dvrk_kinematics:/home/ytxu/ctr_tr_model/install/pub_ctr_kinematics:/opt/ros/humble /usr/bin/cmake --build /home/ytxu/cr_dvrk_ws/build/cisstNetlib -- -j12 -l12
[2.119s] Invoking command in '/home/ytxu/cr_dvrk_ws/build/cisstNetlib': CMAKE_PREFIX_PATH=/home/ytxu/cr-dvrk-rviz/install/test_scripts:/home/ytxu/cr-dvrk-rviz/install/teleop_cr_psm:/home/ytxu/cr-dvrk-rviz/install/cr_dvrk_kinematics:/home/ytxu/ctr_tr_model/install/pub_ctr_kinematics:/opt/ros/humble /usr/bin/cmake --install /home/ytxu/cr_dvrk_ws/build/cisstNetlib
[2.126s] -- Install configuration: "Release"
[2.126s] -- Up-to-date: /home/ytxu/cr_dvrk_ws/install/cisstNetlib/include/cisstNetlib.h
[2.127s] -- Up-to-date: /home/ytxu/cr_dvrk_ws/install/cisstNetlib/include/cisstNetlib/cisstNetlib-types.h
[2.127s] -- Up-to-date: /home/ytxu/cr_dvrk_ws/install/cisstNetlib/include/cisstNetlib/cisstNetlib-lapack.h
[2.127s] -- Up-to-date: /home/ytxu/cr_dvrk_ws/install/cisstNetlib/include/cisstNetlib/cisstNetlib-hanson-haskell.h
[2.127s] -- Up-to-date: /home/ytxu/cr_dvrk_ws/install/cisstNetlib/include/cisstNetlib/cisstNetlib-lawson-hanson.h
[2.127s] -- Up-to-date: /home/ytxu/cr_dvrk_ws/install/cisstNetlib/lib/libcisstNetlib_lapack.a
[2.127s] -- Up-to-date: /home/ytxu/cr_dvrk_ws/install/cisstNetlib/lib/libcisstNetlib_blas.a
[2.127s] -- Up-to-date: /home/ytxu/cr_dvrk_ws/install/cisstNetlib/lib/libcisstNetlib_f2c.a
[2.127s] -- Up-to-date: /home/ytxu/cr_dvrk_ws/install/cisstNetlib/share/cisstNetlib/CisstNetlibConfig.cmake
[2.128s] -- Up-to-date: /home/ytxu/cr_dvrk_ws/install/cisstNetlib/lib/libcisstNetlib_hanson_haskell.a
[2.129s] -- Up-to-date: /home/ytxu/cr_dvrk_ws/install/cisstNetlib/lib/libcisstNetlib_lawson_hanson.a
[2.130s] -- Up-to-date: /home/ytxu/cr_dvrk_ws/install/cisstNetlib/lib/libcisstNetlib.a
[2.132s] Invoked command in '/home/ytxu/cr_dvrk_ws/build/cisstNetlib' returned '0': CMAKE_PREFIX_PATH=/home/ytxu/cr-dvrk-rviz/install/test_scripts:/home/ytxu/cr-dvrk-rviz/install/teleop_cr_psm:/home/ytxu/cr-dvrk-rviz/install/cr_dvrk_kinematics:/home/ytxu/ctr_tr_model/install/pub_ctr_kinematics:/opt/ros/humble /usr/bin/cmake --install /home/ytxu/cr_dvrk_ws/build/cisstNetlib
