[0.430s] Invoking command in '/home/ytxu/cr_dvrk_ws/build/dvrk_config_jhu': CMAKE_PREFIX_PATH=/home/ytxu/cr_dvrk_ws/install/dvrk_robot:/home/ytxu/cr_dvrk_ws/install/sawIntuitiveResearchKitCore:/home/ytxu/cr_dvrk_ws/install/sawTextToSpeechAll:/home/ytxu/cr_dvrk_ws/install/robot_io:/home/ytxu/cr_dvrk_ws/install/sawRobotIO1394Core:/home/ytxu/cr_dvrk_ws/install/sawControllersAll:/home/ytxu/cr_dvrk_ws/install/sawKeyboardAll:/home/ytxu/cr_dvrk_ws/install/dvrk_video:/home/ytxu/cr_dvrk_ws/install/dvrk_python:/home/ytxu/cr_dvrk_ws/install/dvrk_model:/home/ytxu/cr_dvrk_ws/install/dvrk_hrsv_widget:/home/ytxu/cr_dvrk_ws/install/dvrk_config_jhu:/home/ytxu/cr_dvrk_ws/install/dvrk_config:/home/ytxu/cr_dvrk_ws/install/dvrk_camera_registration:/home/ytxu/cr_dvrk_ws/install/dvrk_arms_from_ros:/home/ytxu/cr_dvrk_ws/install/crtk_python_client:/home/ytxu/cr_dvrk_ws/install/cisst_ros_crtk:/home/ytxu/cr_dvrk_ws/install/crtk_msgs:/home/ytxu/cr_dvrk_ws/install/cisst_ros_bridge:/home/ytxu/cr_dvrk_ws/install/cisst_msgs:/home/ytxu/cr-dvrk-rviz/install/test_scripts:/home/ytxu/cr-dvrk-rviz/install/teleop_cr_psm:/home/ytxu/cr-dvrk-rviz/install/cr_dvrk_kinematics:/home/ytxu/ctr_tr_model/install/pub_ctr_kinematics:/opt/ros/humble:/home/ytxu/cr_dvrk_ws/install/cisst:/home/ytxu/cr_dvrk_ws/install/cisstNetlib /usr/bin/cmake --build /home/ytxu/cr_dvrk_ws/build/dvrk_config_jhu -- -j12 -l12
[0.979s] Invoked command in '/home/ytxu/cr_dvrk_ws/build/dvrk_config_jhu' returned '0': CMAKE_PREFIX_PATH=/home/ytxu/cr_dvrk_ws/install/dvrk_robot:/home/ytxu/cr_dvrk_ws/install/sawIntuitiveResearchKitCore:/home/ytxu/cr_dvrk_ws/install/sawTextToSpeechAll:/home/ytxu/cr_dvrk_ws/install/robot_io:/home/ytxu/cr_dvrk_ws/install/sawRobotIO1394Core:/home/ytxu/cr_dvrk_ws/install/sawControllersAll:/home/ytxu/cr_dvrk_ws/install/sawKeyboardAll:/home/ytxu/cr_dvrk_ws/install/dvrk_video:/home/ytxu/cr_dvrk_ws/install/dvrk_python:/home/ytxu/cr_dvrk_ws/install/dvrk_model:/home/ytxu/cr_dvrk_ws/install/dvrk_hrsv_widget:/home/ytxu/cr_dvrk_ws/install/dvrk_config_jhu:/home/ytxu/cr_dvrk_ws/install/dvrk_config:/home/ytxu/cr_dvrk_ws/install/dvrk_camera_registration:/home/ytxu/cr_dvrk_ws/install/dvrk_arms_from_ros:/home/ytxu/cr_dvrk_ws/install/crtk_python_client:/home/ytxu/cr_dvrk_ws/install/cisst_ros_crtk:/home/ytxu/cr_dvrk_ws/install/crtk_msgs:/home/ytxu/cr_dvrk_ws/install/cisst_ros_bridge:/home/ytxu/cr_dvrk_ws/install/cisst_msgs:/home/ytxu/cr-dvrk-rviz/install/test_scripts:/home/ytxu/cr-dvrk-rviz/install/teleop_cr_psm:/home/ytxu/cr-dvrk-rviz/install/cr_dvrk_kinematics:/home/ytxu/ctr_tr_model/install/pub_ctr_kinematics:/opt/ros/humble:/home/ytxu/cr_dvrk_ws/install/cisst:/home/ytxu/cr_dvrk_ws/install/cisstNetlib /usr/bin/cmake --build /home/ytxu/cr_dvrk_ws/build/dvrk_config_jhu -- -j12 -l12
[0.981s] Invoking command in '/home/ytxu/cr_dvrk_ws/build/dvrk_config_jhu': CMAKE_PREFIX_PATH=/home/ytxu/cr_dvrk_ws/install/dvrk_robot:/home/ytxu/cr_dvrk_ws/install/sawIntuitiveResearchKitCore:/home/ytxu/cr_dvrk_ws/install/sawTextToSpeechAll:/home/ytxu/cr_dvrk_ws/install/robot_io:/home/ytxu/cr_dvrk_ws/install/sawRobotIO1394Core:/home/ytxu/cr_dvrk_ws/install/sawControllersAll:/home/ytxu/cr_dvrk_ws/install/sawKeyboardAll:/home/ytxu/cr_dvrk_ws/install/dvrk_video:/home/ytxu/cr_dvrk_ws/install/dvrk_python:/home/ytxu/cr_dvrk_ws/install/dvrk_model:/home/ytxu/cr_dvrk_ws/install/dvrk_hrsv_widget:/home/ytxu/cr_dvrk_ws/install/dvrk_config_jhu:/home/ytxu/cr_dvrk_ws/install/dvrk_config:/home/ytxu/cr_dvrk_ws/install/dvrk_camera_registration:/home/ytxu/cr_dvrk_ws/install/dvrk_arms_from_ros:/home/ytxu/cr_dvrk_ws/install/crtk_python_client:/home/ytxu/cr_dvrk_ws/install/cisst_ros_crtk:/home/ytxu/cr_dvrk_ws/install/crtk_msgs:/home/ytxu/cr_dvrk_ws/install/cisst_ros_bridge:/home/ytxu/cr_dvrk_ws/install/cisst_msgs:/home/ytxu/cr-dvrk-rviz/install/test_scripts:/home/ytxu/cr-dvrk-rviz/install/teleop_cr_psm:/home/ytxu/cr-dvrk-rviz/install/cr_dvrk_kinematics:/home/ytxu/ctr_tr_model/install/pub_ctr_kinematics:/opt/ros/humble:/home/ytxu/cr_dvrk_ws/install/cisst:/home/ytxu/cr_dvrk_ws/install/cisstNetlib /usr/bin/cmake --install /home/ytxu/cr_dvrk_ws/build/dvrk_config_jhu
[1.322s] -- Install configuration: "Release"
[1.322s] -- Up-to-date: /home/ytxu/cr_dvrk_ws/install/dvrk_config_jhu/share/ament_index/resource_index/package_run_dependencies/dvrk_config_jhu
[1.322s] -- Up-to-date: /home/ytxu/cr_dvrk_ws/install/dvrk_config_jhu/share/ament_index/resource_index/parent_prefix_path/dvrk_config_jhu
[1.322s] -- Up-to-date: /home/ytxu/cr_dvrk_ws/install/dvrk_config_jhu/share/dvrk_config_jhu/environment/ament_prefix_path.sh
[1.322s] -- Up-to-date: /home/ytxu/cr_dvrk_ws/install/dvrk_config_jhu/share/dvrk_config_jhu/environment/ament_prefix_path.dsv
[1.322s] -- Up-to-date: /home/ytxu/cr_dvrk_ws/install/dvrk_config_jhu/share/dvrk_config_jhu/environment/path.sh
[1.323s] -- Up-to-date: /home/ytxu/cr_dvrk_ws/install/dvrk_config_jhu/share/dvrk_config_jhu/environment/path.dsv
[1.323s] -- Up-to-date: /home/ytxu/cr_dvrk_ws/install/dvrk_config_jhu/share/dvrk_config_jhu/local_setup.bash
[1.323s] -- Up-to-date: /home/ytxu/cr_dvrk_ws/install/dvrk_config_jhu/share/dvrk_config_jhu/local_setup.sh
[1.323s] -- Up-to-date: /home/ytxu/cr_dvrk_ws/install/dvrk_config_jhu/share/dvrk_config_jhu/local_setup.zsh
[1.323s] -- Up-to-date: /home/ytxu/cr_dvrk_ws/install/dvrk_config_jhu/share/dvrk_config_jhu/local_setup.dsv
[1.324s] -- Installing: /home/ytxu/cr_dvrk_ws/install/dvrk_config_jhu/share/dvrk_config_jhu/package.dsv
[1.324s] -- Up-to-date: /home/ytxu/cr_dvrk_ws/install/dvrk_config_jhu/share/ament_index/resource_index/packages/dvrk_config_jhu
[1.324s] -- Up-to-date: /home/ytxu/cr_dvrk_ws/install/dvrk_config_jhu/share/dvrk_config_jhu/cmake/dvrk_config_jhuConfig.cmake
[1.324s] -- Up-to-date: /home/ytxu/cr_dvrk_ws/install/dvrk_config_jhu/share/dvrk_config_jhu/cmake/dvrk_config_jhuConfig-version.cmake
[1.325s] -- Up-to-date: /home/ytxu/cr_dvrk_ws/install/dvrk_config_jhu/share/dvrk_config_jhu/package.xml
[1.325s] -- Up-to-date: /home/ytxu/cr_dvrk_ws/install/dvrk_config_jhu/share/jhu-dVRK
[1.325s] -- Up-to-date: /home/ytxu/cr_dvrk_ws/install/dvrk_config_jhu/share/jhu-dVRK/console-MTML-PSM1.json
[1.325s] -- Up-to-date: /home/ytxu/cr_dvrk_ws/install/dvrk_config_jhu/share/jhu-dVRK/ros-io-PSM1-PSM2.json
[1.325s] -- Up-to-date: /home/ytxu/cr_dvrk_ws/install/dvrk_config_jhu/share/jhu-dVRK/console-MTMR-PSM1_SocketClient-Teleop.json
[1.325s] -- Up-to-date: /home/ytxu/cr_dvrk_ws/install/dvrk_config_jhu/share/jhu-dVRK/console-MTMR-PSM1-MTML-PSM2.json
[1.326s] -- Up-to-date: /home/ytxu/cr_dvrk_ws/install/dvrk_config_jhu/share/jhu-dVRK/console-MTMR-PSM1-PSM2-MTML-PSM2-PSM1-Teleop.json
[1.326s] -- Up-to-date: /home/ytxu/cr_dvrk_ws/install/dvrk_config_jhu/share/jhu-dVRK/console-MTML-PSM1-Teleop.json
[1.326s] -- Up-to-date: /home/ytxu/cr_dvrk_ws/install/dvrk_config_jhu/share/jhu-dVRK/console-MTML-MTMR.json
[1.326s] -- Up-to-date: /home/ytxu/cr_dvrk_ws/install/dvrk_config_jhu/share/jhu-dVRK/console-MTML-PSM2_KIN_SIMULATED-Teleop.json
[1.327s] -- Up-to-date: /home/ytxu/cr_dvrk_ws/install/dvrk_config_jhu/share/jhu-dVRK/console-PSM2-seq-r-bc-w.json
[1.327s] -- Up-to-date: /home/ytxu/cr_dvrk_ws/install/dvrk_config_jhu/share/jhu-dVRK/sawRobotIO1394-PSM1-28007.xml
[1.327s] -- Up-to-date: /home/ytxu/cr_dvrk_ws/install/dvrk_config_jhu/share/jhu-dVRK/console-MTMR-PSM1-TeleopDerived.json
[1.327s] -- Up-to-date: /home/ytxu/cr_dvrk_ws/install/dvrk_config_jhu/share/jhu-dVRK/console-MTML-MTMR-full-cart-simulated.json
[1.328s] -- Up-to-date: /home/ytxu/cr_dvrk_ws/install/dvrk_config_jhu/share/jhu-dVRK/console-MTMR-PSM2-Teleop.json
[1.328s] -- Up-to-date: /home/ytxu/cr_dvrk_ws/install/dvrk_config_jhu/share/jhu-dVRK/sawRobotIO1394-Focus-28007.xml
[1.328s] -- Up-to-date: /home/ytxu/cr_dvrk_ws/install/dvrk_config_jhu/share/jhu-dVRK/console-PSM2.json
[1.328s] -- Up-to-date: /home/ytxu/cr_dvrk_ws/install/dvrk_config_jhu/share/jhu-dVRK/sawRobotIO1394-MTMR-28247.xml
[1.328s] -- Up-to-date: /home/ytxu/cr_dvrk_ws/install/dvrk_config_jhu/share/jhu-dVRK/PSM1-28007.json
[1.328s] -- Up-to-date: /home/ytxu/cr_dvrk_ws/install/dvrk_config_jhu/share/jhu-dVRK/console-MTML-PSM2-Teleop.json
[1.329s] -- Up-to-date: /home/ytxu/cr_dvrk_ws/install/dvrk_config_jhu/share/jhu-dVRK/console-Falcon-PSM2-TeleopDerived.json
[1.329s] -- Up-to-date: /home/ytxu/cr_dvrk_ws/install/dvrk_config_jhu/share/jhu-dVRK/console-PSM2-seq-rw.json
[1.329s] -- Up-to-date: /home/ytxu/cr_dvrk_ws/install/dvrk_config_jhu/share/jhu-dVRK/console-MTML-PSM2-TeleopDerived.json
[1.329s] -- Up-to-date: /home/ytxu/cr_dvrk_ws/install/dvrk_config_jhu/share/jhu-dVRK/sawRobotIO1394-MTML-22723.xml
[1.330s] -- Up-to-date: /home/ytxu/cr_dvrk_ws/install/dvrk_config_jhu/share/jhu-dVRK/console-MTML-PSM1-TeleopDerived.json
[1.330s] -- Up-to-date: /home/ytxu/cr_dvrk_ws/install/dvrk_config_jhu/share/jhu-dVRK/console-PSM1-MTMR-PSM2-MTML-ECM_KIN_SIMULATED-Teleop.json
[1.330s] -- Up-to-date: /home/ytxu/cr_dvrk_ws/install/dvrk_config_jhu/share/jhu-dVRK/console-MTML-PSM1_SocketClient-Teleop.json
[1.330s] -- Up-to-date: /home/ytxu/cr_dvrk_ws/install/dvrk_config_jhu/share/jhu-dVRK/console-MTML.json
[1.331s] -- Up-to-date: /home/ytxu/cr_dvrk_ws/install/dvrk_config_jhu/share/jhu-dVRK/console-MTMR.json
[1.331s] -- Up-to-date: /home/ytxu/cr_dvrk_ws/install/dvrk_config_jhu/share/jhu-dVRK/cal-files
[1.331s] -- Up-to-date: /home/ytxu/cr_dvrk_ws/install/dvrk_config_jhu/share/jhu-dVRK/cal-files/jhu-psm1-p28007.cal
[1.332s] -- Up-to-date: /home/ytxu/cr_dvrk_ws/install/dvrk_config_jhu/share/jhu-dVRK/cal-files/jhu-mtml-m22723.cal
[1.332s] -- Up-to-date: /home/ytxu/cr_dvrk_ws/install/dvrk_config_jhu/share/jhu-dVRK/cal-files/jhu-psm2-p27374.cal
[1.332s] -- Up-to-date: /home/ytxu/cr_dvrk_ws/install/dvrk_config_jhu/share/jhu-dVRK/cal-files/jhu-mtml-m28003.cal
[1.332s] -- Up-to-date: /home/ytxu/cr_dvrk_ws/install/dvrk_config_jhu/share/jhu-dVRK/cal-files/jhu-mtmr-m28247.cal
[1.333s] -- Up-to-date: /home/ytxu/cr_dvrk_ws/install/dvrk_config_jhu/share/jhu-dVRK/gc-MTMR-28247.json
[1.333s] -- Up-to-date: /home/ytxu/cr_dvrk_ws/install/dvrk_config_jhu/share/jhu-dVRK/MTMR-28247.json
[1.333s] -- Up-to-date: /home/ytxu/cr_dvrk_ws/install/dvrk_config_jhu/share/jhu-dVRK/console-MTML-PSM1-PSM2-Teleop.json
[1.333s] -- Up-to-date: /home/ytxu/cr_dvrk_ws/install/dvrk_config_jhu/share/jhu-dVRK/console-MTML-PSM1_ROS-Teleop.json
[1.334s] -- Up-to-date: /home/ytxu/cr_dvrk_ws/install/dvrk_config_jhu/share/jhu-dVRK/custom-tool
[1.334s] -- Up-to-date: /home/ytxu/cr_dvrk_ws/install/dvrk_config_jhu/share/jhu-dVRK/custom-tool/CUSTOM_DUMMY_400900.json
[1.334s] -- Up-to-date: /home/ytxu/cr_dvrk_ws/install/dvrk_config_jhu/share/jhu-dVRK/custom-tool/console-MTML-PSM1-Custom-Dummy-Teleop.json
[1.334s] -- Up-to-date: /home/ytxu/cr_dvrk_ws/install/dvrk_config_jhu/share/jhu-dVRK/custom-tool/psm-Custom-Dummy.json
[1.334s] -- Up-to-date: /home/ytxu/cr_dvrk_ws/install/dvrk_config_jhu/share/jhu-dVRK/custom-tool/custom-tool-index.json
[1.334s] -- Up-to-date: /home/ytxu/cr_dvrk_ws/install/dvrk_config_jhu/share/jhu-dVRK/custom-tool/PSM1-28007-Custom-Dummy.json
[1.334s] -- Up-to-date: /home/ytxu/cr_dvrk_ws/install/dvrk_config_jhu/share/jhu-dVRK/custom-tool/console-PSM1-Custom-Dummy.json
[1.334s] -- Up-to-date: /home/ytxu/cr_dvrk_ws/install/dvrk_config_jhu/share/jhu-dVRK/console-MTML-UR-Teleop.json
[1.335s] -- Up-to-date: /home/ytxu/cr_dvrk_ws/install/dvrk_config_jhu/share/jhu-dVRK/console-PSM2-bc-rw.json
[1.335s] -- Up-to-date: /home/ytxu/cr_dvrk_ws/install/dvrk_config_jhu/share/jhu-dVRK/sawRobotIO1394-PSM2-27374.xml
[1.335s] -- Up-to-date: /home/ytxu/cr_dvrk_ws/install/dvrk_config_jhu/share/jhu-dVRK/PSM2-27374.json
[1.335s] -- Up-to-date: /home/ytxu/cr_dvrk_ws/install/dvrk_config_jhu/share/jhu-dVRK/console-MTMR-PSM1-MTML-PSM2-Teleop.json
[1.335s] -- Up-to-date: /home/ytxu/cr_dvrk_ws/install/dvrk_config_jhu/share/jhu-dVRK/xorg.conf
[1.335s] -- Up-to-date: /home/ytxu/cr_dvrk_ws/install/dvrk_config_jhu/share/jhu-dVRK/console-MTMR-PSM1_KIN_SIMULATED-Teleop.json
[1.335s] -- Up-to-date: /home/ytxu/cr_dvrk_ws/install/dvrk_config_jhu/share/jhu-dVRK/console-MTML-MTMR-ECM_KIN_SIMULATED-Teleop.json
[1.336s] -- Up-to-date: /home/ytxu/cr_dvrk_ws/install/dvrk_config_jhu/share/jhu-dVRK/console-MTML-PSM1-Joystick-Pedals-Teleop.json
[1.336s] -- Up-to-date: /home/ytxu/cr_dvrk_ws/install/dvrk_config_jhu/share/jhu-dVRK/console-MTMR-PSM2-5mm-Teleop.json
[1.336s] -- Up-to-date: /home/ytxu/cr_dvrk_ws/install/dvrk_config_jhu/share/jhu-dVRK/MTML-22723.json
[1.336s] -- Up-to-date: /home/ytxu/cr_dvrk_ws/install/dvrk_config_jhu/share/jhu-dVRK/sawRobotIO1394-MTML-gripper-22723.xml
[1.337s] -- Up-to-date: /home/ytxu/cr_dvrk_ws/install/dvrk_config_jhu/share/jhu-dVRK/console-PSM1.json
[1.337s] -- Up-to-date: /home/ytxu/cr_dvrk_ws/install/dvrk_config_jhu/share/jhu-dVRK/console-MTMR-PSM1-Teleop.json
[1.337s] -- Up-to-date: /home/ytxu/cr_dvrk_ws/install/dvrk_config_jhu/share/jhu-dVRK/gc-MTML-22723.json
[1.337s] -- Up-to-date: /home/ytxu/cr_dvrk_ws/install/dvrk_config_jhu/share/jhu-dVRK/sawRobotIO1394-MTMR-gripper-28247.xml
[1.337s] -- Up-to-date: /home/ytxu/cr_dvrk_ws/install/dvrk_config_jhu/share/jhu-daVinci
[1.337s] -- Up-to-date: /home/ytxu/cr_dvrk_ws/install/dvrk_config_jhu/share/jhu-daVinci/compensation-PSM3-28613.json
[1.337s] -- Up-to-date: /home/ytxu/cr_dvrk_ws/install/dvrk_config_jhu/share/jhu-daVinci/console-MTMR-PSM1_SocketClient-Teleop.json
[1.337s] -- Up-to-date: /home/ytxu/cr_dvrk_ws/install/dvrk_config_jhu/share/jhu-daVinci/console-SUJ.json
[1.337s] -- Up-to-date: /home/ytxu/cr_dvrk_ws/install/dvrk_config_jhu/share/jhu-daVinci/console-SUJ-PSM3.json
[1.338s] -- Up-to-date: /home/ytxu/cr_dvrk_ws/install/dvrk_config_jhu/share/jhu-daVinci/MTMR-32336.json
[1.338s] -- Up-to-date: /home/ytxu/cr_dvrk_ws/install/dvrk_config_jhu/share/jhu-daVinci/PSM3-28613.json
[1.338s] -- Up-to-date: /home/ytxu/cr_dvrk_ws/install/dvrk_config_jhu/share/jhu-daVinci/console-ECM.json
[1.338s] -- Up-to-date: /home/ytxu/cr_dvrk_ws/install/dvrk_config_jhu/share/jhu-daVinci/PSM1-49695.json
[1.338s] -- Up-to-date: /home/ytxu/cr_dvrk_ws/install/dvrk_config_jhu/share/jhu-daVinci/console-Falcon-PSM3-foot-pedals-Teleop.json
[1.338s] -- Up-to-date: /home/ytxu/cr_dvrk_ws/install/dvrk_config_jhu/share/jhu-daVinci/console-MTML-MTMR.json
[1.338s] -- Up-to-date: /home/ytxu/cr_dvrk_ws/install/dvrk_config_jhu/share/jhu-daVinci/console-MTMR-MTML-PSM3-ECM-Teleop.json
[1.339s] -- Up-to-date: /home/ytxu/cr_dvrk_ws/install/dvrk_config_jhu/share/jhu-daVinci/sawRobotIO1394-PSM2-32204.xml
[1.339s] -- Up-to-date: /home/ytxu/cr_dvrk_ws/install/dvrk_config_jhu/share/jhu-daVinci/console-SUJ-ECM-PSM1.json
[1.339s] -- Up-to-date: /home/ytxu/cr_dvrk_ws/install/dvrk_config_jhu/share/jhu-daVinci/console-SUJ-ECM-MTMR-PSM1-MTML-PSM2-Teleop.json
[1.339s] -- Up-to-date: /home/ytxu/cr_dvrk_ws/install/dvrk_config_jhu/share/jhu-daVinci/igtl.json
[1.339s] -- Up-to-date: /home/ytxu/cr_dvrk_ws/install/dvrk_config_jhu/share/jhu-daVinci/console-SUJ-ECM-PSM1-PSM3.json
[1.339s] -- Up-to-date: /home/ytxu/cr_dvrk_ws/install/dvrk_config_jhu/share/jhu-daVinci/console-SUJ-ECM-MTML-PSM1-Teleop-PSM2.json
[1.339s] -- Up-to-date: /home/ytxu/cr_dvrk_ws/install/dvrk_config_jhu/share/jhu-daVinci/console-PSM2.json
[1.340s] -- Up-to-date: /home/ytxu/cr_dvrk_ws/install/dvrk_config_jhu/share/jhu-daVinci/console-MTMR-PSM1_ROS-Teleop.json
[1.340s] -- Up-to-date: /home/ytxu/cr_dvrk_ws/install/dvrk_config_jhu/share/jhu-daVinci/sawRobotIO1394-PSM3-28613.xml
[1.340s] -- Up-to-date: /home/ytxu/cr_dvrk_ws/install/dvrk_config_jhu/share/jhu-daVinci/console-ECM-MTML-MTMR-Teleop.json
[1.340s] -- Up-to-date: /home/ytxu/cr_dvrk_ws/install/dvrk_config_jhu/share/jhu-daVinci/console-SUJ-ECM-PSM1-PSM2.json
[1.340s] -- Up-to-date: /home/ytxu/cr_dvrk_ws/install/dvrk_config_jhu/share/jhu-daVinci/suj-ECM-1-2-3.json
[1.340s] -- Up-to-date: /home/ytxu/cr_dvrk_ws/install/dvrk_config_jhu/share/jhu-daVinci/sawRobotIO1394-SUJ.xml
[1.340s] -- Up-to-date: /home/ytxu/cr_dvrk_ws/install/dvrk_config_jhu/share/jhu-daVinci/console-MTML-PSM2-Teleop.json
[1.340s] -- Up-to-date: /home/ytxu/cr_dvrk_ws/install/dvrk_config_jhu/share/jhu-daVinci/console-SUJ-ECM-MTMR-PSM1-Teleop.json
[1.341s] -- Up-to-date: /home/ytxu/cr_dvrk_ws/install/dvrk_config_jhu/share/jhu-daVinci/sawRobotIO1394-MTML-gripper-34863.xml
[1.341s] -- Up-to-date: /home/ytxu/cr_dvrk_ws/install/dvrk_config_jhu/share/jhu-daVinci/console-MTMR-PSM1-Teleop-PSM2.json
[1.341s] -- Up-to-date: /home/ytxu/cr_dvrk_ws/install/dvrk_config_jhu/share/jhu-daVinci/sawRobotIO1394-MTMR-32336.xml
[1.341s] -- Up-to-date: /home/ytxu/cr_dvrk_ws/install/dvrk_config_jhu/share/jhu-daVinci/sawRobotIO1394-MTML-34863.xml
[1.341s] -- Up-to-date: /home/ytxu/cr_dvrk_ws/install/dvrk_config_jhu/share/jhu-daVinci/console-SUJ-PSM2-is-reference-MTMR-PSM1-Teleop.json
[1.342s] -- Up-to-date: /home/ytxu/cr_dvrk_ws/install/dvrk_config_jhu/share/jhu-daVinci/console-MTML.json
[1.342s] -- Up-to-date: /home/ytxu/cr_dvrk_ws/install/dvrk_config_jhu/share/jhu-daVinci/sawRobotIO1394-PSM1-49695.xml
[1.342s] -- Up-to-date: /home/ytxu/cr_dvrk_ws/install/dvrk_config_jhu/share/jhu-daVinci/PSM2-32204.json
[1.342s] -- Up-to-date: /home/ytxu/cr_dvrk_ws/install/dvrk_config_jhu/share/jhu-daVinci/console-MTMR.json
[1.342s] -- Up-to-date: /home/ytxu/cr_dvrk_ws/install/dvrk_config_jhu/share/jhu-daVinci/gc-MTML-34863.json
[1.342s] -- Up-to-date: /home/ytxu/cr_dvrk_ws/install/dvrk_config_jhu/share/jhu-daVinci/cal-files
[1.342s] -- Up-to-date: /home/ytxu/cr_dvrk_ws/install/dvrk_config_jhu/share/jhu-daVinci/cal-files/jhu-dv-psm3-28613.cal
[1.343s] -- Up-to-date: /home/ytxu/cr_dvrk_ws/install/dvrk_config_jhu/share/jhu-daVinci/cal-files/jhu-dv-psm2-32204.cal
[1.343s] -- Up-to-date: /home/ytxu/cr_dvrk_ws/install/dvrk_config_jhu/share/jhu-daVinci/cal-files/jhu-dv-mtmr-32336.cal
[1.343s] -- Up-to-date: /home/ytxu/cr_dvrk_ws/install/dvrk_config_jhu/share/jhu-daVinci/cal-files/jhu-dv-mtml-34863.cal
[1.343s] -- Up-to-date: /home/ytxu/cr_dvrk_ws/install/dvrk_config_jhu/share/jhu-daVinci/cal-files/jhu-dv-psm1-49695.cal
[1.343s] -- Up-to-date: /home/ytxu/cr_dvrk_ws/install/dvrk_config_jhu/share/jhu-daVinci/cal-files/jhu-dv-ecm-29738.cal
[1.343s] -- Up-to-date: /home/ytxu/cr_dvrk_ws/install/dvrk_config_jhu/share/jhu-daVinci/console-SUJ-ECM-MTMR-PSM1-MTML-PSM3-Teleop.json
[1.344s] -- Up-to-date: /home/ytxu/cr_dvrk_ws/install/dvrk_config_jhu/share/jhu-daVinci/suj-fixed.json
[1.344s] -- Up-to-date: /home/ytxu/cr_dvrk_ws/install/dvrk_config_jhu/share/jhu-daVinci/console-ECM-MTMR-PSM1-MTML-PSM2-Teleop.json
[1.344s] -- Up-to-date: /home/ytxu/cr_dvrk_ws/install/dvrk_config_jhu/share/jhu-daVinci/console-SUJ_KIN_SIMULATED-ECM-MTMR-PSM1-MTML-PSM2-Teleop.json
[1.344s] -- Up-to-date: /home/ytxu/cr_dvrk_ws/install/dvrk_config_jhu/share/jhu-daVinci/console-SUJ-ECM-MTMR-PSM1-MTML-PSM2-PSM3-Teleop.json
[1.344s] -- Up-to-date: /home/ytxu/cr_dvrk_ws/install/dvrk_config_jhu/share/jhu-daVinci/console-MTMR-PSM3-Teleop.json
[1.344s] -- Up-to-date: /home/ytxu/cr_dvrk_ws/install/dvrk_config_jhu/share/jhu-daVinci/console-Falcon-PSM3-Teleop.json
[1.345s] -- Up-to-date: /home/ytxu/cr_dvrk_ws/install/dvrk_config_jhu/share/jhu-daVinci/ECM-29738.json
[1.345s] -- Up-to-date: /home/ytxu/cr_dvrk_ws/install/dvrk_config_jhu/share/jhu-daVinci/sawRobotIO1394-ECM-29738.xml
[1.345s] -- Up-to-date: /home/ytxu/cr_dvrk_ws/install/dvrk_config_jhu/share/jhu-daVinci/sawRobotIO1394-MTMR-gripper-32336.xml
[1.345s] -- Up-to-date: /home/ytxu/cr_dvrk_ws/install/dvrk_config_jhu/share/jhu-daVinci/old
[1.345s] -- Up-to-date: /home/ytxu/cr_dvrk_ws/install/dvrk_config_jhu/share/jhu-daVinci/old/sawRobotIO1394-MTMR-22403-foot-pedal.xml
[1.345s] -- Up-to-date: /home/ytxu/cr_dvrk_ws/install/dvrk_config_jhu/share/jhu-daVinci/old/sawRobotIO1394-MTMR-22403.xml
[1.345s] -- Up-to-date: /home/ytxu/cr_dvrk_ws/install/dvrk_config_jhu/share/jhu-daVinci/gc-MTMR-32336.json
[1.346s] -- Up-to-date: /home/ytxu/cr_dvrk_ws/install/dvrk_config_jhu/share/jhu-daVinci/suj-ECM-1-2-3-PSM2-is-reference.json
[1.346s] -- Up-to-date: /home/ytxu/cr_dvrk_ws/install/dvrk_config_jhu/share/jhu-daVinci/console-SUJ-ECM-MTML-PSM1-PSM2-Teleop.json
[1.346s] -- Up-to-date: /home/ytxu/cr_dvrk_ws/install/dvrk_config_jhu/share/jhu-daVinci/console-SUJFixed-ECM-MTMR-PSM1-MTML-PSM2-Teleop.json
[1.346s] -- Up-to-date: /home/ytxu/cr_dvrk_ws/install/dvrk_config_jhu/share/jhu-daVinci/console-MTMR-PSM1_KIN_SIMULATED.json
[1.346s] -- Up-to-date: /home/ytxu/cr_dvrk_ws/install/dvrk_config_jhu/share/jhu-daVinci/console-PSM1.json
[1.346s] -- Up-to-date: /home/ytxu/cr_dvrk_ws/install/dvrk_config_jhu/share/jhu-daVinci/console-PSM1-ECM-SUJ.json
[1.347s] -- Up-to-date: /home/ytxu/cr_dvrk_ws/install/dvrk_config_jhu/share/jhu-daVinci/console-SUJ-ECM.json
[1.347s] -- Up-to-date: /home/ytxu/cr_dvrk_ws/install/dvrk_config_jhu/share/jhu-daVinci/MTML-34863.json
[1.347s] -- Up-to-date: /home/ytxu/cr_dvrk_ws/install/dvrk_config_jhu/share/jhu-daVinci/console-PSM3.json
[1.347s] -- Up-to-date: /home/ytxu/cr_dvrk_ws/install/dvrk_config_jhu/share/jhu-daVinci/console-SUJ-ECM-MTMR-PSM1-Teleop-PSM2.json
[1.347s] -- Up-to-date: /home/ytxu/cr_dvrk_ws/install/dvrk_config_jhu/share/jhu-dVRK-Si
[1.347s] -- Up-to-date: /home/ytxu/cr_dvrk_ws/install/dvrk_config_jhu/share/jhu-dVRK-Si/console-MTMR-Omni-JoystickPedals-PSM3-Teleop.json
[1.347s] -- Up-to-date: /home/ytxu/cr_dvrk_ws/install/dvrk_config_jhu/share/jhu-dVRK-Si/sawRobotIO1394-PSM1-334809.xml
[1.348s] -- Up-to-date: /home/ytxu/cr_dvrk_ws/install/dvrk_config_jhu/share/jhu-dVRK-Si/sawSensablePhantomUSBTouch.json
[1.348s] -- Up-to-date: /home/ytxu/cr_dvrk_ws/install/dvrk_config_jhu/share/jhu-dVRK-Si/sawRobotIO1394-PSM3-28007.xml
[1.348s] -- Up-to-date: /home/ytxu/cr_dvrk_ws/install/dvrk_config_jhu/share/jhu-dVRK-Si/PSM_KIN_SIMULATED_CADIERE_FORCEPS_400049.json
[1.348s] -- Up-to-date: /home/ytxu/cr_dvrk_ws/install/dvrk_config_jhu/share/jhu-dVRK-Si/console-MTMR-ForceDimension-JoystickPedals-PSM3-Teleop-with-jaws.json
[1.348s] -- Up-to-date: /home/ytxu/cr_dvrk_ws/install/dvrk_config_jhu/share/jhu-dVRK-Si/sawRobotIO1394-PSM1-334809-PotentiometerLookupTable.json
[1.349s] -- Up-to-date: /home/ytxu/cr_dvrk_ws/install/dvrk_config_jhu/share/jhu-dVRK-Si/console-PSM3_SIMULATED.json
[1.349s] -- Up-to-date: /home/ytxu/cr_dvrk_ws/install/dvrk_config_jhu/share/jhu-dVRK-Si/PSM3-28007.json
[1.349s] -- Up-to-date: /home/ytxu/cr_dvrk_ws/install/dvrk_config_jhu/share/jhu-dVRK-Si/console-MTMR-ForceDimension-JoystickPedals-PSM3_SIMULATED-Teleop.json
[1.349s] -- Up-to-date: /home/ytxu/cr_dvrk_ws/install/dvrk_config_jhu/share/jhu-dVRK-Si/omega7-11311.json
[1.350s] -- Up-to-date: /home/ytxu/cr_dvrk_ws/install/dvrk_config_jhu/share/jhu-dVRK-Si/console-PSM1.json
[1.350s] -- Up-to-date: /home/ytxu/cr_dvrk_ws/install/dvrk_config_jhu/share/jhu-dVRK-Si/console-MTMR-ForceDimension-JoystickPedals-PSM3-Teleop.json
[1.350s] -- Up-to-date: /home/ytxu/cr_dvrk_ws/install/dvrk_config_jhu/share/jhu-dVRK-Si/console-PSM3.json
[1.350s] -- Up-to-date: /home/ytxu/cr_dvrk_ws/install/dvrk_config_jhu/share/jhu-dVRK-Si/PSM1-334809.json
[1.350s] -- Up-to-date: /home/ytxu/cr_dvrk_ws/install/dvrk_config_jhu/share/jhu-daVinci-Si
[1.351s] -- Up-to-date: /home/ytxu/cr_dvrk_ws/install/dvrk_config_jhu/share/jhu-daVinci-Si/console-SUJ-ECM-MTMR-PSM1-PSM2-PSM3.json
[1.351s] -- Up-to-date: /home/ytxu/cr_dvrk_ws/install/dvrk_config_jhu/share/jhu-daVinci-Si/sawRobotIO1394-PSM2-586288.xml
[1.351s] -- Up-to-date: /home/ytxu/cr_dvrk_ws/install/dvrk_config_jhu/share/jhu-daVinci-Si/console-SUJ.json
[1.351s] -- Up-to-date: /home/ytxu/cr_dvrk_ws/install/dvrk_config_jhu/share/jhu-daVinci-Si/console-SUJ-ECM-MTML-PSM2-MTMR-PSM1-PSM3-Teleop.json
[1.351s] -- Up-to-date: /home/ytxu/cr_dvrk_ws/install/dvrk_config_jhu/share/jhu-daVinci-Si/sawRobotIO1394-MTMR-gripper-30924.xml
[1.352s] -- Up-to-date: /home/ytxu/cr_dvrk_ws/install/dvrk_config_jhu/share/jhu-daVinci-Si/console-ECM.json
[1.352s] -- Up-to-date: /home/ytxu/cr_dvrk_ws/install/dvrk_config_jhu/share/jhu-daVinci-Si/PSM2-586288.json
[1.352s] -- Up-to-date: /home/ytxu/cr_dvrk_ws/install/dvrk_config_jhu/share/jhu-daVinci-Si/console-SUJ_fixed-ECM-MTML-PSM2-MTMR-PSM1-Teleop.json
[1.352s] -- Up-to-date: /home/ytxu/cr_dvrk_ws/install/dvrk_config_jhu/share/jhu-daVinci-Si/MTMR-30924.json
[1.352s] -- Up-to-date: /home/ytxu/cr_dvrk_ws/install/dvrk_config_jhu/share/jhu-daVinci-Si/console-MTMR-PSM1SocketClient-Teleop.json
[1.353s] -- Up-to-date: /home/ytxu/cr_dvrk_ws/install/dvrk_config_jhu/share/jhu-daVinci-Si/console-PSM2.json
[1.353s] -- Up-to-date: /home/ytxu/cr_dvrk_ws/install/dvrk_config_jhu/share/jhu-daVinci-Si/suj-si.json
[1.354s] -- Up-to-date: /home/ytxu/cr_dvrk_ws/install/dvrk_config_jhu/share/jhu-daVinci-Si/console-ECM-PSM2.json
[1.354s] -- Up-to-date: /home/ytxu/cr_dvrk_ws/install/dvrk_config_jhu/share/jhu-daVinci-Si/PSM3-698534.json
[1.354s] -- Up-to-date: /home/ytxu/cr_dvrk_ws/install/dvrk_config_jhu/share/jhu-daVinci-Si/sawRobotIO1394-PSM3-698534-PotentiometerLookupTable.json
[1.354s] -- Up-to-date: /home/ytxu/cr_dvrk_ws/install/dvrk_config_jhu/share/jhu-daVinci-Si/sawRobotIO1394-PSM1-292409-PotentiometerLookupTable.json
[1.354s] -- Up-to-date: /home/ytxu/cr_dvrk_ws/install/dvrk_config_jhu/share/jhu-daVinci-Si/console-MTML.json
[1.355s] -- Up-to-date: /home/ytxu/cr_dvrk_ws/install/dvrk_config_jhu/share/jhu-daVinci-Si/sawRobotIO1394-PSM2-586288-PotentiometerLookupTable.json
[1.355s] -- Up-to-date: /home/ytxu/cr_dvrk_ws/install/dvrk_config_jhu/share/jhu-daVinci-Si/console-MTMR.json
[1.355s] -- Up-to-date: /home/ytxu/cr_dvrk_ws/install/dvrk_config_jhu/share/jhu-daVinci-Si/console-MTMR-ForceDimension-PSM1-Teleop.json
[1.355s] -- Up-to-date: /home/ytxu/cr_dvrk_ws/install/dvrk_config_jhu/share/jhu-daVinci-Si/cal-files
[1.355s] -- Up-to-date: /home/ytxu/cr_dvrk_ws/install/dvrk_config_jhu/share/jhu-daVinci-Si/cal-files/e267579.cal
[1.355s] -- Up-to-date: /home/ytxu/cr_dvrk_ws/install/dvrk_config_jhu/share/jhu-daVinci-Si/cal-files/p586288.cal
[1.355s] -- Up-to-date: /home/ytxu/cr_dvrk_ws/install/dvrk_config_jhu/share/jhu-daVinci-Si/cal-files/jhu-mtml-28989.cal
[1.356s] -- Up-to-date: /home/ytxu/cr_dvrk_ws/install/dvrk_config_jhu/share/jhu-daVinci-Si/cal-files/jhu-ecm-s-267579.cal
[1.356s] -- Up-to-date: /home/ytxu/cr_dvrk_ws/install/dvrk_config_jhu/share/jhu-daVinci-Si/cal-files/jhu-psm-s-334809.cal
[1.356s] -- Up-to-date: /home/ytxu/cr_dvrk_ws/install/dvrk_config_jhu/share/jhu-daVinci-Si/cal-files/e438610.cal
[1.356s] -- Up-to-date: /home/ytxu/cr_dvrk_ws/install/dvrk_config_jhu/share/jhu-daVinci-Si/cal-files/jhu-mtmr-22403.cal
[1.356s] -- Up-to-date: /home/ytxu/cr_dvrk_ws/install/dvrk_config_jhu/share/jhu-daVinci-Si/cal-files/p292409.cal
[1.356s] -- Up-to-date: /home/ytxu/cr_dvrk_ws/install/dvrk_config_jhu/share/jhu-daVinci-Si/gc-MTMR-30924.json
[1.357s] -- Up-to-date: /home/ytxu/cr_dvrk_ws/install/dvrk_config_jhu/share/jhu-daVinci-Si/suj-fixed.json
[1.357s] -- Up-to-date: /home/ytxu/cr_dvrk_ws/install/dvrk_config_jhu/share/jhu-daVinci-Si/console-SUJ-ECM-MTML-PSM2-MTMR-PSM1-Teleop.json
[1.357s] -- Up-to-date: /home/ytxu/cr_dvrk_ws/install/dvrk_config_jhu/share/jhu-daVinci-Si/console-SUJ-PSM1.json
[1.368s] -- Up-to-date: /home/ytxu/cr_dvrk_ws/install/dvrk_config_jhu/share/jhu-daVinci-Si/sawRobotIO1394-MTML-gripper-28989.xml
[1.368s] -- Up-to-date: /home/ytxu/cr_dvrk_ws/install/dvrk_config_jhu/share/jhu-daVinci-Si/ECM-438610.json
[1.368s] -- Up-to-date: /home/ytxu/cr_dvrk_ws/install/dvrk_config_jhu/share/jhu-daVinci-Si/sawRobotIO1394-ECM-438610.xml
[1.369s] -- Up-to-date: /home/ytxu/cr_dvrk_ws/install/dvrk_config_jhu/share/jhu-daVinci-Si/sawRobotIO1394-PSM3-698534.xml
[1.369s] -- Up-to-date: /home/ytxu/cr_dvrk_ws/install/dvrk_config_jhu/share/jhu-daVinci-Si/MTML-28989.json
[1.369s] -- Up-to-date: /home/ytxu/cr_dvrk_ws/install/dvrk_config_jhu/share/jhu-daVinci-Si/console-SUJ-ECM-PSM1-PSM2-PSM3.json
[1.369s] -- Up-to-date: /home/ytxu/cr_dvrk_ws/install/dvrk_config_jhu/share/jhu-daVinci-Si/sawRobotIO1394-PSM1-292409.xml
[1.369s] -- Up-to-date: /home/ytxu/cr_dvrk_ws/install/dvrk_config_jhu/share/jhu-daVinci-Si/console-SUJ-ECM-MTMR-PSM1-PSM2-Teleop.json
[1.369s] -- Up-to-date: /home/ytxu/cr_dvrk_ws/install/dvrk_config_jhu/share/jhu-daVinci-Si/PSM1-292409.json
[1.369s] -- Up-to-date: /home/ytxu/cr_dvrk_ws/install/dvrk_config_jhu/share/jhu-daVinci-Si/sawRobotIO1394-MTML-28989.xml
[1.370s] -- Up-to-date: /home/ytxu/cr_dvrk_ws/install/dvrk_config_jhu/share/jhu-daVinci-Si/omega7-11311.json
[1.370s] -- Up-to-date: /home/ytxu/cr_dvrk_ws/install/dvrk_config_jhu/share/jhu-daVinci-Si/console-PSM1.json
[1.370s] -- Up-to-date: /home/ytxu/cr_dvrk_ws/install/dvrk_config_jhu/share/jhu-daVinci-Si/sawRobotIO1394-MTMR-30924.xml
[1.370s] -- Up-to-date: /home/ytxu/cr_dvrk_ws/install/dvrk_config_jhu/share/jhu-daVinci-Si/sawRobotIO1394-ECM-438610-PotentiometerLookupTable.json
[1.370s] -- Up-to-date: /home/ytxu/cr_dvrk_ws/install/dvrk_config_jhu/share/jhu-daVinci-Si/console-PSM3.json
[1.453s] Invoked command in '/home/ytxu/cr_dvrk_ws/build/dvrk_config_jhu' returned '0': CMAKE_PREFIX_PATH=/home/ytxu/cr_dvrk_ws/install/dvrk_robot:/home/ytxu/cr_dvrk_ws/install/sawIntuitiveResearchKitCore:/home/ytxu/cr_dvrk_ws/install/sawTextToSpeechAll:/home/ytxu/cr_dvrk_ws/install/robot_io:/home/ytxu/cr_dvrk_ws/install/sawRobotIO1394Core:/home/ytxu/cr_dvrk_ws/install/sawControllersAll:/home/ytxu/cr_dvrk_ws/install/sawKeyboardAll:/home/ytxu/cr_dvrk_ws/install/dvrk_video:/home/ytxu/cr_dvrk_ws/install/dvrk_python:/home/ytxu/cr_dvrk_ws/install/dvrk_model:/home/ytxu/cr_dvrk_ws/install/dvrk_hrsv_widget:/home/ytxu/cr_dvrk_ws/install/dvrk_config_jhu:/home/ytxu/cr_dvrk_ws/install/dvrk_config:/home/ytxu/cr_dvrk_ws/install/dvrk_camera_registration:/home/ytxu/cr_dvrk_ws/install/dvrk_arms_from_ros:/home/ytxu/cr_dvrk_ws/install/crtk_python_client:/home/ytxu/cr_dvrk_ws/install/cisst_ros_crtk:/home/ytxu/cr_dvrk_ws/install/crtk_msgs:/home/ytxu/cr_dvrk_ws/install/cisst_ros_bridge:/home/ytxu/cr_dvrk_ws/install/cisst_msgs:/home/ytxu/cr-dvrk-rviz/install/test_scripts:/home/ytxu/cr-dvrk-rviz/install/teleop_cr_psm:/home/ytxu/cr-dvrk-rviz/install/cr_dvrk_kinematics:/home/ytxu/ctr_tr_model/install/pub_ctr_kinematics:/opt/ros/humble:/home/ytxu/cr_dvrk_ws/install/cisst:/home/ytxu/cr_dvrk_ws/install/cisstNetlib /usr/bin/cmake --install /home/ytxu/cr_dvrk_ws/build/dvrk_config_jhu
