[0.039s] Invoking command in '/home/ytxu/cr_dvrk_ws/build/crtk_python_client': AMENT_PREFIX_PATH=/home/ytxu/cr_dvrk_ws/install/crtk_msgs:${AMENT_PREFIX_PATH} CMAKE_PREFIX_PATH=/home/ytxu/cr_dvrk_ws/install/crtk_msgs:/home/ytxu/cr-dvrk-rviz/install/test_scripts:/home/ytxu/cr-dvrk-rviz/install/teleop_cr_psm:/home/ytxu/cr-dvrk-rviz/install/cr_dvrk_kinematics:/home/ytxu/ctr_tr_model/install/pub_ctr_kinematics:/opt/ros/humble LD_LIBRARY_PATH=/home/ytxu/cr_dvrk_ws/install/crtk_msgs/lib:${LD_LIBRARY_PATH} PYTHONPATH=/home/ytxu/cr_dvrk_ws/install/crtk_msgs/local/lib/python3.10/dist-packages:${PYTHONPATH} /usr/bin/cmake --build /home/ytxu/cr_dvrk_ws/build/crtk_python_client -- -j12 -l12
[0.105s] Built target ament_cmake_python_symlink_crtk
[0.324s] running egg_info
[0.325s] writing crtk.egg-info/PKG-INFO
[0.325s] writing dependency_links to crtk.egg-info/dependency_links.txt
[0.325s] writing top-level names to crtk.egg-info/top_level.txt
[0.327s] reading manifest file 'crtk.egg-info/SOURCES.txt'
[0.328s] writing manifest file 'crtk.egg-info/SOURCES.txt'
[0.350s] Built target ament_cmake_python_build_crtk_egg
[0.360s] Invoked command in '/home/ytxu/cr_dvrk_ws/build/crtk_python_client' returned '0': AMENT_PREFIX_PATH=/home/ytxu/cr_dvrk_ws/install/crtk_msgs:${AMENT_PREFIX_PATH} CMAKE_PREFIX_PATH=/home/ytxu/cr_dvrk_ws/install/crtk_msgs:/home/ytxu/cr-dvrk-rviz/install/test_scripts:/home/ytxu/cr-dvrk-rviz/install/teleop_cr_psm:/home/ytxu/cr-dvrk-rviz/install/cr_dvrk_kinematics:/home/ytxu/ctr_tr_model/install/pub_ctr_kinematics:/opt/ros/humble LD_LIBRARY_PATH=/home/ytxu/cr_dvrk_ws/install/crtk_msgs/lib:${LD_LIBRARY_PATH} PYTHONPATH=/home/ytxu/cr_dvrk_ws/install/crtk_msgs/local/lib/python3.10/dist-packages:${PYTHONPATH} /usr/bin/cmake --build /home/ytxu/cr_dvrk_ws/build/crtk_python_client -- -j12 -l12
[0.363s] Invoking command in '/home/ytxu/cr_dvrk_ws/build/crtk_python_client': AMENT_PREFIX_PATH=/home/ytxu/cr_dvrk_ws/install/crtk_msgs:${AMENT_PREFIX_PATH} CMAKE_PREFIX_PATH=/home/ytxu/cr_dvrk_ws/install/crtk_msgs:/home/ytxu/cr-dvrk-rviz/install/test_scripts:/home/ytxu/cr-dvrk-rviz/install/teleop_cr_psm:/home/ytxu/cr-dvrk-rviz/install/cr_dvrk_kinematics:/home/ytxu/ctr_tr_model/install/pub_ctr_kinematics:/opt/ros/humble LD_LIBRARY_PATH=/home/ytxu/cr_dvrk_ws/install/crtk_msgs/lib:${LD_LIBRARY_PATH} PYTHONPATH=/home/ytxu/cr_dvrk_ws/install/crtk_msgs/local/lib/python3.10/dist-packages:${PYTHONPATH} /usr/bin/cmake --install /home/ytxu/cr_dvrk_ws/build/crtk_python_client
[0.371s] -- Install configuration: "Release"
[0.372s] -- Execute custom install script
[0.373s] -- Up-to-date symlink: /home/ytxu/cr_dvrk_ws/install/crtk_python_client/share/crtk_python_client/environment/pythonpath.sh
[0.374s] -- Up-to-date symlink: /home/ytxu/cr_dvrk_ws/install/crtk_python_client/share/crtk_python_client/environment/pythonpath.dsv
[0.375s] -- Up-to-date symlink: /home/ytxu/cr_dvrk_ws/install/crtk_python_client/local/lib/python3.10/dist-packages/crtk-1.3.1-py3.10.egg-info/PKG-INFO
[0.376s] -- Up-to-date symlink: /home/ytxu/cr_dvrk_ws/install/crtk_python_client/local/lib/python3.10/dist-packages/crtk-1.3.1-py3.10.egg-info/SOURCES.txt
[0.376s] -- Up-to-date symlink: /home/ytxu/cr_dvrk_ws/install/crtk_python_client/local/lib/python3.10/dist-packages/crtk-1.3.1-py3.10.egg-info/dependency_links.txt
[0.377s] -- Up-to-date symlink: /home/ytxu/cr_dvrk_ws/install/crtk_python_client/local/lib/python3.10/dist-packages/crtk-1.3.1-py3.10.egg-info/top_level.txt
[0.378s] -- Up-to-date symlink: /home/ytxu/cr_dvrk_ws/install/crtk_python_client/local/lib/python3.10/dist-packages/crtk/__init__.py
[0.378s] -- Up-to-date symlink: /home/ytxu/cr_dvrk_ws/install/crtk_python_client/local/lib/python3.10/dist-packages/crtk/joystick_button.py
[0.378s] -- Up-to-date symlink: /home/ytxu/cr_dvrk_ws/install/crtk_python_client/local/lib/python3.10/dist-packages/crtk/measured_cp.py
[0.379s] -- Up-to-date symlink: /home/ytxu/cr_dvrk_ws/install/crtk_python_client/local/lib/python3.10/dist-packages/crtk/msg_conversions.py
[0.379s] -- Up-to-date symlink: /home/ytxu/cr_dvrk_ws/install/crtk_python_client/local/lib/python3.10/dist-packages/crtk/ral_ros1.py
[0.380s] -- Up-to-date symlink: /home/ytxu/cr_dvrk_ws/install/crtk_python_client/local/lib/python3.10/dist-packages/crtk/ral_ros2.py
[0.380s] -- Up-to-date symlink: /home/ytxu/cr_dvrk_ws/install/crtk_python_client/local/lib/python3.10/dist-packages/crtk/utils.py
[0.380s] -- Up-to-date symlink: /home/ytxu/cr_dvrk_ws/install/crtk_python_client/local/lib/python3.10/dist-packages/crtk/wait_move_handle.py
[0.382s] -- Up-to-date symlink: /home/ytxu/cr_dvrk_ws/install/crtk_python_client/lib/crtk_python_client/crtk_haptic_example.py
[0.382s] -- Up-to-date symlink: /home/ytxu/cr_dvrk_ws/install/crtk_python_client/lib/crtk_python_client/crtk_move_cp_example.py
[0.382s] -- Up-to-date symlink: /home/ytxu/cr_dvrk_ws/install/crtk_python_client/lib/crtk_python_client/crtk_servo_cp_example.py
[0.383s] -- Up-to-date symlink: /home/ytxu/cr_dvrk_ws/install/crtk_python_client/lib/crtk_python_client/crtk_servo_cv_example.py
[0.383s] -- Up-to-date symlink: /home/ytxu/cr_dvrk_ws/install/crtk_python_client/lib/crtk_python_client/crtk_servo_jp_example.py
[0.383s] -- Up-to-date symlink: /home/ytxu/cr_dvrk_ws/install/crtk_python_client/lib/crtk_python_client/crtk_teleop_example.py
[0.384s] -- Up-to-date symlink: /home/ytxu/cr_dvrk_ws/install/crtk_python_client/share/ament_index/resource_index/package_run_dependencies/crtk_python_client
[0.385s] -- Up-to-date symlink: /home/ytxu/cr_dvrk_ws/install/crtk_python_client/share/ament_index/resource_index/parent_prefix_path/crtk_python_client
[0.386s] -- Up-to-date symlink: /home/ytxu/cr_dvrk_ws/install/crtk_python_client/share/crtk_python_client/environment/ament_prefix_path.sh
[0.386s] -- Up-to-date symlink: /home/ytxu/cr_dvrk_ws/install/crtk_python_client/share/crtk_python_client/environment/ament_prefix_path.dsv
[0.386s] -- Up-to-date symlink: /home/ytxu/cr_dvrk_ws/install/crtk_python_client/share/crtk_python_client/environment/path.sh
[0.387s] -- Up-to-date symlink: /home/ytxu/cr_dvrk_ws/install/crtk_python_client/share/crtk_python_client/environment/path.dsv
[0.387s] -- Up-to-date symlink: /home/ytxu/cr_dvrk_ws/install/crtk_python_client/share/crtk_python_client/local_setup.bash
[0.388s] -- Up-to-date symlink: /home/ytxu/cr_dvrk_ws/install/crtk_python_client/share/crtk_python_client/local_setup.sh
[0.388s] -- Up-to-date symlink: /home/ytxu/cr_dvrk_ws/install/crtk_python_client/share/crtk_python_client/local_setup.zsh
[0.389s] -- Up-to-date symlink: /home/ytxu/cr_dvrk_ws/install/crtk_python_client/share/crtk_python_client/local_setup.dsv
[0.389s] -- Symlinking: /home/ytxu/cr_dvrk_ws/install/crtk_python_client/share/crtk_python_client/package.dsv
[0.398s] -- Up-to-date symlink: /home/ytxu/cr_dvrk_ws/install/crtk_python_client/share/ament_index/resource_index/packages/crtk_python_client
[0.398s] -- Up-to-date symlink: /home/ytxu/cr_dvrk_ws/install/crtk_python_client/share/crtk_python_client/cmake/crtk_python_clientConfig.cmake
[0.399s] -- Up-to-date symlink: /home/ytxu/cr_dvrk_ws/install/crtk_python_client/share/crtk_python_client/cmake/crtk_python_clientConfig-version.cmake
[0.399s] -- Up-to-date symlink: /home/ytxu/cr_dvrk_ws/install/crtk_python_client/share/crtk_python_client/package.xml
[0.432s] Listing '/home/ytxu/cr_dvrk_ws/install/crtk_python_client/local/lib/python3.10/dist-packages/crtk'...
[0.439s] Invoked command in '/home/ytxu/cr_dvrk_ws/build/crtk_python_client' returned '0': AMENT_PREFIX_PATH=/home/ytxu/cr_dvrk_ws/install/crtk_msgs:${AMENT_PREFIX_PATH} CMAKE_PREFIX_PATH=/home/ytxu/cr_dvrk_ws/install/crtk_msgs:/home/ytxu/cr-dvrk-rviz/install/test_scripts:/home/ytxu/cr-dvrk-rviz/install/teleop_cr_psm:/home/ytxu/cr-dvrk-rviz/install/cr_dvrk_kinematics:/home/ytxu/ctr_tr_model/install/pub_ctr_kinematics:/opt/ros/humble LD_LIBRARY_PATH=/home/ytxu/cr_dvrk_ws/install/crtk_msgs/lib:${LD_LIBRARY_PATH} PYTHONPATH=/home/ytxu/cr_dvrk_ws/install/crtk_msgs/local/lib/python3.10/dist-packages:${PYTHONPATH} /usr/bin/cmake --install /home/ytxu/cr_dvrk_ws/build/crtk_python_client
