-- The C compiler identification is GNU 11.4.0
-- The CXX compiler identification is GNU 11.4.0
-- Detecting C compiler ABI info
-- Detecting C compiler ABI info - done
-- Check for working C compiler: /usr/bin/cc - skipped
-- Detecting C compile features
-- Detecting C compile features - done
-- Detecting CXX compiler ABI info
-- Detecting CXX compiler ABI info - done
-- Check for working CXX compiler: /usr/bin/c++ - skipped
-- Detecting CXX compile features
-- Detecting CXX compile features - done
-- Information: cisst has been found in "/home/ytxu/cr_dvrk_ws/install/cisst/", headers are in "/home/ytxu/cr_dvrk_ws/install/cisst//include"
-- Performing Test CXX_SUPPORTS_WEXTRA
-- Performing Test CXX_SUPPORTS_WEXTRA - Success
-- Performing Test CXX_SUPPORTS_WALL
-- Performing Test CXX_SUPPORTS_WALL - Success
-- Information: cisst has been found in "/home/ytxu/cr_dvrk_ws/install/cisst/", headers are in "/home/ytxu/cr_dvrk_ws/install/cisst//include"
-- Assuming cisst is built using ROS/catkin since ROS_ROOT is defined in environment
-- CATKIN_DEVEL_PREFIX is not defined so assuming this is NOT a ROS/catkin build after all
-- Assuming cisst is built using ROS2/colcon since ROS_VERSION is 2
-- Information: cisst has been found in "/home/ytxu/cr_dvrk_ws/install/cisst/", headers are in "/home/ytxu/cr_dvrk_ws/install/cisst//include"
-- Assuming cisst is built using ROS/catkin since ROS_ROOT is defined in environment
-- CATKIN_DEVEL_PREFIX is not defined so assuming this is NOT a ROS/catkin build after all
-- Information: cisst has been found in "/home/ytxu/cr_dvrk_ws/install/cisst/", headers are in "/home/ytxu/cr_dvrk_ws/install/cisst//include"
-- Assuming cisst is built using ROS/catkin since ROS_ROOT is defined in environment
-- CATKIN_DEVEL_PREFIX is not defined so assuming this is NOT a ROS/catkin build after all
-- Information: cisst has been found in "/home/ytxu/cr_dvrk_ws/install/cisst/", headers are in "/home/ytxu/cr_dvrk_ws/install/cisst//include"
-- Assuming cisst is built using ROS/catkin since ROS_ROOT is defined in environment
-- CATKIN_DEVEL_PREFIX is not defined so assuming this is NOT a ROS/catkin build after all
-- Information: cisst has been found in "/home/ytxu/cr_dvrk_ws/install/cisst/", headers are in "/home/ytxu/cr_dvrk_ws/install/cisst//include"
-- Assuming cisst is built using ROS/catkin since ROS_ROOT is defined in environment
-- CATKIN_DEVEL_PREFIX is not defined so assuming this is NOT a ROS/catkin build after all
-- Assuming cisst is built using ROS2/colcon since ROS_VERSION is 2
-- Information: cisst has been found in "/home/ytxu/cr_dvrk_ws/install/cisst/", headers are in "/home/ytxu/cr_dvrk_ws/install/cisst//include"
-- Assuming cisst is built using ROS/catkin since ROS_ROOT is defined in environment
-- CATKIN_DEVEL_PREFIX is not defined so assuming this is NOT a ROS/catkin build after all
-- Assuming cisst is built using ROS2/colcon since ROS_VERSION is 2
-- Information: cisst has been found in "/home/ytxu/cr_dvrk_ws/install/cisst/", headers are in "/home/ytxu/cr_dvrk_ws/install/cisst//include"
-- Assuming cisst is built using ROS/catkin since ROS_ROOT is defined in environment
-- CATKIN_DEVEL_PREFIX is not defined so assuming this is NOT a ROS/catkin build after all
-- Assuming cisst is built using ROS2/colcon since ROS_VERSION is 2
-- Information: cisst has been found in "/home/ytxu/cr_dvrk_ws/install/cisst/", headers are in "/home/ytxu/cr_dvrk_ws/install/cisst//include"
-- Assuming cisst is built using ROS/catkin since ROS_ROOT is defined in environment
-- CATKIN_DEVEL_PREFIX is not defined so assuming this is NOT a ROS/catkin build after all
-- Assuming cisst is built using ROS2/colcon since ROS_VERSION is 2
-- Information: cisst has been found in "/home/ytxu/cr_dvrk_ws/install/cisst/", headers are in "/home/ytxu/cr_dvrk_ws/install/cisst//include"
-- Assuming cisst is built using ROS/catkin since ROS_ROOT is defined in environment
-- CATKIN_DEVEL_PREFIX is not defined so assuming this is NOT a ROS/catkin build after all
-- Information: cisst has been found in "/home/ytxu/cr_dvrk_ws/install/cisst/", headers are in "/home/ytxu/cr_dvrk_ws/install/cisst//include"
-- Assuming cisst is built using ROS/catkin since ROS_ROOT is defined in environment
-- CATKIN_DEVEL_PREFIX is not defined so assuming this is NOT a ROS/catkin build after all
-- Assuming cisst is built using ROS2/colcon since ROS_VERSION is 2
-- Configuring done
-- Generating done
-- Build files have been written to: /home/ytxu/cr_dvrk_ws/build/sawIntuitiveResearchKitCore
[  1%] [32mBuilding CXX object applications/gripper-calibration/CMakeFiles/sawIntuitiveResearchKitGripperCalibration.dir/GripperCalibration.cpp.o[0m
[  2%] [32mBuilding CXX object applications/s-potentiometers-calibration/CMakeFiles/sawIntuitiveResearchKitSPotentiometersCalibration.dir/SPotentiometersCalibration.cpp.o[0m
[  4%] [34m[1mCreating directories for 'gattlibExternal'[0m
[  4%] Built target sawIntuitiveResearchKitSDCardUpdater
[  4%] Built target sawIntuitiveResearchKitRemoveLogs
[  4%] Built target sawIntuitiveResearchKitSUJBluetoothReset
[  4%] Built target sawIntuitiveResearchKitConfigGenerator
[  5%] [34m[1mPerforming download step (git clone) for 'gattlibExternal'[0m
[  6%] [34m[1mNo update step for 'gattlibExternal'[0m
[  8%] [34m[1mNo patch step for 'gattlibExternal'[0m
[  9%] [34m[1mPerforming configure step for 'gattlibExternal'[0m
loading initial cache file /home/ytxu/cr_dvrk_ws/build/sawIntuitiveResearchKitCore/components/gattlib/tmp/gattlibExternal-cache-Release.cmake
-- The C compiler identification is GNU 11.4.0
-- The CXX compiler identification is GNU 11.4.0
-- Detecting C compiler ABI info
[ 11%] [32m[1mLinking CXX executable sawIntuitiveResearchKitGripperCalibration[0m
-- Detecting C compiler ABI info - done
-- Check for working C compiler: /usr/bin/cc - skipped
-- Detecting C compile features
-- Detecting C compile features - done
-- Detecting CXX compiler ABI info
-- Detecting CXX compiler ABI info - done
[ 11%] Built target sawIntuitiveResearchKitGripperCalibration
-- Check for working CXX compiler: /usr/bin/c++ - skipped
-- Detecting CXX compile features
-- Detecting CXX compile features - done
-- Found PkgConfig: /usr/bin/pkg-config (found version "0.29.2") 
-- Could NOT find Doxygen (missing: DOXYGEN_EXECUTABLE) 
-- Checking for one of the modules 'bluez'
-- Checking for one of the modules 'glib-2.0'
-- Checking for one of the modules 'gio-unix-2.0'
-- Configuring done
-- Generating done
-- Build files have been written to: /home/ytxu/cr_dvrk_ws/build/sawIntuitiveResearchKitCore/components/gattlib/src/gattlibExternal-build
[ 12%] [34m[1mPerforming build step for 'gattlibExternal'[0m
[  8%] [34m[1mGenerate D-Bus 'org.bluez.Battery1.xml'[0m
[  8%] [34m[1mGenerate D-Bus 'org.bluez.GattCharacteristic1.xml'[0m
[ 13%] [34m[1mGenerate D-Bus 'org.bluez.GattService1.xml'[0m
[ 17%] [34m[1mGenerate D-Bus 'org.bluez.Adapter1.xml'[0m
[ 21%] [34m[1mGenerate D-Bus 'org.bluez.Device1.xml'[0m
[ 26%] [34m[1mGenerate D-Bus 'org.bluez.GattDescriptor1.xml'[0m
[ 34%] [32mBuilding C object dbus/CMakeFiles/gattlib.dir/gattlib_char.c.o[0m
[ 34%] [32mBuilding C object dbus/CMakeFiles/gattlib.dir/gattlib.c.o[0m
[ 43%] [32mBuilding C object dbus/CMakeFiles/gattlib.dir/gattlib_advertisement.c.o[0m
[ 47%] [32mBuilding C object dbus/CMakeFiles/gattlib.dir/gattlib_adapter.c.o[0m
[ 52%] [32mBuilding C object dbus/CMakeFiles/gattlib.dir/__/common/gattlib_common.c.o[0m
[ 56%] [32mBuilding C object dbus/CMakeFiles/gattlib.dir/gattlib_stream.c.o[0m
[ 60%] [32mBuilding C object dbus/CMakeFiles/gattlib.dir/__/common/gattlib_eddystone.c.o[0m
[ 60%] [32mBuilding C object dbus/CMakeFiles/gattlib.dir/gattlib_notification.c.o[0m
[ 65%] [32mBuilding C object dbus/CMakeFiles/gattlib.dir/bluez5/lib/uuid.c.o[0m
[ 69%] [32mBuilding C object dbus/CMakeFiles/gattlib.dir/__/common/logging_backend/syslog/gattlib_logging.c.o[0m
[ 73%] [32mBuilding C object dbus/CMakeFiles/gattlib.dir/org-bluez-adaptater1.c.o[0m
[ 78%] [32mBuilding C object dbus/CMakeFiles/gattlib.dir/org-bluez-device1.c.o[0m
[ 13%] [32m[1mLinking CXX executable sawIntuitiveResearchKitSPotentiometersCalibration[0m
[ 82%] [32mBuilding C object dbus/CMakeFiles/gattlib.dir/org-bluez-gattcharacteristic1.c.o[0m
[ 86%] [32mBuilding C object dbus/CMakeFiles/gattlib.dir/org-bluez-gattdescriptor1.c.o[0m
[ 91%] [32mBuilding C object dbus/CMakeFiles/gattlib.dir/org-bluez-gattservice1.c.o[0m
[ 95%] [32mBuilding C object dbus/CMakeFiles/gattlib.dir/org-bluez-battery1.c.o[0m
[ 13%] Built target sawIntuitiveResearchKitSPotentiometersCalibration
[100%] [32m[1mLinking C shared library libgattlib.so[0m
[100%] Built target gattlib
[ 15%] [34m[1mPerforming install step for 'gattlibExternal'[0m
[35m[1mConsolidate compiler generated dependencies of target gattlib[0m
[100%] Built target gattlib
[36mInstall the project...[0m
-- Install configuration: "Release"
-- Installing: /home/ytxu/cr_dvrk_ws/install/sawIntuitiveResearchKitCore/include/gattlib.h
-- Installing: /home/ytxu/cr_dvrk_ws/install/sawIntuitiveResearchKitCore/lib/pkgconfig/gattlib.pc
-- Installing: /home/ytxu/cr_dvrk_ws/install/sawIntuitiveResearchKitCore/lib/libgattlib.so
[ 16%] [34m[1mCompleted 'gattlibExternal'[0m
[ 16%] Built target gattlibExternal
[ 18%] [34m[1mcisstDataGenerator for socketMessages[0m
[ 19%] [34m[1mcisstDataGenerator for mtsIntuitiveResearchKitArmTypes[0m
[ 20%] [34m[1mcisstDataGenerator for mtsHIDHeadSensorConfiguration[0m
[ 22%] [34m[1mcisstDataGenerator for mtsIntuitiveResearchKitEndoscopeTypes[0m
[ 23%] [34m[1mcisstDataGenerator for mtsIntuitiveResearchKitToolTypes[0m
cisstDataGenerator: generating /home/ytxu/cr_dvrk_ws/build/sawIntuitiveResearchKitCore/components/include/sawIntuitiveResearchKit/mtsIntuitiveResearchKitArmTypes.h and /home/ytxu/cr_dvrk_ws/build/sawIntuitiveResearchKitCore/components/mtsIntuitiveResearchKitArmTypes_cdg.cpp from /home/ytxu/cr_dvrk_ws/src/cisst-saw/sawIntuitiveResearchKit/core/components/code/mtsIntuitiveResearchKitArmTypes.cdg
cisstDataGenerator: generating /home/ytxu/cr_dvrk_ws/build/sawIntuitiveResearchKitCore/components/include/sawIntuitiveResearchKit/socketMessages.h and /home/ytxu/cr_dvrk_ws/build/sawIntuitiveResearchKitCore/components/socketMessages_cdg.cpp from /home/ytxu/cr_dvrk_ws/src/cisst-saw/sawIntuitiveResearchKit/core/components/code/socketMessages.cdg
cisstDataGenerator: parse succeeded
cisstDataGenerator: generating header file "/home/ytxu/cr_dvrk_ws/build/sawIntuitiveResearchKitCore/components/include/sawIntuitiveResearchKit/mtsIntuitiveResearchKitArmTypes.h"
cisstDataGenerator: parse succeeded
cisstDataGenerator: generating header file "/home/ytxu/cr_dvrk_ws/build/sawIntuitiveResearchKitCore/components/include/sawIntuitiveResearchKit/socketMessages.h"
cisstDataGenerator: generating code file "/home/ytxu/cr_dvrk_ws/build/sawIntuitiveResearchKitCore/components/mtsIntuitiveResearchKitArmTypes_cdg.cpp"
cisstDataGenerator: generating code file "/home/ytxu/cr_dvrk_ws/build/sawIntuitiveResearchKitCore/components/socketMessages_cdg.cpp"
cisstDataGenerator: generating /home/ytxu/cr_dvrk_ws/build/sawIntuitiveResearchKitCore/components/include/sawIntuitiveResearchKit/mtsHIDHeadSensorConfiguration.h and /home/ytxu/cr_dvrk_ws/build/sawIntuitiveResearchKitCore/components/mtsHIDHeadSensorConfiguration_cdg.cpp from /home/ytxu/cr_dvrk_ws/src/cisst-saw/sawIntuitiveResearchKit/core/components/code/mtsHIDHeadSensorConfiguration.cdg
cisstDataGenerator: generating /home/ytxu/cr_dvrk_ws/build/sawIntuitiveResearchKitCore/components/include/sawIntuitiveResearchKit/mtsIntuitiveResearchKitEndoscopeTypes.h and /home/ytxu/cr_dvrk_ws/build/sawIntuitiveResearchKitCore/components/mtsIntuitiveResearchKitEndoscopeTypes_cdg.cpp from /home/ytxu/cr_dvrk_ws/src/cisst-saw/sawIntuitiveResearchKit/core/components/code/mtsIntuitiveResearchKitEndoscopeTypes.cdg
cisstDataGenerator: parse succeeded
cisstDataGenerator: generating header file "/home/ytxu/cr_dvrk_ws/build/sawIntuitiveResearchKitCore/components/include/sawIntuitiveResearchKit/mtsHIDHeadSensorConfiguration.h"
cisstDataGenerator: generating code file "/home/ytxu/cr_dvrk_ws/build/sawIntuitiveResearchKitCore/components/mtsHIDHeadSensorConfiguration_cdg.cpp"
cisstDataGenerator: parse succeeded
cisstDataGenerator: generating header file "/home/ytxu/cr_dvrk_ws/build/sawIntuitiveResearchKitCore/components/include/sawIntuitiveResearchKit/mtsIntuitiveResearchKitEndoscopeTypes.h"
cisstDataGenerator: generating /home/ytxu/cr_dvrk_ws/build/sawIntuitiveResearchKitCore/components/include/sawIntuitiveResearchKit/mtsIntuitiveResearchKitToolTypes.h and /home/ytxu/cr_dvrk_ws/build/sawIntuitiveResearchKitCore/components/mtsIntuitiveResearchKitToolTypes_cdg.cpp from /home/ytxu/cr_dvrk_ws/src/cisst-saw/sawIntuitiveResearchKit/core/components/code/mtsIntuitiveResearchKitToolTypes.cdg
cisstDataGenerator: generating code file "/home/ytxu/cr_dvrk_ws/build/sawIntuitiveResearchKitCore/components/mtsIntuitiveResearchKitEndoscopeTypes_cdg.cpp"
cisstDataGenerator: parse succeeded
cisstDataGenerator: generating header file "/home/ytxu/cr_dvrk_ws/build/sawIntuitiveResearchKitCore/components/include/sawIntuitiveResearchKit/mtsIntuitiveResearchKitToolTypes.h"
cisstDataGenerator: generating code file "/home/ytxu/cr_dvrk_ws/build/sawIntuitiveResearchKitCore/components/mtsIntuitiveResearchKitToolTypes_cdg.cpp"
[ 25%] [32mBuilding CXX object components/CMakeFiles/sawIntuitiveResearchKit.dir/code/mtsStateMachine.cpp.o[0m
[ 26%] [32mBuilding CXX object components/CMakeFiles/sawIntuitiveResearchKit.dir/code/mtsIntuitiveResearchKitArm.cpp.o[0m
[ 27%] [32mBuilding CXX object components/CMakeFiles/sawIntuitiveResearchKit.dir/code/mtsIntuitiveResearchKitMTM.cpp.o[0m
[ 29%] [32mBuilding CXX object components/CMakeFiles/sawIntuitiveResearchKit.dir/code/mtsIntuitiveResearchKitPSM.cpp.o[0m
[ 30%] [32mBuilding CXX object components/CMakeFiles/sawIntuitiveResearchKit.dir/code/mtsIntuitiveResearchKit.cpp.o[0m
[ 31%] [32mBuilding CXX object components/CMakeFiles/sawIntuitiveResearchKit.dir/code/mtsIntuitiveResearchKitECM.cpp.o[0m
[ 33%] [32mBuilding CXX object components/CMakeFiles/sawIntuitiveResearchKit.dir/code/mtsIntuitiveResearchKitSUJSi.cpp.o[0m
[ 34%] [32mBuilding CXX object components/CMakeFiles/sawIntuitiveResearchKit.dir/code/mtsIntuitiveResearchKitSUJFixed.cpp.o[0m
[ 36%] [32mBuilding CXX object components/CMakeFiles/sawIntuitiveResearchKit.dir/code/mtsTeleOperationECM.cpp.o[0m
[ 37%] [32mBuilding CXX object components/CMakeFiles/sawIntuitiveResearchKit.dir/code/mtsIntuitiveResearchKitSUJ.cpp.o[0m
[ 40%] [32mBuilding CXX object components/CMakeFiles/sawIntuitiveResearchKit.dir/code/mtsIntuitiveResearchKitConsole.cpp.o[0m
[ 40%] [32mBuilding CXX object components/CMakeFiles/sawIntuitiveResearchKit.dir/code/mtsTeleOperationPSM.cpp.o[0m
[ 41%] [32mBuilding CXX object components/CMakeFiles/sawIntuitiveResearchKit.dir/code/mtsDaVinciHeadSensor.cpp.o[0m
[ 43%] [32mBuilding CXX object components/CMakeFiles/sawIntuitiveResearchKit.dir/code/mtsDaVinciEndoscopeFocus.cpp.o[0m
[ 44%] [32mBuilding CXX object components/CMakeFiles/sawIntuitiveResearchKit.dir/code/mtsIntuitiveResearchKitUDPStreamer.cpp.o[0m
[ 45%] [32mBuilding CXX object components/CMakeFiles/sawIntuitiveResearchKit.dir/code/mtsSocketBasePSM.cpp.o[0m
[ 47%] [32mBuilding CXX object components/CMakeFiles/sawIntuitiveResearchKit.dir/code/mtsSocketClientPSM.cpp.o[0m
[ 48%] [32mBuilding CXX object components/CMakeFiles/sawIntuitiveResearchKit.dir/code/mtsSocketServerPSM.cpp.o[0m
[ 50%] [32mBuilding CXX object components/CMakeFiles/sawIntuitiveResearchKit.dir/code/mtsToolList.cpp.o[0m
[ 51%] [32mBuilding CXX object components/CMakeFiles/sawIntuitiveResearchKit.dir/code/robManipulatorECM.cpp.o[0m
[ 52%] [32mBuilding CXX object components/CMakeFiles/sawIntuitiveResearchKit.dir/code/robManipulatorMTM.cpp.o[0m
[ 54%] [32mBuilding CXX object components/CMakeFiles/sawIntuitiveResearchKit.dir/code/robManipulatorPSMSnake.cpp.o[0m
[ 55%] [32mBuilding CXX object components/CMakeFiles/sawIntuitiveResearchKit.dir/code/mtsPSMCompensation.cpp.o[0m
[ 56%] [32mBuilding CXX object components/CMakeFiles/sawIntuitiveResearchKit.dir/code/prmActuatorJointCouplingCheck.cpp.o[0m
[ 58%] [32mBuilding CXX object components/CMakeFiles/sawIntuitiveResearchKit.dir/code/prmConfigurationJointFromManipulator.cpp.o[0m
[ 59%] [32mBuilding CXX object components/CMakeFiles/sawIntuitiveResearchKit.dir/code/robGravityCompensationMTM.cpp.o[0m
[ 61%] [32mBuilding CXX object components/CMakeFiles/sawIntuitiveResearchKit.dir/code/mtsHIDHeadSensor.cpp.o[0m
[ 62%] [32mBuilding CXX object components/CMakeFiles/sawIntuitiveResearchKit.dir/mtsIntuitiveResearchKitArmTypes_cdg.cpp.o[0m
[ 63%] [32mBuilding CXX object components/CMakeFiles/sawIntuitiveResearchKit.dir/mtsIntuitiveResearchKitToolTypes_cdg.cpp.o[0m
[ 65%] [32mBuilding CXX object components/CMakeFiles/sawIntuitiveResearchKit.dir/mtsIntuitiveResearchKitEndoscopeTypes_cdg.cpp.o[0m
[ 66%] [32mBuilding CXX object components/CMakeFiles/sawIntuitiveResearchKit.dir/socketMessages_cdg.cpp.o[0m
[ 68%] [32mBuilding CXX object components/CMakeFiles/sawIntuitiveResearchKit.dir/mtsHIDHeadSensorConfiguration_cdg.cpp.o[0m
[ 69%] [32m[1mLinking CXX shared library /home/ytxu/cr_dvrk_ws/install/cisst/lib/libsawIntuitiveResearchKit.so[0m
[ 69%] Built target sawIntuitiveResearchKit
[ 70%] [34m[1mAutomatic MOC for target sawIntuitiveResearchKitQt[0m
[ 70%] Built target sawIntuitiveResearchKitQt_autogen
[ 72%] [34m[1mGenerating qrc_logo.cpp[0m
[ 73%] [32mBuilding CXX object components/code/Qt/CMakeFiles/sawIntuitiveResearchKitQt.dir/sawIntuitiveResearchKitQt_autogen/mocs_compilation.cpp.o[0m
[ 76%] [32mBuilding CXX object components/code/Qt/CMakeFiles/sawIntuitiveResearchKitQt.dir/mtsIntuitiveResearchKitConsoleQtWidget.cpp.o[0m
[ 76%] [32mBuilding CXX object components/code/Qt/CMakeFiles/sawIntuitiveResearchKitQt.dir/mtsIntuitiveResearchKitConsoleQt.cpp.o[0m
[ 77%] [32mBuilding CXX object components/code/Qt/CMakeFiles/sawIntuitiveResearchKitQt.dir/mtsIntuitiveResearchKitArmQtWidget.cpp.o[0m
[ 79%] [32mBuilding CXX object components/code/Qt/CMakeFiles/sawIntuitiveResearchKitQt.dir/mtsIntuitiveResearchKitECMQtWidget.cpp.o[0m
[ 80%] [32mBuilding CXX object components/code/Qt/CMakeFiles/sawIntuitiveResearchKitQt.dir/mtsIntuitiveResearchKitSUJQtWidget.cpp.o[0m
[ 81%] [32mBuilding CXX object components/code/Qt/CMakeFiles/sawIntuitiveResearchKitQt.dir/mtsIntuitiveResearchKitPSMQtWidget.cpp.o[0m
[ 83%] [32mBuilding CXX object components/code/Qt/CMakeFiles/sawIntuitiveResearchKitQt.dir/mtsTeleOperationECMQtWidget.cpp.o[0m
[ 84%] [32mBuilding CXX object components/code/Qt/CMakeFiles/sawIntuitiveResearchKitQt.dir/mtsTeleOperationPSMQtWidget.cpp.o[0m
[ 86%] [32mBuilding CXX object components/code/Qt/CMakeFiles/sawIntuitiveResearchKitQt.dir/mtsDaVinciEndoscopeFocusQtWidget.cpp.o[0m
[ 87%] [32mBuilding CXX object components/code/Qt/CMakeFiles/sawIntuitiveResearchKitQt.dir/mtsIntuitiveResearchKitMTMQtWidget.cpp.o[0m
[ 88%] [32mBuilding CXX object components/code/Qt/CMakeFiles/sawIntuitiveResearchKitQt.dir/mtsSocketBaseQtWidget.cpp.o[0m
[ 90%] [32mBuilding CXX object components/code/Qt/CMakeFiles/sawIntuitiveResearchKitQt.dir/qrc_logo.cpp.o[0m
[ 91%] [32m[1mLinking CXX shared library /home/ytxu/cr_dvrk_ws/install/cisst/lib/libsawIntuitiveResearchKitQt.so[0m
[ 91%] Built target sawIntuitiveResearchKitQt
[ 94%] [32mBuilding CXX object examples/derivedTeleOperationPSM/components/CMakeFiles/sawIntuitiveResearchKitDerivedTeleOperationPSM.dir/code/mtsDerivedTeleOperationPSM.cpp.o[0m
[ 94%] [32mBuilding CXX object applications/CMakeFiles/sawIntuitiveResearchKitQtPID.dir/mainQtPID.cpp.o[0m
[ 95%] [32mBuilding CXX object applications/CMakeFiles/sawIntuitiveResearchKitQtConsoleJSON.dir/mainQtConsoleJSON.cpp.o[0m
[ 97%] [32m[1mLinking CXX shared library /home/ytxu/cr_dvrk_ws/install/cisst/lib/libsawIntuitiveResearchKitDerivedTeleOperationPSM.so[0m
[ 97%] Built target sawIntuitiveResearchKitDerivedTeleOperationPSM
[ 98%] [32m[1mLinking CXX executable sawIntuitiveResearchKitQtConsoleJSON[0m
[ 98%] Built target sawIntuitiveResearchKitQtConsoleJSON
[100%] [32m[1mLinking CXX executable sawIntuitiveResearchKitQtPID[0m
[100%] Built target sawIntuitiveResearchKitQtPID
-- Install configuration: "Release"
-- Installing: /home/ytxu/cr_dvrk_ws/install/sawIntuitiveResearchKitCore/share/sawIntuitiveResearchKit/sawIntuitiveResearchKitConfig.cmake
-- Installing: /home/ytxu/cr_dvrk_ws/install/sawIntuitiveResearchKitCore/share/sawIntuitiveResearchKit/sawIntuitiveResearchKitConfigVersion.cmake
-- Installing: /home/ytxu/cr_dvrk_ws/install/sawIntuitiveResearchKitCore/include/sawIntuitiveResearchKit
-- Installing: /home/ytxu/cr_dvrk_ws/install/sawIntuitiveResearchKitCore/include/sawIntuitiveResearchKit/mtsIntuitiveResearchKitConsoleQtWidget.h
-- Installing: /home/ytxu/cr_dvrk_ws/install/sawIntuitiveResearchKitCore/include/sawIntuitiveResearchKit/mtsIntuitiveResearchKitArmQtWidget.h
-- Installing: /home/ytxu/cr_dvrk_ws/install/sawIntuitiveResearchKitCore/include/sawIntuitiveResearchKit/prmConfigurationJointFromManipulator.h
-- Installing: /home/ytxu/cr_dvrk_ws/install/sawIntuitiveResearchKitCore/include/sawIntuitiveResearchKit/robManipulatorECM.h
-- Installing: /home/ytxu/cr_dvrk_ws/install/sawIntuitiveResearchKitCore/include/sawIntuitiveResearchKit/mtsIntuitiveResearchKitECM.h
-- Installing: /home/ytxu/cr_dvrk_ws/install/sawIntuitiveResearchKitCore/include/sawIntuitiveResearchKit/mtsPSMCompensation.h
-- Installing: /home/ytxu/cr_dvrk_ws/install/sawIntuitiveResearchKitCore/include/sawIntuitiveResearchKit/sawIntuitiveResearchKitQtExport.h
-- Installing: /home/ytxu/cr_dvrk_ws/install/sawIntuitiveResearchKitCore/include/sawIntuitiveResearchKit/mtsToolList.h
-- Installing: /home/ytxu/cr_dvrk_ws/install/sawIntuitiveResearchKitCore/include/sawIntuitiveResearchKit/mtsTeleOperationECMQtWidget.h
-- Installing: /home/ytxu/cr_dvrk_ws/install/sawIntuitiveResearchKitCore/include/sawIntuitiveResearchKit/mtsIntuitiveResearchKitPSM.h
-- Installing: /home/ytxu/cr_dvrk_ws/install/sawIntuitiveResearchKitCore/include/sawIntuitiveResearchKit/mtsTeleOperationPSMQtWidget.h
-- Installing: /home/ytxu/cr_dvrk_ws/install/sawIntuitiveResearchKitCore/include/sawIntuitiveResearchKit/mtsStateMachine.h
-- Installing: /home/ytxu/cr_dvrk_ws/install/sawIntuitiveResearchKitCore/include/sawIntuitiveResearchKit/prmActuatorJointCouplingCheck.h
-- Installing: /home/ytxu/cr_dvrk_ws/install/sawIntuitiveResearchKitCore/include/sawIntuitiveResearchKit/mtsIntuitiveResearchKitConsoleQt.h
-- Installing: /home/ytxu/cr_dvrk_ws/install/sawIntuitiveResearchKitCore/include/sawIntuitiveResearchKit/mtsIntuitiveResearchKitPSMQtWidget.h
-- Installing: /home/ytxu/cr_dvrk_ws/install/sawIntuitiveResearchKitCore/include/sawIntuitiveResearchKit/robManipulatorPSMSnake.h
-- Installing: /home/ytxu/cr_dvrk_ws/install/sawIntuitiveResearchKitCore/include/sawIntuitiveResearchKit/mtsSocketServerPSM.h
-- Installing: /home/ytxu/cr_dvrk_ws/install/sawIntuitiveResearchKitCore/include/sawIntuitiveResearchKit/mtsIntuitiveResearchKitMTMQtWidget.h
-- Installing: /home/ytxu/cr_dvrk_ws/install/sawIntuitiveResearchKitCore/include/sawIntuitiveResearchKit/robManipulatorMTM.h
-- Installing: /home/ytxu/cr_dvrk_ws/install/sawIntuitiveResearchKitCore/include/sawIntuitiveResearchKit/mtsIntuitiveResearchKitSUJSi.h
-- Installing: /home/ytxu/cr_dvrk_ws/install/sawIntuitiveResearchKitCore/include/sawIntuitiveResearchKit/mtsIntuitiveResearchKitConsole.h
-- Installing: /home/ytxu/cr_dvrk_ws/install/sawIntuitiveResearchKitCore/include/sawIntuitiveResearchKit/mtsDaVinciHeadSensor.h
-- Installing: /home/ytxu/cr_dvrk_ws/install/sawIntuitiveResearchKitCore/include/sawIntuitiveResearchKit/mtsDaVinciEndoscopeFocus.h
-- Installing: /home/ytxu/cr_dvrk_ws/install/sawIntuitiveResearchKitCore/include/sawIntuitiveResearchKit/mtsSocketBaseQtWidget.h
-- Installing: /home/ytxu/cr_dvrk_ws/install/sawIntuitiveResearchKitCore/include/sawIntuitiveResearchKit/mtsTeleOperationECM.h
-- Installing: /home/ytxu/cr_dvrk_ws/install/sawIntuitiveResearchKitCore/include/sawIntuitiveResearchKit/mtsIntuitiveResearchKitUDPStreamer.h
-- Installing: /home/ytxu/cr_dvrk_ws/install/sawIntuitiveResearchKitCore/include/sawIntuitiveResearchKit/mtsIntuitiveResearchKitSUJ.h
-- Installing: /home/ytxu/cr_dvrk_ws/install/sawIntuitiveResearchKitCore/include/sawIntuitiveResearchKit/mtsIntuitiveResearchKitSUJQtWidget.h
-- Installing: /home/ytxu/cr_dvrk_ws/install/sawIntuitiveResearchKitCore/include/sawIntuitiveResearchKit/mtsTeleOperationPSM.h
-- Installing: /home/ytxu/cr_dvrk_ws/install/sawIntuitiveResearchKitCore/include/sawIntuitiveResearchKit/mtsSocketBasePSM.h
-- Installing: /home/ytxu/cr_dvrk_ws/install/sawIntuitiveResearchKitCore/include/sawIntuitiveResearchKit/mtsIntuitiveResearchKitSUJFixed.h
-- Installing: /home/ytxu/cr_dvrk_ws/install/sawIntuitiveResearchKitCore/include/sawIntuitiveResearchKit/mtsIntuitiveResearchKitArm.h
-- Installing: /home/ytxu/cr_dvrk_ws/install/sawIntuitiveResearchKitCore/include/sawIntuitiveResearchKit/sawIntuitiveResearchKitExport.h
-- Installing: /home/ytxu/cr_dvrk_ws/install/sawIntuitiveResearchKitCore/include/sawIntuitiveResearchKit/mtsHIDHeadSensor.h
-- Installing: /home/ytxu/cr_dvrk_ws/install/sawIntuitiveResearchKitCore/include/sawIntuitiveResearchKit/mtsIntuitiveResearchKit.h
-- Installing: /home/ytxu/cr_dvrk_ws/install/sawIntuitiveResearchKitCore/include/sawIntuitiveResearchKit/mtsIntuitiveResearchKitECMQtWidget.h
-- Installing: /home/ytxu/cr_dvrk_ws/install/sawIntuitiveResearchKitCore/include/sawIntuitiveResearchKit/mtsSocketClientPSM.h
-- Installing: /home/ytxu/cr_dvrk_ws/install/sawIntuitiveResearchKitCore/include/sawIntuitiveResearchKit/mtsIntuitiveResearchKitMTM.h
-- Installing: /home/ytxu/cr_dvrk_ws/install/sawIntuitiveResearchKitCore/include/sawIntuitiveResearchKit/mtsDaVinciEndoscopeFocusQtWidget.h
-- Up-to-date: /home/ytxu/cr_dvrk_ws/install/sawIntuitiveResearchKitCore/include/sawIntuitiveResearchKit
-- Installing: /home/ytxu/cr_dvrk_ws/install/sawIntuitiveResearchKitCore/include/sawIntuitiveResearchKit/socketMessages.h
-- Installing: /home/ytxu/cr_dvrk_ws/install/sawIntuitiveResearchKitCore/include/sawIntuitiveResearchKit/mtsIntuitiveResearchKitArmTypes.h
-- Installing: /home/ytxu/cr_dvrk_ws/install/sawIntuitiveResearchKitCore/include/sawIntuitiveResearchKit/mtsIntuitiveResearchKitToolTypes.h
-- Installing: /home/ytxu/cr_dvrk_ws/install/sawIntuitiveResearchKitCore/include/sawIntuitiveResearchKit/sawIntuitiveResearchKitRevision.h
-- Installing: /home/ytxu/cr_dvrk_ws/install/sawIntuitiveResearchKitCore/include/sawIntuitiveResearchKit/mtsIntuitiveResearchKitEndoscopeTypes.h
-- Installing: /home/ytxu/cr_dvrk_ws/install/sawIntuitiveResearchKitCore/include/sawIntuitiveResearchKit/mtsHIDHeadSensorConfiguration.h
-- Installing: /home/ytxu/cr_dvrk_ws/install/sawIntuitiveResearchKitCore/include/sawIntuitiveResearchKit/sawIntuitiveResearchKitConfig.h
-- Installing: /home/ytxu/cr_dvrk_ws/install/sawIntuitiveResearchKitCore/lib/libsawIntuitiveResearchKit.so.2.3.1
-- Set runtime path of "/home/ytxu/cr_dvrk_ws/install/sawIntuitiveResearchKitCore/lib/libsawIntuitiveResearchKit.so.2.3.1" to ""
-- Installing: /home/ytxu/cr_dvrk_ws/install/sawIntuitiveResearchKitCore/lib/libsawIntuitiveResearchKit.so
-- Installing: /home/ytxu/cr_dvrk_ws/install/sawIntuitiveResearchKitCore/lib/libsawIntuitiveResearchKitQt.so.2.3.1
-- Set runtime path of "/home/ytxu/cr_dvrk_ws/install/sawIntuitiveResearchKitCore/lib/libsawIntuitiveResearchKitQt.so.2.3.1" to ""
-- Installing: /home/ytxu/cr_dvrk_ws/install/sawIntuitiveResearchKitCore/lib/libsawIntuitiveResearchKitQt.so
-- Installing: /home/ytxu/cr_dvrk_ws/install/sawIntuitiveResearchKitCore/bin/sawIntuitiveResearchKitQtPID
-- Set runtime path of "/home/ytxu/cr_dvrk_ws/install/sawIntuitiveResearchKitCore/bin/sawIntuitiveResearchKitQtPID" to ""
-- Installing: /home/ytxu/cr_dvrk_ws/install/sawIntuitiveResearchKitCore/bin/sawIntuitiveResearchKitQtConsoleJSON
-- Set runtime path of "/home/ytxu/cr_dvrk_ws/install/sawIntuitiveResearchKitCore/bin/sawIntuitiveResearchKitQtConsoleJSON" to ""
-- Installing: /home/ytxu/cr_dvrk_ws/install/sawIntuitiveResearchKitCore/bin/sawIntuitiveResearchKitGripperCalibration
-- Set runtime path of "/home/ytxu/cr_dvrk_ws/install/sawIntuitiveResearchKitCore/bin/sawIntuitiveResearchKitGripperCalibration" to ""
-- Installing: /home/ytxu/cr_dvrk_ws/install/sawIntuitiveResearchKitCore/bin/sawIntuitiveResearchKitSPotentiometersCalibration
-- Set runtime path of "/home/ytxu/cr_dvrk_ws/install/sawIntuitiveResearchKitCore/bin/sawIntuitiveResearchKitSPotentiometersCalibration" to ""
-- Installing: /home/ytxu/cr_dvrk_ws/install/sawIntuitiveResearchKitCore/bin/calParser.py
-- Installing: /home/ytxu/cr_dvrk_ws/install/sawIntuitiveResearchKitCore/bin/dvrk-config-generator.py
-- Installing: /home/ytxu/cr_dvrk_ws/install/sawIntuitiveResearchKitCore/bin/dvrk-sd-card-updater.py
-- Installing: /home/ytxu/cr_dvrk_ws/install/sawIntuitiveResearchKitCore/bin/dvrk-remove-logs.py
-- Installing: /home/ytxu/cr_dvrk_ws/install/sawIntuitiveResearchKitCore/bin/dvrk-suj-bluetooth-reset.py
