running develop
running egg_info
creating tdcr_psm_kinematics.egg-info
writing tdcr_psm_kinematics.egg-info/PKG-INFO
writing dependency_links to tdcr_psm_kinematics.egg-info/dependency_links.txt
writing entry points to tdcr_psm_kinematics.egg-info/entry_points.txt
writing requirements to tdcr_psm_kinematics.egg-info/requires.txt
writing top-level names to tdcr_psm_kinematics.egg-info/top_level.txt
writing manifest file 'tdcr_psm_kinematics.egg-info/SOURCES.txt'
reading manifest file 'tdcr_psm_kinematics.egg-info/SOURCES.txt'
writing manifest file 'tdcr_psm_kinematics.egg-info/SOURCES.txt'
running build_ext
Creating /home/ytxu/cr_dvrk_ws/install/tdcr_psm_kinematics/lib/python3.10/site-packages/tdcr-psm-kinematics.egg-link (link to .)

Installed /home/ytxu/cr_dvrk_ws/build/tdcr_psm_kinematics
running symlink_data
creating /home/ytxu/cr_dvrk_ws/install/tdcr_psm_kinematics/share/ament_index
creating /home/ytxu/cr_dvrk_ws/install/tdcr_psm_kinematics/share/ament_index/resource_index
creating /home/ytxu/cr_dvrk_ws/install/tdcr_psm_kinematics/share/ament_index/resource_index/packages
symbolically linking /home/ytxu/cr_dvrk_ws/build/tdcr_psm_kinematics/resource/tdcr_psm_kinematics -> /home/ytxu/cr_dvrk_ws/install/tdcr_psm_kinematics/share/ament_index/resource_index/packages
symbolically linking /home/ytxu/cr_dvrk_ws/build/tdcr_psm_kinematics/package.xml -> /home/ytxu/cr_dvrk_ws/install/tdcr_psm_kinematics/share/tdcr_psm_kinematics
