[1.960s] Invoking command in '/home/ytxu/cr_dvrk_ws/build/tdcr_psm_kinematics': PYTHONPATH=/home/ytxu/cr_dvrk_ws/build/tdcr_psm_kinematics/prefix_override:/usr/lib/python3/dist-packages/colcon_core/task/python/colcon_distutils_commands:/home/ytxu/cr_dvrk_ws/install/tdcr_psm_kinematics/lib/python3.10/site-packages:${PYTHONPATH} /usr/bin/python3 -W ignore:setup.py install is deprecated -W ignore:easy_install command is deprecated setup.py develop --editable --build-directory /home/ytxu/cr_dvrk_ws/build/tdcr_psm_kinematics/build --no-deps symlink_data
[2.298s] running develop
[2.515s] running egg_info
[2.515s] creating tdcr_psm_kinematics.egg-info
[2.515s] writing tdcr_psm_kinematics.egg-info/PKG-INFO
[2.516s] writing dependency_links to tdcr_psm_kinematics.egg-info/dependency_links.txt
[2.516s] writing entry points to tdcr_psm_kinematics.egg-info/entry_points.txt
[2.516s] writing requirements to tdcr_psm_kinematics.egg-info/requires.txt
[2.516s] writing top-level names to tdcr_psm_kinematics.egg-info/top_level.txt
[2.516s] writing manifest file 'tdcr_psm_kinematics.egg-info/SOURCES.txt'
[2.518s] reading manifest file 'tdcr_psm_kinematics.egg-info/SOURCES.txt'
[2.518s] writing manifest file 'tdcr_psm_kinematics.egg-info/SOURCES.txt'
[2.519s] running build_ext
[2.520s] Creating /home/ytxu/cr_dvrk_ws/install/tdcr_psm_kinematics/lib/python3.10/site-packages/tdcr-psm-kinematics.egg-link (link to .)
[2.520s] 
[2.521s] Installed /home/ytxu/cr_dvrk_ws/build/tdcr_psm_kinematics
[2.521s] running symlink_data
[2.521s] creating /home/ytxu/cr_dvrk_ws/install/tdcr_psm_kinematics/share/ament_index
[2.521s] creating /home/ytxu/cr_dvrk_ws/install/tdcr_psm_kinematics/share/ament_index/resource_index
[2.521s] creating /home/ytxu/cr_dvrk_ws/install/tdcr_psm_kinematics/share/ament_index/resource_index/packages
[2.522s] symbolically linking /home/ytxu/cr_dvrk_ws/build/tdcr_psm_kinematics/resource/tdcr_psm_kinematics -> /home/ytxu/cr_dvrk_ws/install/tdcr_psm_kinematics/share/ament_index/resource_index/packages
[2.522s] symbolically linking /home/ytxu/cr_dvrk_ws/build/tdcr_psm_kinematics/package.xml -> /home/ytxu/cr_dvrk_ws/install/tdcr_psm_kinematics/share/tdcr_psm_kinematics
[2.558s] Invoked command in '/home/ytxu/cr_dvrk_ws/build/tdcr_psm_kinematics' returned '0': PYTHONPATH=/home/ytxu/cr_dvrk_ws/build/tdcr_psm_kinematics/prefix_override:/usr/lib/python3/dist-packages/colcon_core/task/python/colcon_distutils_commands:/home/ytxu/cr_dvrk_ws/install/tdcr_psm_kinematics/lib/python3.10/site-packages:${PYTHONPATH} /usr/bin/python3 -W ignore:setup.py install is deprecated -W ignore:easy_install command is deprecated setup.py develop --editable --build-directory /home/ytxu/cr_dvrk_ws/build/tdcr_psm_kinematics/build --no-deps symlink_data
