[0.050s] Invoking command in '/home/ytxu/cr_dvrk_ws/build/dvrk_python': AMENT_PREFIX_PATH=/home/ytxu/cr_dvrk_ws/install/crtk_python_client:/home/ytxu/cr_dvrk_ws/install/crtk_msgs:${AMENT_PREFIX_PATH} CMAKE_PREFIX_PATH=/home/ytxu/cr_dvrk_ws/install/crtk_python_client:/home/ytxu/cr_dvrk_ws/install/crtk_msgs:/home/ytxu/cr-dvrk-rviz/install/test_scripts:/home/ytxu/cr-dvrk-rviz/install/teleop_cr_psm:/home/ytxu/cr-dvrk-rviz/install/cr_dvrk_kinematics:/home/ytxu/ctr_tr_model/install/pub_ctr_kinematics:/opt/ros/humble LD_LIBRARY_PATH=/home/ytxu/cr_dvrk_ws/install/crtk_msgs/lib:${LD_LIBRARY_PATH} PYTHONPATH=/home/ytxu/cr_dvrk_ws/install/crtk_python_client/local/lib/python3.10/dist-packages:/home/ytxu/cr_dvrk_ws/install/crtk_msgs/local/lib/python3.10/dist-packages:${PYTHONPATH} /usr/bin/cmake --build /home/ytxu/cr_dvrk_ws/build/dvrk_python -- -j12 -l12
[0.111s] Built target ament_cmake_python_symlink_dvrk
[0.341s] running egg_info
[0.342s] writing dvrk.egg-info/PKG-INFO
[0.342s] writing dependency_links to dvrk.egg-info/dependency_links.txt
[0.342s] writing top-level names to dvrk.egg-info/top_level.txt
[0.344s] reading manifest file 'dvrk.egg-info/SOURCES.txt'
[0.345s] writing manifest file 'dvrk.egg-info/SOURCES.txt'
[0.369s] Built target ament_cmake_python_build_dvrk_egg
[0.380s] Invoked command in '/home/ytxu/cr_dvrk_ws/build/dvrk_python' returned '0': AMENT_PREFIX_PATH=/home/ytxu/cr_dvrk_ws/install/crtk_python_client:/home/ytxu/cr_dvrk_ws/install/crtk_msgs:${AMENT_PREFIX_PATH} CMAKE_PREFIX_PATH=/home/ytxu/cr_dvrk_ws/install/crtk_python_client:/home/ytxu/cr_dvrk_ws/install/crtk_msgs:/home/ytxu/cr-dvrk-rviz/install/test_scripts:/home/ytxu/cr-dvrk-rviz/install/teleop_cr_psm:/home/ytxu/cr-dvrk-rviz/install/cr_dvrk_kinematics:/home/ytxu/ctr_tr_model/install/pub_ctr_kinematics:/opt/ros/humble LD_LIBRARY_PATH=/home/ytxu/cr_dvrk_ws/install/crtk_msgs/lib:${LD_LIBRARY_PATH} PYTHONPATH=/home/ytxu/cr_dvrk_ws/install/crtk_python_client/local/lib/python3.10/dist-packages:/home/ytxu/cr_dvrk_ws/install/crtk_msgs/local/lib/python3.10/dist-packages:${PYTHONPATH} /usr/bin/cmake --build /home/ytxu/cr_dvrk_ws/build/dvrk_python -- -j12 -l12
[0.382s] Invoking command in '/home/ytxu/cr_dvrk_ws/build/dvrk_python': AMENT_PREFIX_PATH=/home/ytxu/cr_dvrk_ws/install/crtk_python_client:/home/ytxu/cr_dvrk_ws/install/crtk_msgs:${AMENT_PREFIX_PATH} CMAKE_PREFIX_PATH=/home/ytxu/cr_dvrk_ws/install/crtk_python_client:/home/ytxu/cr_dvrk_ws/install/crtk_msgs:/home/ytxu/cr-dvrk-rviz/install/test_scripts:/home/ytxu/cr-dvrk-rviz/install/teleop_cr_psm:/home/ytxu/cr-dvrk-rviz/install/cr_dvrk_kinematics:/home/ytxu/ctr_tr_model/install/pub_ctr_kinematics:/opt/ros/humble LD_LIBRARY_PATH=/home/ytxu/cr_dvrk_ws/install/crtk_msgs/lib:${LD_LIBRARY_PATH} PYTHONPATH=/home/ytxu/cr_dvrk_ws/install/crtk_python_client/local/lib/python3.10/dist-packages:/home/ytxu/cr_dvrk_ws/install/crtk_msgs/local/lib/python3.10/dist-packages:${PYTHONPATH} /usr/bin/cmake --install /home/ytxu/cr_dvrk_ws/build/dvrk_python
[0.390s] -- Install configuration: "Release"
[0.391s] -- Execute custom install script
[0.392s] -- Up-to-date symlink: /home/ytxu/cr_dvrk_ws/install/dvrk_python/share/dvrk_python/environment/pythonpath.sh
[0.393s] -- Up-to-date symlink: /home/ytxu/cr_dvrk_ws/install/dvrk_python/share/dvrk_python/environment/pythonpath.dsv
[0.394s] -- Up-to-date symlink: /home/ytxu/cr_dvrk_ws/install/dvrk_python/local/lib/python3.10/dist-packages/dvrk-2.3.0-py3.10.egg-info/PKG-INFO
[0.394s] -- Up-to-date symlink: /home/ytxu/cr_dvrk_ws/install/dvrk_python/local/lib/python3.10/dist-packages/dvrk-2.3.0-py3.10.egg-info/SOURCES.txt
[0.395s] -- Up-to-date symlink: /home/ytxu/cr_dvrk_ws/install/dvrk_python/local/lib/python3.10/dist-packages/dvrk-2.3.0-py3.10.egg-info/dependency_links.txt
[0.395s] -- Up-to-date symlink: /home/ytxu/cr_dvrk_ws/install/dvrk_python/local/lib/python3.10/dist-packages/dvrk-2.3.0-py3.10.egg-info/top_level.txt
[0.396s] -- Up-to-date symlink: /home/ytxu/cr_dvrk_ws/install/dvrk_python/local/lib/python3.10/dist-packages/dvrk/__init__.py
[0.396s] -- Up-to-date symlink: /home/ytxu/cr_dvrk_ws/install/dvrk_python/local/lib/python3.10/dist-packages/dvrk/arm.py
[0.397s] -- Up-to-date symlink: /home/ytxu/cr_dvrk_ws/install/dvrk_python/local/lib/python3.10/dist-packages/dvrk/console.py
[0.397s] -- Up-to-date symlink: /home/ytxu/cr_dvrk_ws/install/dvrk_python/local/lib/python3.10/dist-packages/dvrk/ecm.py
[0.397s] -- Up-to-date symlink: /home/ytxu/cr_dvrk_ws/install/dvrk_python/local/lib/python3.10/dist-packages/dvrk/mtm.py
[0.397s] -- Up-to-date symlink: /home/ytxu/cr_dvrk_ws/install/dvrk_python/local/lib/python3.10/dist-packages/dvrk/psm.py
[0.397s] -- Up-to-date symlink: /home/ytxu/cr_dvrk_ws/install/dvrk_python/local/lib/python3.10/dist-packages/dvrk/suj.py
[0.398s] -- Up-to-date symlink: /home/ytxu/cr_dvrk_ws/install/dvrk_python/local/lib/python3.10/dist-packages/dvrk/teleop_psm.py
[0.398s] -- Up-to-date symlink: /home/ytxu/cr_dvrk_ws/install/dvrk_python/lib/dvrk_python/dvrk_arm_test.py
[0.399s] -- Up-to-date symlink: /home/ytxu/cr_dvrk_ws/install/dvrk_python/lib/dvrk_python/dvrk_bag_replay.py
[0.399s] -- Up-to-date symlink: /home/ytxu/cr_dvrk_ws/install/dvrk_python/lib/dvrk_python/dvrk_calibrate_potentiometer_psm.py
[0.399s] -- Up-to-date symlink: /home/ytxu/cr_dvrk_ws/install/dvrk_python/lib/dvrk_python/dvrk_calibrate_potentiometer_psm_cv.py
[0.400s] -- Up-to-date symlink: /home/ytxu/cr_dvrk_ws/install/dvrk_python/lib/dvrk_python/dvrk_calibrate_potentiometers.py
[0.400s] -- Up-to-date symlink: /home/ytxu/cr_dvrk_ws/install/dvrk_python/lib/dvrk_python/dvrk_calibrate_suj.py
[0.400s] -- Up-to-date symlink: /home/ytxu/cr_dvrk_ws/install/dvrk_python/lib/dvrk_python/dvrk_console_test.py
[0.400s] -- Up-to-date symlink: /home/ytxu/cr_dvrk_ws/install/dvrk_python/lib/dvrk_python/dvrk_ecm_psm_gc_collect.py
[0.401s] -- Up-to-date symlink: /home/ytxu/cr_dvrk_ws/install/dvrk_python/lib/dvrk_python/dvrk_latency_test.py
[0.401s] -- Up-to-date symlink: /home/ytxu/cr_dvrk_ws/install/dvrk_python/lib/dvrk_python/dvrk_move_wait_test.py
[0.401s] -- Up-to-date symlink: /home/ytxu/cr_dvrk_ws/install/dvrk_python/lib/dvrk_python/dvrk_mtm_cartesian_impedance.py
[0.402s] -- Up-to-date symlink: /home/ytxu/cr_dvrk_ws/install/dvrk_python/lib/dvrk_python/dvrk_mtm_test.py
[0.402s] -- Up-to-date symlink: /home/ytxu/cr_dvrk_ws/install/dvrk_python/lib/dvrk_python/dvrk_psm_ecm_registration.py
[0.402s] -- Up-to-date symlink: /home/ytxu/cr_dvrk_ws/install/dvrk_python/lib/dvrk_python/dvrk_psm_effort_test.py
[0.403s] -- Up-to-date symlink: /home/ytxu/cr_dvrk_ws/install/dvrk_python/lib/dvrk_python/dvrk_psm_test.py
[0.403s] -- Up-to-date symlink: /home/ytxu/cr_dvrk_ws/install/dvrk_python/lib/dvrk_python/dvrk_reset_teleoperation.py
[0.404s] -- Up-to-date symlink: /home/ytxu/cr_dvrk_ws/install/dvrk_python/lib/dvrk_python/dvrk_teleoperation.py
[0.404s] -- Up-to-date symlink: /home/ytxu/cr_dvrk_ws/install/dvrk_python/lib/dvrk_python/psm_calibration_cv.py
[0.404s] -- Up-to-date symlink: /home/ytxu/cr_dvrk_ws/install/dvrk_python/lib/dvrk_python/validate_psm_calibration.py
[0.406s] -- Up-to-date symlink: /home/ytxu/cr_dvrk_ws/install/dvrk_python/share/ament_index/resource_index/package_run_dependencies/dvrk_python
[0.406s] -- Up-to-date symlink: /home/ytxu/cr_dvrk_ws/install/dvrk_python/share/ament_index/resource_index/parent_prefix_path/dvrk_python
[0.407s] -- Up-to-date symlink: /home/ytxu/cr_dvrk_ws/install/dvrk_python/share/dvrk_python/environment/ament_prefix_path.sh
[0.407s] -- Up-to-date symlink: /home/ytxu/cr_dvrk_ws/install/dvrk_python/share/dvrk_python/environment/ament_prefix_path.dsv
[0.407s] -- Up-to-date symlink: /home/ytxu/cr_dvrk_ws/install/dvrk_python/share/dvrk_python/environment/path.sh
[0.408s] -- Up-to-date symlink: /home/ytxu/cr_dvrk_ws/install/dvrk_python/share/dvrk_python/environment/path.dsv
[0.408s] -- Up-to-date symlink: /home/ytxu/cr_dvrk_ws/install/dvrk_python/share/dvrk_python/local_setup.bash
[0.409s] -- Up-to-date symlink: /home/ytxu/cr_dvrk_ws/install/dvrk_python/share/dvrk_python/local_setup.sh
[0.409s] -- Up-to-date symlink: /home/ytxu/cr_dvrk_ws/install/dvrk_python/share/dvrk_python/local_setup.zsh
[0.409s] -- Up-to-date symlink: /home/ytxu/cr_dvrk_ws/install/dvrk_python/share/dvrk_python/local_setup.dsv
[0.409s] -- Symlinking: /home/ytxu/cr_dvrk_ws/install/dvrk_python/share/dvrk_python/package.dsv
[0.419s] -- Up-to-date symlink: /home/ytxu/cr_dvrk_ws/install/dvrk_python/share/ament_index/resource_index/packages/dvrk_python
[0.419s] -- Up-to-date symlink: /home/ytxu/cr_dvrk_ws/install/dvrk_python/share/dvrk_python/cmake/dvrk_pythonConfig.cmake
[0.420s] -- Up-to-date symlink: /home/ytxu/cr_dvrk_ws/install/dvrk_python/share/dvrk_python/cmake/dvrk_pythonConfig-version.cmake
[0.420s] -- Up-to-date symlink: /home/ytxu/cr_dvrk_ws/install/dvrk_python/share/dvrk_python/package.xml
[0.456s] Listing '/home/ytxu/cr_dvrk_ws/install/dvrk_python/local/lib/python3.10/dist-packages/dvrk'...
[0.465s] Invoked command in '/home/ytxu/cr_dvrk_ws/build/dvrk_python' returned '0': AMENT_PREFIX_PATH=/home/ytxu/cr_dvrk_ws/install/crtk_python_client:/home/ytxu/cr_dvrk_ws/install/crtk_msgs:${AMENT_PREFIX_PATH} CMAKE_PREFIX_PATH=/home/ytxu/cr_dvrk_ws/install/crtk_python_client:/home/ytxu/cr_dvrk_ws/install/crtk_msgs:/home/ytxu/cr-dvrk-rviz/install/test_scripts:/home/ytxu/cr-dvrk-rviz/install/teleop_cr_psm:/home/ytxu/cr-dvrk-rviz/install/cr_dvrk_kinematics:/home/ytxu/ctr_tr_model/install/pub_ctr_kinematics:/opt/ros/humble LD_LIBRARY_PATH=/home/ytxu/cr_dvrk_ws/install/crtk_msgs/lib:${LD_LIBRARY_PATH} PYTHONPATH=/home/ytxu/cr_dvrk_ws/install/crtk_python_client/local/lib/python3.10/dist-packages:/home/ytxu/cr_dvrk_ws/install/crtk_msgs/local/lib/python3.10/dist-packages:${PYTHONPATH} /usr/bin/cmake --install /home/ytxu/cr_dvrk_ws/build/dvrk_python
