[1.813s] Invoking command in '/home/ytxu/cr_dvrk_ws/build/joint_space_ctrl': PYTHONPATH=/home/ytxu/cr_dvrk_ws/build/joint_space_ctrl/prefix_override:/usr/lib/python3/dist-packages/colcon_core/task/python/colcon_distutils_commands:/home/ytxu/cr_dvrk_ws/install/joint_space_ctrl/lib/python3.10/site-packages:${PYTHONPATH} /usr/bin/python3 -W ignore:setup.py install is deprecated -W ignore:easy_install command is deprecated setup.py develop --editable --build-directory /home/ytxu/cr_dvrk_ws/build/joint_space_ctrl/build --no-deps symlink_data
[2.149s] running develop
[2.382s] running egg_info
[2.382s] creating joint_space_ctrl.egg-info
[2.383s] writing joint_space_ctrl.egg-info/PKG-INFO
[2.383s] writing dependency_links to joint_space_ctrl.egg-info/dependency_links.txt
[2.383s] writing entry points to joint_space_ctrl.egg-info/entry_points.txt
[2.385s] writing requirements to joint_space_ctrl.egg-info/requires.txt
[2.386s] writing top-level names to joint_space_ctrl.egg-info/top_level.txt
[2.386s] writing manifest file 'joint_space_ctrl.egg-info/SOURCES.txt'
[2.386s] reading manifest file 'joint_space_ctrl.egg-info/SOURCES.txt'
[2.387s] writing manifest file 'joint_space_ctrl.egg-info/SOURCES.txt'
[2.390s] running build_ext
[2.390s] Creating /home/ytxu/cr_dvrk_ws/install/joint_space_ctrl/lib/python3.10/site-packages/joint-space-ctrl.egg-link (link to .)
[2.392s] 
[2.392s] Installed /home/ytxu/cr_dvrk_ws/build/joint_space_ctrl
[2.393s] running symlink_data
[2.393s] creating /home/ytxu/cr_dvrk_ws/install/joint_space_ctrl/share/ament_index
[2.393s] creating /home/ytxu/cr_dvrk_ws/install/joint_space_ctrl/share/ament_index/resource_index
[2.395s] creating /home/ytxu/cr_dvrk_ws/install/joint_space_ctrl/share/ament_index/resource_index/packages
[2.395s] symbolically linking /home/ytxu/cr_dvrk_ws/build/joint_space_ctrl/resource/joint_space_ctrl -> /home/ytxu/cr_dvrk_ws/install/joint_space_ctrl/share/ament_index/resource_index/packages
[2.396s] symbolically linking /home/ytxu/cr_dvrk_ws/build/joint_space_ctrl/package.xml -> /home/ytxu/cr_dvrk_ws/install/joint_space_ctrl/share/joint_space_ctrl
[2.480s] Invoked command in '/home/ytxu/cr_dvrk_ws/build/joint_space_ctrl' returned '0': PYTHONPATH=/home/ytxu/cr_dvrk_ws/build/joint_space_ctrl/prefix_override:/usr/lib/python3/dist-packages/colcon_core/task/python/colcon_distutils_commands:/home/ytxu/cr_dvrk_ws/install/joint_space_ctrl/lib/python3.10/site-packages:${PYTHONPATH} /usr/bin/python3 -W ignore:setup.py install is deprecated -W ignore:easy_install command is deprecated setup.py develop --editable --build-directory /home/ytxu/cr_dvrk_ws/build/joint_space_ctrl/build --no-deps symlink_data
