-- The C compiler identification is GNU 11.4.0
-- The CXX compiler identification is GNU 11.4.0
-- Detecting C compiler ABI info
-- Detecting C compiler ABI info - done
-- Check for working C compiler: /usr/bin/cc - skipped
-- Detecting C compile features
-- Detecting C compile features - done
-- Detecting CXX compiler ABI info
-- Detecting CXX compiler ABI info - done
-- Check for working CXX compiler: /usr/bin/c++ - skipped
-- Detecting CXX compile features
-- Detecting CXX compile features - done
-- Found Python3: /usr/bin/python3 (found version "3.10.12") found components: Interpreter 
-- Override CMake install command with custom implementation using symlinks instead of copying resources
-- Found rclcpp: 16.0.14 (/opt/ros/humble/share/rclcpp/cmake)
-- Found rosidl_generator_c: 3.1.7 (/opt/ros/humble/share/rosidl_generator_c/cmake)
-- Found rosidl_adapter: 3.1.7 (/opt/ros/humble/share/rosidl_adapter/cmake)
-- Found rosidl_generator_cpp: 3.1.7 (/opt/ros/humble/share/rosidl_generator_cpp/cmake)
-- Using all available rosidl_typesupport_c: rosidl_typesupport_fastrtps_c;rosidl_typesupport_introspection_c
-- Using all available rosidl_typesupport_cpp: rosidl_typesupport_fastrtps_cpp;rosidl_typesupport_introspection_cpp
-- Found rmw_implementation_cmake: 6.1.2 (/opt/ros/humble/share/rmw_implementation_cmake/cmake)
-- Found rmw_fastrtps_cpp: 6.2.8 (/opt/ros/humble/share/rmw_fastrtps_cpp/cmake)
-- Found OpenSSL: /usr/lib/x86_64-linux-gnu/libcrypto.so (found version "3.0.2")  
-- Found FastRTPS: /opt/ros/humble/include  
-- Using RMW implementation 'rmw_fastrtps_cpp' as default
-- Looking for pthread.h
-- Looking for pthread.h - found
-- Performing Test CMAKE_HAVE_LIBC_PTHREAD
-- Performing Test CMAKE_HAVE_LIBC_PTHREAD - Success
-- Found Threads: TRUE  
-- Found std_srvs: 4.9.0 (/opt/ros/humble/share/std_srvs/cmake)
-- Found geometry_msgs: 4.9.0 (/opt/ros/humble/share/geometry_msgs/cmake)
-- Found sensor_msgs: 4.9.0 (/opt/ros/humble/share/sensor_msgs/cmake)
-- Found diagnostic_msgs: 4.9.0 (/opt/ros/humble/share/diagnostic_msgs/cmake)
-- Found tf2_ros: 0.25.16 (/opt/ros/humble/share/tf2_ros/cmake)
-- Found cisst_msgs: 3.0.0 (/home/ytxu/cr_dvrk_ws/install/cisst_msgs/share/cisst_msgs/cmake)
-- Found cisst_ros_bridge: 3.0.0 (/home/ytxu/cr_dvrk_ws/install/cisst_ros_bridge/share/cisst_ros_bridge/cmake)
-- Found crtk_msgs: 1.2.0 (/home/ytxu/cr_dvrk_ws/install/crtk_msgs/share/crtk_msgs/cmake)
-- Information: cisst has been found in "/home/ytxu/cr_dvrk_ws/install/cisst/", headers are in "/home/ytxu/cr_dvrk_ws/install/cisst//include"
-- Performing Test CXX_SUPPORTS_WEXTRA
-- Performing Test CXX_SUPPORTS_WEXTRA - Success
-- Performing Test CXX_SUPPORTS_WALL
-- Performing Test CXX_SUPPORTS_WALL - Success
-- Configuring done
-- Generating done
-- Build files have been written to: /home/ytxu/cr_dvrk_ws/build/cisst_ros_crtk
[ 16%] [32mBuilding CXX object CMakeFiles/cisst_ros_crtk.dir/src/mts_ros_crtk_bridge_provided.cpp.o[0m
[ 50%] [32mBuilding CXX object CMakeFiles/cisst_ros_crtk.dir/src/mtsCISSTToROS.cpp.o[0m
[ 66%] [32mBuilding CXX object CMakeFiles/cisst_ros_crtk.dir/src/cisst_ros_crtk.cpp.o[0m
[ 33%] [32mBuilding CXX object CMakeFiles/cisst_ros_crtk.dir/src/mts_ros_crtk_bridge_required.cpp.o[0m
[ 83%] [32mBuilding CXX object CMakeFiles/cisst_ros_crtk.dir/src/mtsROSToCISST.cpp.o[0m
[01m[K/home/ytxu/cr_dvrk_ws/src/cisst-saw/cisst-ros/cisst_ros_crtk/src/mts_ros_crtk_bridge_required.cpp:[m[K In member function ‘[01m[Kvirtual void mts_ros_crtk_bridge_required::ConfigureJSON(const Json::Value&)[m[K’:
[01m[K/home/ytxu/cr_dvrk_ws/src/cisst-saw/cisst-ros/cisst_ros_crtk/src/mts_ros_crtk_bridge_required.cpp:69:70:[m[K [01;35m[Kwarning: [m[Kunused parameter ‘[01m[K_json_config[m[K’ [[01;35m[K]8;;https://gcc.gnu.org/onlinedocs/gcc/Warning-Options.html#index-Wunused-parameter-Wunused-parameter]8;;[m[K]
   69 | void mts_ros_crtk_bridge_required::ConfigureJSON([01;35m[Kconst Json::Value & _json_config[m[K)
      |                                                  [01;35m[K~~~~~~~~~~~~~~~~~~~~^~~~~~~~~~~~[m[K
[100%] [32m[1mLinking CXX shared library libcisst_ros_crtk.so[0m
[100%] Built target cisst_ros_crtk
-- Install configuration: "Release"
-- Execute custom install script
-- Symlinking: /home/ytxu/cr_dvrk_ws/install/cisst_ros_crtk/lib/cisst_ros_crtk/libcisst_ros_crtk.so
-- Symlinking: /home/ytxu/cr_dvrk_ws/install/cisst_ros_crtk/include/cisst_ros_crtk/cisst_ros_crtk.h
-- Symlinking: /home/ytxu/cr_dvrk_ws/install/cisst_ros_crtk/include/cisst_ros_crtk/mtsCISSTToROS.h
-- Symlinking: /home/ytxu/cr_dvrk_ws/install/cisst_ros_crtk/include/cisst_ros_crtk/mtsROSToCISST.h
-- Symlinking: /home/ytxu/cr_dvrk_ws/install/cisst_ros_crtk/include/cisst_ros_crtk/mts_ros_crtk_bridge.h
-- Symlinking: /home/ytxu/cr_dvrk_ws/install/cisst_ros_crtk/include/cisst_ros_crtk/mts_ros_crtk_bridge_provided.h
-- Symlinking: /home/ytxu/cr_dvrk_ws/install/cisst_ros_crtk/include/cisst_ros_crtk/mts_ros_crtk_bridge_required.h
-- Symlinking: /home/ytxu/cr_dvrk_ws/install/cisst_ros_crtk/share/cisst_ros_crtk/environment/library_path.sh
-- Symlinking: /home/ytxu/cr_dvrk_ws/install/cisst_ros_crtk/share/cisst_ros_crtk/environment/library_path.dsv
-- Symlinking: /home/ytxu/cr_dvrk_ws/install/cisst_ros_crtk/share/ament_index/resource_index/package_run_dependencies/cisst_ros_crtk
-- Symlinking: /home/ytxu/cr_dvrk_ws/install/cisst_ros_crtk/share/ament_index/resource_index/parent_prefix_path/cisst_ros_crtk
-- Symlinking: /home/ytxu/cr_dvrk_ws/install/cisst_ros_crtk/share/cisst_ros_crtk/environment/ament_prefix_path.sh
-- Symlinking: /home/ytxu/cr_dvrk_ws/install/cisst_ros_crtk/share/cisst_ros_crtk/environment/ament_prefix_path.dsv
-- Symlinking: /home/ytxu/cr_dvrk_ws/install/cisst_ros_crtk/share/cisst_ros_crtk/environment/path.sh
-- Symlinking: /home/ytxu/cr_dvrk_ws/install/cisst_ros_crtk/share/cisst_ros_crtk/environment/path.dsv
-- Symlinking: /home/ytxu/cr_dvrk_ws/install/cisst_ros_crtk/share/cisst_ros_crtk/local_setup.bash
-- Symlinking: /home/ytxu/cr_dvrk_ws/install/cisst_ros_crtk/share/cisst_ros_crtk/local_setup.sh
-- Symlinking: /home/ytxu/cr_dvrk_ws/install/cisst_ros_crtk/share/cisst_ros_crtk/local_setup.zsh
-- Symlinking: /home/ytxu/cr_dvrk_ws/install/cisst_ros_crtk/share/cisst_ros_crtk/local_setup.dsv
-- Symlinking: /home/ytxu/cr_dvrk_ws/install/cisst_ros_crtk/share/cisst_ros_crtk/package.dsv
-- Symlinking: /home/ytxu/cr_dvrk_ws/install/cisst_ros_crtk/share/ament_index/resource_index/packages/cisst_ros_crtk
-- Symlinking: /home/ytxu/cr_dvrk_ws/install/cisst_ros_crtk/share/cisst_ros_crtk/cmake/ament_cmake_export_targets-extras.cmake
-- Symlinking: /home/ytxu/cr_dvrk_ws/install/cisst_ros_crtk/share/cisst_ros_crtk/cmake/cisst_ros_crtkConfig.cmake
-- Symlinking: /home/ytxu/cr_dvrk_ws/install/cisst_ros_crtk/share/cisst_ros_crtk/cmake/cisst_ros_crtkConfig-version.cmake
-- Symlinking: /home/ytxu/cr_dvrk_ws/install/cisst_ros_crtk/share/cisst_ros_crtk/package.xml
-- Installing: /home/ytxu/cr_dvrk_ws/install/cisst_ros_crtk/lib/libcisst_ros_crtk.so
-- Set runtime path of "/home/ytxu/cr_dvrk_ws/install/cisst_ros_crtk/lib/libcisst_ros_crtk.so" to ""
-- Installing: /home/ytxu/cr_dvrk_ws/install/cisst_ros_crtk/share/cisst_ros_crtk/cmake/cisst_ros_crtkExport.cmake
-- Installing: /home/ytxu/cr_dvrk_ws/install/cisst_ros_crtk/share/cisst_ros_crtk/cmake/cisst_ros_crtkExport-release.cmake
