[0.244s] Invoking command in '/home/ytxu/cr_dvrk_ws/build/cisst_ros_crtk': AMENT_PREFIX_PATH=/home/ytxu/cr_dvrk_ws/install/cisst_ros_bridge:/home/ytxu/cr_dvrk_ws/install/crtk_msgs:/home/ytxu/cr_dvrk_ws/install/cisst_msgs:${AMENT_PREFIX_PATH} CISST_ROOT=/home/ytxu/cr_dvrk_ws/install/cisst CMAKE_PREFIX_PATH=/home/ytxu/cr_dvrk_ws/install/cisst_ros_bridge:/home/ytxu/cr-dvrk-rviz/install/test_scripts:/home/ytxu/cr-dvrk-rviz/install/teleop_cr_psm:/home/ytxu/cr-dvrk-rviz/install/cr_dvrk_kinematics:/home/ytxu/ctr_tr_model/install/pub_ctr_kinematics:/opt/ros/humble:/home/ytxu/cr_dvrk_ws/install/cisst:/home/ytxu/cr_dvrk_ws/install/crtk_msgs:/home/ytxu/cr_dvrk_ws/install/cisst_msgs:/home/ytxu/cr_dvrk_ws/install/cisstNetlib LD_LIBRARY_PATH=/home/ytxu/cr_dvrk_ws/install/cisst_ros_bridge/lib:/home/ytxu/cr_dvrk_ws/install/cisst/lib:/home/ytxu/cr_dvrk_ws/install/cisst/lib:/home/ytxu/cr_dvrk_ws/install/crtk_msgs/lib:/home/ytxu/cr_dvrk_ws/install/cisst_msgs/lib:${LD_LIBRARY_PATH} PATH=/home/ytxu/cr_dvrk_ws/install/cisst/bin:/home/ytxu/cr_dvrk_ws/install/cisst/bin:${PATH} PKG_CONFIG_PATH=/home/ytxu/cr_dvrk_ws/install/cisst/lib/x86_64-linux-gnu/pkgconfig:/home/ytxu/cr_dvrk_ws/install/cisst/lib/pkgconfig:/home/ytxu/cr_dvrk_ws/install/cisstNetlib/lib/x86_64-linux-gnu/pkgconfig:/home/ytxu/cr_dvrk_ws/install/cisstNetlib/lib/pkgconfig PYTHONPATH=/home/ytxu/cr_dvrk_ws/install/cisst/lib:/home/ytxu/cr_dvrk_ws/install/crtk_msgs/local/lib/python3.10/dist-packages:/home/ytxu/cr_dvrk_ws/install/cisst_msgs/local/lib/python3.10/dist-packages:${PYTHONPATH} ROS_PACKAGE_PATH=/home/ytxu/cr_dvrk_ws/install/cisst/share /usr/bin/cmake /home/ytxu/cr_dvrk_ws/src/cisst-saw/cisst-ros/cisst_ros_crtk -DCMAKE_BUILD_TYPE=Release -DAMENT_CMAKE_SYMLINK_INSTALL=1 -DCMAKE_INSTALL_PREFIX=/home/ytxu/cr_dvrk_ws/install/cisst_ros_crtk
[0.334s] -- The C compiler identification is GNU 11.4.0
[0.533s] -- The CXX compiler identification is GNU 11.4.0
[0.655s] -- Detecting C compiler ABI info
[0.752s] -- Detecting C compiler ABI info - done
[0.758s] -- Check for working C compiler: /usr/bin/cc - skipped
[0.759s] -- Detecting C compile features
[0.759s] -- Detecting C compile features - done
[0.762s] -- Detecting CXX compiler ABI info
[0.869s] -- Detecting CXX compiler ABI info - done
[0.875s] -- Check for working CXX compiler: /usr/bin/c++ - skipped
[0.876s] -- Detecting CXX compile features
[0.876s] -- Detecting CXX compile features - done
[1.610s] -- Found Python3: /usr/bin/python3 (found version "3.10.12") found components: Interpreter 
[1.716s] -- Override CMake install command with custom implementation using symlinks instead of copying resources
[1.765s] -- Found rclcpp: 16.0.14 (/opt/ros/humble/share/rclcpp/cmake)
[1.946s] -- Found rosidl_generator_c: 3.1.7 (/opt/ros/humble/share/rosidl_generator_c/cmake)
[1.955s] -- Found rosidl_adapter: 3.1.7 (/opt/ros/humble/share/rosidl_adapter/cmake)
[1.978s] -- Found rosidl_generator_cpp: 3.1.7 (/opt/ros/humble/share/rosidl_generator_cpp/cmake)
[2.015s] -- Using all available rosidl_typesupport_c: rosidl_typesupport_fastrtps_c;rosidl_typesupport_introspection_c
[2.044s] -- Using all available rosidl_typesupport_cpp: rosidl_typesupport_fastrtps_cpp;rosidl_typesupport_introspection_cpp
[2.134s] -- Found rmw_implementation_cmake: 6.1.2 (/opt/ros/humble/share/rmw_implementation_cmake/cmake)
[2.139s] -- Found rmw_fastrtps_cpp: 6.2.8 (/opt/ros/humble/share/rmw_fastrtps_cpp/cmake)
[3.219s] -- Found OpenSSL: /usr/lib/x86_64-linux-gnu/libcrypto.so (found version "3.0.2")  
[3.892s] -- Found FastRTPS: /opt/ros/humble/include  
[6.675s] -- Using RMW implementation 'rmw_fastrtps_cpp' as default
[6.740s] -- Looking for pthread.h
[7.231s] -- Looking for pthread.h - found
[7.232s] -- Performing Test CMAKE_HAVE_LIBC_PTHREAD
[7.699s] -- Performing Test CMAKE_HAVE_LIBC_PTHREAD - Success
[7.699s] -- Found Threads: TRUE  
[7.996s] -- Found std_srvs: 4.9.0 (/opt/ros/humble/share/std_srvs/cmake)
[8.066s] -- Found geometry_msgs: 4.9.0 (/opt/ros/humble/share/geometry_msgs/cmake)
[8.161s] -- Found sensor_msgs: 4.9.0 (/opt/ros/humble/share/sensor_msgs/cmake)
[8.255s] -- Found diagnostic_msgs: 4.9.0 (/opt/ros/humble/share/diagnostic_msgs/cmake)
[8.339s] -- Found tf2_ros: 0.25.16 (/opt/ros/humble/share/tf2_ros/cmake)
[8.894s] -- Found cisst_msgs: 3.0.0 (/home/ytxu/cr_dvrk_ws/install/cisst_msgs/share/cisst_msgs/cmake)
[8.996s] -- Found cisst_ros_bridge: 3.0.0 (/home/ytxu/cr_dvrk_ws/install/cisst_ros_bridge/share/cisst_ros_bridge/cmake)
[9.019s] -- Found crtk_msgs: 1.2.0 (/home/ytxu/cr_dvrk_ws/install/crtk_msgs/share/crtk_msgs/cmake)
[9.127s] -- Information: cisst has been found in "/home/ytxu/cr_dvrk_ws/install/cisst/", headers are in "/home/ytxu/cr_dvrk_ws/install/cisst//include"
[9.378s] -- Performing Test CXX_SUPPORTS_WEXTRA
[9.624s] -- Performing Test CXX_SUPPORTS_WEXTRA - Success
[9.625s] -- Performing Test CXX_SUPPORTS_WALL
[9.904s] -- Performing Test CXX_SUPPORTS_WALL - Success
[10.247s] -- Configuring done
[10.297s] -- Generating done
[10.311s] -- Build files have been written to: /home/ytxu/cr_dvrk_ws/build/cisst_ros_crtk
[10.330s] Invoked command in '/home/ytxu/cr_dvrk_ws/build/cisst_ros_crtk' returned '0': AMENT_PREFIX_PATH=/home/ytxu/cr_dvrk_ws/install/cisst_ros_bridge:/home/ytxu/cr_dvrk_ws/install/crtk_msgs:/home/ytxu/cr_dvrk_ws/install/cisst_msgs:${AMENT_PREFIX_PATH} CISST_ROOT=/home/ytxu/cr_dvrk_ws/install/cisst CMAKE_PREFIX_PATH=/home/ytxu/cr_dvrk_ws/install/cisst_ros_bridge:/home/ytxu/cr-dvrk-rviz/install/test_scripts:/home/ytxu/cr-dvrk-rviz/install/teleop_cr_psm:/home/ytxu/cr-dvrk-rviz/install/cr_dvrk_kinematics:/home/ytxu/ctr_tr_model/install/pub_ctr_kinematics:/opt/ros/humble:/home/ytxu/cr_dvrk_ws/install/cisst:/home/ytxu/cr_dvrk_ws/install/crtk_msgs:/home/ytxu/cr_dvrk_ws/install/cisst_msgs:/home/ytxu/cr_dvrk_ws/install/cisstNetlib LD_LIBRARY_PATH=/home/ytxu/cr_dvrk_ws/install/cisst_ros_bridge/lib:/home/ytxu/cr_dvrk_ws/install/cisst/lib:/home/ytxu/cr_dvrk_ws/install/cisst/lib:/home/ytxu/cr_dvrk_ws/install/crtk_msgs/lib:/home/ytxu/cr_dvrk_ws/install/cisst_msgs/lib:${LD_LIBRARY_PATH} PATH=/home/ytxu/cr_dvrk_ws/install/cisst/bin:/home/ytxu/cr_dvrk_ws/install/cisst/bin:${PATH} PKG_CONFIG_PATH=/home/ytxu/cr_dvrk_ws/install/cisst/lib/x86_64-linux-gnu/pkgconfig:/home/ytxu/cr_dvrk_ws/install/cisst/lib/pkgconfig:/home/ytxu/cr_dvrk_ws/install/cisstNetlib/lib/x86_64-linux-gnu/pkgconfig:/home/ytxu/cr_dvrk_ws/install/cisstNetlib/lib/pkgconfig PYTHONPATH=/home/ytxu/cr_dvrk_ws/install/cisst/lib:/home/ytxu/cr_dvrk_ws/install/crtk_msgs/local/lib/python3.10/dist-packages:/home/ytxu/cr_dvrk_ws/install/cisst_msgs/local/lib/python3.10/dist-packages:${PYTHONPATH} ROS_PACKAGE_PATH=/home/ytxu/cr_dvrk_ws/install/cisst/share /usr/bin/cmake /home/ytxu/cr_dvrk_ws/src/cisst-saw/cisst-ros/cisst_ros_crtk -DCMAKE_BUILD_TYPE=Release -DAMENT_CMAKE_SYMLINK_INSTALL=1 -DCMAKE_INSTALL_PREFIX=/home/ytxu/cr_dvrk_ws/install/cisst_ros_crtk
[10.331s] Invoking command in '/home/ytxu/cr_dvrk_ws/build/cisst_ros_crtk': AMENT_PREFIX_PATH=/home/ytxu/cr_dvrk_ws/install/cisst_ros_bridge:/home/ytxu/cr_dvrk_ws/install/crtk_msgs:/home/ytxu/cr_dvrk_ws/install/cisst_msgs:${AMENT_PREFIX_PATH} CISST_ROOT=/home/ytxu/cr_dvrk_ws/install/cisst CMAKE_PREFIX_PATH=/home/ytxu/cr_dvrk_ws/install/cisst_ros_bridge:/home/ytxu/cr-dvrk-rviz/install/test_scripts:/home/ytxu/cr-dvrk-rviz/install/teleop_cr_psm:/home/ytxu/cr-dvrk-rviz/install/cr_dvrk_kinematics:/home/ytxu/ctr_tr_model/install/pub_ctr_kinematics:/opt/ros/humble:/home/ytxu/cr_dvrk_ws/install/cisst:/home/ytxu/cr_dvrk_ws/install/crtk_msgs:/home/ytxu/cr_dvrk_ws/install/cisst_msgs:/home/ytxu/cr_dvrk_ws/install/cisstNetlib LD_LIBRARY_PATH=/home/ytxu/cr_dvrk_ws/install/cisst_ros_bridge/lib:/home/ytxu/cr_dvrk_ws/install/cisst/lib:/home/ytxu/cr_dvrk_ws/install/cisst/lib:/home/ytxu/cr_dvrk_ws/install/crtk_msgs/lib:/home/ytxu/cr_dvrk_ws/install/cisst_msgs/lib:${LD_LIBRARY_PATH} PATH=/home/ytxu/cr_dvrk_ws/install/cisst/bin:/home/ytxu/cr_dvrk_ws/install/cisst/bin:${PATH} PKG_CONFIG_PATH=/home/ytxu/cr_dvrk_ws/install/cisst/lib/x86_64-linux-gnu/pkgconfig:/home/ytxu/cr_dvrk_ws/install/cisst/lib/pkgconfig:/home/ytxu/cr_dvrk_ws/install/cisstNetlib/lib/x86_64-linux-gnu/pkgconfig:/home/ytxu/cr_dvrk_ws/install/cisstNetlib/lib/pkgconfig PYTHONPATH=/home/ytxu/cr_dvrk_ws/install/cisst/lib:/home/ytxu/cr_dvrk_ws/install/crtk_msgs/local/lib/python3.10/dist-packages:/home/ytxu/cr_dvrk_ws/install/cisst_msgs/local/lib/python3.10/dist-packages:${PYTHONPATH} ROS_PACKAGE_PATH=/home/ytxu/cr_dvrk_ws/install/cisst/share /usr/bin/cmake --build /home/ytxu/cr_dvrk_ws/build/cisst_ros_crtk -- -j12 -l12
[10.459s] [ 16%] [32mBuilding CXX object CMakeFiles/cisst_ros_crtk.dir/src/mts_ros_crtk_bridge_provided.cpp.o[0m
[10.462s] [ 50%] [32mBuilding CXX object CMakeFiles/cisst_ros_crtk.dir/src/mtsCISSTToROS.cpp.o[0m
[10.463s] [ 66%] [32mBuilding CXX object CMakeFiles/cisst_ros_crtk.dir/src/cisst_ros_crtk.cpp.o[0m
[10.463s] [ 33%] [32mBuilding CXX object CMakeFiles/cisst_ros_crtk.dir/src/mts_ros_crtk_bridge_required.cpp.o[0m
[10.473s] [ 83%] [32mBuilding CXX object CMakeFiles/cisst_ros_crtk.dir/src/mtsROSToCISST.cpp.o[0m
[17.888s] [01m[K/home/ytxu/cr_dvrk_ws/src/cisst-saw/cisst-ros/cisst_ros_crtk/src/mts_ros_crtk_bridge_required.cpp:[m[K In member function ‘[01m[Kvirtual void mts_ros_crtk_bridge_required::ConfigureJSON(const Json::Value&)[m[K’:
[17.889s] [01m[K/home/ytxu/cr_dvrk_ws/src/cisst-saw/cisst-ros/cisst_ros_crtk/src/mts_ros_crtk_bridge_required.cpp:69:70:[m[K [01;35m[Kwarning: [m[Kunused parameter ‘[01m[K_json_config[m[K’ [[01;35m[K]8;;https://gcc.gnu.org/onlinedocs/gcc/Warning-Options.html#index-Wunused-parameter-Wunused-parameter]8;;[m[K]
[17.889s]    69 | void mts_ros_crtk_bridge_required::ConfigureJSON([01;35m[Kconst Json::Value & _json_config[m[K)
[17.889s]       |                                                  [01;35m[K~~~~~~~~~~~~~~~~~~~~^~~~~~~~~~~~[m[K
[62.542s] [100%] [32m[1mLinking CXX shared library libcisst_ros_crtk.so[0m
[63.508s] [100%] Built target cisst_ros_crtk
[63.538s] Invoked command in '/home/ytxu/cr_dvrk_ws/build/cisst_ros_crtk' returned '0': AMENT_PREFIX_PATH=/home/ytxu/cr_dvrk_ws/install/cisst_ros_bridge:/home/ytxu/cr_dvrk_ws/install/crtk_msgs:/home/ytxu/cr_dvrk_ws/install/cisst_msgs:${AMENT_PREFIX_PATH} CISST_ROOT=/home/ytxu/cr_dvrk_ws/install/cisst CMAKE_PREFIX_PATH=/home/ytxu/cr_dvrk_ws/install/cisst_ros_bridge:/home/ytxu/cr-dvrk-rviz/install/test_scripts:/home/ytxu/cr-dvrk-rviz/install/teleop_cr_psm:/home/ytxu/cr-dvrk-rviz/install/cr_dvrk_kinematics:/home/ytxu/ctr_tr_model/install/pub_ctr_kinematics:/opt/ros/humble:/home/ytxu/cr_dvrk_ws/install/cisst:/home/ytxu/cr_dvrk_ws/install/crtk_msgs:/home/ytxu/cr_dvrk_ws/install/cisst_msgs:/home/ytxu/cr_dvrk_ws/install/cisstNetlib LD_LIBRARY_PATH=/home/ytxu/cr_dvrk_ws/install/cisst_ros_bridge/lib:/home/ytxu/cr_dvrk_ws/install/cisst/lib:/home/ytxu/cr_dvrk_ws/install/cisst/lib:/home/ytxu/cr_dvrk_ws/install/crtk_msgs/lib:/home/ytxu/cr_dvrk_ws/install/cisst_msgs/lib:${LD_LIBRARY_PATH} PATH=/home/ytxu/cr_dvrk_ws/install/cisst/bin:/home/ytxu/cr_dvrk_ws/install/cisst/bin:${PATH} PKG_CONFIG_PATH=/home/ytxu/cr_dvrk_ws/install/cisst/lib/x86_64-linux-gnu/pkgconfig:/home/ytxu/cr_dvrk_ws/install/cisst/lib/pkgconfig:/home/ytxu/cr_dvrk_ws/install/cisstNetlib/lib/x86_64-linux-gnu/pkgconfig:/home/ytxu/cr_dvrk_ws/install/cisstNetlib/lib/pkgconfig PYTHONPATH=/home/ytxu/cr_dvrk_ws/install/cisst/lib:/home/ytxu/cr_dvrk_ws/install/crtk_msgs/local/lib/python3.10/dist-packages:/home/ytxu/cr_dvrk_ws/install/cisst_msgs/local/lib/python3.10/dist-packages:${PYTHONPATH} ROS_PACKAGE_PATH=/home/ytxu/cr_dvrk_ws/install/cisst/share /usr/bin/cmake --build /home/ytxu/cr_dvrk_ws/build/cisst_ros_crtk -- -j12 -l12
[63.541s] Invoking command in '/home/ytxu/cr_dvrk_ws/build/cisst_ros_crtk': AMENT_PREFIX_PATH=/home/ytxu/cr_dvrk_ws/install/cisst_ros_bridge:/home/ytxu/cr_dvrk_ws/install/crtk_msgs:/home/ytxu/cr_dvrk_ws/install/cisst_msgs:${AMENT_PREFIX_PATH} CISST_ROOT=/home/ytxu/cr_dvrk_ws/install/cisst CMAKE_PREFIX_PATH=/home/ytxu/cr_dvrk_ws/install/cisst_ros_bridge:/home/ytxu/cr-dvrk-rviz/install/test_scripts:/home/ytxu/cr-dvrk-rviz/install/teleop_cr_psm:/home/ytxu/cr-dvrk-rviz/install/cr_dvrk_kinematics:/home/ytxu/ctr_tr_model/install/pub_ctr_kinematics:/opt/ros/humble:/home/ytxu/cr_dvrk_ws/install/cisst:/home/ytxu/cr_dvrk_ws/install/crtk_msgs:/home/ytxu/cr_dvrk_ws/install/cisst_msgs:/home/ytxu/cr_dvrk_ws/install/cisstNetlib LD_LIBRARY_PATH=/home/ytxu/cr_dvrk_ws/install/cisst_ros_bridge/lib:/home/ytxu/cr_dvrk_ws/install/cisst/lib:/home/ytxu/cr_dvrk_ws/install/cisst/lib:/home/ytxu/cr_dvrk_ws/install/crtk_msgs/lib:/home/ytxu/cr_dvrk_ws/install/cisst_msgs/lib:${LD_LIBRARY_PATH} PATH=/home/ytxu/cr_dvrk_ws/install/cisst/bin:/home/ytxu/cr_dvrk_ws/install/cisst/bin:${PATH} PKG_CONFIG_PATH=/home/ytxu/cr_dvrk_ws/install/cisst/lib/x86_64-linux-gnu/pkgconfig:/home/ytxu/cr_dvrk_ws/install/cisst/lib/pkgconfig:/home/ytxu/cr_dvrk_ws/install/cisstNetlib/lib/x86_64-linux-gnu/pkgconfig:/home/ytxu/cr_dvrk_ws/install/cisstNetlib/lib/pkgconfig PYTHONPATH=/home/ytxu/cr_dvrk_ws/install/cisst/lib:/home/ytxu/cr_dvrk_ws/install/crtk_msgs/local/lib/python3.10/dist-packages:/home/ytxu/cr_dvrk_ws/install/cisst_msgs/local/lib/python3.10/dist-packages:${PYTHONPATH} ROS_PACKAGE_PATH=/home/ytxu/cr_dvrk_ws/install/cisst/share /usr/bin/cmake --install /home/ytxu/cr_dvrk_ws/build/cisst_ros_crtk
[63.549s] -- Install configuration: "Release"
[63.549s] -- Execute custom install script
[63.550s] -- Symlinking: /home/ytxu/cr_dvrk_ws/install/cisst_ros_crtk/lib/cisst_ros_crtk/libcisst_ros_crtk.so
[63.562s] -- Symlinking: /home/ytxu/cr_dvrk_ws/install/cisst_ros_crtk/include/cisst_ros_crtk/cisst_ros_crtk.h
[63.571s] -- Symlinking: /home/ytxu/cr_dvrk_ws/install/cisst_ros_crtk/include/cisst_ros_crtk/mtsCISSTToROS.h
[63.581s] -- Symlinking: /home/ytxu/cr_dvrk_ws/install/cisst_ros_crtk/include/cisst_ros_crtk/mtsROSToCISST.h
[63.590s] -- Symlinking: /home/ytxu/cr_dvrk_ws/install/cisst_ros_crtk/include/cisst_ros_crtk/mts_ros_crtk_bridge.h
[63.598s] -- Symlinking: /home/ytxu/cr_dvrk_ws/install/cisst_ros_crtk/include/cisst_ros_crtk/mts_ros_crtk_bridge_provided.h
[63.608s] -- Symlinking: /home/ytxu/cr_dvrk_ws/install/cisst_ros_crtk/include/cisst_ros_crtk/mts_ros_crtk_bridge_required.h
[63.619s] -- Symlinking: /home/ytxu/cr_dvrk_ws/install/cisst_ros_crtk/share/cisst_ros_crtk/environment/library_path.sh
[63.629s] -- Symlinking: /home/ytxu/cr_dvrk_ws/install/cisst_ros_crtk/share/cisst_ros_crtk/environment/library_path.dsv
[63.640s] -- Symlinking: /home/ytxu/cr_dvrk_ws/install/cisst_ros_crtk/share/ament_index/resource_index/package_run_dependencies/cisst_ros_crtk
[63.651s] -- Symlinking: /home/ytxu/cr_dvrk_ws/install/cisst_ros_crtk/share/ament_index/resource_index/parent_prefix_path/cisst_ros_crtk
[63.661s] -- Symlinking: /home/ytxu/cr_dvrk_ws/install/cisst_ros_crtk/share/cisst_ros_crtk/environment/ament_prefix_path.sh
[63.670s] -- Symlinking: /home/ytxu/cr_dvrk_ws/install/cisst_ros_crtk/share/cisst_ros_crtk/environment/ament_prefix_path.dsv
[63.679s] -- Symlinking: /home/ytxu/cr_dvrk_ws/install/cisst_ros_crtk/share/cisst_ros_crtk/environment/path.sh
[63.687s] -- Symlinking: /home/ytxu/cr_dvrk_ws/install/cisst_ros_crtk/share/cisst_ros_crtk/environment/path.dsv
[63.697s] -- Symlinking: /home/ytxu/cr_dvrk_ws/install/cisst_ros_crtk/share/cisst_ros_crtk/local_setup.bash
[63.708s] -- Symlinking: /home/ytxu/cr_dvrk_ws/install/cisst_ros_crtk/share/cisst_ros_crtk/local_setup.sh
[63.718s] -- Symlinking: /home/ytxu/cr_dvrk_ws/install/cisst_ros_crtk/share/cisst_ros_crtk/local_setup.zsh
[63.728s] -- Symlinking: /home/ytxu/cr_dvrk_ws/install/cisst_ros_crtk/share/cisst_ros_crtk/local_setup.dsv
[63.737s] -- Symlinking: /home/ytxu/cr_dvrk_ws/install/cisst_ros_crtk/share/cisst_ros_crtk/package.dsv
[63.745s] -- Symlinking: /home/ytxu/cr_dvrk_ws/install/cisst_ros_crtk/share/ament_index/resource_index/packages/cisst_ros_crtk
[63.754s] -- Symlinking: /home/ytxu/cr_dvrk_ws/install/cisst_ros_crtk/share/cisst_ros_crtk/cmake/ament_cmake_export_targets-extras.cmake
[63.763s] -- Symlinking: /home/ytxu/cr_dvrk_ws/install/cisst_ros_crtk/share/cisst_ros_crtk/cmake/cisst_ros_crtkConfig.cmake
[63.771s] -- Symlinking: /home/ytxu/cr_dvrk_ws/install/cisst_ros_crtk/share/cisst_ros_crtk/cmake/cisst_ros_crtkConfig-version.cmake
[63.779s] -- Symlinking: /home/ytxu/cr_dvrk_ws/install/cisst_ros_crtk/share/cisst_ros_crtk/package.xml
[63.788s] -- Installing: /home/ytxu/cr_dvrk_ws/install/cisst_ros_crtk/lib/libcisst_ros_crtk.so
[63.797s] -- Set runtime path of "/home/ytxu/cr_dvrk_ws/install/cisst_ros_crtk/lib/libcisst_ros_crtk.so" to ""
[63.797s] -- Installing: /home/ytxu/cr_dvrk_ws/install/cisst_ros_crtk/share/cisst_ros_crtk/cmake/cisst_ros_crtkExport.cmake
[63.797s] -- Installing: /home/ytxu/cr_dvrk_ws/install/cisst_ros_crtk/share/cisst_ros_crtk/cmake/cisst_ros_crtkExport-release.cmake
[63.800s] Invoked command in '/home/ytxu/cr_dvrk_ws/build/cisst_ros_crtk' returned '0': AMENT_PREFIX_PATH=/home/ytxu/cr_dvrk_ws/install/cisst_ros_bridge:/home/ytxu/cr_dvrk_ws/install/crtk_msgs:/home/ytxu/cr_dvrk_ws/install/cisst_msgs:${AMENT_PREFIX_PATH} CISST_ROOT=/home/ytxu/cr_dvrk_ws/install/cisst CMAKE_PREFIX_PATH=/home/ytxu/cr_dvrk_ws/install/cisst_ros_bridge:/home/ytxu/cr-dvrk-rviz/install/test_scripts:/home/ytxu/cr-dvrk-rviz/install/teleop_cr_psm:/home/ytxu/cr-dvrk-rviz/install/cr_dvrk_kinematics:/home/ytxu/ctr_tr_model/install/pub_ctr_kinematics:/opt/ros/humble:/home/ytxu/cr_dvrk_ws/install/cisst:/home/ytxu/cr_dvrk_ws/install/crtk_msgs:/home/ytxu/cr_dvrk_ws/install/cisst_msgs:/home/ytxu/cr_dvrk_ws/install/cisstNetlib LD_LIBRARY_PATH=/home/ytxu/cr_dvrk_ws/install/cisst_ros_bridge/lib:/home/ytxu/cr_dvrk_ws/install/cisst/lib:/home/ytxu/cr_dvrk_ws/install/cisst/lib:/home/ytxu/cr_dvrk_ws/install/crtk_msgs/lib:/home/ytxu/cr_dvrk_ws/install/cisst_msgs/lib:${LD_LIBRARY_PATH} PATH=/home/ytxu/cr_dvrk_ws/install/cisst/bin:/home/ytxu/cr_dvrk_ws/install/cisst/bin:${PATH} PKG_CONFIG_PATH=/home/ytxu/cr_dvrk_ws/install/cisst/lib/x86_64-linux-gnu/pkgconfig:/home/ytxu/cr_dvrk_ws/install/cisst/lib/pkgconfig:/home/ytxu/cr_dvrk_ws/install/cisstNetlib/lib/x86_64-linux-gnu/pkgconfig:/home/ytxu/cr_dvrk_ws/install/cisstNetlib/lib/pkgconfig PYTHONPATH=/home/ytxu/cr_dvrk_ws/install/cisst/lib:/home/ytxu/cr_dvrk_ws/install/crtk_msgs/local/lib/python3.10/dist-packages:/home/ytxu/cr_dvrk_ws/install/cisst_msgs/local/lib/python3.10/dist-packages:${PYTHONPATH} ROS_PACKAGE_PATH=/home/ytxu/cr_dvrk_ws/install/cisst/share /usr/bin/cmake --install /home/ytxu/cr_dvrk_ws/build/cisst_ros_crtk
