[0.037s] Invoking command in '/home/ytxu/cr_dvrk_ws/build/cisst_msgs': CMAKE_PREFIX_PATH=/home/ytxu/cr-dvrk-rviz/install/test_scripts:/home/ytxu/cr-dvrk-rviz/install/teleop_cr_psm:/home/ytxu/cr-dvrk-rviz/install/cr_dvrk_kinematics:/home/ytxu/ctr_tr_model/install/pub_ctr_kinematics:/opt/ros/humble /usr/bin/cmake --build /home/ytxu/cr_dvrk_ws/build/cisst_msgs -- -j12 -l12
[0.211s] [35m[1mConsolidate compiler generated dependencies of target cisst_msgs__rosidl_generator_c[0m
[0.213s] [  1%] Built target cisst_msgs__cpp
[0.219s] [  1%] Built target ament_cmake_python_symlink_cisst_msgs
[0.223s] [ 12%] Built target cisst_msgs__rosidl_generator_c
[0.225s] [35m[1mConsolidate compiler generated dependencies of target cisst_msgs__rosidl_typesupport_cpp[0m
[0.227s] [35m[1mConsolidate compiler generated dependencies of target cisst_msgs__rosidl_typesupport_introspection_cpp[0m
[0.227s] [35m[1mConsolidate compiler generated dependencies of target cisst_msgs__rosidl_typesupport_fastrtps_cpp[0m
[0.239s] [35m[1mConsolidate compiler generated dependencies of target cisst_msgs__rosidl_typesupport_introspection_c[0m
[0.240s] [ 23%] Built target cisst_msgs__rosidl_typesupport_introspection_cpp
[0.240s] [ 34%] Built target cisst_msgs__rosidl_typesupport_cpp
[0.241s] [35m[1mConsolidate compiler generated dependencies of target cisst_msgs__rosidl_typesupport_c[0m
[0.242s] [35m[1mConsolidate compiler generated dependencies of target cisst_msgs__rosidl_typesupport_fastrtps_c[0m
[0.242s] [ 45%] Built target cisst_msgs__rosidl_typesupport_fastrtps_cpp
[0.252s] [ 56%] Built target cisst_msgs__rosidl_typesupport_introspection_c
[0.254s] [ 67%] Built target cisst_msgs__rosidl_typesupport_c
[0.262s] [ 78%] Built target cisst_msgs__rosidl_typesupport_fastrtps_c
[0.286s] [ 78%] Built target cisst_msgs
[0.308s] [ 80%] Built target cisst_msgs__py
[0.327s] [35m[1mConsolidate compiler generated dependencies of target cisst_msgs__rosidl_generator_py[0m
[0.343s] [ 89%] Built target cisst_msgs__rosidl_generator_py
[0.358s] [35m[1mConsolidate compiler generated dependencies of target cisst_msgs__rosidl_typesupport_c__pyext[0m
[0.358s] [35m[1mConsolidate compiler generated dependencies of target cisst_msgs__rosidl_typesupport_fastrtps_c__pyext[0m
[0.360s] [35m[1mConsolidate compiler generated dependencies of target cisst_msgs__rosidl_typesupport_introspection_c__pyext[0m
[0.374s] [ 92%] Built target cisst_msgs__rosidl_typesupport_c__pyext
[0.376s] [ 96%] Built target cisst_msgs__rosidl_typesupport_fastrtps_c__pyext
[0.378s] [100%] Built target cisst_msgs__rosidl_typesupport_introspection_c__pyext
[0.489s] running egg_info
[0.490s] writing cisst_msgs.egg-info/PKG-INFO
[0.490s] writing dependency_links to cisst_msgs.egg-info/dependency_links.txt
[0.490s] writing top-level names to cisst_msgs.egg-info/top_level.txt
[0.493s] reading manifest file 'cisst_msgs.egg-info/SOURCES.txt'
[0.494s] writing manifest file 'cisst_msgs.egg-info/SOURCES.txt'
[0.519s] [100%] Built target ament_cmake_python_build_cisst_msgs_egg
[0.531s] Invoked command in '/home/ytxu/cr_dvrk_ws/build/cisst_msgs' returned '0': CMAKE_PREFIX_PATH=/home/ytxu/cr-dvrk-rviz/install/test_scripts:/home/ytxu/cr-dvrk-rviz/install/teleop_cr_psm:/home/ytxu/cr-dvrk-rviz/install/cr_dvrk_kinematics:/home/ytxu/ctr_tr_model/install/pub_ctr_kinematics:/opt/ros/humble /usr/bin/cmake --build /home/ytxu/cr_dvrk_ws/build/cisst_msgs -- -j12 -l12
[0.535s] Invoking command in '/home/ytxu/cr_dvrk_ws/build/cisst_msgs': CMAKE_PREFIX_PATH=/home/ytxu/cr-dvrk-rviz/install/test_scripts:/home/ytxu/cr-dvrk-rviz/install/teleop_cr_psm:/home/ytxu/cr-dvrk-rviz/install/cr_dvrk_kinematics:/home/ytxu/ctr_tr_model/install/pub_ctr_kinematics:/opt/ros/humble /usr/bin/cmake --install /home/ytxu/cr_dvrk_ws/build/cisst_msgs
[0.541s] -- Install configuration: "Release"
[0.542s] -- Execute custom install script
[0.544s] -- Up-to-date symlink: /home/ytxu/cr_dvrk_ws/install/cisst_msgs/share/ament_index/resource_index/rosidl_interfaces/cisst_msgs
[0.546s] -- Up-to-date symlink: /home/ytxu/cr_dvrk_ws/install/cisst_msgs/include/cisst_msgs/cisst_msgs/msg/bool_stamped.h
[0.547s] -- Up-to-date symlink: /home/ytxu/cr_dvrk_ws/install/cisst_msgs/include/cisst_msgs/cisst_msgs/msg/detail/bool_stamped__functions.h
[0.547s] -- Up-to-date symlink: /home/ytxu/cr_dvrk_ws/install/cisst_msgs/include/cisst_msgs/cisst_msgs/msg/detail/bool_stamped__struct.h
[0.548s] -- Up-to-date symlink: /home/ytxu/cr_dvrk_ws/install/cisst_msgs/include/cisst_msgs/cisst_msgs/msg/detail/bool_stamped__type_support.h
[0.548s] -- Up-to-date symlink: /home/ytxu/cr_dvrk_ws/install/cisst_msgs/include/cisst_msgs/cisst_msgs/msg/detail/double_vec__functions.h
[0.549s] -- Up-to-date symlink: /home/ytxu/cr_dvrk_ws/install/cisst_msgs/include/cisst_msgs/cisst_msgs/msg/detail/double_vec__struct.h
[0.549s] -- Up-to-date symlink: /home/ytxu/cr_dvrk_ws/install/cisst_msgs/include/cisst_msgs/cisst_msgs/msg/detail/double_vec__type_support.h
[0.550s] -- Up-to-date symlink: /home/ytxu/cr_dvrk_ws/install/cisst_msgs/include/cisst_msgs/cisst_msgs/msg/detail/interval_statistics__functions.h
[0.550s] -- Up-to-date symlink: /home/ytxu/cr_dvrk_ws/install/cisst_msgs/include/cisst_msgs/cisst_msgs/msg/detail/interval_statistics__struct.h
[0.550s] -- Up-to-date symlink: /home/ytxu/cr_dvrk_ws/install/cisst_msgs/include/cisst_msgs/cisst_msgs/msg/detail/interval_statistics__type_support.h
[0.551s] -- Up-to-date symlink: /home/ytxu/cr_dvrk_ws/install/cisst_msgs/include/cisst_msgs/cisst_msgs/msg/double_vec.h
[0.551s] -- Up-to-date symlink: /home/ytxu/cr_dvrk_ws/install/cisst_msgs/include/cisst_msgs/cisst_msgs/msg/interval_statistics.h
[0.552s] -- Up-to-date symlink: /home/ytxu/cr_dvrk_ws/install/cisst_msgs/include/cisst_msgs/cisst_msgs/msg/rosidl_generator_c__visibility_control.h
[0.552s] -- Up-to-date symlink: /home/ytxu/cr_dvrk_ws/install/cisst_msgs/include/cisst_msgs/cisst_msgs/srv/convert_float64_array.h
[0.553s] -- Up-to-date symlink: /home/ytxu/cr_dvrk_ws/install/cisst_msgs/include/cisst_msgs/cisst_msgs/srv/detail/convert_float64_array__functions.h
[0.553s] -- Up-to-date symlink: /home/ytxu/cr_dvrk_ws/install/cisst_msgs/include/cisst_msgs/cisst_msgs/srv/detail/convert_float64_array__struct.h
[0.554s] -- Up-to-date symlink: /home/ytxu/cr_dvrk_ws/install/cisst_msgs/include/cisst_msgs/cisst_msgs/srv/detail/convert_float64_array__type_support.h
[0.554s] -- Up-to-date symlink: /home/ytxu/cr_dvrk_ws/install/cisst_msgs/share/cisst_msgs/environment/library_path.sh
[0.555s] -- Up-to-date symlink: /home/ytxu/cr_dvrk_ws/install/cisst_msgs/share/cisst_msgs/environment/library_path.dsv
[0.556s] -- Up-to-date symlink: /home/ytxu/cr_dvrk_ws/install/cisst_msgs/include/cisst_msgs/cisst_msgs/msg/detail/bool_stamped__rosidl_typesupport_fastrtps_c.h
[0.556s] -- Up-to-date symlink: /home/ytxu/cr_dvrk_ws/install/cisst_msgs/include/cisst_msgs/cisst_msgs/msg/detail/double_vec__rosidl_typesupport_fastrtps_c.h
[0.556s] -- Up-to-date symlink: /home/ytxu/cr_dvrk_ws/install/cisst_msgs/include/cisst_msgs/cisst_msgs/msg/detail/interval_statistics__rosidl_typesupport_fastrtps_c.h
[0.557s] -- Up-to-date symlink: /home/ytxu/cr_dvrk_ws/install/cisst_msgs/include/cisst_msgs/cisst_msgs/msg/rosidl_typesupport_fastrtps_c__visibility_control.h
[0.557s] -- Up-to-date symlink: /home/ytxu/cr_dvrk_ws/install/cisst_msgs/include/cisst_msgs/cisst_msgs/srv/detail/convert_float64_array__rosidl_typesupport_fastrtps_c.h
[0.558s] -- Up-to-date symlink: /home/ytxu/cr_dvrk_ws/install/cisst_msgs/include/cisst_msgs/cisst_msgs/msg/bool_stamped.hpp
[0.558s] -- Up-to-date symlink: /home/ytxu/cr_dvrk_ws/install/cisst_msgs/include/cisst_msgs/cisst_msgs/msg/detail/bool_stamped__builder.hpp
[0.559s] -- Up-to-date symlink: /home/ytxu/cr_dvrk_ws/install/cisst_msgs/include/cisst_msgs/cisst_msgs/msg/detail/bool_stamped__struct.hpp
[0.559s] -- Up-to-date symlink: /home/ytxu/cr_dvrk_ws/install/cisst_msgs/include/cisst_msgs/cisst_msgs/msg/detail/bool_stamped__traits.hpp
[0.561s] -- Up-to-date symlink: /home/ytxu/cr_dvrk_ws/install/cisst_msgs/include/cisst_msgs/cisst_msgs/msg/detail/bool_stamped__type_support.hpp
[0.561s] -- Up-to-date symlink: /home/ytxu/cr_dvrk_ws/install/cisst_msgs/include/cisst_msgs/cisst_msgs/msg/detail/double_vec__builder.hpp
[0.561s] -- Up-to-date symlink: /home/ytxu/cr_dvrk_ws/install/cisst_msgs/include/cisst_msgs/cisst_msgs/msg/detail/double_vec__struct.hpp
[0.562s] -- Up-to-date symlink: /home/ytxu/cr_dvrk_ws/install/cisst_msgs/include/cisst_msgs/cisst_msgs/msg/detail/double_vec__traits.hpp
[0.562s] -- Up-to-date symlink: /home/ytxu/cr_dvrk_ws/install/cisst_msgs/include/cisst_msgs/cisst_msgs/msg/detail/double_vec__type_support.hpp
[0.563s] -- Up-to-date symlink: /home/ytxu/cr_dvrk_ws/install/cisst_msgs/include/cisst_msgs/cisst_msgs/msg/detail/interval_statistics__builder.hpp
[0.564s] -- Up-to-date symlink: /home/ytxu/cr_dvrk_ws/install/cisst_msgs/include/cisst_msgs/cisst_msgs/msg/detail/interval_statistics__struct.hpp
[0.564s] -- Up-to-date symlink: /home/ytxu/cr_dvrk_ws/install/cisst_msgs/include/cisst_msgs/cisst_msgs/msg/detail/interval_statistics__traits.hpp
[0.564s] -- Up-to-date symlink: /home/ytxu/cr_dvrk_ws/install/cisst_msgs/include/cisst_msgs/cisst_msgs/msg/detail/interval_statistics__type_support.hpp
[0.565s] -- Up-to-date symlink: /home/ytxu/cr_dvrk_ws/install/cisst_msgs/include/cisst_msgs/cisst_msgs/msg/double_vec.hpp
[0.565s] -- Up-to-date symlink: /home/ytxu/cr_dvrk_ws/install/cisst_msgs/include/cisst_msgs/cisst_msgs/msg/interval_statistics.hpp
[0.566s] -- Up-to-date symlink: /home/ytxu/cr_dvrk_ws/install/cisst_msgs/include/cisst_msgs/cisst_msgs/msg/rosidl_generator_cpp__visibility_control.hpp
[0.566s] -- Up-to-date symlink: /home/ytxu/cr_dvrk_ws/install/cisst_msgs/include/cisst_msgs/cisst_msgs/srv/convert_float64_array.hpp
[0.566s] -- Up-to-date symlink: /home/ytxu/cr_dvrk_ws/install/cisst_msgs/include/cisst_msgs/cisst_msgs/srv/detail/convert_float64_array__builder.hpp
[0.567s] -- Up-to-date symlink: /home/ytxu/cr_dvrk_ws/install/cisst_msgs/include/cisst_msgs/cisst_msgs/srv/detail/convert_float64_array__struct.hpp
[0.567s] -- Up-to-date symlink: /home/ytxu/cr_dvrk_ws/install/cisst_msgs/include/cisst_msgs/cisst_msgs/srv/detail/convert_float64_array__traits.hpp
[0.568s] -- Up-to-date symlink: /home/ytxu/cr_dvrk_ws/install/cisst_msgs/include/cisst_msgs/cisst_msgs/srv/detail/convert_float64_array__type_support.hpp
[0.569s] -- Up-to-date symlink: /home/ytxu/cr_dvrk_ws/install/cisst_msgs/include/cisst_msgs/cisst_msgs/msg/detail/bool_stamped__rosidl_typesupport_fastrtps_cpp.hpp
[0.569s] -- Up-to-date symlink: /home/ytxu/cr_dvrk_ws/install/cisst_msgs/include/cisst_msgs/cisst_msgs/msg/detail/double_vec__rosidl_typesupport_fastrtps_cpp.hpp
[0.570s] -- Up-to-date symlink: /home/ytxu/cr_dvrk_ws/install/cisst_msgs/include/cisst_msgs/cisst_msgs/msg/detail/interval_statistics__rosidl_typesupport_fastrtps_cpp.hpp
[0.570s] -- Up-to-date symlink: /home/ytxu/cr_dvrk_ws/install/cisst_msgs/include/cisst_msgs/cisst_msgs/msg/rosidl_typesupport_fastrtps_cpp__visibility_control.h
[0.570s] -- Up-to-date symlink: /home/ytxu/cr_dvrk_ws/install/cisst_msgs/include/cisst_msgs/cisst_msgs/srv/detail/convert_float64_array__rosidl_typesupport_fastrtps_cpp.hpp
[0.571s] -- Up-to-date symlink: /home/ytxu/cr_dvrk_ws/install/cisst_msgs/include/cisst_msgs/cisst_msgs/msg/detail/bool_stamped__rosidl_typesupport_introspection_c.h
[0.571s] -- Up-to-date symlink: /home/ytxu/cr_dvrk_ws/install/cisst_msgs/include/cisst_msgs/cisst_msgs/msg/detail/double_vec__rosidl_typesupport_introspection_c.h
[0.572s] -- Up-to-date symlink: /home/ytxu/cr_dvrk_ws/install/cisst_msgs/include/cisst_msgs/cisst_msgs/msg/detail/interval_statistics__rosidl_typesupport_introspection_c.h
[0.572s] -- Up-to-date symlink: /home/ytxu/cr_dvrk_ws/install/cisst_msgs/include/cisst_msgs/cisst_msgs/msg/rosidl_typesupport_introspection_c__visibility_control.h
[0.573s] -- Up-to-date symlink: /home/ytxu/cr_dvrk_ws/install/cisst_msgs/include/cisst_msgs/cisst_msgs/srv/detail/convert_float64_array__rosidl_typesupport_introspection_c.h
[0.573s] -- Up-to-date symlink: /home/ytxu/cr_dvrk_ws/install/cisst_msgs/include/cisst_msgs/cisst_msgs/msg/detail/bool_stamped__rosidl_typesupport_introspection_cpp.hpp
[0.574s] -- Up-to-date symlink: /home/ytxu/cr_dvrk_ws/install/cisst_msgs/include/cisst_msgs/cisst_msgs/msg/detail/double_vec__rosidl_typesupport_introspection_cpp.hpp
[0.574s] -- Up-to-date symlink: /home/ytxu/cr_dvrk_ws/install/cisst_msgs/include/cisst_msgs/cisst_msgs/msg/detail/interval_statistics__rosidl_typesupport_introspection_cpp.hpp
[0.575s] -- Up-to-date symlink: /home/ytxu/cr_dvrk_ws/install/cisst_msgs/include/cisst_msgs/cisst_msgs/srv/detail/convert_float64_array__rosidl_typesupport_introspection_cpp.hpp
[0.575s] -- Up-to-date symlink: /home/ytxu/cr_dvrk_ws/install/cisst_msgs/share/cisst_msgs/environment/pythonpath.sh
[0.575s] -- Up-to-date symlink: /home/ytxu/cr_dvrk_ws/install/cisst_msgs/share/cisst_msgs/environment/pythonpath.dsv
[0.577s] -- Up-to-date symlink: /home/ytxu/cr_dvrk_ws/install/cisst_msgs/local/lib/python3.10/dist-packages/cisst_msgs-3.0.0-py3.10.egg-info/PKG-INFO
[0.577s] -- Up-to-date symlink: /home/ytxu/cr_dvrk_ws/install/cisst_msgs/local/lib/python3.10/dist-packages/cisst_msgs-3.0.0-py3.10.egg-info/SOURCES.txt
[0.578s] -- Up-to-date symlink: /home/ytxu/cr_dvrk_ws/install/cisst_msgs/local/lib/python3.10/dist-packages/cisst_msgs-3.0.0-py3.10.egg-info/dependency_links.txt
[0.578s] -- Up-to-date symlink: /home/ytxu/cr_dvrk_ws/install/cisst_msgs/local/lib/python3.10/dist-packages/cisst_msgs-3.0.0-py3.10.egg-info/top_level.txt
[0.580s] -- Up-to-date symlink: /home/ytxu/cr_dvrk_ws/install/cisst_msgs/local/lib/python3.10/dist-packages/cisst_msgs/__init__.py
[0.581s] -- Up-to-date symlink: /home/ytxu/cr_dvrk_ws/install/cisst_msgs/local/lib/python3.10/dist-packages/cisst_msgs/_cisst_msgs_s.ep.rosidl_typesupport_c.c
[0.581s] -- Up-to-date symlink: /home/ytxu/cr_dvrk_ws/install/cisst_msgs/local/lib/python3.10/dist-packages/cisst_msgs/_cisst_msgs_s.ep.rosidl_typesupport_fastrtps_c.c
[0.581s] -- Up-to-date symlink: /home/ytxu/cr_dvrk_ws/install/cisst_msgs/local/lib/python3.10/dist-packages/cisst_msgs/_cisst_msgs_s.ep.rosidl_typesupport_introspection_c.c
[0.582s] -- Up-to-date symlink: /home/ytxu/cr_dvrk_ws/install/cisst_msgs/local/lib/python3.10/dist-packages/cisst_msgs/cisst_msgs_s__rosidl_typesupport_c.cpython-310-x86_64-linux-gnu.so
[0.582s] -- Up-to-date symlink: /home/ytxu/cr_dvrk_ws/install/cisst_msgs/local/lib/python3.10/dist-packages/cisst_msgs/cisst_msgs_s__rosidl_typesupport_fastrtps_c.cpython-310-x86_64-linux-gnu.so
[0.583s] -- Up-to-date symlink: /home/ytxu/cr_dvrk_ws/install/cisst_msgs/local/lib/python3.10/dist-packages/cisst_msgs/cisst_msgs_s__rosidl_typesupport_introspection_c.cpython-310-x86_64-linux-gnu.so
[0.583s] -- Up-to-date symlink: /home/ytxu/cr_dvrk_ws/install/cisst_msgs/local/lib/python3.10/dist-packages/cisst_msgs/libcisst_msgs__rosidl_generator_py.so
[0.584s] -- Up-to-date symlink: /home/ytxu/cr_dvrk_ws/install/cisst_msgs/local/lib/python3.10/dist-packages/cisst_msgs/msg/__init__.py
[0.584s] -- Up-to-date symlink: /home/ytxu/cr_dvrk_ws/install/cisst_msgs/local/lib/python3.10/dist-packages/cisst_msgs/msg/_bool_stamped.py
[0.585s] -- Up-to-date symlink: /home/ytxu/cr_dvrk_ws/install/cisst_msgs/local/lib/python3.10/dist-packages/cisst_msgs/msg/_bool_stamped_s.c
[0.585s] -- Up-to-date symlink: /home/ytxu/cr_dvrk_ws/install/cisst_msgs/local/lib/python3.10/dist-packages/cisst_msgs/msg/_double_vec.py
[0.586s] -- Up-to-date symlink: /home/ytxu/cr_dvrk_ws/install/cisst_msgs/local/lib/python3.10/dist-packages/cisst_msgs/msg/_double_vec_s.c
[0.586s] -- Up-to-date symlink: /home/ytxu/cr_dvrk_ws/install/cisst_msgs/local/lib/python3.10/dist-packages/cisst_msgs/msg/_interval_statistics.py
[0.586s] -- Up-to-date symlink: /home/ytxu/cr_dvrk_ws/install/cisst_msgs/local/lib/python3.10/dist-packages/cisst_msgs/msg/_interval_statistics_s.c
[0.587s] -- Up-to-date symlink: /home/ytxu/cr_dvrk_ws/install/cisst_msgs/local/lib/python3.10/dist-packages/cisst_msgs/srv/__init__.py
[0.587s] -- Up-to-date symlink: /home/ytxu/cr_dvrk_ws/install/cisst_msgs/local/lib/python3.10/dist-packages/cisst_msgs/srv/_convert_float64_array.py
[0.588s] -- Up-to-date symlink: /home/ytxu/cr_dvrk_ws/install/cisst_msgs/local/lib/python3.10/dist-packages/cisst_msgs/srv/_convert_float64_array_s.c
[0.588s] -- Up-to-date symlink: /home/ytxu/cr_dvrk_ws/install/cisst_msgs/local/lib/python3.10/dist-packages/cisst_msgs/cisst_msgs_s__rosidl_typesupport_fastrtps_c.cpython-310-x86_64-linux-gnu.so
[0.589s] -- Up-to-date symlink: /home/ytxu/cr_dvrk_ws/install/cisst_msgs/local/lib/python3.10/dist-packages/cisst_msgs/cisst_msgs_s__rosidl_typesupport_introspection_c.cpython-310-x86_64-linux-gnu.so
[0.589s] -- Up-to-date symlink: /home/ytxu/cr_dvrk_ws/install/cisst_msgs/local/lib/python3.10/dist-packages/cisst_msgs/cisst_msgs_s__rosidl_typesupport_c.cpython-310-x86_64-linux-gnu.so
[0.590s] -- Up-to-date symlink: /home/ytxu/cr_dvrk_ws/install/cisst_msgs/share/cisst_msgs/msg/DoubleVec.idl
[0.590s] -- Up-to-date symlink: /home/ytxu/cr_dvrk_ws/install/cisst_msgs/share/cisst_msgs/msg/IntervalStatistics.idl
[0.591s] -- Up-to-date symlink: /home/ytxu/cr_dvrk_ws/install/cisst_msgs/share/cisst_msgs/msg/BoolStamped.idl
[0.591s] -- Up-to-date symlink: /home/ytxu/cr_dvrk_ws/install/cisst_msgs/share/cisst_msgs/srv/ConvertFloat64Array.idl
[0.592s] -- Up-to-date symlink: /home/ytxu/cr_dvrk_ws/install/cisst_msgs/share/cisst_msgs/msg/DoubleVec.msg
[0.592s] -- Up-to-date symlink: /home/ytxu/cr_dvrk_ws/install/cisst_msgs/share/cisst_msgs/msg/IntervalStatistics.msg
[0.592s] -- Up-to-date symlink: /home/ytxu/cr_dvrk_ws/install/cisst_msgs/share/cisst_msgs/msg/BoolStamped.msg
[0.593s] -- Up-to-date symlink: /home/ytxu/cr_dvrk_ws/install/cisst_msgs/share/cisst_msgs/srv/ConvertFloat64Array.srv
[0.594s] -- Up-to-date symlink: /home/ytxu/cr_dvrk_ws/install/cisst_msgs/share/cisst_msgs/srv/ConvertFloat64Array_Request.msg
[0.594s] -- Up-to-date symlink: /home/ytxu/cr_dvrk_ws/install/cisst_msgs/share/cisst_msgs/srv/ConvertFloat64Array_Response.msg
[0.595s] -- Up-to-date symlink: /home/ytxu/cr_dvrk_ws/install/cisst_msgs/share/ament_index/resource_index/package_run_dependencies/cisst_msgs
[0.596s] -- Up-to-date symlink: /home/ytxu/cr_dvrk_ws/install/cisst_msgs/share/ament_index/resource_index/parent_prefix_path/cisst_msgs
[0.596s] -- Up-to-date symlink: /home/ytxu/cr_dvrk_ws/install/cisst_msgs/share/cisst_msgs/environment/ament_prefix_path.sh
[0.597s] -- Up-to-date symlink: /home/ytxu/cr_dvrk_ws/install/cisst_msgs/share/cisst_msgs/environment/ament_prefix_path.dsv
[0.597s] -- Up-to-date symlink: /home/ytxu/cr_dvrk_ws/install/cisst_msgs/share/cisst_msgs/environment/path.sh
[0.598s] -- Up-to-date symlink: /home/ytxu/cr_dvrk_ws/install/cisst_msgs/share/cisst_msgs/environment/path.dsv
[0.599s] -- Up-to-date symlink: /home/ytxu/cr_dvrk_ws/install/cisst_msgs/share/cisst_msgs/local_setup.bash
[0.599s] -- Up-to-date symlink: /home/ytxu/cr_dvrk_ws/install/cisst_msgs/share/cisst_msgs/local_setup.sh
[0.599s] -- Up-to-date symlink: /home/ytxu/cr_dvrk_ws/install/cisst_msgs/share/cisst_msgs/local_setup.zsh
[0.600s] -- Up-to-date symlink: /home/ytxu/cr_dvrk_ws/install/cisst_msgs/share/cisst_msgs/local_setup.dsv
[0.600s] -- Symlinking: /home/ytxu/cr_dvrk_ws/install/cisst_msgs/share/cisst_msgs/package.dsv
[0.609s] -- Up-to-date symlink: /home/ytxu/cr_dvrk_ws/install/cisst_msgs/share/ament_index/resource_index/packages/cisst_msgs
[0.610s] -- Up-to-date symlink: /home/ytxu/cr_dvrk_ws/install/cisst_msgs/share/cisst_msgs/cmake/rosidl_cmake-extras.cmake
[0.610s] -- Up-to-date symlink: /home/ytxu/cr_dvrk_ws/install/cisst_msgs/share/cisst_msgs/cmake/ament_cmake_export_dependencies-extras.cmake
[0.611s] -- Up-to-date symlink: /home/ytxu/cr_dvrk_ws/install/cisst_msgs/share/cisst_msgs/cmake/ament_cmake_export_include_directories-extras.cmake
[0.611s] -- Up-to-date symlink: /home/ytxu/cr_dvrk_ws/install/cisst_msgs/share/cisst_msgs/cmake/ament_cmake_export_libraries-extras.cmake
[0.612s] -- Up-to-date symlink: /home/ytxu/cr_dvrk_ws/install/cisst_msgs/share/cisst_msgs/cmake/ament_cmake_export_targets-extras.cmake
[0.612s] -- Up-to-date symlink: /home/ytxu/cr_dvrk_ws/install/cisst_msgs/share/cisst_msgs/cmake/rosidl_cmake_export_typesupport_targets-extras.cmake
[0.612s] -- Up-to-date symlink: /home/ytxu/cr_dvrk_ws/install/cisst_msgs/share/cisst_msgs/cmake/rosidl_cmake_export_typesupport_libraries-extras.cmake
[0.613s] -- Up-to-date symlink: /home/ytxu/cr_dvrk_ws/install/cisst_msgs/share/cisst_msgs/cmake/cisst_msgsConfig.cmake
[0.613s] -- Up-to-date symlink: /home/ytxu/cr_dvrk_ws/install/cisst_msgs/share/cisst_msgs/cmake/cisst_msgsConfig-version.cmake
[0.614s] -- Up-to-date symlink: /home/ytxu/cr_dvrk_ws/install/cisst_msgs/share/cisst_msgs/package.xml
[0.615s] -- Up-to-date: /home/ytxu/cr_dvrk_ws/install/cisst_msgs/lib/libcisst_msgs__rosidl_generator_c.so
[0.616s] -- Up-to-date: /home/ytxu/cr_dvrk_ws/install/cisst_msgs/lib/libcisst_msgs__rosidl_typesupport_fastrtps_c.so
[0.617s] -- Up-to-date: /home/ytxu/cr_dvrk_ws/install/cisst_msgs/lib/libcisst_msgs__rosidl_typesupport_fastrtps_cpp.so
[0.618s] -- Up-to-date: /home/ytxu/cr_dvrk_ws/install/cisst_msgs/lib/libcisst_msgs__rosidl_typesupport_introspection_c.so
[0.620s] -- Up-to-date: /home/ytxu/cr_dvrk_ws/install/cisst_msgs/lib/libcisst_msgs__rosidl_typesupport_c.so
[0.621s] -- Up-to-date: /home/ytxu/cr_dvrk_ws/install/cisst_msgs/lib/libcisst_msgs__rosidl_typesupport_introspection_cpp.so
[0.622s] -- Up-to-date: /home/ytxu/cr_dvrk_ws/install/cisst_msgs/lib/libcisst_msgs__rosidl_typesupport_cpp.so
[0.657s] Listing '/home/ytxu/cr_dvrk_ws/install/cisst_msgs/local/lib/python3.10/dist-packages/cisst_msgs'...
[0.657s] Listing '/home/ytxu/cr_dvrk_ws/install/cisst_msgs/local/lib/python3.10/dist-packages/cisst_msgs/msg'...
[0.657s] Listing '/home/ytxu/cr_dvrk_ws/install/cisst_msgs/local/lib/python3.10/dist-packages/cisst_msgs/srv'...
[0.662s] -- Up-to-date: /home/ytxu/cr_dvrk_ws/install/cisst_msgs/lib/libcisst_msgs__rosidl_generator_py.so
[0.664s] -- Up-to-date: /home/ytxu/cr_dvrk_ws/install/cisst_msgs/share/cisst_msgs/cmake/export_cisst_msgs__rosidl_generator_cExport.cmake
[0.664s] -- Up-to-date: /home/ytxu/cr_dvrk_ws/install/cisst_msgs/share/cisst_msgs/cmake/export_cisst_msgs__rosidl_generator_cExport-release.cmake
[0.665s] -- Up-to-date: /home/ytxu/cr_dvrk_ws/install/cisst_msgs/share/cisst_msgs/cmake/export_cisst_msgs__rosidl_typesupport_fastrtps_cExport.cmake
[0.665s] -- Up-to-date: /home/ytxu/cr_dvrk_ws/install/cisst_msgs/share/cisst_msgs/cmake/export_cisst_msgs__rosidl_typesupport_fastrtps_cExport-release.cmake
[0.666s] -- Up-to-date: /home/ytxu/cr_dvrk_ws/install/cisst_msgs/share/cisst_msgs/cmake/export_cisst_msgs__rosidl_generator_cppExport.cmake
[0.667s] -- Up-to-date: /home/ytxu/cr_dvrk_ws/install/cisst_msgs/share/cisst_msgs/cmake/export_cisst_msgs__rosidl_typesupport_fastrtps_cppExport.cmake
[0.667s] -- Up-to-date: /home/ytxu/cr_dvrk_ws/install/cisst_msgs/share/cisst_msgs/cmake/export_cisst_msgs__rosidl_typesupport_fastrtps_cppExport-release.cmake
[0.667s] -- Up-to-date: /home/ytxu/cr_dvrk_ws/install/cisst_msgs/share/cisst_msgs/cmake/cisst_msgs__rosidl_typesupport_introspection_cExport.cmake
[0.667s] -- Up-to-date: /home/ytxu/cr_dvrk_ws/install/cisst_msgs/share/cisst_msgs/cmake/cisst_msgs__rosidl_typesupport_introspection_cExport-release.cmake
[0.668s] -- Up-to-date: /home/ytxu/cr_dvrk_ws/install/cisst_msgs/share/cisst_msgs/cmake/cisst_msgs__rosidl_typesupport_cExport.cmake
[0.668s] -- Up-to-date: /home/ytxu/cr_dvrk_ws/install/cisst_msgs/share/cisst_msgs/cmake/cisst_msgs__rosidl_typesupport_cExport-release.cmake
[0.669s] -- Up-to-date: /home/ytxu/cr_dvrk_ws/install/cisst_msgs/share/cisst_msgs/cmake/cisst_msgs__rosidl_typesupport_introspection_cppExport.cmake
[0.669s] -- Up-to-date: /home/ytxu/cr_dvrk_ws/install/cisst_msgs/share/cisst_msgs/cmake/cisst_msgs__rosidl_typesupport_introspection_cppExport-release.cmake
[0.670s] -- Up-to-date: /home/ytxu/cr_dvrk_ws/install/cisst_msgs/share/cisst_msgs/cmake/cisst_msgs__rosidl_typesupport_cppExport.cmake
[0.670s] -- Up-to-date: /home/ytxu/cr_dvrk_ws/install/cisst_msgs/share/cisst_msgs/cmake/cisst_msgs__rosidl_typesupport_cppExport-release.cmake
[0.671s] -- Up-to-date: /home/ytxu/cr_dvrk_ws/install/cisst_msgs/share/cisst_msgs/cmake/export_cisst_msgs__rosidl_generator_pyExport.cmake
[0.671s] -- Up-to-date: /home/ytxu/cr_dvrk_ws/install/cisst_msgs/share/cisst_msgs/cmake/export_cisst_msgs__rosidl_generator_pyExport-release.cmake
[0.673s] Invoked command in '/home/ytxu/cr_dvrk_ws/build/cisst_msgs' returned '0': CMAKE_PREFIX_PATH=/home/ytxu/cr-dvrk-rviz/install/test_scripts:/home/ytxu/cr-dvrk-rviz/install/teleop_cr_psm:/home/ytxu/cr-dvrk-rviz/install/cr_dvrk_kinematics:/home/ytxu/ctr_tr_model/install/pub_ctr_kinematics:/opt/ros/humble /usr/bin/cmake --install /home/ytxu/cr_dvrk_ws/build/cisst_msgs
