[0.151s] Invoking command in '/home/ytxu/cr_dvrk_ws/build/sawRobotIO1394Core': CMAKE_PREFIX_PATH=/home/ytxu/cr_dvrk_ws/install/cisst:/home/ytxu/cr_dvrk_ws/install/cisstNetlib:/home/ytxu/cr_dvrk_ws/install/dvrk_robot:/home/ytxu/cr_dvrk_ws/install/sawIntuitiveResearchKitCore:/home/ytxu/cr_dvrk_ws/install/sawTextToSpeechAll:/home/ytxu/cr_dvrk_ws/install/robot_io:/home/ytxu/cr_dvrk_ws/install/sawRobotIO1394Core:/home/ytxu/cr_dvrk_ws/install/sawControllersAll:/home/ytxu/cr_dvrk_ws/install/sawKeyboardAll:/home/ytxu/cr_dvrk_ws/install/dvrk_video:/home/ytxu/cr_dvrk_ws/install/dvrk_python:/home/ytxu/cr_dvrk_ws/install/dvrk_model:/home/ytxu/cr_dvrk_ws/install/dvrk_hrsv_widget:/home/ytxu/cr_dvrk_ws/install/dvrk_config_jhu:/home/ytxu/cr_dvrk_ws/install/dvrk_config:/home/ytxu/cr_dvrk_ws/install/dvrk_camera_registration:/home/ytxu/cr_dvrk_ws/install/dvrk_arms_from_ros:/home/ytxu/cr_dvrk_ws/install/crtk_python_client:/home/ytxu/cr_dvrk_ws/install/cisst_ros_crtk:/home/ytxu/cr_dvrk_ws/install/crtk_msgs:/home/ytxu/cr_dvrk_ws/install/cisst_ros_bridge:/home/ytxu/cr_dvrk_ws/install/cisst_msgs LD_LIBRARY_PATH=/home/ytxu/cr_dvrk_ws/install/cisst/lib:/home/ytxu/cr_dvrk_ws/install/cisst/lib:/home/ytxu/cr_dvrk_ws/install/dvrk_robot/lib:/home/ytxu/cr_dvrk_ws/install/sawIntuitiveResearchKitCore/lib:/home/ytxu/cr_dvrk_ws/install/sawTextToSpeechAll/lib:/home/ytxu/cr_dvrk_ws/install/sawRobotIO1394Core/lib:/home/ytxu/cr_dvrk_ws/install/sawControllersAll/lib:/home/ytxu/cr_dvrk_ws/install/sawKeyboardAll/lib:/home/ytxu/cr_dvrk_ws/install/dvrk_arms_from_ros/lib:/home/ytxu/cr_dvrk_ws/install/cisst_ros_crtk/lib:/home/ytxu/cr_dvrk_ws/install/crtk_msgs/lib:/home/ytxu/cr_dvrk_ws/install/cisst_ros_bridge/lib:/home/ytxu/cr_dvrk_ws/install/cisst_msgs/lib:/opt/ros/humble/opt/rviz_ogre_vendor/lib:/opt/ros/humble/lib/x86_64-linux-gnu:/opt/ros/humble/lib PATH=/home/ytxu/cr_dvrk_ws/install/cisst/bin:/home/ytxu/cr_dvrk_ws/install/cisst/bin:/home/ytxu/cr_dvrk_ws/install/sawIntuitiveResearchKitCore/bin:/home/ytxu/cr_dvrk_ws/install/sawTextToSpeechAll/bin:/home/ytxu/cr_dvrk_ws/install/sawRobotIO1394Core/bin:/home/ytxu/cr_dvrk_ws/install/sawControllersAll/bin:/opt/ros/humble/bin:/home/ytxu/.local/bin:/usr/local/sbin:/usr/local/bin:/usr/sbin:/usr/bin:/sbin:/bin:/usr/games:/usr/local/games:/usr/lib/wsl/lib:/mnt/c/WINDOWS/system32:/mnt/c/WINDOWS:/mnt/c/WINDOWS/System32/Wbem:/mnt/c/WINDOWS/System32/WindowsPowerShell/v1.0/:/mnt/c/WINDOWS/System32/OpenSSH/:/mnt/c/Program Files/MATLAB/R2024a/bin:/mnt/c/Program Files/CMake/bin:/mnt/c/Program Files (x86)/Incredibuild:/mnt/c/ProgramData/chocolatey/bin:/mnt/c/Program Files/Git/cmd:/mnt/c/Program Files/usbipd-win/:/mnt/c/Users/Morimoto_Lab/AppData/Local/Microsoft/WindowsApps:/mnt/c/Users/Morimoto_Lab/AppData/Local/GitHubDesktop/bin:/mnt/c/Users/Morimoto_Lab/AppData/Local/Programs/Microsoft VS Code/bin:/snap/bin PKG_CONFIG_PATH=/home/ytxu/cr_dvrk_ws/install/cisst/lib/x86_64-linux-gnu/pkgconfig:/home/ytxu/cr_dvrk_ws/install/cisst/lib/pkgconfig:/home/ytxu/cr_dvrk_ws/install/cisstNetlib/lib/x86_64-linux-gnu/pkgconfig:/home/ytxu/cr_dvrk_ws/install/cisstNetlib/lib/pkgconfig:/home/ytxu/cr_dvrk_ws/install/dvrk_config_jhu/lib/x86_64-linux-gnu/pkgconfig:/home/ytxu/cr_dvrk_ws/install/dvrk_config_jhu/lib/pkgconfig PYTHONPATH=/home/ytxu/cr_dvrk_ws/install/cisst/lib:${PYTHONPATH} /usr/bin/cmake --build /home/ytxu/cr_dvrk_ws/build/sawRobotIO1394Core -- -j12 -l12
[0.245s] [  3%] Built target time1394
[0.245s] [  3%] Built target Amp1394Python_swig_compilation
[0.252s] [  8%] Built target block1394
[0.252s] [  8%] Built target info1394
[0.253s] [ 20%] Built target Amp1394
[0.254s] [ 23%] Built target Amp1394Console
[0.316s] [ 25%] Built target qlacloserelays
[0.322s] [ 27%] Built target instrument
[0.322s] [ 41%] Built target _Amp1394Python
[0.322s] [ 44%] Built target qlacommand
[0.322s] [ 46%] Built target block1394eth
[0.322s] [ 48%] Built target fwPortTest
[0.336s] [ 52%] Built target eth1394Test
[0.336s] [ 54%] Built target enctest
[0.336s] [ 65%] Built target sawRobotIO1394
[0.336s] [ 68%] Built target dvrktest
[0.336s] [ 70%] Built target ethswitch
[0.339s] [ 74%] Built target pgm1394
[0.364s] [ 76%] Built target qladisp
[0.366s] [ 79%] Built target qlatest
[0.367s] [ 80%] [34m[1mAutomatic MOC for target sawRobotIO1394Qt[0m
[0.402s] [ 80%] Built target sawRobotIO1394Qt_autogen
[0.446s] [ 84%] Built target sawRobotIO1394Qt
[0.487s] [ 86%] [34m[1mAutomatic MOC for target sawRobotIO1394QtDataPlot[0m
[0.496s] [ 88%] Built target sawRobotIO1394CurrentCalibration
[0.497s] [ 90%] Built target sawRobotIO1394XMLtoJSON
[0.497s] [ 93%] Built target sawRobotIO1394DataCollection
[0.500s] [ 95%] Built target sawRobotIO1394QtConsole
[0.520s] [ 95%] Built target sawRobotIO1394QtDataPlot_autogen
[0.563s] [100%] Built target sawRobotIO1394QtDataPlot
[0.582s] Invoked command in '/home/ytxu/cr_dvrk_ws/build/sawRobotIO1394Core' returned '0': CMAKE_PREFIX_PATH=/home/ytxu/cr_dvrk_ws/install/cisst:/home/ytxu/cr_dvrk_ws/install/cisstNetlib:/home/ytxu/cr_dvrk_ws/install/dvrk_robot:/home/ytxu/cr_dvrk_ws/install/sawIntuitiveResearchKitCore:/home/ytxu/cr_dvrk_ws/install/sawTextToSpeechAll:/home/ytxu/cr_dvrk_ws/install/robot_io:/home/ytxu/cr_dvrk_ws/install/sawRobotIO1394Core:/home/ytxu/cr_dvrk_ws/install/sawControllersAll:/home/ytxu/cr_dvrk_ws/install/sawKeyboardAll:/home/ytxu/cr_dvrk_ws/install/dvrk_video:/home/ytxu/cr_dvrk_ws/install/dvrk_python:/home/ytxu/cr_dvrk_ws/install/dvrk_model:/home/ytxu/cr_dvrk_ws/install/dvrk_hrsv_widget:/home/ytxu/cr_dvrk_ws/install/dvrk_config_jhu:/home/ytxu/cr_dvrk_ws/install/dvrk_config:/home/ytxu/cr_dvrk_ws/install/dvrk_camera_registration:/home/ytxu/cr_dvrk_ws/install/dvrk_arms_from_ros:/home/ytxu/cr_dvrk_ws/install/crtk_python_client:/home/ytxu/cr_dvrk_ws/install/cisst_ros_crtk:/home/ytxu/cr_dvrk_ws/install/crtk_msgs:/home/ytxu/cr_dvrk_ws/install/cisst_ros_bridge:/home/ytxu/cr_dvrk_ws/install/cisst_msgs LD_LIBRARY_PATH=/home/ytxu/cr_dvrk_ws/install/cisst/lib:/home/ytxu/cr_dvrk_ws/install/cisst/lib:/home/ytxu/cr_dvrk_ws/install/dvrk_robot/lib:/home/ytxu/cr_dvrk_ws/install/sawIntuitiveResearchKitCore/lib:/home/ytxu/cr_dvrk_ws/install/sawTextToSpeechAll/lib:/home/ytxu/cr_dvrk_ws/install/sawRobotIO1394Core/lib:/home/ytxu/cr_dvrk_ws/install/sawControllersAll/lib:/home/ytxu/cr_dvrk_ws/install/sawKeyboardAll/lib:/home/ytxu/cr_dvrk_ws/install/dvrk_arms_from_ros/lib:/home/ytxu/cr_dvrk_ws/install/cisst_ros_crtk/lib:/home/ytxu/cr_dvrk_ws/install/crtk_msgs/lib:/home/ytxu/cr_dvrk_ws/install/cisst_ros_bridge/lib:/home/ytxu/cr_dvrk_ws/install/cisst_msgs/lib:/opt/ros/humble/opt/rviz_ogre_vendor/lib:/opt/ros/humble/lib/x86_64-linux-gnu:/opt/ros/humble/lib PATH=/home/ytxu/cr_dvrk_ws/install/cisst/bin:/home/ytxu/cr_dvrk_ws/install/cisst/bin:/home/ytxu/cr_dvrk_ws/install/sawIntuitiveResearchKitCore/bin:/home/ytxu/cr_dvrk_ws/install/sawTextToSpeechAll/bin:/home/ytxu/cr_dvrk_ws/install/sawRobotIO1394Core/bin:/home/ytxu/cr_dvrk_ws/install/sawControllersAll/bin:/opt/ros/humble/bin:/home/ytxu/.local/bin:/usr/local/sbin:/usr/local/bin:/usr/sbin:/usr/bin:/sbin:/bin:/usr/games:/usr/local/games:/usr/lib/wsl/lib:/mnt/c/WINDOWS/system32:/mnt/c/WINDOWS:/mnt/c/WINDOWS/System32/Wbem:/mnt/c/WINDOWS/System32/WindowsPowerShell/v1.0/:/mnt/c/WINDOWS/System32/OpenSSH/:/mnt/c/Program Files/MATLAB/R2024a/bin:/mnt/c/Program Files/CMake/bin:/mnt/c/Program Files (x86)/Incredibuild:/mnt/c/ProgramData/chocolatey/bin:/mnt/c/Program Files/Git/cmd:/mnt/c/Program Files/usbipd-win/:/mnt/c/Users/Morimoto_Lab/AppData/Local/Microsoft/WindowsApps:/mnt/c/Users/Morimoto_Lab/AppData/Local/GitHubDesktop/bin:/mnt/c/Users/Morimoto_Lab/AppData/Local/Programs/Microsoft VS Code/bin:/snap/bin PKG_CONFIG_PATH=/home/ytxu/cr_dvrk_ws/install/cisst/lib/x86_64-linux-gnu/pkgconfig:/home/ytxu/cr_dvrk_ws/install/cisst/lib/pkgconfig:/home/ytxu/cr_dvrk_ws/install/cisstNetlib/lib/x86_64-linux-gnu/pkgconfig:/home/ytxu/cr_dvrk_ws/install/cisstNetlib/lib/pkgconfig:/home/ytxu/cr_dvrk_ws/install/dvrk_config_jhu/lib/x86_64-linux-gnu/pkgconfig:/home/ytxu/cr_dvrk_ws/install/dvrk_config_jhu/lib/pkgconfig PYTHONPATH=/home/ytxu/cr_dvrk_ws/install/cisst/lib:${PYTHONPATH} /usr/bin/cmake --build /home/ytxu/cr_dvrk_ws/build/sawRobotIO1394Core -- -j12 -l12
[0.585s] Invoking command in '/home/ytxu/cr_dvrk_ws/build/sawRobotIO1394Core': CMAKE_PREFIX_PATH=/home/ytxu/cr_dvrk_ws/install/cisst:/home/ytxu/cr_dvrk_ws/install/cisstNetlib:/home/ytxu/cr_dvrk_ws/install/dvrk_robot:/home/ytxu/cr_dvrk_ws/install/sawIntuitiveResearchKitCore:/home/ytxu/cr_dvrk_ws/install/sawTextToSpeechAll:/home/ytxu/cr_dvrk_ws/install/robot_io:/home/ytxu/cr_dvrk_ws/install/sawRobotIO1394Core:/home/ytxu/cr_dvrk_ws/install/sawControllersAll:/home/ytxu/cr_dvrk_ws/install/sawKeyboardAll:/home/ytxu/cr_dvrk_ws/install/dvrk_video:/home/ytxu/cr_dvrk_ws/install/dvrk_python:/home/ytxu/cr_dvrk_ws/install/dvrk_model:/home/ytxu/cr_dvrk_ws/install/dvrk_hrsv_widget:/home/ytxu/cr_dvrk_ws/install/dvrk_config_jhu:/home/ytxu/cr_dvrk_ws/install/dvrk_config:/home/ytxu/cr_dvrk_ws/install/dvrk_camera_registration:/home/ytxu/cr_dvrk_ws/install/dvrk_arms_from_ros:/home/ytxu/cr_dvrk_ws/install/crtk_python_client:/home/ytxu/cr_dvrk_ws/install/cisst_ros_crtk:/home/ytxu/cr_dvrk_ws/install/crtk_msgs:/home/ytxu/cr_dvrk_ws/install/cisst_ros_bridge:/home/ytxu/cr_dvrk_ws/install/cisst_msgs LD_LIBRARY_PATH=/home/ytxu/cr_dvrk_ws/install/cisst/lib:/home/ytxu/cr_dvrk_ws/install/cisst/lib:/home/ytxu/cr_dvrk_ws/install/dvrk_robot/lib:/home/ytxu/cr_dvrk_ws/install/sawIntuitiveResearchKitCore/lib:/home/ytxu/cr_dvrk_ws/install/sawTextToSpeechAll/lib:/home/ytxu/cr_dvrk_ws/install/sawRobotIO1394Core/lib:/home/ytxu/cr_dvrk_ws/install/sawControllersAll/lib:/home/ytxu/cr_dvrk_ws/install/sawKeyboardAll/lib:/home/ytxu/cr_dvrk_ws/install/dvrk_arms_from_ros/lib:/home/ytxu/cr_dvrk_ws/install/cisst_ros_crtk/lib:/home/ytxu/cr_dvrk_ws/install/crtk_msgs/lib:/home/ytxu/cr_dvrk_ws/install/cisst_ros_bridge/lib:/home/ytxu/cr_dvrk_ws/install/cisst_msgs/lib:/opt/ros/humble/opt/rviz_ogre_vendor/lib:/opt/ros/humble/lib/x86_64-linux-gnu:/opt/ros/humble/lib PATH=/home/ytxu/cr_dvrk_ws/install/cisst/bin:/home/ytxu/cr_dvrk_ws/install/cisst/bin:/home/ytxu/cr_dvrk_ws/install/sawIntuitiveResearchKitCore/bin:/home/ytxu/cr_dvrk_ws/install/sawTextToSpeechAll/bin:/home/ytxu/cr_dvrk_ws/install/sawRobotIO1394Core/bin:/home/ytxu/cr_dvrk_ws/install/sawControllersAll/bin:/opt/ros/humble/bin:/home/ytxu/.local/bin:/usr/local/sbin:/usr/local/bin:/usr/sbin:/usr/bin:/sbin:/bin:/usr/games:/usr/local/games:/usr/lib/wsl/lib:/mnt/c/WINDOWS/system32:/mnt/c/WINDOWS:/mnt/c/WINDOWS/System32/Wbem:/mnt/c/WINDOWS/System32/WindowsPowerShell/v1.0/:/mnt/c/WINDOWS/System32/OpenSSH/:/mnt/c/Program Files/MATLAB/R2024a/bin:/mnt/c/Program Files/CMake/bin:/mnt/c/Program Files (x86)/Incredibuild:/mnt/c/ProgramData/chocolatey/bin:/mnt/c/Program Files/Git/cmd:/mnt/c/Program Files/usbipd-win/:/mnt/c/Users/Morimoto_Lab/AppData/Local/Microsoft/WindowsApps:/mnt/c/Users/Morimoto_Lab/AppData/Local/GitHubDesktop/bin:/mnt/c/Users/Morimoto_Lab/AppData/Local/Programs/Microsoft VS Code/bin:/snap/bin PKG_CONFIG_PATH=/home/ytxu/cr_dvrk_ws/install/cisst/lib/x86_64-linux-gnu/pkgconfig:/home/ytxu/cr_dvrk_ws/install/cisst/lib/pkgconfig:/home/ytxu/cr_dvrk_ws/install/cisstNetlib/lib/x86_64-linux-gnu/pkgconfig:/home/ytxu/cr_dvrk_ws/install/cisstNetlib/lib/pkgconfig:/home/ytxu/cr_dvrk_ws/install/dvrk_config_jhu/lib/x86_64-linux-gnu/pkgconfig:/home/ytxu/cr_dvrk_ws/install/dvrk_config_jhu/lib/pkgconfig PYTHONPATH=/home/ytxu/cr_dvrk_ws/install/cisst/lib:${PYTHONPATH} /usr/bin/cmake --install /home/ytxu/cr_dvrk_ws/build/sawRobotIO1394Core
[0.595s] -- Install configuration: "Release"
[0.595s] -- Up-to-date: /home/ytxu/cr_dvrk_ws/install/sawRobotIO1394Core/share/sawRobotIO1394/sawRobotIO1394Config.cmake
[0.596s] -- Up-to-date: /home/ytxu/cr_dvrk_ws/install/sawRobotIO1394Core/share/sawRobotIO1394/sawRobotIO1394ConfigVersion.cmake
[0.596s] -- Up-to-date: /home/ytxu/cr_dvrk_ws/install/sawRobotIO1394Core/include/sawRobotIO1394
[0.596s] -- Up-to-date: /home/ytxu/cr_dvrk_ws/install/sawRobotIO1394Core/include/sawRobotIO1394/mtsRobotIO1394QtWidgetFactory.h
[0.597s] -- Up-to-date: /home/ytxu/cr_dvrk_ws/install/sawRobotIO1394Core/include/sawRobotIO1394/mtsDigitalOutput1394.h
[0.597s] -- Up-to-date: /home/ytxu/cr_dvrk_ws/install/sawRobotIO1394Core/include/sawRobotIO1394/mtsRobotIO1394.h
[0.597s] -- Up-to-date: /home/ytxu/cr_dvrk_ws/install/sawRobotIO1394Core/include/sawRobotIO1394/mtsDallasChip1394.h
[0.597s] -- Up-to-date: /home/ytxu/cr_dvrk_ws/install/sawRobotIO1394Core/include/sawRobotIO1394/mtsDigitalInput1394.h
[0.597s] -- Up-to-date: /home/ytxu/cr_dvrk_ws/install/sawRobotIO1394Core/include/sawRobotIO1394/osaXML1394.h
[0.597s] -- Up-to-date: /home/ytxu/cr_dvrk_ws/install/sawRobotIO1394Core/include/sawRobotIO1394/mtsRobot1394.h
[0.597s] -- Up-to-date: /home/ytxu/cr_dvrk_ws/install/sawRobotIO1394Core/include/sawRobotIO1394/sawRobotIO1394Export.h
[0.597s] -- Up-to-date: /home/ytxu/cr_dvrk_ws/install/sawRobotIO1394Core/include/sawRobotIO1394/mtsRobot1394QtWidget.h
[0.597s] -- Up-to-date: /home/ytxu/cr_dvrk_ws/install/sawRobotIO1394Core/include/sawRobotIO1394/sawRobotIO1394ForwardDeclarations.h
[0.597s] -- Up-to-date: /home/ytxu/cr_dvrk_ws/install/sawRobotIO1394Core/include/sawRobotIO1394/sawRobotIO1394ExportQt.h
[0.597s] -- Up-to-date: /home/ytxu/cr_dvrk_ws/install/sawRobotIO1394Core/include/sawRobotIO1394
[0.597s] -- Up-to-date: /home/ytxu/cr_dvrk_ws/install/sawRobotIO1394Core/include/sawRobotIO1394/sawRobotIO1394Revision.h
[0.597s] -- Up-to-date: /home/ytxu/cr_dvrk_ws/install/sawRobotIO1394Core/include/sawRobotIO1394/osaConfiguration1394.h
[0.598s] -- Up-to-date: /home/ytxu/cr_dvrk_ws/install/sawRobotIO1394Core/lib/libsawRobotIO1394.so.2.3.0
[0.598s] -- Up-to-date: /home/ytxu/cr_dvrk_ws/install/sawRobotIO1394Core/lib/libsawRobotIO1394.so
[0.601s] -- Up-to-date: /home/ytxu/cr_dvrk_ws/install/sawRobotIO1394Core/lib/_Amp1394Python.so
[0.601s] -- Up-to-date: /home/ytxu/cr_dvrk_ws/install/sawRobotIO1394Core/lib/Amp1394Python.py
[0.602s] -- Up-to-date: /home/ytxu/cr_dvrk_ws/install/sawRobotIO1394Core/lib/libAmp1394.a
[0.602s] -- Up-to-date: /home/ytxu/cr_dvrk_ws/install/sawRobotIO1394Core/lib/libAmp1394Console.a
[0.602s] -- Up-to-date: /home/ytxu/cr_dvrk_ws/install/sawRobotIO1394Core/include/Amp1394/BoardIO.h
[0.602s] -- Up-to-date: /home/ytxu/cr_dvrk_ws/install/sawRobotIO1394Core/include/Amp1394/FpgaIO.h
[0.602s] -- Up-to-date: /home/ytxu/cr_dvrk_ws/install/sawRobotIO1394Core/include/Amp1394/AmpIO.h
[0.603s] -- Up-to-date: /home/ytxu/cr_dvrk_ws/install/sawRobotIO1394Core/include/Amp1394/Amp1394Types.h
[0.603s] -- Up-to-date: /home/ytxu/cr_dvrk_ws/install/sawRobotIO1394Core/include/Amp1394/Amp1394Time.h
[0.603s] -- Up-to-date: /home/ytxu/cr_dvrk_ws/install/sawRobotIO1394Core/include/Amp1394/Amp1394BSwap.h
[0.603s] -- Up-to-date: /home/ytxu/cr_dvrk_ws/install/sawRobotIO1394Core/include/Amp1394/EncoderVelocity.h
[0.603s] -- Up-to-date: /home/ytxu/cr_dvrk_ws/install/sawRobotIO1394Core/include/Amp1394/BasePort.h
[0.603s] -- Up-to-date: /home/ytxu/cr_dvrk_ws/install/sawRobotIO1394Core/include/Amp1394/EthBasePort.h
[0.603s] -- Up-to-date: /home/ytxu/cr_dvrk_ws/install/sawRobotIO1394Core/include/Amp1394/EthUdpPort.h
[0.603s] -- Up-to-date: /home/ytxu/cr_dvrk_ws/install/sawRobotIO1394Core/include/Amp1394/PortFactory.h
[0.603s] -- Up-to-date: /home/ytxu/cr_dvrk_ws/install/sawRobotIO1394Core/include/Amp1394/FirewirePort.h
[0.603s] -- Up-to-date: /home/ytxu/cr_dvrk_ws/install/sawRobotIO1394Core/include/Amp1394/Amp1394Console.h
[0.604s] -- Up-to-date: /home/ytxu/cr_dvrk_ws/install/sawRobotIO1394Core/bin/qladisp
[0.606s] -- Up-to-date: /home/ytxu/cr_dvrk_ws/install/sawRobotIO1394Core/bin/qlatest
[0.607s] -- Up-to-date: /home/ytxu/cr_dvrk_ws/install/sawRobotIO1394Core/bin/fwPortTest
[0.608s] -- Up-to-date: /home/ytxu/cr_dvrk_ws/install/sawRobotIO1394Core/bin/quad1394eth
[0.609s] -- Up-to-date: /home/ytxu/cr_dvrk_ws/install/sawRobotIO1394Core/bin/qlacloserelays
[0.610s] -- Up-to-date: /home/ytxu/cr_dvrk_ws/install/sawRobotIO1394Core/bin/qlacommand
[0.611s] -- Up-to-date: /home/ytxu/cr_dvrk_ws/install/sawRobotIO1394Core/bin/eth1394Test
[0.613s] -- Up-to-date: /home/ytxu/cr_dvrk_ws/install/sawRobotIO1394Core/bin/instrument
[0.614s] -- Up-to-date: /home/ytxu/cr_dvrk_ws/install/sawRobotIO1394Core/bin/block1394eth
[0.616s] -- Up-to-date: /home/ytxu/cr_dvrk_ws/install/sawRobotIO1394Core/bin/enctest
[0.617s] -- Up-to-date: /home/ytxu/cr_dvrk_ws/install/sawRobotIO1394Core/bin/ethswitch
[0.619s] -- Up-to-date: /home/ytxu/cr_dvrk_ws/install/sawRobotIO1394Core/bin/dvrktest
[0.621s] -- Up-to-date: /home/ytxu/cr_dvrk_ws/install/sawRobotIO1394Core/bin/pgm1394
[0.621s] -- Up-to-date: /home/ytxu/cr_dvrk_ws/install/sawRobotIO1394Core/bin/pgm1394multi.bash
[0.622s] -- Up-to-date: /home/ytxu/cr_dvrk_ws/install/sawRobotIO1394Core/bin/qlareloadfw.bash
[0.623s] -- Up-to-date: /home/ytxu/cr_dvrk_ws/install/sawRobotIO1394Core/lib/libsawRobotIO1394Qt.so.2.3.0
[0.624s] -- Up-to-date: /home/ytxu/cr_dvrk_ws/install/sawRobotIO1394Core/lib/libsawRobotIO1394Qt.so
[0.626s] -- Up-to-date: /home/ytxu/cr_dvrk_ws/install/sawRobotIO1394Core/bin/sawRobotIO1394QtConsole
[0.627s] -- Up-to-date: /home/ytxu/cr_dvrk_ws/install/sawRobotIO1394Core/bin/sawRobotIO1394CurrentCalibration
[0.630s] -- Up-to-date: /home/ytxu/cr_dvrk_ws/install/sawRobotIO1394Core/bin/sawRobotIO1394XMLtoJSON
[0.634s] Invoked command in '/home/ytxu/cr_dvrk_ws/build/sawRobotIO1394Core' returned '0': CMAKE_PREFIX_PATH=/home/ytxu/cr_dvrk_ws/install/cisst:/home/ytxu/cr_dvrk_ws/install/cisstNetlib:/home/ytxu/cr_dvrk_ws/install/dvrk_robot:/home/ytxu/cr_dvrk_ws/install/sawIntuitiveResearchKitCore:/home/ytxu/cr_dvrk_ws/install/sawTextToSpeechAll:/home/ytxu/cr_dvrk_ws/install/robot_io:/home/ytxu/cr_dvrk_ws/install/sawRobotIO1394Core:/home/ytxu/cr_dvrk_ws/install/sawControllersAll:/home/ytxu/cr_dvrk_ws/install/sawKeyboardAll:/home/ytxu/cr_dvrk_ws/install/dvrk_video:/home/ytxu/cr_dvrk_ws/install/dvrk_python:/home/ytxu/cr_dvrk_ws/install/dvrk_model:/home/ytxu/cr_dvrk_ws/install/dvrk_hrsv_widget:/home/ytxu/cr_dvrk_ws/install/dvrk_config_jhu:/home/ytxu/cr_dvrk_ws/install/dvrk_config:/home/ytxu/cr_dvrk_ws/install/dvrk_camera_registration:/home/ytxu/cr_dvrk_ws/install/dvrk_arms_from_ros:/home/ytxu/cr_dvrk_ws/install/crtk_python_client:/home/ytxu/cr_dvrk_ws/install/cisst_ros_crtk:/home/ytxu/cr_dvrk_ws/install/crtk_msgs:/home/ytxu/cr_dvrk_ws/install/cisst_ros_bridge:/home/ytxu/cr_dvrk_ws/install/cisst_msgs LD_LIBRARY_PATH=/home/ytxu/cr_dvrk_ws/install/cisst/lib:/home/ytxu/cr_dvrk_ws/install/cisst/lib:/home/ytxu/cr_dvrk_ws/install/dvrk_robot/lib:/home/ytxu/cr_dvrk_ws/install/sawIntuitiveResearchKitCore/lib:/home/ytxu/cr_dvrk_ws/install/sawTextToSpeechAll/lib:/home/ytxu/cr_dvrk_ws/install/sawRobotIO1394Core/lib:/home/ytxu/cr_dvrk_ws/install/sawControllersAll/lib:/home/ytxu/cr_dvrk_ws/install/sawKeyboardAll/lib:/home/ytxu/cr_dvrk_ws/install/dvrk_arms_from_ros/lib:/home/ytxu/cr_dvrk_ws/install/cisst_ros_crtk/lib:/home/ytxu/cr_dvrk_ws/install/crtk_msgs/lib:/home/ytxu/cr_dvrk_ws/install/cisst_ros_bridge/lib:/home/ytxu/cr_dvrk_ws/install/cisst_msgs/lib:/opt/ros/humble/opt/rviz_ogre_vendor/lib:/opt/ros/humble/lib/x86_64-linux-gnu:/opt/ros/humble/lib PATH=/home/ytxu/cr_dvrk_ws/install/cisst/bin:/home/ytxu/cr_dvrk_ws/install/cisst/bin:/home/ytxu/cr_dvrk_ws/install/sawIntuitiveResearchKitCore/bin:/home/ytxu/cr_dvrk_ws/install/sawTextToSpeechAll/bin:/home/ytxu/cr_dvrk_ws/install/sawRobotIO1394Core/bin:/home/ytxu/cr_dvrk_ws/install/sawControllersAll/bin:/opt/ros/humble/bin:/home/ytxu/.local/bin:/usr/local/sbin:/usr/local/bin:/usr/sbin:/usr/bin:/sbin:/bin:/usr/games:/usr/local/games:/usr/lib/wsl/lib:/mnt/c/WINDOWS/system32:/mnt/c/WINDOWS:/mnt/c/WINDOWS/System32/Wbem:/mnt/c/WINDOWS/System32/WindowsPowerShell/v1.0/:/mnt/c/WINDOWS/System32/OpenSSH/:/mnt/c/Program Files/MATLAB/R2024a/bin:/mnt/c/Program Files/CMake/bin:/mnt/c/Program Files (x86)/Incredibuild:/mnt/c/ProgramData/chocolatey/bin:/mnt/c/Program Files/Git/cmd:/mnt/c/Program Files/usbipd-win/:/mnt/c/Users/Morimoto_Lab/AppData/Local/Microsoft/WindowsApps:/mnt/c/Users/Morimoto_Lab/AppData/Local/GitHubDesktop/bin:/mnt/c/Users/Morimoto_Lab/AppData/Local/Programs/Microsoft VS Code/bin:/snap/bin PKG_CONFIG_PATH=/home/ytxu/cr_dvrk_ws/install/cisst/lib/x86_64-linux-gnu/pkgconfig:/home/ytxu/cr_dvrk_ws/install/cisst/lib/pkgconfig:/home/ytxu/cr_dvrk_ws/install/cisstNetlib/lib/x86_64-linux-gnu/pkgconfig:/home/ytxu/cr_dvrk_ws/install/cisstNetlib/lib/pkgconfig:/home/ytxu/cr_dvrk_ws/install/dvrk_config_jhu/lib/x86_64-linux-gnu/pkgconfig:/home/ytxu/cr_dvrk_ws/install/dvrk_config_jhu/lib/pkgconfig PYTHONPATH=/home/ytxu/cr_dvrk_ws/install/cisst/lib:${PYTHONPATH} /usr/bin/cmake --install /home/ytxu/cr_dvrk_ws/build/sawRobotIO1394Core
