[0.107s] Invoking command in '/home/ytxu/cr_dvrk_ws/build/dvrk_python': CMAKE_PREFIX_PATH=/home/ytxu/cr_dvrk_ws/install/crtk_python_client:/home/ytxu/cr_dvrk_ws/install/crtk_msgs:/home/ytxu/cr_dvrk_ws/install/dvrk_robot:/home/ytxu/cr_dvrk_ws/install/sawIntuitiveResearchKitCore:/home/ytxu/cr_dvrk_ws/install/sawTextToSpeechAll:/home/ytxu/cr_dvrk_ws/install/robot_io:/home/ytxu/cr_dvrk_ws/install/sawRobotIO1394Core:/home/ytxu/cr_dvrk_ws/install/sawControllersAll:/home/ytxu/cr_dvrk_ws/install/sawKeyboardAll:/home/ytxu/cr_dvrk_ws/install/dvrk_video:/home/ytxu/cr_dvrk_ws/install/dvrk_python:/home/ytxu/cr_dvrk_ws/install/dvrk_model:/home/ytxu/cr_dvrk_ws/install/dvrk_hrsv_widget:/home/ytxu/cr_dvrk_ws/install/dvrk_config_jhu:/home/ytxu/cr_dvrk_ws/install/dvrk_config:/home/ytxu/cr_dvrk_ws/install/dvrk_camera_registration:/home/ytxu/cr_dvrk_ws/install/dvrk_arms_from_ros:/home/ytxu/cr_dvrk_ws/install/cisst_ros_crtk:/home/ytxu/cr_dvrk_ws/install/cisst_ros_bridge:/home/ytxu/cr_dvrk_ws/install/cisst_msgs:/home/ytxu/cr-dvrk-rviz/install/test_scripts:/home/ytxu/cr-dvrk-rviz/install/teleop_cr_psm:/home/ytxu/cr-dvrk-rviz/install/cr_dvrk_kinematics:/home/ytxu/ctr_tr_model/install/pub_ctr_kinematics:/opt/ros/humble:/home/ytxu/cr_dvrk_ws/install/cisst:/home/ytxu/cr_dvrk_ws/install/cisstNetlib LD_LIBRARY_PATH=/home/ytxu/cr_dvrk_ws/install/crtk_msgs/lib:/home/ytxu/cr_dvrk_ws/install/dvrk_robot/lib:/home/ytxu/cr_dvrk_ws/install/sawIntuitiveResearchKitCore/lib:/home/ytxu/cr_dvrk_ws/install/sawTextToSpeechAll/lib:/home/ytxu/cr_dvrk_ws/install/sawRobotIO1394Core/lib:/home/ytxu/cr_dvrk_ws/install/sawControllersAll/lib:/home/ytxu/cr_dvrk_ws/install/sawKeyboardAll/lib:/home/ytxu/cr_dvrk_ws/install/dvrk_arms_from_ros/lib:/home/ytxu/cr_dvrk_ws/install/cisst_ros_crtk/lib:/home/ytxu/cr_dvrk_ws/install/cisst_ros_bridge/lib:/home/ytxu/cr_dvrk_ws/install/cisst_msgs/lib:/home/ytxu/cr_dvrk_ws/install/cisst/lib:/home/ytxu/cr_dvrk_ws/install/cisst/lib:/opt/ros/humble/opt/rviz_ogre_vendor/lib:/opt/ros/humble/lib/x86_64-linux-gnu:/opt/ros/humble/lib /usr/bin/cmake --build /home/ytxu/cr_dvrk_ws/build/dvrk_python -- -j12 -l12
[0.207s] Built target ament_cmake_python_symlink_dvrk
[0.566s] running egg_info
[0.568s] writing dvrk.egg-info/PKG-INFO
[0.568s] writing dependency_links to dvrk.egg-info/dependency_links.txt
[0.568s] writing top-level names to dvrk.egg-info/top_level.txt
[0.572s] reading manifest file 'dvrk.egg-info/SOURCES.txt'
[0.574s] writing manifest file 'dvrk.egg-info/SOURCES.txt'
[0.620s] Built target ament_cmake_python_build_dvrk_egg
[0.639s] Invoked command in '/home/ytxu/cr_dvrk_ws/build/dvrk_python' returned '0': CMAKE_PREFIX_PATH=/home/ytxu/cr_dvrk_ws/install/crtk_python_client:/home/ytxu/cr_dvrk_ws/install/crtk_msgs:/home/ytxu/cr_dvrk_ws/install/dvrk_robot:/home/ytxu/cr_dvrk_ws/install/sawIntuitiveResearchKitCore:/home/ytxu/cr_dvrk_ws/install/sawTextToSpeechAll:/home/ytxu/cr_dvrk_ws/install/robot_io:/home/ytxu/cr_dvrk_ws/install/sawRobotIO1394Core:/home/ytxu/cr_dvrk_ws/install/sawControllersAll:/home/ytxu/cr_dvrk_ws/install/sawKeyboardAll:/home/ytxu/cr_dvrk_ws/install/dvrk_video:/home/ytxu/cr_dvrk_ws/install/dvrk_python:/home/ytxu/cr_dvrk_ws/install/dvrk_model:/home/ytxu/cr_dvrk_ws/install/dvrk_hrsv_widget:/home/ytxu/cr_dvrk_ws/install/dvrk_config_jhu:/home/ytxu/cr_dvrk_ws/install/dvrk_config:/home/ytxu/cr_dvrk_ws/install/dvrk_camera_registration:/home/ytxu/cr_dvrk_ws/install/dvrk_arms_from_ros:/home/ytxu/cr_dvrk_ws/install/cisst_ros_crtk:/home/ytxu/cr_dvrk_ws/install/cisst_ros_bridge:/home/ytxu/cr_dvrk_ws/install/cisst_msgs:/home/ytxu/cr-dvrk-rviz/install/test_scripts:/home/ytxu/cr-dvrk-rviz/install/teleop_cr_psm:/home/ytxu/cr-dvrk-rviz/install/cr_dvrk_kinematics:/home/ytxu/ctr_tr_model/install/pub_ctr_kinematics:/opt/ros/humble:/home/ytxu/cr_dvrk_ws/install/cisst:/home/ytxu/cr_dvrk_ws/install/cisstNetlib LD_LIBRARY_PATH=/home/ytxu/cr_dvrk_ws/install/crtk_msgs/lib:/home/ytxu/cr_dvrk_ws/install/dvrk_robot/lib:/home/ytxu/cr_dvrk_ws/install/sawIntuitiveResearchKitCore/lib:/home/ytxu/cr_dvrk_ws/install/sawTextToSpeechAll/lib:/home/ytxu/cr_dvrk_ws/install/sawRobotIO1394Core/lib:/home/ytxu/cr_dvrk_ws/install/sawControllersAll/lib:/home/ytxu/cr_dvrk_ws/install/sawKeyboardAll/lib:/home/ytxu/cr_dvrk_ws/install/dvrk_arms_from_ros/lib:/home/ytxu/cr_dvrk_ws/install/cisst_ros_crtk/lib:/home/ytxu/cr_dvrk_ws/install/cisst_ros_bridge/lib:/home/ytxu/cr_dvrk_ws/install/cisst_msgs/lib:/home/ytxu/cr_dvrk_ws/install/cisst/lib:/home/ytxu/cr_dvrk_ws/install/cisst/lib:/opt/ros/humble/opt/rviz_ogre_vendor/lib:/opt/ros/humble/lib/x86_64-linux-gnu:/opt/ros/humble/lib /usr/bin/cmake --build /home/ytxu/cr_dvrk_ws/build/dvrk_python -- -j12 -l12
[0.642s] Invoking command in '/home/ytxu/cr_dvrk_ws/build/dvrk_python': CMAKE_PREFIX_PATH=/home/ytxu/cr_dvrk_ws/install/crtk_python_client:/home/ytxu/cr_dvrk_ws/install/crtk_msgs:/home/ytxu/cr_dvrk_ws/install/dvrk_robot:/home/ytxu/cr_dvrk_ws/install/sawIntuitiveResearchKitCore:/home/ytxu/cr_dvrk_ws/install/sawTextToSpeechAll:/home/ytxu/cr_dvrk_ws/install/robot_io:/home/ytxu/cr_dvrk_ws/install/sawRobotIO1394Core:/home/ytxu/cr_dvrk_ws/install/sawControllersAll:/home/ytxu/cr_dvrk_ws/install/sawKeyboardAll:/home/ytxu/cr_dvrk_ws/install/dvrk_video:/home/ytxu/cr_dvrk_ws/install/dvrk_python:/home/ytxu/cr_dvrk_ws/install/dvrk_model:/home/ytxu/cr_dvrk_ws/install/dvrk_hrsv_widget:/home/ytxu/cr_dvrk_ws/install/dvrk_config_jhu:/home/ytxu/cr_dvrk_ws/install/dvrk_config:/home/ytxu/cr_dvrk_ws/install/dvrk_camera_registration:/home/ytxu/cr_dvrk_ws/install/dvrk_arms_from_ros:/home/ytxu/cr_dvrk_ws/install/cisst_ros_crtk:/home/ytxu/cr_dvrk_ws/install/cisst_ros_bridge:/home/ytxu/cr_dvrk_ws/install/cisst_msgs:/home/ytxu/cr-dvrk-rviz/install/test_scripts:/home/ytxu/cr-dvrk-rviz/install/teleop_cr_psm:/home/ytxu/cr-dvrk-rviz/install/cr_dvrk_kinematics:/home/ytxu/ctr_tr_model/install/pub_ctr_kinematics:/opt/ros/humble:/home/ytxu/cr_dvrk_ws/install/cisst:/home/ytxu/cr_dvrk_ws/install/cisstNetlib LD_LIBRARY_PATH=/home/ytxu/cr_dvrk_ws/install/crtk_msgs/lib:/home/ytxu/cr_dvrk_ws/install/dvrk_robot/lib:/home/ytxu/cr_dvrk_ws/install/sawIntuitiveResearchKitCore/lib:/home/ytxu/cr_dvrk_ws/install/sawTextToSpeechAll/lib:/home/ytxu/cr_dvrk_ws/install/sawRobotIO1394Core/lib:/home/ytxu/cr_dvrk_ws/install/sawControllersAll/lib:/home/ytxu/cr_dvrk_ws/install/sawKeyboardAll/lib:/home/ytxu/cr_dvrk_ws/install/dvrk_arms_from_ros/lib:/home/ytxu/cr_dvrk_ws/install/cisst_ros_crtk/lib:/home/ytxu/cr_dvrk_ws/install/cisst_ros_bridge/lib:/home/ytxu/cr_dvrk_ws/install/cisst_msgs/lib:/home/ytxu/cr_dvrk_ws/install/cisst/lib:/home/ytxu/cr_dvrk_ws/install/cisst/lib:/opt/ros/humble/opt/rviz_ogre_vendor/lib:/opt/ros/humble/lib/x86_64-linux-gnu:/opt/ros/humble/lib /usr/bin/cmake --install /home/ytxu/cr_dvrk_ws/build/dvrk_python
[0.654s] -- Install configuration: "Release"
[0.655s] -- Execute custom install script
[0.656s] -- Up-to-date symlink: /home/ytxu/cr_dvrk_ws/install/dvrk_python/share/dvrk_python/environment/pythonpath.sh
[0.656s] -- Up-to-date symlink: /home/ytxu/cr_dvrk_ws/install/dvrk_python/share/dvrk_python/environment/pythonpath.dsv
[0.656s] -- Up-to-date symlink: /home/ytxu/cr_dvrk_ws/install/dvrk_python/local/lib/python3.10/dist-packages/dvrk-2.3.0-py3.10.egg-info/PKG-INFO
[0.657s] -- Up-to-date symlink: /home/ytxu/cr_dvrk_ws/install/dvrk_python/local/lib/python3.10/dist-packages/dvrk-2.3.0-py3.10.egg-info/SOURCES.txt
[0.657s] -- Up-to-date symlink: /home/ytxu/cr_dvrk_ws/install/dvrk_python/local/lib/python3.10/dist-packages/dvrk-2.3.0-py3.10.egg-info/dependency_links.txt
[0.657s] -- Up-to-date symlink: /home/ytxu/cr_dvrk_ws/install/dvrk_python/local/lib/python3.10/dist-packages/dvrk-2.3.0-py3.10.egg-info/top_level.txt
[0.658s] -- Up-to-date symlink: /home/ytxu/cr_dvrk_ws/install/dvrk_python/local/lib/python3.10/dist-packages/dvrk/__init__.py
[0.658s] -- Up-to-date symlink: /home/ytxu/cr_dvrk_ws/install/dvrk_python/local/lib/python3.10/dist-packages/dvrk/arm.py
[0.659s] -- Up-to-date symlink: /home/ytxu/cr_dvrk_ws/install/dvrk_python/local/lib/python3.10/dist-packages/dvrk/console.py
[0.659s] -- Up-to-date symlink: /home/ytxu/cr_dvrk_ws/install/dvrk_python/local/lib/python3.10/dist-packages/dvrk/ecm.py
[0.659s] -- Up-to-date symlink: /home/ytxu/cr_dvrk_ws/install/dvrk_python/local/lib/python3.10/dist-packages/dvrk/mtm.py
[0.659s] -- Up-to-date symlink: /home/ytxu/cr_dvrk_ws/install/dvrk_python/local/lib/python3.10/dist-packages/dvrk/psm.py
[0.660s] -- Up-to-date symlink: /home/ytxu/cr_dvrk_ws/install/dvrk_python/local/lib/python3.10/dist-packages/dvrk/suj.py
[0.660s] -- Up-to-date symlink: /home/ytxu/cr_dvrk_ws/install/dvrk_python/local/lib/python3.10/dist-packages/dvrk/teleop_psm.py
[0.660s] -- Up-to-date symlink: /home/ytxu/cr_dvrk_ws/install/dvrk_python/lib/dvrk_python/dvrk_arm_test.py
[0.660s] -- Up-to-date symlink: /home/ytxu/cr_dvrk_ws/install/dvrk_python/lib/dvrk_python/dvrk_bag_replay.py
[0.661s] -- Up-to-date symlink: /home/ytxu/cr_dvrk_ws/install/dvrk_python/lib/dvrk_python/dvrk_calibrate_potentiometer_psm.py
[0.661s] -- Up-to-date symlink: /home/ytxu/cr_dvrk_ws/install/dvrk_python/lib/dvrk_python/dvrk_calibrate_potentiometer_psm_cv.py
[0.661s] -- Up-to-date symlink: /home/ytxu/cr_dvrk_ws/install/dvrk_python/lib/dvrk_python/dvrk_calibrate_potentiometers.py
[0.661s] -- Up-to-date symlink: /home/ytxu/cr_dvrk_ws/install/dvrk_python/lib/dvrk_python/dvrk_calibrate_suj.py
[0.661s] -- Up-to-date symlink: /home/ytxu/cr_dvrk_ws/install/dvrk_python/lib/dvrk_python/dvrk_console_test.py
[0.662s] -- Up-to-date symlink: /home/ytxu/cr_dvrk_ws/install/dvrk_python/lib/dvrk_python/dvrk_ecm_psm_gc_collect.py
[0.662s] -- Up-to-date symlink: /home/ytxu/cr_dvrk_ws/install/dvrk_python/lib/dvrk_python/dvrk_latency_test.py
[0.662s] -- Up-to-date symlink: /home/ytxu/cr_dvrk_ws/install/dvrk_python/lib/dvrk_python/dvrk_move_wait_test.py
[0.662s] -- Up-to-date symlink: /home/ytxu/cr_dvrk_ws/install/dvrk_python/lib/dvrk_python/dvrk_mtm_cartesian_impedance.py
[0.662s] -- Up-to-date symlink: /home/ytxu/cr_dvrk_ws/install/dvrk_python/lib/dvrk_python/dvrk_mtm_test.py
[0.663s] -- Up-to-date symlink: /home/ytxu/cr_dvrk_ws/install/dvrk_python/lib/dvrk_python/dvrk_psm_ecm_registration.py
[0.663s] -- Up-to-date symlink: /home/ytxu/cr_dvrk_ws/install/dvrk_python/lib/dvrk_python/dvrk_psm_effort_test.py
[0.663s] -- Up-to-date symlink: /home/ytxu/cr_dvrk_ws/install/dvrk_python/lib/dvrk_python/dvrk_psm_test.py
[0.663s] -- Up-to-date symlink: /home/ytxu/cr_dvrk_ws/install/dvrk_python/lib/dvrk_python/dvrk_reset_teleoperation.py
[0.663s] -- Up-to-date symlink: /home/ytxu/cr_dvrk_ws/install/dvrk_python/lib/dvrk_python/dvrk_teleoperation.py
[0.664s] -- Up-to-date symlink: /home/ytxu/cr_dvrk_ws/install/dvrk_python/lib/dvrk_python/psm_calibration_cv.py
[0.664s] -- Up-to-date symlink: /home/ytxu/cr_dvrk_ws/install/dvrk_python/lib/dvrk_python/validate_psm_calibration.py
[0.664s] -- Up-to-date symlink: /home/ytxu/cr_dvrk_ws/install/dvrk_python/share/ament_index/resource_index/package_run_dependencies/dvrk_python
[0.664s] -- Up-to-date symlink: /home/ytxu/cr_dvrk_ws/install/dvrk_python/share/ament_index/resource_index/parent_prefix_path/dvrk_python
[0.665s] -- Up-to-date symlink: /home/ytxu/cr_dvrk_ws/install/dvrk_python/share/dvrk_python/environment/ament_prefix_path.sh
[0.665s] -- Up-to-date symlink: /home/ytxu/cr_dvrk_ws/install/dvrk_python/share/dvrk_python/environment/ament_prefix_path.dsv
[0.665s] -- Up-to-date symlink: /home/ytxu/cr_dvrk_ws/install/dvrk_python/share/dvrk_python/environment/path.sh
[0.666s] -- Up-to-date symlink: /home/ytxu/cr_dvrk_ws/install/dvrk_python/share/dvrk_python/environment/path.dsv
[0.667s] -- Up-to-date symlink: /home/ytxu/cr_dvrk_ws/install/dvrk_python/share/dvrk_python/local_setup.bash
[0.667s] -- Up-to-date symlink: /home/ytxu/cr_dvrk_ws/install/dvrk_python/share/dvrk_python/local_setup.sh
[0.668s] -- Up-to-date symlink: /home/ytxu/cr_dvrk_ws/install/dvrk_python/share/dvrk_python/local_setup.zsh
[0.668s] -- Up-to-date symlink: /home/ytxu/cr_dvrk_ws/install/dvrk_python/share/dvrk_python/local_setup.dsv
[0.668s] -- Symlinking: /home/ytxu/cr_dvrk_ws/install/dvrk_python/share/dvrk_python/package.dsv
[0.683s] -- Up-to-date symlink: /home/ytxu/cr_dvrk_ws/install/dvrk_python/share/ament_index/resource_index/packages/dvrk_python
[0.683s] -- Up-to-date symlink: /home/ytxu/cr_dvrk_ws/install/dvrk_python/share/dvrk_python/cmake/dvrk_pythonConfig.cmake
[0.683s] -- Up-to-date symlink: /home/ytxu/cr_dvrk_ws/install/dvrk_python/share/dvrk_python/cmake/dvrk_pythonConfig-version.cmake
[0.685s] -- Up-to-date symlink: /home/ytxu/cr_dvrk_ws/install/dvrk_python/share/dvrk_python/package.xml
[0.753s] Listing '/home/ytxu/cr_dvrk_ws/install/dvrk_python/local/lib/python3.10/dist-packages/dvrk'...
[0.764s] Invoked command in '/home/ytxu/cr_dvrk_ws/build/dvrk_python' returned '0': CMAKE_PREFIX_PATH=/home/ytxu/cr_dvrk_ws/install/crtk_python_client:/home/ytxu/cr_dvrk_ws/install/crtk_msgs:/home/ytxu/cr_dvrk_ws/install/dvrk_robot:/home/ytxu/cr_dvrk_ws/install/sawIntuitiveResearchKitCore:/home/ytxu/cr_dvrk_ws/install/sawTextToSpeechAll:/home/ytxu/cr_dvrk_ws/install/robot_io:/home/ytxu/cr_dvrk_ws/install/sawRobotIO1394Core:/home/ytxu/cr_dvrk_ws/install/sawControllersAll:/home/ytxu/cr_dvrk_ws/install/sawKeyboardAll:/home/ytxu/cr_dvrk_ws/install/dvrk_video:/home/ytxu/cr_dvrk_ws/install/dvrk_python:/home/ytxu/cr_dvrk_ws/install/dvrk_model:/home/ytxu/cr_dvrk_ws/install/dvrk_hrsv_widget:/home/ytxu/cr_dvrk_ws/install/dvrk_config_jhu:/home/ytxu/cr_dvrk_ws/install/dvrk_config:/home/ytxu/cr_dvrk_ws/install/dvrk_camera_registration:/home/ytxu/cr_dvrk_ws/install/dvrk_arms_from_ros:/home/ytxu/cr_dvrk_ws/install/cisst_ros_crtk:/home/ytxu/cr_dvrk_ws/install/cisst_ros_bridge:/home/ytxu/cr_dvrk_ws/install/cisst_msgs:/home/ytxu/cr-dvrk-rviz/install/test_scripts:/home/ytxu/cr-dvrk-rviz/install/teleop_cr_psm:/home/ytxu/cr-dvrk-rviz/install/cr_dvrk_kinematics:/home/ytxu/ctr_tr_model/install/pub_ctr_kinematics:/opt/ros/humble:/home/ytxu/cr_dvrk_ws/install/cisst:/home/ytxu/cr_dvrk_ws/install/cisstNetlib LD_LIBRARY_PATH=/home/ytxu/cr_dvrk_ws/install/crtk_msgs/lib:/home/ytxu/cr_dvrk_ws/install/dvrk_robot/lib:/home/ytxu/cr_dvrk_ws/install/sawIntuitiveResearchKitCore/lib:/home/ytxu/cr_dvrk_ws/install/sawTextToSpeechAll/lib:/home/ytxu/cr_dvrk_ws/install/sawRobotIO1394Core/lib:/home/ytxu/cr_dvrk_ws/install/sawControllersAll/lib:/home/ytxu/cr_dvrk_ws/install/sawKeyboardAll/lib:/home/ytxu/cr_dvrk_ws/install/dvrk_arms_from_ros/lib:/home/ytxu/cr_dvrk_ws/install/cisst_ros_crtk/lib:/home/ytxu/cr_dvrk_ws/install/cisst_ros_bridge/lib:/home/ytxu/cr_dvrk_ws/install/cisst_msgs/lib:/home/ytxu/cr_dvrk_ws/install/cisst/lib:/home/ytxu/cr_dvrk_ws/install/cisst/lib:/opt/ros/humble/opt/rviz_ogre_vendor/lib:/opt/ros/humble/lib/x86_64-linux-gnu:/opt/ros/humble/lib /usr/bin/cmake --install /home/ytxu/cr_dvrk_ws/build/dvrk_python
