[0.432s] Invoking command in '/home/ytxu/cr_dvrk_ws/build/dvrk_config': CMAKE_PREFIX_PATH=/home/ytxu/cr_dvrk_ws/install/dvrk_robot:/home/ytxu/cr_dvrk_ws/install/sawIntuitiveResearchKitCore:/home/ytxu/cr_dvrk_ws/install/sawTextToSpeechAll:/home/ytxu/cr_dvrk_ws/install/robot_io:/home/ytxu/cr_dvrk_ws/install/sawRobotIO1394Core:/home/ytxu/cr_dvrk_ws/install/sawControllersAll:/home/ytxu/cr_dvrk_ws/install/sawKeyboardAll:/home/ytxu/cr_dvrk_ws/install/dvrk_video:/home/ytxu/cr_dvrk_ws/install/dvrk_python:/home/ytxu/cr_dvrk_ws/install/dvrk_model:/home/ytxu/cr_dvrk_ws/install/dvrk_hrsv_widget:/home/ytxu/cr_dvrk_ws/install/dvrk_config_jhu:/home/ytxu/cr_dvrk_ws/install/dvrk_config:/home/ytxu/cr_dvrk_ws/install/dvrk_camera_registration:/home/ytxu/cr_dvrk_ws/install/dvrk_arms_from_ros:/home/ytxu/cr_dvrk_ws/install/crtk_python_client:/home/ytxu/cr_dvrk_ws/install/cisst_ros_crtk:/home/ytxu/cr_dvrk_ws/install/crtk_msgs:/home/ytxu/cr_dvrk_ws/install/cisst_ros_bridge:/home/ytxu/cr_dvrk_ws/install/cisst_msgs:/home/ytxu/cr-dvrk-rviz/install/test_scripts:/home/ytxu/cr-dvrk-rviz/install/teleop_cr_psm:/home/ytxu/cr-dvrk-rviz/install/cr_dvrk_kinematics:/home/ytxu/ctr_tr_model/install/pub_ctr_kinematics:/opt/ros/humble:/home/ytxu/cr_dvrk_ws/install/cisst:/home/ytxu/cr_dvrk_ws/install/cisstNetlib /usr/bin/cmake --build /home/ytxu/cr_dvrk_ws/build/dvrk_config -- -j12 -l12
[0.969s] Invoked command in '/home/ytxu/cr_dvrk_ws/build/dvrk_config' returned '0': CMAKE_PREFIX_PATH=/home/ytxu/cr_dvrk_ws/install/dvrk_robot:/home/ytxu/cr_dvrk_ws/install/sawIntuitiveResearchKitCore:/home/ytxu/cr_dvrk_ws/install/sawTextToSpeechAll:/home/ytxu/cr_dvrk_ws/install/robot_io:/home/ytxu/cr_dvrk_ws/install/sawRobotIO1394Core:/home/ytxu/cr_dvrk_ws/install/sawControllersAll:/home/ytxu/cr_dvrk_ws/install/sawKeyboardAll:/home/ytxu/cr_dvrk_ws/install/dvrk_video:/home/ytxu/cr_dvrk_ws/install/dvrk_python:/home/ytxu/cr_dvrk_ws/install/dvrk_model:/home/ytxu/cr_dvrk_ws/install/dvrk_hrsv_widget:/home/ytxu/cr_dvrk_ws/install/dvrk_config_jhu:/home/ytxu/cr_dvrk_ws/install/dvrk_config:/home/ytxu/cr_dvrk_ws/install/dvrk_camera_registration:/home/ytxu/cr_dvrk_ws/install/dvrk_arms_from_ros:/home/ytxu/cr_dvrk_ws/install/crtk_python_client:/home/ytxu/cr_dvrk_ws/install/cisst_ros_crtk:/home/ytxu/cr_dvrk_ws/install/crtk_msgs:/home/ytxu/cr_dvrk_ws/install/cisst_ros_bridge:/home/ytxu/cr_dvrk_ws/install/cisst_msgs:/home/ytxu/cr-dvrk-rviz/install/test_scripts:/home/ytxu/cr-dvrk-rviz/install/teleop_cr_psm:/home/ytxu/cr-dvrk-rviz/install/cr_dvrk_kinematics:/home/ytxu/ctr_tr_model/install/pub_ctr_kinematics:/opt/ros/humble:/home/ytxu/cr_dvrk_ws/install/cisst:/home/ytxu/cr_dvrk_ws/install/cisstNetlib /usr/bin/cmake --build /home/ytxu/cr_dvrk_ws/build/dvrk_config -- -j12 -l12
[0.978s] Invoking command in '/home/ytxu/cr_dvrk_ws/build/dvrk_config': CMAKE_PREFIX_PATH=/home/ytxu/cr_dvrk_ws/install/dvrk_robot:/home/ytxu/cr_dvrk_ws/install/sawIntuitiveResearchKitCore:/home/ytxu/cr_dvrk_ws/install/sawTextToSpeechAll:/home/ytxu/cr_dvrk_ws/install/robot_io:/home/ytxu/cr_dvrk_ws/install/sawRobotIO1394Core:/home/ytxu/cr_dvrk_ws/install/sawControllersAll:/home/ytxu/cr_dvrk_ws/install/sawKeyboardAll:/home/ytxu/cr_dvrk_ws/install/dvrk_video:/home/ytxu/cr_dvrk_ws/install/dvrk_python:/home/ytxu/cr_dvrk_ws/install/dvrk_model:/home/ytxu/cr_dvrk_ws/install/dvrk_hrsv_widget:/home/ytxu/cr_dvrk_ws/install/dvrk_config_jhu:/home/ytxu/cr_dvrk_ws/install/dvrk_config:/home/ytxu/cr_dvrk_ws/install/dvrk_camera_registration:/home/ytxu/cr_dvrk_ws/install/dvrk_arms_from_ros:/home/ytxu/cr_dvrk_ws/install/crtk_python_client:/home/ytxu/cr_dvrk_ws/install/cisst_ros_crtk:/home/ytxu/cr_dvrk_ws/install/crtk_msgs:/home/ytxu/cr_dvrk_ws/install/cisst_ros_bridge:/home/ytxu/cr_dvrk_ws/install/cisst_msgs:/home/ytxu/cr-dvrk-rviz/install/test_scripts:/home/ytxu/cr-dvrk-rviz/install/teleop_cr_psm:/home/ytxu/cr-dvrk-rviz/install/cr_dvrk_kinematics:/home/ytxu/ctr_tr_model/install/pub_ctr_kinematics:/opt/ros/humble:/home/ytxu/cr_dvrk_ws/install/cisst:/home/ytxu/cr_dvrk_ws/install/cisstNetlib /usr/bin/cmake --install /home/ytxu/cr_dvrk_ws/build/dvrk_config
[1.246s] -- Install configuration: "Release"
[1.247s] -- Execute custom install script
[1.248s] -- Up-to-date symlink: /home/ytxu/cr_dvrk_ws/install/dvrk_config/share/dvrk_config/arm/ECM_KIN_SIMULATED_STRAIGHT.json
[1.249s] -- Up-to-date symlink: /home/ytxu/cr_dvrk_ws/install/dvrk_config/share/dvrk_config/arm/ECM_Si_KIN_SIMULATED_STRAIGHT.json
[1.249s] -- Up-to-date symlink: /home/ytxu/cr_dvrk_ws/install/dvrk_config/share/dvrk_config/arm/MTML_KIN_SIMULATED.json
[1.249s] -- Up-to-date symlink: /home/ytxu/cr_dvrk_ws/install/dvrk_config/share/dvrk_config/arm/MTMR_KIN_SIMULATED.json
[1.249s] -- Up-to-date symlink: /home/ytxu/cr_dvrk_ws/install/dvrk_config/share/dvrk_config/arm/PSM_KIN_SIMULATED_5MM_NEEDLE_DRIVER_400117.json
[1.250s] -- Up-to-date symlink: /home/ytxu/cr_dvrk_ws/install/dvrk_config/share/dvrk_config/arm/PSM_KIN_SIMULATED_LARGE_NEEDLE_DRIVER_400006.json
[1.250s] -- Up-to-date symlink: /home/ytxu/cr_dvrk_ws/install/dvrk_config/share/dvrk_config/arm/PSM_KIN_SIMULATED_MANUAL.json
[1.250s] -- Up-to-date symlink: /home/ytxu/cr_dvrk_ws/install/dvrk_config/share/dvrk_config/arm/PSM_Si_KIN_SIMULATED_LARGE_NEEDLE_DRIVER_420006.json
[1.250s] -- Up-to-date symlink: /home/ytxu/cr_dvrk_ws/install/dvrk_config/share/dvrk_config/arm/README.md
[1.250s] -- Up-to-date symlink: /home/ytxu/cr_dvrk_ws/install/dvrk_config/share/dvrk_config/arm/suj-fixed-simulated.json
[1.250s] -- Up-to-date symlink: /home/ytxu/cr_dvrk_ws/install/dvrk_config/share/dvrk_config/arm/suj-si-simulated.json
[1.251s] -- Up-to-date symlink: /home/ytxu/cr_dvrk_ws/install/dvrk_config/share/dvrk_config/arm/suj-simulated.json
[1.251s] -- Up-to-date symlink: /home/ytxu/cr_dvrk_ws/install/dvrk_config/share/dvrk_config/collection/collection-MTML-MTMR.json
[1.251s] -- Up-to-date symlink: /home/ytxu/cr_dvrk_ws/install/dvrk_config/share/dvrk_config/collection/collection-MTML-PSM1.json
[1.251s] -- Up-to-date symlink: /home/ytxu/cr_dvrk_ws/install/dvrk_config/share/dvrk_config/console/console-ECM_Classic_KIN_SIMULATED.json
[1.252s] -- Up-to-date symlink: /home/ytxu/cr_dvrk_ws/install/dvrk_config/share/dvrk_config/console/console-ECM_Si_KIN_SIMULATED.json
[1.252s] -- Up-to-date symlink: /home/ytxu/cr_dvrk_ws/install/dvrk_config/share/dvrk_config/console/console-MTML_Classic_KIN_SIMULATED.json
[1.252s] -- Up-to-date symlink: /home/ytxu/cr_dvrk_ws/install/dvrk_config/share/dvrk_config/console/console-MTMR-ForceDimension-PSM1_KIN_SIMULATED-Teleop.json
[1.253s] -- Up-to-date symlink: /home/ytxu/cr_dvrk_ws/install/dvrk_config/share/dvrk_config/console/console-MTMR-ForceDimension-no-keyboard-PSM1_KIN_SIMULATED-Teleop.json
[1.253s] -- Up-to-date symlink: /home/ytxu/cr_dvrk_ws/install/dvrk_config/share/dvrk_config/console/console-MTMR-NovintFalcon-JoystickPedals-PSM1_KIN_SIMULATED-Teleop.json
[1.253s] -- Up-to-date symlink: /home/ytxu/cr_dvrk_ws/install/dvrk_config/share/dvrk_config/console/console-MTMR-Omni-PSM1_KIN_SIMULATED-Teleop.json
[1.253s] -- Up-to-date symlink: /home/ytxu/cr_dvrk_ws/install/dvrk_config/share/dvrk_config/console/console-MTMR_Classic_KIN_SIMULATED.json
[1.255s] -- Up-to-date symlink: /home/ytxu/cr_dvrk_ws/install/dvrk_config/share/dvrk_config/console/console-MTMR_KIN_SIMULATED-PSM1_SocketClient-Teleop.json
[1.255s] -- Up-to-date symlink: /home/ytxu/cr_dvrk_ws/install/dvrk_config/share/dvrk_config/console/console-PSM1_Classic_KIN_SIMULATED.json
[1.256s] -- Up-to-date symlink: /home/ytxu/cr_dvrk_ws/install/dvrk_config/share/dvrk_config/console/console-PSM1_KIN_SIMULATED_SocketServer.json
[1.256s] -- Up-to-date symlink: /home/ytxu/cr_dvrk_ws/install/dvrk_config/share/dvrk_config/console/console-PSM1_SNAKE_KIN_SIMULATED.json
[1.256s] -- Up-to-date symlink: /home/ytxu/cr_dvrk_ws/install/dvrk_config/share/dvrk_config/console/console-PSM1_Si_KIN_SIMULATED.json
[1.257s] -- Up-to-date symlink: /home/ytxu/cr_dvrk_ws/install/dvrk_config/share/dvrk_config/console/console-PSM2_Classic_KIN_SIMULATED.json
[1.257s] -- Up-to-date symlink: /home/ytxu/cr_dvrk_ws/install/dvrk_config/share/dvrk_config/console/console-PSM2_Si_KIN_SIMULATED.json
[1.257s] -- Up-to-date symlink: /home/ytxu/cr_dvrk_ws/install/dvrk_config/share/dvrk_config/console/console-PSM3_Classic_KIN_SIMULATED.json
[1.257s] -- Up-to-date symlink: /home/ytxu/cr_dvrk_ws/install/dvrk_config/share/dvrk_config/console/console-PSM3_Si_KIN_SIMULATED.json
[1.258s] -- Up-to-date symlink: /home/ytxu/cr_dvrk_ws/install/dvrk_config/share/dvrk_config/console/console-dVRK-cart-simulated.json
[1.258s] -- Up-to-date symlink: /home/ytxu/cr_dvrk_ws/install/dvrk_config/share/dvrk_config/console/console-full-system-simulated.json
[1.259s] -- Up-to-date symlink: /home/ytxu/cr_dvrk_ws/install/dvrk_config/share/dvrk_config/console/console-patient-cart-Classic-simulated.json
[1.259s] -- Up-to-date symlink: /home/ytxu/cr_dvrk_ws/install/dvrk_config/share/dvrk_config/console/console-patient-cart-Si-simulated.json
[1.259s] -- Up-to-date symlink: /home/ytxu/cr_dvrk_ws/install/dvrk_config/share/dvrk_config/console/console-patient-cart-fixed-simulated.json
[1.259s] -- Up-to-date symlink: /home/ytxu/cr_dvrk_ws/install/dvrk_config/share/dvrk_config/console/console-surgeon-console-simulated.json
[1.260s] -- Up-to-date symlink: /home/ytxu/cr_dvrk_ws/install/dvrk_config/share/dvrk_config/console/sawSensablePhantomDefault.json
[1.260s] -- Up-to-date symlink: /home/ytxu/cr_dvrk_ws/install/dvrk_config/share/dvrk_config/deprecated/dvecm.rob
[1.260s] -- Up-to-date symlink: /home/ytxu/cr_dvrk_ws/install/dvrk_config/share/dvrk_config/deprecated/dvmtm.rob
[1.261s] -- Up-to-date symlink: /home/ytxu/cr_dvrk_ws/install/dvrk_config/share/dvrk_config/deprecated/dvpsm.rob
[1.261s] -- Up-to-date symlink: /home/ytxu/cr_dvrk_ws/install/dvrk_config/share/dvrk_config/hid/goovis-hd.json
[1.263s] -- Up-to-date symlink: /home/ytxu/cr_dvrk_ws/install/dvrk_config/share/dvrk_config/igtl/README.md
[1.264s] -- Up-to-date symlink: /home/ytxu/cr_dvrk_ws/install/dvrk_config/share/dvrk_config/igtl/igtl-PSM1.json
[1.264s] -- Up-to-date symlink: /home/ytxu/cr_dvrk_ws/install/dvrk_config/share/dvrk_config/igtl/manager-igtl-PSM1.json
[1.264s] -- Up-to-date symlink: /home/ytxu/cr_dvrk_ws/install/dvrk_config/share/dvrk_config/io/README.md
[1.265s] -- Up-to-date symlink: /home/ytxu/cr_dvrk_ws/install/dvrk_config/share/dvrk_config/io/sawRobotIO1394-MTML-all-inputs.xml
[1.266s] -- Up-to-date symlink: /home/ytxu/cr_dvrk_ws/install/dvrk_config/share/dvrk_config/io/sawRobotIO1394-MTML-dv-endoscope-focus.xml
[1.266s] -- Up-to-date symlink: /home/ytxu/cr_dvrk_ws/install/dvrk_config/share/dvrk_config/io/sawRobotIO1394-MTML-dv-head-sensor.xml
[1.267s] -- Up-to-date symlink: /home/ytxu/cr_dvrk_ws/install/dvrk_config/share/dvrk_config/io/sawRobotIO1394-MTML-foot-pedals-DQLA.xml
[1.267s] -- Up-to-date symlink: /home/ytxu/cr_dvrk_ws/install/dvrk_config/share/dvrk_config/io/sawRobotIO1394-MTML-foot-pedals.xml
[1.267s] -- Up-to-date symlink: /home/ytxu/cr_dvrk_ws/install/dvrk_config/share/dvrk_config/io/sawRobotIO1394-MTMR-all-inputs.xml
[1.267s] -- Up-to-date symlink: /home/ytxu/cr_dvrk_ws/install/dvrk_config/share/dvrk_config/io/sawRobotIO1394-MTMR-dv-endoscope-focus.xml
[1.267s] -- Up-to-date symlink: /home/ytxu/cr_dvrk_ws/install/dvrk_config/share/dvrk_config/io/sawRobotIO1394-MTMR-dv-head-sensor.xml
[1.268s] -- Up-to-date symlink: /home/ytxu/cr_dvrk_ws/install/dvrk_config/share/dvrk_config/io/sawRobotIO1394-MTMR-foot-pedals-DQLA.xml
[1.268s] -- Up-to-date symlink: /home/ytxu/cr_dvrk_ws/install/dvrk_config/share/dvrk_config/io/sawRobotIO1394-MTMR-foot-pedals.xml
[1.269s] -- Up-to-date symlink: /home/ytxu/cr_dvrk_ws/install/dvrk_config/share/dvrk_config/io/sawRobotIO1394-PSM1-foot-pedals.xml
[1.269s] -- Up-to-date symlink: /home/ytxu/cr_dvrk_ws/install/dvrk_config/share/dvrk_config/io/sawRobotIO1394-PSM1s-all-inputs.xml
[1.269s] -- Up-to-date symlink: /home/ytxu/cr_dvrk_ws/install/dvrk_config/share/dvrk_config/io/sawRobotIO1394-PSM2-foot-pedals.xml
[1.270s] -- Up-to-date symlink: /home/ytxu/cr_dvrk_ws/install/dvrk_config/share/dvrk_config/io/sawRobotIO1394-PSM3-dv-head-sensor.xml
[1.270s] -- Up-to-date symlink: /home/ytxu/cr_dvrk_ws/install/dvrk_config/share/dvrk_config/io/sawRobotIO1394-PSM3-foot-pedals.xml
[1.270s] -- Up-to-date symlink: /home/ytxu/cr_dvrk_ws/install/dvrk_config/share/dvrk_config/kinematic/compute-ftmax.py
[1.270s] -- Up-to-date symlink: /home/ytxu/cr_dvrk_ws/install/dvrk_config/share/dvrk_config/kinematic/ecm-si.json
[1.270s] -- Up-to-date symlink: /home/ytxu/cr_dvrk_ws/install/dvrk_config/share/dvrk_config/kinematic/ecm.json
[1.270s] -- Up-to-date symlink: /home/ytxu/cr_dvrk_ws/install/dvrk_config/share/dvrk_config/kinematic/mtm-deprecated.json
[1.271s] -- Up-to-date symlink: /home/ytxu/cr_dvrk_ws/install/dvrk_config/share/dvrk_config/kinematic/mtml-deprecated.json
[1.271s] -- Up-to-date symlink: /home/ytxu/cr_dvrk_ws/install/dvrk_config/share/dvrk_config/kinematic/mtml.json
[1.271s] -- Up-to-date symlink: /home/ytxu/cr_dvrk_ws/install/dvrk_config/share/dvrk_config/kinematic/mtmr-deprecated.json
[1.272s] -- Up-to-date symlink: /home/ytxu/cr_dvrk_ws/install/dvrk_config/share/dvrk_config/kinematic/mtmr.json
[1.272s] -- Up-to-date symlink: /home/ytxu/cr_dvrk_ws/install/dvrk_config/share/dvrk_config/kinematic/psm-si-physical.json
[1.272s] -- Up-to-date symlink: /home/ytxu/cr_dvrk_ws/install/dvrk_config/share/dvrk_config/kinematic/psm-si.json
[1.272s] -- Up-to-date symlink: /home/ytxu/cr_dvrk_ws/install/dvrk_config/share/dvrk_config/kinematic/psm.json
[1.272s] -- Up-to-date symlink: /home/ytxu/cr_dvrk_ws/install/dvrk_config/share/dvrk_config/pid/deprecated/sawControllersPID-ECM.xml
[1.272s] -- Up-to-date symlink: /home/ytxu/cr_dvrk_ws/install/dvrk_config/share/dvrk_config/pid/deprecated/sawControllersPID-Focus.xml
[1.273s] -- Up-to-date symlink: /home/ytxu/cr_dvrk_ws/install/dvrk_config/share/dvrk_config/pid/deprecated/sawControllersPID-MTML.xml
[1.273s] -- Up-to-date symlink: /home/ytxu/cr_dvrk_ws/install/dvrk_config/share/dvrk_config/pid/deprecated/sawControllersPID-MTMR.xml
[1.273s] -- Up-to-date symlink: /home/ytxu/cr_dvrk_ws/install/dvrk_config/share/dvrk_config/pid/deprecated/sawControllersPID-PSM-Si.xml
[1.274s] -- Up-to-date symlink: /home/ytxu/cr_dvrk_ws/install/dvrk_config/share/dvrk_config/pid/deprecated/sawControllersPID-PSM.xml
[1.274s] -- Up-to-date symlink: /home/ytxu/cr_dvrk_ws/install/dvrk_config/share/dvrk_config/pid/sawControllersPID-ECM-Si.json
[1.274s] -- Up-to-date symlink: /home/ytxu/cr_dvrk_ws/install/dvrk_config/share/dvrk_config/pid/sawControllersPID-ECM.json
[1.274s] -- Up-to-date symlink: /home/ytxu/cr_dvrk_ws/install/dvrk_config/share/dvrk_config/pid/sawControllersPID-MTM.json
[1.274s] -- Up-to-date symlink: /home/ytxu/cr_dvrk_ws/install/dvrk_config/share/dvrk_config/pid/sawControllersPID-PSM-Si.json
[1.274s] -- Up-to-date symlink: /home/ytxu/cr_dvrk_ws/install/dvrk_config/share/dvrk_config/pid/sawControllersPID-PSM.json
[1.274s] -- Up-to-date symlink: /home/ytxu/cr_dvrk_ws/install/dvrk_config/share/dvrk_config/schemas/README.md
[1.274s] -- Up-to-date symlink: /home/ytxu/cr_dvrk_ws/install/dvrk_config/share/dvrk_config/schemas/cisst-component-manager.schema.json
[1.274s] -- Up-to-date symlink: /home/ytxu/cr_dvrk_ws/install/dvrk_config/share/dvrk_config/schemas/cisst-matrices.schema.json
[1.274s] -- Up-to-date symlink: /home/ytxu/cr_dvrk_ws/install/dvrk_config/share/dvrk_config/schemas/dvrk-arm.schema.json
[1.275s] -- Up-to-date symlink: /home/ytxu/cr_dvrk_ws/install/dvrk_config/share/dvrk_config/schemas/dvrk-console.schema.json
[1.275s] -- Up-to-date symlink: /home/ytxu/cr_dvrk_ws/install/dvrk_config/share/dvrk_config/schemas/dvrk-ecm.schema.json
[1.275s] -- Up-to-date symlink: /home/ytxu/cr_dvrk_ws/install/dvrk_config/share/dvrk_config/schemas/dvrk-interface-button.schema.json
[1.275s] -- Up-to-date symlink: /home/ytxu/cr_dvrk_ws/install/dvrk_config/share/dvrk_config/schemas/dvrk-mtm.schema.json
[1.275s] -- Up-to-date symlink: /home/ytxu/cr_dvrk_ws/install/dvrk_config/share/dvrk_config/schemas/dvrk-psm.schema.json
[1.275s] -- Up-to-date symlink: /home/ytxu/cr_dvrk_ws/install/dvrk_config/share/dvrk_config/schemas/dvrk-teleop-ecm.schema.json
[1.275s] -- Up-to-date symlink: /home/ytxu/cr_dvrk_ws/install/dvrk_config/share/dvrk_config/schemas/dvrk-teleop-psm.schema.json
[1.276s] -- Up-to-date symlink: /home/ytxu/cr_dvrk_ws/install/dvrk_config/share/dvrk_config/schemas/dvrk-tool-list.schema.json
[1.276s] -- Up-to-date symlink: /home/ytxu/cr_dvrk_ws/install/dvrk_config/share/dvrk_config/schemas/generate-html.py
[1.276s] -- Up-to-date symlink: /home/ytxu/cr_dvrk_ws/install/dvrk_config/share/dvrk_config/schemas/json-schema.py
[1.276s] -- Up-to-date symlink: /home/ytxu/cr_dvrk_ws/install/dvrk_config/share/dvrk_config/socket-streamer/README.md
[1.276s] -- Up-to-date symlink: /home/ytxu/cr_dvrk_ws/install/dvrk_config/share/dvrk_config/socket-streamer/example.py
[1.276s] -- Up-to-date symlink: /home/ytxu/cr_dvrk_ws/install/dvrk_config/share/dvrk_config/socket-streamer/manager-socket-streamer-MTML.json
[1.276s] -- Up-to-date symlink: /home/ytxu/cr_dvrk_ws/install/dvrk_config/share/dvrk_config/socket-streamer/manager-socket-streamer-PSM1.json
[1.276s] -- Up-to-date symlink: /home/ytxu/cr_dvrk_ws/install/dvrk_config/share/dvrk_config/socket-streamer/manager-socket-streamer-PSM2.json
[1.276s] -- Up-to-date symlink: /home/ytxu/cr_dvrk_ws/install/dvrk_config/share/dvrk_config/socket-streamer/manager-socket-streamer-console.json
[1.276s] -- Up-to-date symlink: /home/ytxu/cr_dvrk_ws/install/dvrk_config/share/dvrk_config/socket-streamer/manager-socket-streamer-patient-cart.json
[1.276s] -- Up-to-date symlink: /home/ytxu/cr_dvrk_ws/install/dvrk_config/share/dvrk_config/socket-streamer/streamerECM.json
[1.277s] -- Up-to-date symlink: /home/ytxu/cr_dvrk_ws/install/dvrk_config/share/dvrk_config/socket-streamer/streamerMTML.json
[1.278s] -- Up-to-date symlink: /home/ytxu/cr_dvrk_ws/install/dvrk_config/share/dvrk_config/socket-streamer/streamerMTMR.json
[1.278s] -- Up-to-date symlink: /home/ytxu/cr_dvrk_ws/install/dvrk_config/share/dvrk_config/socket-streamer/streamerPSM1.json
[1.278s] -- Up-to-date symlink: /home/ytxu/cr_dvrk_ws/install/dvrk_config/share/dvrk_config/socket-streamer/streamerPSM2.json
[1.278s] -- Up-to-date symlink: /home/ytxu/cr_dvrk_ws/install/dvrk_config/share/dvrk_config/tool/BOWEL_GRASPER_400127.json
[1.278s] -- Up-to-date symlink: /home/ytxu/cr_dvrk_ws/install/dvrk_config/share/dvrk_config/tool/CADIERE_FORCEPS_400049.json
[1.278s] -- Up-to-date symlink: /home/ytxu/cr_dvrk_ws/install/dvrk_config/share/dvrk_config/tool/CADIERE_FORCEPS_420049.json
[1.278s] -- Up-to-date symlink: /home/ytxu/cr_dvrk_ws/install/dvrk_config/share/dvrk_config/tool/CURVED_SCISSORS_400178.json
[1.279s] -- Up-to-date symlink: /home/ytxu/cr_dvrk_ws/install/dvrk_config/share/dvrk_config/tool/CURVED_SCISSORS_420178.json
[1.279s] -- Up-to-date symlink: /home/ytxu/cr_dvrk_ws/install/dvrk_config/share/dvrk_config/tool/DEBAKEY_FORCEPS_400036.json
[1.279s] -- Up-to-date symlink: /home/ytxu/cr_dvrk_ws/install/dvrk_config/share/dvrk_config/tool/DEBAKEY_FORCEPS_420036.json
[1.279s] -- Up-to-date symlink: /home/ytxu/cr_dvrk_ws/install/dvrk_config/share/dvrk_config/tool/DOUBLE_FENESTRATED_GRASPER_400189.json
[1.279s] -- Up-to-date symlink: /home/ytxu/cr_dvrk_ws/install/dvrk_config/share/dvrk_config/tool/FENESTRATED_BIPOLAR_FORCEPS_400205.json
[1.279s] -- Up-to-date symlink: /home/ytxu/cr_dvrk_ws/install/dvrk_config/share/dvrk_config/tool/FENESTRATED_BIPOLAR_FORCEPS_420205.json
[1.279s] -- Up-to-date symlink: /home/ytxu/cr_dvrk_ws/install/dvrk_config/share/dvrk_config/tool/LARGE_CLIP_APPLIER_400230.json
[1.280s] -- Up-to-date symlink: /home/ytxu/cr_dvrk_ws/install/dvrk_config/share/dvrk_config/tool/LARGE_CLIP_APPLIER_420230.json
[1.280s] -- Up-to-date symlink: /home/ytxu/cr_dvrk_ws/install/dvrk_config/share/dvrk_config/tool/LARGE_NEEDLE_DRIVER_400006.json
[1.280s] -- Up-to-date symlink: /home/ytxu/cr_dvrk_ws/install/dvrk_config/share/dvrk_config/tool/LARGE_NEEDLE_DRIVER_420006.json
[1.280s] -- Up-to-date symlink: /home/ytxu/cr_dvrk_ws/install/dvrk_config/share/dvrk_config/tool/LARGE_NEEDLE_DRIVER_420006_GEARED.json
[1.280s] -- Up-to-date symlink: /home/ytxu/cr_dvrk_ws/install/dvrk_config/share/dvrk_config/tool/LARGE_SUTURECUT_NEEDLEDRIVER_420296.json
[1.281s] -- Up-to-date symlink: /home/ytxu/cr_dvrk_ws/install/dvrk_config/share/dvrk_config/tool/LONG_TIP_FORCEPS_400048.json
[1.281s] -- Up-to-date symlink: /home/ytxu/cr_dvrk_ws/install/dvrk_config/share/dvrk_config/tool/LONG_TIP_FORCEPS_420048.json
[1.281s] -- Up-to-date symlink: /home/ytxu/cr_dvrk_ws/install/dvrk_config/share/dvrk_config/tool/LRG_SUTURECUT_NEEDLE_DRIVER_400296.json
[1.282s] -- Up-to-date symlink: /home/ytxu/cr_dvrk_ws/install/dvrk_config/share/dvrk_config/tool/MARYLAND_BIPOLAR_FORCEPS_400172.json
[1.282s] -- Up-to-date symlink: /home/ytxu/cr_dvrk_ws/install/dvrk_config/share/dvrk_config/tool/MARYLAND_BIPOLAR_FORCEPS_420172.json
[1.282s] -- Up-to-date symlink: /home/ytxu/cr_dvrk_ws/install/dvrk_config/share/dvrk_config/tool/MARYLAND_DISSECTOR_400143.json
[1.283s] -- Up-to-date symlink: /home/ytxu/cr_dvrk_ws/install/dvrk_config/share/dvrk_config/tool/MEDIUM-LARGE_CLIP_APPLIER_420327.json
[1.284s] -- Up-to-date symlink: /home/ytxu/cr_dvrk_ws/install/dvrk_config/share/dvrk_config/tool/MEGA_NEEDLE_DRIVER_400194.json
[1.284s] -- Up-to-date symlink: /home/ytxu/cr_dvrk_ws/install/dvrk_config/share/dvrk_config/tool/MEGA_NEEDLE_DRIVER_420194.json
[1.284s] -- Up-to-date symlink: /home/ytxu/cr_dvrk_ws/install/dvrk_config/share/dvrk_config/tool/MEGA_SUTURECUT_NEEDLE_DRIVER_400309.json
[1.284s] -- Up-to-date symlink: /home/ytxu/cr_dvrk_ws/install/dvrk_config/share/dvrk_config/tool/MEGA_SUTURECUT_NEEDLE_DRIVER_420309.json
[1.285s] -- Up-to-date symlink: /home/ytxu/cr_dvrk_ws/install/dvrk_config/share/dvrk_config/tool/MICRO_FORCEPS_400033.json
[1.285s] -- Up-to-date symlink: /home/ytxu/cr_dvrk_ws/install/dvrk_config/share/dvrk_config/tool/MICRO_FORCEPS_420033.json
[1.285s] -- Up-to-date symlink: /home/ytxu/cr_dvrk_ws/install/dvrk_config/share/dvrk_config/tool/MONOPOLAR_CURVED_SCISSORS_400179.json
[1.285s] -- Up-to-date symlink: /home/ytxu/cr_dvrk_ws/install/dvrk_config/share/dvrk_config/tool/MONOPOLAR_CURVED_SCISSORS_420179.json
[1.285s] -- Up-to-date symlink: /home/ytxu/cr_dvrk_ws/install/dvrk_config/share/dvrk_config/tool/NEEDLE_DRIVER_400117.json
[1.286s] -- Up-to-date symlink: /home/ytxu/cr_dvrk_ws/install/dvrk_config/share/dvrk_config/tool/NEEDLE_DRIVER_420117.json
[1.286s] -- Up-to-date symlink: /home/ytxu/cr_dvrk_ws/install/dvrk_config/share/dvrk_config/tool/PERMANENT_CAUTERY_HOOK_400183.json
[1.286s] -- Up-to-date symlink: /home/ytxu/cr_dvrk_ws/install/dvrk_config/share/dvrk_config/tool/PERMANENT_CAUTERY_HOOK_420183.json
[1.286s] -- Up-to-date symlink: /home/ytxu/cr_dvrk_ws/install/dvrk_config/share/dvrk_config/tool/PERMANENT_CAUTERY_SPATULA_400184.json
[1.286s] -- Up-to-date symlink: /home/ytxu/cr_dvrk_ws/install/dvrk_config/share/dvrk_config/tool/PERMANENT_CAUTERY_SPATULA_420184.json
[1.286s] -- Up-to-date symlink: /home/ytxu/cr_dvrk_ws/install/dvrk_config/share/dvrk_config/tool/POTTS_SCISSORS_400001.json
[1.287s] -- Up-to-date symlink: /home/ytxu/cr_dvrk_ws/install/dvrk_config/share/dvrk_config/tool/POTTS_SCISSORS_420001.json
[1.287s] -- Up-to-date symlink: /home/ytxu/cr_dvrk_ws/install/dvrk_config/share/dvrk_config/tool/PROGRASP_FORCEPS_400093.json
[1.287s] -- Up-to-date symlink: /home/ytxu/cr_dvrk_ws/install/dvrk_config/share/dvrk_config/tool/PROGRASP_FORCEPS_420093.json
[1.287s] -- Up-to-date symlink: /home/ytxu/cr_dvrk_ws/install/dvrk_config/share/dvrk_config/tool/RESANO_FORCEPS_400181.json
[1.287s] -- Up-to-date symlink: /home/ytxu/cr_dvrk_ws/install/dvrk_config/share/dvrk_config/tool/RESANO_FORCEPS_420181.json
[1.287s] -- Up-to-date symlink: /home/ytxu/cr_dvrk_ws/install/dvrk_config/share/dvrk_config/tool/ROUND_TIP_SCISSORS_400007.json
[1.288s] -- Up-to-date symlink: /home/ytxu/cr_dvrk_ws/install/dvrk_config/share/dvrk_config/tool/ROUND_TIP_SCISSORS_420007.json
[1.288s] -- Up-to-date symlink: /home/ytxu/cr_dvrk_ws/install/dvrk_config/share/dvrk_config/tool/ROUND_TOOTH_FORCEPS_400035.json
[1.288s] -- Up-to-date symlink: /home/ytxu/cr_dvrk_ws/install/dvrk_config/share/dvrk_config/tool/SMALL_CLIP_APPLIER_400003.json
[1.288s] -- Up-to-date symlink: /home/ytxu/cr_dvrk_ws/install/dvrk_config/share/dvrk_config/tool/STAPLER_45_410298.json
[1.288s] -- Up-to-date symlink: /home/ytxu/cr_dvrk_ws/install/dvrk_config/share/dvrk_config/tool/TENACULUM_FORCEPS_400207.json
[1.288s] -- Up-to-date symlink: /home/ytxu/cr_dvrk_ws/install/dvrk_config/share/dvrk_config/tool/THORACIC_GRASPER_400208.json
[1.288s] -- Up-to-date symlink: /home/ytxu/cr_dvrk_ws/install/dvrk_config/share/dvrk_config/tool/index.json
[1.289s] -- Up-to-date symlink: /home/ytxu/cr_dvrk_ws/install/dvrk_config/share/ament_index/resource_index/package_run_dependencies/dvrk_config
[1.289s] -- Up-to-date symlink: /home/ytxu/cr_dvrk_ws/install/dvrk_config/share/ament_index/resource_index/parent_prefix_path/dvrk_config
[1.289s] -- Up-to-date symlink: /home/ytxu/cr_dvrk_ws/install/dvrk_config/share/dvrk_config/environment/ament_prefix_path.sh
[1.289s] -- Up-to-date symlink: /home/ytxu/cr_dvrk_ws/install/dvrk_config/share/dvrk_config/environment/ament_prefix_path.dsv
[1.289s] -- Up-to-date symlink: /home/ytxu/cr_dvrk_ws/install/dvrk_config/share/dvrk_config/environment/path.sh
[1.289s] -- Up-to-date symlink: /home/ytxu/cr_dvrk_ws/install/dvrk_config/share/dvrk_config/environment/path.dsv
[1.298s] -- Up-to-date symlink: /home/ytxu/cr_dvrk_ws/install/dvrk_config/share/dvrk_config/local_setup.bash
[1.298s] -- Up-to-date symlink: /home/ytxu/cr_dvrk_ws/install/dvrk_config/share/dvrk_config/local_setup.sh
[1.299s] -- Up-to-date symlink: /home/ytxu/cr_dvrk_ws/install/dvrk_config/share/dvrk_config/local_setup.zsh
[1.312s] -- Up-to-date symlink: /home/ytxu/cr_dvrk_ws/install/dvrk_config/share/dvrk_config/local_setup.dsv
[1.313s] -- Symlinking: /home/ytxu/cr_dvrk_ws/install/dvrk_config/share/dvrk_config/package.dsv
[1.376s] -- Up-to-date symlink: /home/ytxu/cr_dvrk_ws/install/dvrk_config/share/ament_index/resource_index/packages/dvrk_config
[1.410s] -- Up-to-date symlink: /home/ytxu/cr_dvrk_ws/install/dvrk_config/share/dvrk_config/cmake/dvrk_configConfig.cmake
[1.425s] -- Up-to-date symlink: /home/ytxu/cr_dvrk_ws/install/dvrk_config/share/dvrk_config/cmake/dvrk_configConfig-version.cmake
[1.425s] -- Up-to-date symlink: /home/ytxu/cr_dvrk_ws/install/dvrk_config/share/dvrk_config/package.xml
[1.478s] Invoked command in '/home/ytxu/cr_dvrk_ws/build/dvrk_config' returned '0': CMAKE_PREFIX_PATH=/home/ytxu/cr_dvrk_ws/install/dvrk_robot:/home/ytxu/cr_dvrk_ws/install/sawIntuitiveResearchKitCore:/home/ytxu/cr_dvrk_ws/install/sawTextToSpeechAll:/home/ytxu/cr_dvrk_ws/install/robot_io:/home/ytxu/cr_dvrk_ws/install/sawRobotIO1394Core:/home/ytxu/cr_dvrk_ws/install/sawControllersAll:/home/ytxu/cr_dvrk_ws/install/sawKeyboardAll:/home/ytxu/cr_dvrk_ws/install/dvrk_video:/home/ytxu/cr_dvrk_ws/install/dvrk_python:/home/ytxu/cr_dvrk_ws/install/dvrk_model:/home/ytxu/cr_dvrk_ws/install/dvrk_hrsv_widget:/home/ytxu/cr_dvrk_ws/install/dvrk_config_jhu:/home/ytxu/cr_dvrk_ws/install/dvrk_config:/home/ytxu/cr_dvrk_ws/install/dvrk_camera_registration:/home/ytxu/cr_dvrk_ws/install/dvrk_arms_from_ros:/home/ytxu/cr_dvrk_ws/install/crtk_python_client:/home/ytxu/cr_dvrk_ws/install/cisst_ros_crtk:/home/ytxu/cr_dvrk_ws/install/crtk_msgs:/home/ytxu/cr_dvrk_ws/install/cisst_ros_bridge:/home/ytxu/cr_dvrk_ws/install/cisst_msgs:/home/ytxu/cr-dvrk-rviz/install/test_scripts:/home/ytxu/cr-dvrk-rviz/install/teleop_cr_psm:/home/ytxu/cr-dvrk-rviz/install/cr_dvrk_kinematics:/home/ytxu/ctr_tr_model/install/pub_ctr_kinematics:/opt/ros/humble:/home/ytxu/cr_dvrk_ws/install/cisst:/home/ytxu/cr_dvrk_ws/install/cisstNetlib /usr/bin/cmake --install /home/ytxu/cr_dvrk_ws/build/dvrk_config
