[0.476s] Invoking command in '/home/ytxu/cr_dvrk_ws/build/dvrk_robot': AMENT_PREFIX_PATH=/home/ytxu/cr_dvrk_ws/install/cisst_ros_crtk:/home/ytxu/cr_dvrk_ws/install/cisst_ros_bridge:/home/ytxu/cr_dvrk_ws/install/crtk_msgs:/home/ytxu/cr_dvrk_ws/install/cisst_msgs:${AMENT_PREFIX_PATH} CISST_ROOT=/home/ytxu/cr_dvrk_ws/install/cisst CMAKE_PREFIX_PATH=/home/ytxu/cr_dvrk_ws/install/sawIntuitiveResearchKitCore:/home/ytxu/cr_dvrk_ws/install/sawTextToSpeechAll:/home/ytxu/cr_dvrk_ws/install/sawControllersAll:/home/ytxu/cr_dvrk_ws/install/cisst_ros_crtk:/home/ytxu/cr_dvrk_ws/install/sawRobotIO1394Core:/home/ytxu/cr_dvrk_ws/install/sawKeyboardAll:/home/ytxu/cr_dvrk_ws/install/cisst_ros_bridge:/home/ytxu/cr-dvrk-rviz/install/test_scripts:/home/ytxu/cr-dvrk-rviz/install/teleop_cr_psm:/home/ytxu/cr-dvrk-rviz/install/cr_dvrk_kinematics:/home/ytxu/ctr_tr_model/install/pub_ctr_kinematics:/opt/ros/humble:/home/ytxu/cr_dvrk_ws/install/cisst:/home/ytxu/cr_dvrk_ws/install/crtk_msgs:/home/ytxu/cr_dvrk_ws/install/cisst_msgs:/home/ytxu/cr_dvrk_ws/install/cisstNetlib LD_LIBRARY_PATH=/home/ytxu/cr_dvrk_ws/install/sawIntuitiveResearchKitCore/lib:/home/ytxu/cr_dvrk_ws/install/sawTextToSpeechAll/lib:/home/ytxu/cr_dvrk_ws/install/sawControllersAll/lib:/home/ytxu/cr_dvrk_ws/install/cisst_ros_crtk/lib:/home/ytxu/cr_dvrk_ws/install/sawRobotIO1394Core/lib:/home/ytxu/cr_dvrk_ws/install/sawKeyboardAll/lib:/home/ytxu/cr_dvrk_ws/install/cisst_ros_bridge/lib:/home/ytxu/cr_dvrk_ws/install/cisst/lib:/home/ytxu/cr_dvrk_ws/install/cisst/lib:/home/ytxu/cr_dvrk_ws/install/crtk_msgs/lib:/home/ytxu/cr_dvrk_ws/install/cisst_msgs/lib:${LD_LIBRARY_PATH} PATH=/home/ytxu/cr_dvrk_ws/install/sawIntuitiveResearchKitCore/bin:/home/ytxu/cr_dvrk_ws/install/sawTextToSpeechAll/bin:/home/ytxu/cr_dvrk_ws/install/sawControllersAll/bin:/home/ytxu/cr_dvrk_ws/install/sawRobotIO1394Core/bin:/home/ytxu/cr_dvrk_ws/install/cisst/bin:/home/ytxu/cr_dvrk_ws/install/cisst/bin:${PATH} PKG_CONFIG_PATH=/home/ytxu/cr_dvrk_ws/install/cisst/lib/x86_64-linux-gnu/pkgconfig:/home/ytxu/cr_dvrk_ws/install/cisst/lib/pkgconfig:/home/ytxu/cr_dvrk_ws/install/cisstNetlib/lib/x86_64-linux-gnu/pkgconfig:/home/ytxu/cr_dvrk_ws/install/cisstNetlib/lib/pkgconfig PYTHONPATH=/home/ytxu/cr_dvrk_ws/install/cisst/lib:/home/ytxu/cr_dvrk_ws/install/crtk_msgs/local/lib/python3.10/dist-packages:/home/ytxu/cr_dvrk_ws/install/cisst_msgs/local/lib/python3.10/dist-packages:${PYTHONPATH} ROS_PACKAGE_PATH=/home/ytxu/cr_dvrk_ws/install/cisst/share /usr/bin/cmake /home/ytxu/cr_dvrk_ws/src/cisst-saw/sawIntuitiveResearchKit/ros/dvrk_robot -DCMAKE_BUILD_TYPE=Release -DAMENT_CMAKE_SYMLINK_INSTALL=1 -DCMAKE_INSTALL_PREFIX=/home/ytxu/cr_dvrk_ws/install/dvrk_robot
[0.575s] -- The C compiler identification is GNU 11.4.0
[0.808s] -- The CXX compiler identification is GNU 11.4.0
[0.920s] -- Detecting C compiler ABI info
[1.015s] -- Detecting C compiler ABI info - done
[1.022s] -- Check for working C compiler: /usr/bin/cc - skipped
[1.022s] -- Detecting C compile features
[1.022s] -- Detecting C compile features - done
[1.025s] -- Detecting CXX compiler ABI info
[1.129s] -- Detecting CXX compiler ABI info - done
[1.137s] -- Check for working CXX compiler: /usr/bin/c++ - skipped
[1.137s] -- Detecting CXX compile features
[1.138s] -- Detecting CXX compile features - done
[1.826s] -- Found Python3: /usr/bin/python3 (found version "3.10.12") found components: Interpreter 
[1.890s] -- Override CMake install command with custom implementation using symlinks instead of copying resources
[1.934s] -- Found rclcpp: 16.0.14 (/opt/ros/humble/share/rclcpp/cmake)
[2.032s] -- Found rosidl_generator_c: 3.1.7 (/opt/ros/humble/share/rosidl_generator_c/cmake)
[2.038s] -- Found rosidl_adapter: 3.1.7 (/opt/ros/humble/share/rosidl_adapter/cmake)
[2.047s] -- Found rosidl_generator_cpp: 3.1.7 (/opt/ros/humble/share/rosidl_generator_cpp/cmake)
[2.060s] -- Using all available rosidl_typesupport_c: rosidl_typesupport_fastrtps_c;rosidl_typesupport_introspection_c
[2.078s] -- Using all available rosidl_typesupport_cpp: rosidl_typesupport_fastrtps_cpp;rosidl_typesupport_introspection_cpp
[2.127s] -- Found rmw_implementation_cmake: 6.1.2 (/opt/ros/humble/share/rmw_implementation_cmake/cmake)
[2.131s] -- Found rmw_fastrtps_cpp: 6.2.8 (/opt/ros/humble/share/rmw_fastrtps_cpp/cmake)
[2.738s] -- Found OpenSSL: /usr/lib/x86_64-linux-gnu/libcrypto.so (found version "3.0.2")  
[3.312s] -- Found FastRTPS: /opt/ros/humble/include  
[4.133s] -- Using RMW implementation 'rmw_fastrtps_cpp' as default
[4.144s] -- Looking for pthread.h
[4.256s] -- Looking for pthread.h - found
[4.257s] -- Performing Test CMAKE_HAVE_LIBC_PTHREAD
[4.361s] -- Performing Test CMAKE_HAVE_LIBC_PTHREAD - Success
[4.362s] -- Found Threads: TRUE  
[4.411s] -- Found std_srvs: 4.9.0 (/opt/ros/humble/share/std_srvs/cmake)
[4.421s] -- Found geometry_msgs: 4.9.0 (/opt/ros/humble/share/geometry_msgs/cmake)
[4.434s] -- Found sensor_msgs: 4.9.0 (/opt/ros/humble/share/sensor_msgs/cmake)
[4.451s] -- Found diagnostic_msgs: 4.9.0 (/opt/ros/humble/share/diagnostic_msgs/cmake)
[4.464s] -- Found tf2_ros: 0.25.16 (/opt/ros/humble/share/tf2_ros/cmake)
[4.579s] -- Found cisst_msgs: 3.0.0 (/home/ytxu/cr_dvrk_ws/install/cisst_msgs/share/cisst_msgs/cmake)
[4.596s] -- Found crtk_msgs: 1.2.0 (/home/ytxu/cr_dvrk_ws/install/crtk_msgs/share/crtk_msgs/cmake)
[4.616s] -- Found cisst_ros_bridge: 3.0.0 (/home/ytxu/cr_dvrk_ws/install/cisst_ros_bridge/share/cisst_ros_bridge/cmake)
[4.618s] -- Found cisst_ros_crtk: 3.0.0 (/home/ytxu/cr_dvrk_ws/install/cisst_ros_crtk/share/cisst_ros_crtk/cmake)
[4.624s] -- Information: cisst has been found in "/home/ytxu/cr_dvrk_ws/install/cisst/", headers are in "/home/ytxu/cr_dvrk_ws/install/cisst//include"
[4.649s] -- Performing Test CXX_SUPPORTS_WEXTRA
[4.763s] -- Performing Test CXX_SUPPORTS_WEXTRA - Success
[4.764s] -- Performing Test CXX_SUPPORTS_WALL
[4.903s] -- Performing Test CXX_SUPPORTS_WALL - Success
[4.976s] -- Assuming cisst is built using ROS/catkin since ROS_ROOT is defined in environment
[4.976s] -- CATKIN_DEVEL_PREFIX is not defined so assuming this is NOT a ROS/catkin build after all
[4.976s] -- Assuming cisst is built using ROS2/colcon since ROS_VERSION is 2
[5.097s] -- Configuring done
[5.151s] -- Generating done
[5.166s] -- Build files have been written to: /home/ytxu/cr_dvrk_ws/build/dvrk_robot
[5.185s] Invoked command in '/home/ytxu/cr_dvrk_ws/build/dvrk_robot' returned '0': AMENT_PREFIX_PATH=/home/ytxu/cr_dvrk_ws/install/cisst_ros_crtk:/home/ytxu/cr_dvrk_ws/install/cisst_ros_bridge:/home/ytxu/cr_dvrk_ws/install/crtk_msgs:/home/ytxu/cr_dvrk_ws/install/cisst_msgs:${AMENT_PREFIX_PATH} CISST_ROOT=/home/ytxu/cr_dvrk_ws/install/cisst CMAKE_PREFIX_PATH=/home/ytxu/cr_dvrk_ws/install/sawIntuitiveResearchKitCore:/home/ytxu/cr_dvrk_ws/install/sawTextToSpeechAll:/home/ytxu/cr_dvrk_ws/install/sawControllersAll:/home/ytxu/cr_dvrk_ws/install/cisst_ros_crtk:/home/ytxu/cr_dvrk_ws/install/sawRobotIO1394Core:/home/ytxu/cr_dvrk_ws/install/sawKeyboardAll:/home/ytxu/cr_dvrk_ws/install/cisst_ros_bridge:/home/ytxu/cr-dvrk-rviz/install/test_scripts:/home/ytxu/cr-dvrk-rviz/install/teleop_cr_psm:/home/ytxu/cr-dvrk-rviz/install/cr_dvrk_kinematics:/home/ytxu/ctr_tr_model/install/pub_ctr_kinematics:/opt/ros/humble:/home/ytxu/cr_dvrk_ws/install/cisst:/home/ytxu/cr_dvrk_ws/install/crtk_msgs:/home/ytxu/cr_dvrk_ws/install/cisst_msgs:/home/ytxu/cr_dvrk_ws/install/cisstNetlib LD_LIBRARY_PATH=/home/ytxu/cr_dvrk_ws/install/sawIntuitiveResearchKitCore/lib:/home/ytxu/cr_dvrk_ws/install/sawTextToSpeechAll/lib:/home/ytxu/cr_dvrk_ws/install/sawControllersAll/lib:/home/ytxu/cr_dvrk_ws/install/cisst_ros_crtk/lib:/home/ytxu/cr_dvrk_ws/install/sawRobotIO1394Core/lib:/home/ytxu/cr_dvrk_ws/install/sawKeyboardAll/lib:/home/ytxu/cr_dvrk_ws/install/cisst_ros_bridge/lib:/home/ytxu/cr_dvrk_ws/install/cisst/lib:/home/ytxu/cr_dvrk_ws/install/cisst/lib:/home/ytxu/cr_dvrk_ws/install/crtk_msgs/lib:/home/ytxu/cr_dvrk_ws/install/cisst_msgs/lib:${LD_LIBRARY_PATH} PATH=/home/ytxu/cr_dvrk_ws/install/sawIntuitiveResearchKitCore/bin:/home/ytxu/cr_dvrk_ws/install/sawTextToSpeechAll/bin:/home/ytxu/cr_dvrk_ws/install/sawControllersAll/bin:/home/ytxu/cr_dvrk_ws/install/sawRobotIO1394Core/bin:/home/ytxu/cr_dvrk_ws/install/cisst/bin:/home/ytxu/cr_dvrk_ws/install/cisst/bin:${PATH} PKG_CONFIG_PATH=/home/ytxu/cr_dvrk_ws/install/cisst/lib/x86_64-linux-gnu/pkgconfig:/home/ytxu/cr_dvrk_ws/install/cisst/lib/pkgconfig:/home/ytxu/cr_dvrk_ws/install/cisstNetlib/lib/x86_64-linux-gnu/pkgconfig:/home/ytxu/cr_dvrk_ws/install/cisstNetlib/lib/pkgconfig PYTHONPATH=/home/ytxu/cr_dvrk_ws/install/cisst/lib:/home/ytxu/cr_dvrk_ws/install/crtk_msgs/local/lib/python3.10/dist-packages:/home/ytxu/cr_dvrk_ws/install/cisst_msgs/local/lib/python3.10/dist-packages:${PYTHONPATH} ROS_PACKAGE_PATH=/home/ytxu/cr_dvrk_ws/install/cisst/share /usr/bin/cmake /home/ytxu/cr_dvrk_ws/src/cisst-saw/sawIntuitiveResearchKit/ros/dvrk_robot -DCMAKE_BUILD_TYPE=Release -DAMENT_CMAKE_SYMLINK_INSTALL=1 -DCMAKE_INSTALL_PREFIX=/home/ytxu/cr_dvrk_ws/install/dvrk_robot
[5.186s] Invoking command in '/home/ytxu/cr_dvrk_ws/build/dvrk_robot': AMENT_PREFIX_PATH=/home/ytxu/cr_dvrk_ws/install/cisst_ros_crtk:/home/ytxu/cr_dvrk_ws/install/cisst_ros_bridge:/home/ytxu/cr_dvrk_ws/install/crtk_msgs:/home/ytxu/cr_dvrk_ws/install/cisst_msgs:${AMENT_PREFIX_PATH} CISST_ROOT=/home/ytxu/cr_dvrk_ws/install/cisst CMAKE_PREFIX_PATH=/home/ytxu/cr_dvrk_ws/install/sawIntuitiveResearchKitCore:/home/ytxu/cr_dvrk_ws/install/sawTextToSpeechAll:/home/ytxu/cr_dvrk_ws/install/sawControllersAll:/home/ytxu/cr_dvrk_ws/install/cisst_ros_crtk:/home/ytxu/cr_dvrk_ws/install/sawRobotIO1394Core:/home/ytxu/cr_dvrk_ws/install/sawKeyboardAll:/home/ytxu/cr_dvrk_ws/install/cisst_ros_bridge:/home/ytxu/cr-dvrk-rviz/install/test_scripts:/home/ytxu/cr-dvrk-rviz/install/teleop_cr_psm:/home/ytxu/cr-dvrk-rviz/install/cr_dvrk_kinematics:/home/ytxu/ctr_tr_model/install/pub_ctr_kinematics:/opt/ros/humble:/home/ytxu/cr_dvrk_ws/install/cisst:/home/ytxu/cr_dvrk_ws/install/crtk_msgs:/home/ytxu/cr_dvrk_ws/install/cisst_msgs:/home/ytxu/cr_dvrk_ws/install/cisstNetlib LD_LIBRARY_PATH=/home/ytxu/cr_dvrk_ws/install/sawIntuitiveResearchKitCore/lib:/home/ytxu/cr_dvrk_ws/install/sawTextToSpeechAll/lib:/home/ytxu/cr_dvrk_ws/install/sawControllersAll/lib:/home/ytxu/cr_dvrk_ws/install/cisst_ros_crtk/lib:/home/ytxu/cr_dvrk_ws/install/sawRobotIO1394Core/lib:/home/ytxu/cr_dvrk_ws/install/sawKeyboardAll/lib:/home/ytxu/cr_dvrk_ws/install/cisst_ros_bridge/lib:/home/ytxu/cr_dvrk_ws/install/cisst/lib:/home/ytxu/cr_dvrk_ws/install/cisst/lib:/home/ytxu/cr_dvrk_ws/install/crtk_msgs/lib:/home/ytxu/cr_dvrk_ws/install/cisst_msgs/lib:${LD_LIBRARY_PATH} PATH=/home/ytxu/cr_dvrk_ws/install/sawIntuitiveResearchKitCore/bin:/home/ytxu/cr_dvrk_ws/install/sawTextToSpeechAll/bin:/home/ytxu/cr_dvrk_ws/install/sawControllersAll/bin:/home/ytxu/cr_dvrk_ws/install/sawRobotIO1394Core/bin:/home/ytxu/cr_dvrk_ws/install/cisst/bin:/home/ytxu/cr_dvrk_ws/install/cisst/bin:${PATH} PKG_CONFIG_PATH=/home/ytxu/cr_dvrk_ws/install/cisst/lib/x86_64-linux-gnu/pkgconfig:/home/ytxu/cr_dvrk_ws/install/cisst/lib/pkgconfig:/home/ytxu/cr_dvrk_ws/install/cisstNetlib/lib/x86_64-linux-gnu/pkgconfig:/home/ytxu/cr_dvrk_ws/install/cisstNetlib/lib/pkgconfig PYTHONPATH=/home/ytxu/cr_dvrk_ws/install/cisst/lib:/home/ytxu/cr_dvrk_ws/install/crtk_msgs/local/lib/python3.10/dist-packages:/home/ytxu/cr_dvrk_ws/install/cisst_msgs/local/lib/python3.10/dist-packages:${PYTHONPATH} ROS_PACKAGE_PATH=/home/ytxu/cr_dvrk_ws/install/cisst/share /usr/bin/cmake --build /home/ytxu/cr_dvrk_ws/build/dvrk_robot -- -j12 -l12
[5.254s] [ 25%] [32mBuilding CXX object CMakeFiles/dvrk_utilities.dir/src/dvrk_console.cpp.o[0m
[52.303s] [ 50%] [32m[1mLinking CXX shared library /home/ytxu/cr_dvrk_ws/install/cisst/lib/libdvrk_utilities.so[0m
[53.259s] [ 50%] Built target dvrk_utilities
[53.282s] [ 75%] [32mBuilding CXX object CMakeFiles/dvrk_console_json.dir/src/dvrk_console_json.cpp.o[0m
[61.442s] [100%] [32m[1mLinking CXX executable /home/ytxu/cr_dvrk_ws/install/cisst/bin/dvrk_console_json[0m
[63.935s] [100%] Built target dvrk_console_json
[63.947s] Invoked command in '/home/ytxu/cr_dvrk_ws/build/dvrk_robot' returned '0': AMENT_PREFIX_PATH=/home/ytxu/cr_dvrk_ws/install/cisst_ros_crtk:/home/ytxu/cr_dvrk_ws/install/cisst_ros_bridge:/home/ytxu/cr_dvrk_ws/install/crtk_msgs:/home/ytxu/cr_dvrk_ws/install/cisst_msgs:${AMENT_PREFIX_PATH} CISST_ROOT=/home/ytxu/cr_dvrk_ws/install/cisst CMAKE_PREFIX_PATH=/home/ytxu/cr_dvrk_ws/install/sawIntuitiveResearchKitCore:/home/ytxu/cr_dvrk_ws/install/sawTextToSpeechAll:/home/ytxu/cr_dvrk_ws/install/sawControllersAll:/home/ytxu/cr_dvrk_ws/install/cisst_ros_crtk:/home/ytxu/cr_dvrk_ws/install/sawRobotIO1394Core:/home/ytxu/cr_dvrk_ws/install/sawKeyboardAll:/home/ytxu/cr_dvrk_ws/install/cisst_ros_bridge:/home/ytxu/cr-dvrk-rviz/install/test_scripts:/home/ytxu/cr-dvrk-rviz/install/teleop_cr_psm:/home/ytxu/cr-dvrk-rviz/install/cr_dvrk_kinematics:/home/ytxu/ctr_tr_model/install/pub_ctr_kinematics:/opt/ros/humble:/home/ytxu/cr_dvrk_ws/install/cisst:/home/ytxu/cr_dvrk_ws/install/crtk_msgs:/home/ytxu/cr_dvrk_ws/install/cisst_msgs:/home/ytxu/cr_dvrk_ws/install/cisstNetlib LD_LIBRARY_PATH=/home/ytxu/cr_dvrk_ws/install/sawIntuitiveResearchKitCore/lib:/home/ytxu/cr_dvrk_ws/install/sawTextToSpeechAll/lib:/home/ytxu/cr_dvrk_ws/install/sawControllersAll/lib:/home/ytxu/cr_dvrk_ws/install/cisst_ros_crtk/lib:/home/ytxu/cr_dvrk_ws/install/sawRobotIO1394Core/lib:/home/ytxu/cr_dvrk_ws/install/sawKeyboardAll/lib:/home/ytxu/cr_dvrk_ws/install/cisst_ros_bridge/lib:/home/ytxu/cr_dvrk_ws/install/cisst/lib:/home/ytxu/cr_dvrk_ws/install/cisst/lib:/home/ytxu/cr_dvrk_ws/install/crtk_msgs/lib:/home/ytxu/cr_dvrk_ws/install/cisst_msgs/lib:${LD_LIBRARY_PATH} PATH=/home/ytxu/cr_dvrk_ws/install/sawIntuitiveResearchKitCore/bin:/home/ytxu/cr_dvrk_ws/install/sawTextToSpeechAll/bin:/home/ytxu/cr_dvrk_ws/install/sawControllersAll/bin:/home/ytxu/cr_dvrk_ws/install/sawRobotIO1394Core/bin:/home/ytxu/cr_dvrk_ws/install/cisst/bin:/home/ytxu/cr_dvrk_ws/install/cisst/bin:${PATH} PKG_CONFIG_PATH=/home/ytxu/cr_dvrk_ws/install/cisst/lib/x86_64-linux-gnu/pkgconfig:/home/ytxu/cr_dvrk_ws/install/cisst/lib/pkgconfig:/home/ytxu/cr_dvrk_ws/install/cisstNetlib/lib/x86_64-linux-gnu/pkgconfig:/home/ytxu/cr_dvrk_ws/install/cisstNetlib/lib/pkgconfig PYTHONPATH=/home/ytxu/cr_dvrk_ws/install/cisst/lib:/home/ytxu/cr_dvrk_ws/install/crtk_msgs/local/lib/python3.10/dist-packages:/home/ytxu/cr_dvrk_ws/install/cisst_msgs/local/lib/python3.10/dist-packages:${PYTHONPATH} ROS_PACKAGE_PATH=/home/ytxu/cr_dvrk_ws/install/cisst/share /usr/bin/cmake --build /home/ytxu/cr_dvrk_ws/build/dvrk_robot -- -j12 -l12
[63.948s] Invoking command in '/home/ytxu/cr_dvrk_ws/build/dvrk_robot': AMENT_PREFIX_PATH=/home/ytxu/cr_dvrk_ws/install/cisst_ros_crtk:/home/ytxu/cr_dvrk_ws/install/cisst_ros_bridge:/home/ytxu/cr_dvrk_ws/install/crtk_msgs:/home/ytxu/cr_dvrk_ws/install/cisst_msgs:${AMENT_PREFIX_PATH} CISST_ROOT=/home/ytxu/cr_dvrk_ws/install/cisst CMAKE_PREFIX_PATH=/home/ytxu/cr_dvrk_ws/install/sawIntuitiveResearchKitCore:/home/ytxu/cr_dvrk_ws/install/sawTextToSpeechAll:/home/ytxu/cr_dvrk_ws/install/sawControllersAll:/home/ytxu/cr_dvrk_ws/install/cisst_ros_crtk:/home/ytxu/cr_dvrk_ws/install/sawRobotIO1394Core:/home/ytxu/cr_dvrk_ws/install/sawKeyboardAll:/home/ytxu/cr_dvrk_ws/install/cisst_ros_bridge:/home/ytxu/cr-dvrk-rviz/install/test_scripts:/home/ytxu/cr-dvrk-rviz/install/teleop_cr_psm:/home/ytxu/cr-dvrk-rviz/install/cr_dvrk_kinematics:/home/ytxu/ctr_tr_model/install/pub_ctr_kinematics:/opt/ros/humble:/home/ytxu/cr_dvrk_ws/install/cisst:/home/ytxu/cr_dvrk_ws/install/crtk_msgs:/home/ytxu/cr_dvrk_ws/install/cisst_msgs:/home/ytxu/cr_dvrk_ws/install/cisstNetlib LD_LIBRARY_PATH=/home/ytxu/cr_dvrk_ws/install/sawIntuitiveResearchKitCore/lib:/home/ytxu/cr_dvrk_ws/install/sawTextToSpeechAll/lib:/home/ytxu/cr_dvrk_ws/install/sawControllersAll/lib:/home/ytxu/cr_dvrk_ws/install/cisst_ros_crtk/lib:/home/ytxu/cr_dvrk_ws/install/sawRobotIO1394Core/lib:/home/ytxu/cr_dvrk_ws/install/sawKeyboardAll/lib:/home/ytxu/cr_dvrk_ws/install/cisst_ros_bridge/lib:/home/ytxu/cr_dvrk_ws/install/cisst/lib:/home/ytxu/cr_dvrk_ws/install/cisst/lib:/home/ytxu/cr_dvrk_ws/install/crtk_msgs/lib:/home/ytxu/cr_dvrk_ws/install/cisst_msgs/lib:${LD_LIBRARY_PATH} PATH=/home/ytxu/cr_dvrk_ws/install/sawIntuitiveResearchKitCore/bin:/home/ytxu/cr_dvrk_ws/install/sawTextToSpeechAll/bin:/home/ytxu/cr_dvrk_ws/install/sawControllersAll/bin:/home/ytxu/cr_dvrk_ws/install/sawRobotIO1394Core/bin:/home/ytxu/cr_dvrk_ws/install/cisst/bin:/home/ytxu/cr_dvrk_ws/install/cisst/bin:${PATH} PKG_CONFIG_PATH=/home/ytxu/cr_dvrk_ws/install/cisst/lib/x86_64-linux-gnu/pkgconfig:/home/ytxu/cr_dvrk_ws/install/cisst/lib/pkgconfig:/home/ytxu/cr_dvrk_ws/install/cisstNetlib/lib/x86_64-linux-gnu/pkgconfig:/home/ytxu/cr_dvrk_ws/install/cisstNetlib/lib/pkgconfig PYTHONPATH=/home/ytxu/cr_dvrk_ws/install/cisst/lib:/home/ytxu/cr_dvrk_ws/install/crtk_msgs/local/lib/python3.10/dist-packages:/home/ytxu/cr_dvrk_ws/install/cisst_msgs/local/lib/python3.10/dist-packages:${PYTHONPATH} ROS_PACKAGE_PATH=/home/ytxu/cr_dvrk_ws/install/cisst/share /usr/bin/cmake --install /home/ytxu/cr_dvrk_ws/build/dvrk_robot
[63.956s] -- Install configuration: "Release"
[63.956s] -- Execute custom install script
[63.958s] -- Symlinking: /home/ytxu/cr_dvrk_ws/install/dvrk_robot/share/ament_index/resource_index/package_run_dependencies/dvrk_robot
[63.967s] -- Symlinking: /home/ytxu/cr_dvrk_ws/install/dvrk_robot/share/ament_index/resource_index/parent_prefix_path/dvrk_robot
[63.977s] -- Symlinking: /home/ytxu/cr_dvrk_ws/install/dvrk_robot/share/dvrk_robot/environment/ament_prefix_path.sh
[63.987s] -- Symlinking: /home/ytxu/cr_dvrk_ws/install/dvrk_robot/share/dvrk_robot/environment/ament_prefix_path.dsv
[63.996s] -- Symlinking: /home/ytxu/cr_dvrk_ws/install/dvrk_robot/share/dvrk_robot/environment/path.sh
[64.006s] -- Symlinking: /home/ytxu/cr_dvrk_ws/install/dvrk_robot/share/dvrk_robot/environment/path.dsv
[64.015s] -- Symlinking: /home/ytxu/cr_dvrk_ws/install/dvrk_robot/share/dvrk_robot/local_setup.bash
[64.025s] -- Symlinking: /home/ytxu/cr_dvrk_ws/install/dvrk_robot/share/dvrk_robot/local_setup.sh
[64.034s] -- Symlinking: /home/ytxu/cr_dvrk_ws/install/dvrk_robot/share/dvrk_robot/local_setup.zsh
[64.043s] -- Symlinking: /home/ytxu/cr_dvrk_ws/install/dvrk_robot/share/dvrk_robot/local_setup.dsv
[64.053s] -- Symlinking: /home/ytxu/cr_dvrk_ws/install/dvrk_robot/share/dvrk_robot/package.dsv
[64.062s] -- Symlinking: /home/ytxu/cr_dvrk_ws/install/dvrk_robot/share/ament_index/resource_index/packages/dvrk_robot
[64.072s] -- Symlinking: /home/ytxu/cr_dvrk_ws/install/dvrk_robot/share/dvrk_robot/cmake/dvrk_robotConfig.cmake
[64.081s] -- Symlinking: /home/ytxu/cr_dvrk_ws/install/dvrk_robot/share/dvrk_robot/cmake/dvrk_robotConfig-version.cmake
[64.090s] -- Symlinking: /home/ytxu/cr_dvrk_ws/install/dvrk_robot/share/dvrk_robot/package.xml
[64.101s] -- Installing: /home/ytxu/cr_dvrk_ws/install/dvrk_robot/lib/libdvrk_utilities.so
[64.107s] -- Set runtime path of "/home/ytxu/cr_dvrk_ws/install/dvrk_robot/lib/libdvrk_utilities.so" to ""
[64.107s] -- Installing: /home/ytxu/cr_dvrk_ws/install/dvrk_robot/lib/dvrk_robot/dvrk_console_json
[64.108s] -- Set runtime path of "/home/ytxu/cr_dvrk_ws/install/dvrk_robot/lib/dvrk_robot/dvrk_console_json" to ""
[64.110s] Invoked command in '/home/ytxu/cr_dvrk_ws/build/dvrk_robot' returned '0': AMENT_PREFIX_PATH=/home/ytxu/cr_dvrk_ws/install/cisst_ros_crtk:/home/ytxu/cr_dvrk_ws/install/cisst_ros_bridge:/home/ytxu/cr_dvrk_ws/install/crtk_msgs:/home/ytxu/cr_dvrk_ws/install/cisst_msgs:${AMENT_PREFIX_PATH} CISST_ROOT=/home/ytxu/cr_dvrk_ws/install/cisst CMAKE_PREFIX_PATH=/home/ytxu/cr_dvrk_ws/install/sawIntuitiveResearchKitCore:/home/ytxu/cr_dvrk_ws/install/sawTextToSpeechAll:/home/ytxu/cr_dvrk_ws/install/sawControllersAll:/home/ytxu/cr_dvrk_ws/install/cisst_ros_crtk:/home/ytxu/cr_dvrk_ws/install/sawRobotIO1394Core:/home/ytxu/cr_dvrk_ws/install/sawKeyboardAll:/home/ytxu/cr_dvrk_ws/install/cisst_ros_bridge:/home/ytxu/cr-dvrk-rviz/install/test_scripts:/home/ytxu/cr-dvrk-rviz/install/teleop_cr_psm:/home/ytxu/cr-dvrk-rviz/install/cr_dvrk_kinematics:/home/ytxu/ctr_tr_model/install/pub_ctr_kinematics:/opt/ros/humble:/home/ytxu/cr_dvrk_ws/install/cisst:/home/ytxu/cr_dvrk_ws/install/crtk_msgs:/home/ytxu/cr_dvrk_ws/install/cisst_msgs:/home/ytxu/cr_dvrk_ws/install/cisstNetlib LD_LIBRARY_PATH=/home/ytxu/cr_dvrk_ws/install/sawIntuitiveResearchKitCore/lib:/home/ytxu/cr_dvrk_ws/install/sawTextToSpeechAll/lib:/home/ytxu/cr_dvrk_ws/install/sawControllersAll/lib:/home/ytxu/cr_dvrk_ws/install/cisst_ros_crtk/lib:/home/ytxu/cr_dvrk_ws/install/sawRobotIO1394Core/lib:/home/ytxu/cr_dvrk_ws/install/sawKeyboardAll/lib:/home/ytxu/cr_dvrk_ws/install/cisst_ros_bridge/lib:/home/ytxu/cr_dvrk_ws/install/cisst/lib:/home/ytxu/cr_dvrk_ws/install/cisst/lib:/home/ytxu/cr_dvrk_ws/install/crtk_msgs/lib:/home/ytxu/cr_dvrk_ws/install/cisst_msgs/lib:${LD_LIBRARY_PATH} PATH=/home/ytxu/cr_dvrk_ws/install/sawIntuitiveResearchKitCore/bin:/home/ytxu/cr_dvrk_ws/install/sawTextToSpeechAll/bin:/home/ytxu/cr_dvrk_ws/install/sawControllersAll/bin:/home/ytxu/cr_dvrk_ws/install/sawRobotIO1394Core/bin:/home/ytxu/cr_dvrk_ws/install/cisst/bin:/home/ytxu/cr_dvrk_ws/install/cisst/bin:${PATH} PKG_CONFIG_PATH=/home/ytxu/cr_dvrk_ws/install/cisst/lib/x86_64-linux-gnu/pkgconfig:/home/ytxu/cr_dvrk_ws/install/cisst/lib/pkgconfig:/home/ytxu/cr_dvrk_ws/install/cisstNetlib/lib/x86_64-linux-gnu/pkgconfig:/home/ytxu/cr_dvrk_ws/install/cisstNetlib/lib/pkgconfig PYTHONPATH=/home/ytxu/cr_dvrk_ws/install/cisst/lib:/home/ytxu/cr_dvrk_ws/install/crtk_msgs/local/lib/python3.10/dist-packages:/home/ytxu/cr_dvrk_ws/install/cisst_msgs/local/lib/python3.10/dist-packages:${PYTHONPATH} ROS_PACKAGE_PATH=/home/ytxu/cr_dvrk_ws/install/cisst/share /usr/bin/cmake --install /home/ytxu/cr_dvrk_ws/build/dvrk_robot
