[0.052s] Invoking command in '/home/ytxu/cr_dvrk_ws/build/dvrk_camera_registration': AMENT_PREFIX_PATH=/home/ytxu/cr_dvrk_ws/install/crtk_python_client:/home/ytxu/cr_dvrk_ws/install/crtk_msgs:${AMENT_PREFIX_PATH} CMAKE_PREFIX_PATH=/home/ytxu/cr_dvrk_ws/install/crtk_python_client:/home/ytxu/cr_dvrk_ws/install/crtk_msgs:/home/ytxu/cr-dvrk-rviz/install/test_scripts:/home/ytxu/cr-dvrk-rviz/install/teleop_cr_psm:/home/ytxu/cr-dvrk-rviz/install/cr_dvrk_kinematics:/home/ytxu/ctr_tr_model/install/pub_ctr_kinematics:/opt/ros/humble LD_LIBRARY_PATH=/home/ytxu/cr_dvrk_ws/install/crtk_msgs/lib:${LD_LIBRARY_PATH} PYTHONPATH=/home/ytxu/cr_dvrk_ws/install/crtk_python_client/local/lib/python3.10/dist-packages:/home/ytxu/cr_dvrk_ws/install/crtk_msgs/local/lib/python3.10/dist-packages:${PYTHONPATH} /usr/bin/cmake --build /home/ytxu/cr_dvrk_ws/build/dvrk_camera_registration -- -j12 -l12
[0.114s] Built target ament_cmake_python_symlink_dvrk_camera_registration
[0.341s] running egg_info
[0.342s] writing dvrk_camera_registration.egg-info/PKG-INFO
[0.342s] writing dependency_links to dvrk_camera_registration.egg-info/dependency_links.txt
[0.342s] writing top-level names to dvrk_camera_registration.egg-info/top_level.txt
[0.344s] reading manifest file 'dvrk_camera_registration.egg-info/SOURCES.txt'
[0.345s] writing manifest file 'dvrk_camera_registration.egg-info/SOURCES.txt'
[0.369s] Built target ament_cmake_python_build_dvrk_camera_registration_egg
[0.380s] Invoked command in '/home/ytxu/cr_dvrk_ws/build/dvrk_camera_registration' returned '0': AMENT_PREFIX_PATH=/home/ytxu/cr_dvrk_ws/install/crtk_python_client:/home/ytxu/cr_dvrk_ws/install/crtk_msgs:${AMENT_PREFIX_PATH} CMAKE_PREFIX_PATH=/home/ytxu/cr_dvrk_ws/install/crtk_python_client:/home/ytxu/cr_dvrk_ws/install/crtk_msgs:/home/ytxu/cr-dvrk-rviz/install/test_scripts:/home/ytxu/cr-dvrk-rviz/install/teleop_cr_psm:/home/ytxu/cr-dvrk-rviz/install/cr_dvrk_kinematics:/home/ytxu/ctr_tr_model/install/pub_ctr_kinematics:/opt/ros/humble LD_LIBRARY_PATH=/home/ytxu/cr_dvrk_ws/install/crtk_msgs/lib:${LD_LIBRARY_PATH} PYTHONPATH=/home/ytxu/cr_dvrk_ws/install/crtk_python_client/local/lib/python3.10/dist-packages:/home/ytxu/cr_dvrk_ws/install/crtk_msgs/local/lib/python3.10/dist-packages:${PYTHONPATH} /usr/bin/cmake --build /home/ytxu/cr_dvrk_ws/build/dvrk_camera_registration -- -j12 -l12
[0.382s] Invoking command in '/home/ytxu/cr_dvrk_ws/build/dvrk_camera_registration': AMENT_PREFIX_PATH=/home/ytxu/cr_dvrk_ws/install/crtk_python_client:/home/ytxu/cr_dvrk_ws/install/crtk_msgs:${AMENT_PREFIX_PATH} CMAKE_PREFIX_PATH=/home/ytxu/cr_dvrk_ws/install/crtk_python_client:/home/ytxu/cr_dvrk_ws/install/crtk_msgs:/home/ytxu/cr-dvrk-rviz/install/test_scripts:/home/ytxu/cr-dvrk-rviz/install/teleop_cr_psm:/home/ytxu/cr-dvrk-rviz/install/cr_dvrk_kinematics:/home/ytxu/ctr_tr_model/install/pub_ctr_kinematics:/opt/ros/humble LD_LIBRARY_PATH=/home/ytxu/cr_dvrk_ws/install/crtk_msgs/lib:${LD_LIBRARY_PATH} PYTHONPATH=/home/ytxu/cr_dvrk_ws/install/crtk_python_client/local/lib/python3.10/dist-packages:/home/ytxu/cr_dvrk_ws/install/crtk_msgs/local/lib/python3.10/dist-packages:${PYTHONPATH} /usr/bin/cmake --install /home/ytxu/cr_dvrk_ws/build/dvrk_camera_registration
[0.389s] -- Install configuration: "Release"
[0.389s] -- Execute custom install script
[0.391s] -- Up-to-date symlink: /home/ytxu/cr_dvrk_ws/install/dvrk_camera_registration/share/dvrk_camera_registration/environment/pythonpath.sh
[0.391s] -- Up-to-date symlink: /home/ytxu/cr_dvrk_ws/install/dvrk_camera_registration/share/dvrk_camera_registration/environment/pythonpath.dsv
[0.393s] -- Up-to-date symlink: /home/ytxu/cr_dvrk_ws/install/dvrk_camera_registration/local/lib/python3.10/dist-packages/dvrk_camera_registration-1.0.0-py3.10.egg-info/PKG-INFO
[0.393s] -- Up-to-date symlink: /home/ytxu/cr_dvrk_ws/install/dvrk_camera_registration/local/lib/python3.10/dist-packages/dvrk_camera_registration-1.0.0-py3.10.egg-info/SOURCES.txt
[0.394s] -- Up-to-date symlink: /home/ytxu/cr_dvrk_ws/install/dvrk_camera_registration/local/lib/python3.10/dist-packages/dvrk_camera_registration-1.0.0-py3.10.egg-info/dependency_links.txt
[0.394s] -- Up-to-date symlink: /home/ytxu/cr_dvrk_ws/install/dvrk_camera_registration/local/lib/python3.10/dist-packages/dvrk_camera_registration-1.0.0-py3.10.egg-info/top_level.txt
[0.395s] -- Up-to-date symlink: /home/ytxu/cr_dvrk_ws/install/dvrk_camera_registration/local/lib/python3.10/dist-packages/dvrk_camera_registration/__init__.py
[0.396s] -- Up-to-date symlink: /home/ytxu/cr_dvrk_ws/install/dvrk_camera_registration/local/lib/python3.10/dist-packages/dvrk_camera_registration/arm.py
[0.396s] -- Up-to-date symlink: /home/ytxu/cr_dvrk_ws/install/dvrk_camera_registration/local/lib/python3.10/dist-packages/dvrk_camera_registration/camera.py
[0.396s] -- Up-to-date symlink: /home/ytxu/cr_dvrk_ws/install/dvrk_camera_registration/local/lib/python3.10/dist-packages/dvrk_camera_registration/convex_hull.py
[0.397s] -- Up-to-date symlink: /home/ytxu/cr_dvrk_ws/install/dvrk_camera_registration/local/lib/python3.10/dist-packages/dvrk_camera_registration/pose_generator.py
[0.397s] -- Up-to-date symlink: /home/ytxu/cr_dvrk_ws/install/dvrk_camera_registration/local/lib/python3.10/dist-packages/dvrk_camera_registration/vision_tracking.py
[0.398s] -- Up-to-date symlink: /home/ytxu/cr_dvrk_ws/install/dvrk_camera_registration/lib/dvrk_camera_registration/camera_registration.py
[0.399s] -- Up-to-date symlink: /home/ytxu/cr_dvrk_ws/install/dvrk_camera_registration/lib/dvrk_camera_registration/vis_gripper_pose.py
[0.400s] -- Up-to-date symlink: /home/ytxu/cr_dvrk_ws/install/dvrk_camera_registration/share/ament_index/resource_index/package_run_dependencies/dvrk_camera_registration
[0.401s] -- Up-to-date symlink: /home/ytxu/cr_dvrk_ws/install/dvrk_camera_registration/share/ament_index/resource_index/parent_prefix_path/dvrk_camera_registration
[0.401s] -- Up-to-date symlink: /home/ytxu/cr_dvrk_ws/install/dvrk_camera_registration/share/dvrk_camera_registration/environment/ament_prefix_path.sh
[0.402s] -- Up-to-date symlink: /home/ytxu/cr_dvrk_ws/install/dvrk_camera_registration/share/dvrk_camera_registration/environment/ament_prefix_path.dsv
[0.402s] -- Up-to-date symlink: /home/ytxu/cr_dvrk_ws/install/dvrk_camera_registration/share/dvrk_camera_registration/environment/path.sh
[0.403s] -- Up-to-date symlink: /home/ytxu/cr_dvrk_ws/install/dvrk_camera_registration/share/dvrk_camera_registration/environment/path.dsv
[0.403s] -- Up-to-date symlink: /home/ytxu/cr_dvrk_ws/install/dvrk_camera_registration/share/dvrk_camera_registration/local_setup.bash
[0.403s] -- Up-to-date symlink: /home/ytxu/cr_dvrk_ws/install/dvrk_camera_registration/share/dvrk_camera_registration/local_setup.sh
[0.404s] -- Up-to-date symlink: /home/ytxu/cr_dvrk_ws/install/dvrk_camera_registration/share/dvrk_camera_registration/local_setup.zsh
[0.404s] -- Up-to-date symlink: /home/ytxu/cr_dvrk_ws/install/dvrk_camera_registration/share/dvrk_camera_registration/local_setup.dsv
[0.405s] -- Symlinking: /home/ytxu/cr_dvrk_ws/install/dvrk_camera_registration/share/dvrk_camera_registration/package.dsv
[0.414s] -- Up-to-date symlink: /home/ytxu/cr_dvrk_ws/install/dvrk_camera_registration/share/ament_index/resource_index/packages/dvrk_camera_registration
[0.415s] -- Up-to-date symlink: /home/ytxu/cr_dvrk_ws/install/dvrk_camera_registration/share/dvrk_camera_registration/cmake/dvrk_camera_registrationConfig.cmake
[0.415s] -- Up-to-date symlink: /home/ytxu/cr_dvrk_ws/install/dvrk_camera_registration/share/dvrk_camera_registration/cmake/dvrk_camera_registrationConfig-version.cmake
[0.415s] -- Up-to-date symlink: /home/ytxu/cr_dvrk_ws/install/dvrk_camera_registration/share/dvrk_camera_registration/package.xml
[0.450s] Listing '/home/ytxu/cr_dvrk_ws/install/dvrk_camera_registration/local/lib/python3.10/dist-packages/dvrk_camera_registration'...
[0.456s] Invoked command in '/home/ytxu/cr_dvrk_ws/build/dvrk_camera_registration' returned '0': AMENT_PREFIX_PATH=/home/ytxu/cr_dvrk_ws/install/crtk_python_client:/home/ytxu/cr_dvrk_ws/install/crtk_msgs:${AMENT_PREFIX_PATH} CMAKE_PREFIX_PATH=/home/ytxu/cr_dvrk_ws/install/crtk_python_client:/home/ytxu/cr_dvrk_ws/install/crtk_msgs:/home/ytxu/cr-dvrk-rviz/install/test_scripts:/home/ytxu/cr-dvrk-rviz/install/teleop_cr_psm:/home/ytxu/cr-dvrk-rviz/install/cr_dvrk_kinematics:/home/ytxu/ctr_tr_model/install/pub_ctr_kinematics:/opt/ros/humble LD_LIBRARY_PATH=/home/ytxu/cr_dvrk_ws/install/crtk_msgs/lib:${LD_LIBRARY_PATH} PYTHONPATH=/home/ytxu/cr_dvrk_ws/install/crtk_python_client/local/lib/python3.10/dist-packages:/home/ytxu/cr_dvrk_ws/install/crtk_msgs/local/lib/python3.10/dist-packages:${PYTHONPATH} /usr/bin/cmake --install /home/ytxu/cr_dvrk_ws/build/dvrk_camera_registration
