[0.098s] Invoking command in '/home/ytxu/cr_dvrk_ws/build/cisst_msgs': CMAKE_PREFIX_PATH=/home/ytxu/cr_dvrk_ws/install/dvrk_robot:/home/ytxu/cr_dvrk_ws/install/sawIntuitiveResearchKitCore:/home/ytxu/cr_dvrk_ws/install/sawTextToSpeechAll:/home/ytxu/cr_dvrk_ws/install/robot_io:/home/ytxu/cr_dvrk_ws/install/sawRobotIO1394Core:/home/ytxu/cr_dvrk_ws/install/sawControllersAll:/home/ytxu/cr_dvrk_ws/install/sawKeyboardAll:/home/ytxu/cr_dvrk_ws/install/dvrk_video:/home/ytxu/cr_dvrk_ws/install/dvrk_python:/home/ytxu/cr_dvrk_ws/install/dvrk_model:/home/ytxu/cr_dvrk_ws/install/dvrk_hrsv_widget:/home/ytxu/cr_dvrk_ws/install/dvrk_config_jhu:/home/ytxu/cr_dvrk_ws/install/dvrk_config:/home/ytxu/cr_dvrk_ws/install/dvrk_camera_registration:/home/ytxu/cr_dvrk_ws/install/dvrk_arms_from_ros:/home/ytxu/cr_dvrk_ws/install/crtk_python_client:/home/ytxu/cr_dvrk_ws/install/cisst_ros_crtk:/home/ytxu/cr_dvrk_ws/install/crtk_msgs:/home/ytxu/cr_dvrk_ws/install/cisst_ros_bridge:/home/ytxu/cr_dvrk_ws/install/cisst_msgs:/home/ytxu/cr-dvrk-rviz/install/test_scripts:/home/ytxu/cr-dvrk-rviz/install/teleop_cr_psm:/home/ytxu/cr-dvrk-rviz/install/cr_dvrk_kinematics:/home/ytxu/ctr_tr_model/install/pub_ctr_kinematics:/opt/ros/humble:/home/ytxu/cr_dvrk_ws/install/cisst:/home/ytxu/cr_dvrk_ws/install/cisstNetlib /usr/bin/cmake --build /home/ytxu/cr_dvrk_ws/build/cisst_msgs -- -j12 -l12
[1.042s] [  1%] Built target cisst_msgs__cpp
[1.043s] [ 12%] Built target cisst_msgs__rosidl_generator_c
[1.043s] [ 12%] Built target ament_cmake_python_symlink_cisst_msgs
[1.043s] [ 43%] Built target cisst_msgs__rosidl_typesupport_cpp
[1.043s] [ 43%] Built target cisst_msgs__rosidl_typesupport_introspection_cpp
[1.043s] [ 54%] Built target cisst_msgs__rosidl_typesupport_fastrtps_cpp
[1.043s] [ 56%] Built target cisst_msgs__rosidl_typesupport_introspection_c
[1.043s] [ 67%] Built target cisst_msgs__rosidl_typesupport_fastrtps_c
[1.043s] [ 78%] Built target cisst_msgs__rosidl_typesupport_c
[1.043s] [ 78%] Built target cisst_msgs
[1.044s] [ 80%] Built target cisst_msgs__py
[1.044s] [ 89%] Built target cisst_msgs__rosidl_generator_py
[1.044s] [ 92%] Built target cisst_msgs__rosidl_typesupport_introspection_c__pyext
[1.044s] [ 96%] Built target cisst_msgs__rosidl_typesupport_c__pyext
[1.044s] [100%] Built target cisst_msgs__rosidl_typesupport_fastrtps_c__pyext
[1.044s] running egg_info
[1.044s] writing cisst_msgs.egg-info/PKG-INFO
[1.044s] writing dependency_links to cisst_msgs.egg-info/dependency_links.txt
[1.045s] writing top-level names to cisst_msgs.egg-info/top_level.txt
[1.045s] reading manifest file 'cisst_msgs.egg-info/SOURCES.txt'
[1.045s] writing manifest file 'cisst_msgs.egg-info/SOURCES.txt'
[1.045s] [100%] Built target ament_cmake_python_build_cisst_msgs_egg
[1.387s] Invoked command in '/home/ytxu/cr_dvrk_ws/build/cisst_msgs' returned '0': CMAKE_PREFIX_PATH=/home/ytxu/cr_dvrk_ws/install/dvrk_robot:/home/ytxu/cr_dvrk_ws/install/sawIntuitiveResearchKitCore:/home/ytxu/cr_dvrk_ws/install/sawTextToSpeechAll:/home/ytxu/cr_dvrk_ws/install/robot_io:/home/ytxu/cr_dvrk_ws/install/sawRobotIO1394Core:/home/ytxu/cr_dvrk_ws/install/sawControllersAll:/home/ytxu/cr_dvrk_ws/install/sawKeyboardAll:/home/ytxu/cr_dvrk_ws/install/dvrk_video:/home/ytxu/cr_dvrk_ws/install/dvrk_python:/home/ytxu/cr_dvrk_ws/install/dvrk_model:/home/ytxu/cr_dvrk_ws/install/dvrk_hrsv_widget:/home/ytxu/cr_dvrk_ws/install/dvrk_config_jhu:/home/ytxu/cr_dvrk_ws/install/dvrk_config:/home/ytxu/cr_dvrk_ws/install/dvrk_camera_registration:/home/ytxu/cr_dvrk_ws/install/dvrk_arms_from_ros:/home/ytxu/cr_dvrk_ws/install/crtk_python_client:/home/ytxu/cr_dvrk_ws/install/cisst_ros_crtk:/home/ytxu/cr_dvrk_ws/install/crtk_msgs:/home/ytxu/cr_dvrk_ws/install/cisst_ros_bridge:/home/ytxu/cr_dvrk_ws/install/cisst_msgs:/home/ytxu/cr-dvrk-rviz/install/test_scripts:/home/ytxu/cr-dvrk-rviz/install/teleop_cr_psm:/home/ytxu/cr-dvrk-rviz/install/cr_dvrk_kinematics:/home/ytxu/ctr_tr_model/install/pub_ctr_kinematics:/opt/ros/humble:/home/ytxu/cr_dvrk_ws/install/cisst:/home/ytxu/cr_dvrk_ws/install/cisstNetlib /usr/bin/cmake --build /home/ytxu/cr_dvrk_ws/build/cisst_msgs -- -j12 -l12
[1.391s] Invoking command in '/home/ytxu/cr_dvrk_ws/build/cisst_msgs': CMAKE_PREFIX_PATH=/home/ytxu/cr_dvrk_ws/install/dvrk_robot:/home/ytxu/cr_dvrk_ws/install/sawIntuitiveResearchKitCore:/home/ytxu/cr_dvrk_ws/install/sawTextToSpeechAll:/home/ytxu/cr_dvrk_ws/install/robot_io:/home/ytxu/cr_dvrk_ws/install/sawRobotIO1394Core:/home/ytxu/cr_dvrk_ws/install/sawControllersAll:/home/ytxu/cr_dvrk_ws/install/sawKeyboardAll:/home/ytxu/cr_dvrk_ws/install/dvrk_video:/home/ytxu/cr_dvrk_ws/install/dvrk_python:/home/ytxu/cr_dvrk_ws/install/dvrk_model:/home/ytxu/cr_dvrk_ws/install/dvrk_hrsv_widget:/home/ytxu/cr_dvrk_ws/install/dvrk_config_jhu:/home/ytxu/cr_dvrk_ws/install/dvrk_config:/home/ytxu/cr_dvrk_ws/install/dvrk_camera_registration:/home/ytxu/cr_dvrk_ws/install/dvrk_arms_from_ros:/home/ytxu/cr_dvrk_ws/install/crtk_python_client:/home/ytxu/cr_dvrk_ws/install/cisst_ros_crtk:/home/ytxu/cr_dvrk_ws/install/crtk_msgs:/home/ytxu/cr_dvrk_ws/install/cisst_ros_bridge:/home/ytxu/cr_dvrk_ws/install/cisst_msgs:/home/ytxu/cr-dvrk-rviz/install/test_scripts:/home/ytxu/cr-dvrk-rviz/install/teleop_cr_psm:/home/ytxu/cr-dvrk-rviz/install/cr_dvrk_kinematics:/home/ytxu/ctr_tr_model/install/pub_ctr_kinematics:/opt/ros/humble:/home/ytxu/cr_dvrk_ws/install/cisst:/home/ytxu/cr_dvrk_ws/install/cisstNetlib /usr/bin/cmake --install /home/ytxu/cr_dvrk_ws/build/cisst_msgs
[1.521s] -- Install configuration: "Release"
[1.523s] -- Execute custom install script
[1.523s] -- Up-to-date symlink: /home/ytxu/cr_dvrk_ws/install/cisst_msgs/share/ament_index/resource_index/rosidl_interfaces/cisst_msgs
[1.523s] -- Up-to-date symlink: /home/ytxu/cr_dvrk_ws/install/cisst_msgs/include/cisst_msgs/cisst_msgs/msg/bool_stamped.h
[1.523s] -- Up-to-date symlink: /home/ytxu/cr_dvrk_ws/install/cisst_msgs/include/cisst_msgs/cisst_msgs/msg/detail/bool_stamped__functions.h
[1.523s] -- Up-to-date symlink: /home/ytxu/cr_dvrk_ws/install/cisst_msgs/include/cisst_msgs/cisst_msgs/msg/detail/bool_stamped__struct.h
[1.524s] -- Up-to-date symlink: /home/ytxu/cr_dvrk_ws/install/cisst_msgs/include/cisst_msgs/cisst_msgs/msg/detail/bool_stamped__type_support.h
[1.524s] -- Up-to-date symlink: /home/ytxu/cr_dvrk_ws/install/cisst_msgs/include/cisst_msgs/cisst_msgs/msg/detail/double_vec__functions.h
[1.525s] -- Up-to-date symlink: /home/ytxu/cr_dvrk_ws/install/cisst_msgs/include/cisst_msgs/cisst_msgs/msg/detail/double_vec__struct.h
[1.525s] -- Up-to-date symlink: /home/ytxu/cr_dvrk_ws/install/cisst_msgs/include/cisst_msgs/cisst_msgs/msg/detail/double_vec__type_support.h
[1.527s] -- Up-to-date symlink: /home/ytxu/cr_dvrk_ws/install/cisst_msgs/include/cisst_msgs/cisst_msgs/msg/detail/interval_statistics__functions.h
[1.531s] -- Up-to-date symlink: /home/ytxu/cr_dvrk_ws/install/cisst_msgs/include/cisst_msgs/cisst_msgs/msg/detail/interval_statistics__struct.h
[1.531s] -- Up-to-date symlink: /home/ytxu/cr_dvrk_ws/install/cisst_msgs/include/cisst_msgs/cisst_msgs/msg/detail/interval_statistics__type_support.h
[1.531s] -- Up-to-date symlink: /home/ytxu/cr_dvrk_ws/install/cisst_msgs/include/cisst_msgs/cisst_msgs/msg/double_vec.h
[1.532s] -- Up-to-date symlink: /home/ytxu/cr_dvrk_ws/install/cisst_msgs/include/cisst_msgs/cisst_msgs/msg/interval_statistics.h
[1.532s] -- Up-to-date symlink: /home/ytxu/cr_dvrk_ws/install/cisst_msgs/include/cisst_msgs/cisst_msgs/msg/rosidl_generator_c__visibility_control.h
[1.532s] -- Up-to-date symlink: /home/ytxu/cr_dvrk_ws/install/cisst_msgs/include/cisst_msgs/cisst_msgs/srv/convert_float64_array.h
[1.534s] -- Up-to-date symlink: /home/ytxu/cr_dvrk_ws/install/cisst_msgs/include/cisst_msgs/cisst_msgs/srv/detail/convert_float64_array__functions.h
[1.534s] -- Up-to-date symlink: /home/ytxu/cr_dvrk_ws/install/cisst_msgs/include/cisst_msgs/cisst_msgs/srv/detail/convert_float64_array__struct.h
[1.535s] -- Up-to-date symlink: /home/ytxu/cr_dvrk_ws/install/cisst_msgs/include/cisst_msgs/cisst_msgs/srv/detail/convert_float64_array__type_support.h
[1.535s] -- Up-to-date symlink: /home/ytxu/cr_dvrk_ws/install/cisst_msgs/share/cisst_msgs/environment/library_path.sh
[1.535s] -- Up-to-date symlink: /home/ytxu/cr_dvrk_ws/install/cisst_msgs/share/cisst_msgs/environment/library_path.dsv
[1.539s] -- Up-to-date symlink: /home/ytxu/cr_dvrk_ws/install/cisst_msgs/include/cisst_msgs/cisst_msgs/msg/detail/bool_stamped__rosidl_typesupport_fastrtps_c.h
[1.539s] -- Up-to-date symlink: /home/ytxu/cr_dvrk_ws/install/cisst_msgs/include/cisst_msgs/cisst_msgs/msg/detail/double_vec__rosidl_typesupport_fastrtps_c.h
[1.540s] -- Up-to-date symlink: /home/ytxu/cr_dvrk_ws/install/cisst_msgs/include/cisst_msgs/cisst_msgs/msg/detail/interval_statistics__rosidl_typesupport_fastrtps_c.h
[1.540s] -- Up-to-date symlink: /home/ytxu/cr_dvrk_ws/install/cisst_msgs/include/cisst_msgs/cisst_msgs/msg/rosidl_typesupport_fastrtps_c__visibility_control.h
[1.541s] -- Up-to-date symlink: /home/ytxu/cr_dvrk_ws/install/cisst_msgs/include/cisst_msgs/cisst_msgs/srv/detail/convert_float64_array__rosidl_typesupport_fastrtps_c.h
[1.542s] -- Up-to-date symlink: /home/ytxu/cr_dvrk_ws/install/cisst_msgs/include/cisst_msgs/cisst_msgs/msg/bool_stamped.hpp
[1.542s] -- Up-to-date symlink: /home/ytxu/cr_dvrk_ws/install/cisst_msgs/include/cisst_msgs/cisst_msgs/msg/detail/bool_stamped__builder.hpp
[1.544s] -- Up-to-date symlink: /home/ytxu/cr_dvrk_ws/install/cisst_msgs/include/cisst_msgs/cisst_msgs/msg/detail/bool_stamped__struct.hpp
[1.544s] -- Up-to-date symlink: /home/ytxu/cr_dvrk_ws/install/cisst_msgs/include/cisst_msgs/cisst_msgs/msg/detail/bool_stamped__traits.hpp
[1.551s] -- Up-to-date symlink: /home/ytxu/cr_dvrk_ws/install/cisst_msgs/include/cisst_msgs/cisst_msgs/msg/detail/bool_stamped__type_support.hpp
[1.551s] -- Up-to-date symlink: /home/ytxu/cr_dvrk_ws/install/cisst_msgs/include/cisst_msgs/cisst_msgs/msg/detail/double_vec__builder.hpp
[1.551s] -- Up-to-date symlink: /home/ytxu/cr_dvrk_ws/install/cisst_msgs/include/cisst_msgs/cisst_msgs/msg/detail/double_vec__struct.hpp
[1.551s] -- Up-to-date symlink: /home/ytxu/cr_dvrk_ws/install/cisst_msgs/include/cisst_msgs/cisst_msgs/msg/detail/double_vec__traits.hpp
[1.552s] -- Up-to-date symlink: /home/ytxu/cr_dvrk_ws/install/cisst_msgs/include/cisst_msgs/cisst_msgs/msg/detail/double_vec__type_support.hpp
[1.552s] -- Up-to-date symlink: /home/ytxu/cr_dvrk_ws/install/cisst_msgs/include/cisst_msgs/cisst_msgs/msg/detail/interval_statistics__builder.hpp
[1.552s] -- Up-to-date symlink: /home/ytxu/cr_dvrk_ws/install/cisst_msgs/include/cisst_msgs/cisst_msgs/msg/detail/interval_statistics__struct.hpp
[1.552s] -- Up-to-date symlink: /home/ytxu/cr_dvrk_ws/install/cisst_msgs/include/cisst_msgs/cisst_msgs/msg/detail/interval_statistics__traits.hpp
[1.552s] -- Up-to-date symlink: /home/ytxu/cr_dvrk_ws/install/cisst_msgs/include/cisst_msgs/cisst_msgs/msg/detail/interval_statistics__type_support.hpp
[1.552s] -- Up-to-date symlink: /home/ytxu/cr_dvrk_ws/install/cisst_msgs/include/cisst_msgs/cisst_msgs/msg/double_vec.hpp
[1.554s] -- Up-to-date symlink: /home/ytxu/cr_dvrk_ws/install/cisst_msgs/include/cisst_msgs/cisst_msgs/msg/interval_statistics.hpp
[1.554s] -- Up-to-date symlink: /home/ytxu/cr_dvrk_ws/install/cisst_msgs/include/cisst_msgs/cisst_msgs/msg/rosidl_generator_cpp__visibility_control.hpp
[1.555s] -- Up-to-date symlink: /home/ytxu/cr_dvrk_ws/install/cisst_msgs/include/cisst_msgs/cisst_msgs/srv/convert_float64_array.hpp
[1.557s] -- Up-to-date symlink: /home/ytxu/cr_dvrk_ws/install/cisst_msgs/include/cisst_msgs/cisst_msgs/srv/detail/convert_float64_array__builder.hpp
[1.557s] -- Up-to-date symlink: /home/ytxu/cr_dvrk_ws/install/cisst_msgs/include/cisst_msgs/cisst_msgs/srv/detail/convert_float64_array__struct.hpp
[1.557s] -- Up-to-date symlink: /home/ytxu/cr_dvrk_ws/install/cisst_msgs/include/cisst_msgs/cisst_msgs/srv/detail/convert_float64_array__traits.hpp
[1.562s] -- Up-to-date symlink: /home/ytxu/cr_dvrk_ws/install/cisst_msgs/include/cisst_msgs/cisst_msgs/srv/detail/convert_float64_array__type_support.hpp
[1.562s] -- Up-to-date symlink: /home/ytxu/cr_dvrk_ws/install/cisst_msgs/include/cisst_msgs/cisst_msgs/msg/detail/bool_stamped__rosidl_typesupport_fastrtps_cpp.hpp
[1.562s] -- Up-to-date symlink: /home/ytxu/cr_dvrk_ws/install/cisst_msgs/include/cisst_msgs/cisst_msgs/msg/detail/double_vec__rosidl_typesupport_fastrtps_cpp.hpp
[1.563s] -- Up-to-date symlink: /home/ytxu/cr_dvrk_ws/install/cisst_msgs/include/cisst_msgs/cisst_msgs/msg/detail/interval_statistics__rosidl_typesupport_fastrtps_cpp.hpp
[1.563s] -- Up-to-date symlink: /home/ytxu/cr_dvrk_ws/install/cisst_msgs/include/cisst_msgs/cisst_msgs/msg/rosidl_typesupport_fastrtps_cpp__visibility_control.h
[1.568s] -- Up-to-date symlink: /home/ytxu/cr_dvrk_ws/install/cisst_msgs/include/cisst_msgs/cisst_msgs/srv/detail/convert_float64_array__rosidl_typesupport_fastrtps_cpp.hpp
[1.568s] -- Up-to-date symlink: /home/ytxu/cr_dvrk_ws/install/cisst_msgs/include/cisst_msgs/cisst_msgs/msg/detail/bool_stamped__rosidl_typesupport_introspection_c.h
[1.568s] -- Up-to-date symlink: /home/ytxu/cr_dvrk_ws/install/cisst_msgs/include/cisst_msgs/cisst_msgs/msg/detail/double_vec__rosidl_typesupport_introspection_c.h
[1.569s] -- Up-to-date symlink: /home/ytxu/cr_dvrk_ws/install/cisst_msgs/include/cisst_msgs/cisst_msgs/msg/detail/interval_statistics__rosidl_typesupport_introspection_c.h
[1.569s] -- Up-to-date symlink: /home/ytxu/cr_dvrk_ws/install/cisst_msgs/include/cisst_msgs/cisst_msgs/msg/rosidl_typesupport_introspection_c__visibility_control.h
[1.570s] -- Up-to-date symlink: /home/ytxu/cr_dvrk_ws/install/cisst_msgs/include/cisst_msgs/cisst_msgs/srv/detail/convert_float64_array__rosidl_typesupport_introspection_c.h
[1.570s] -- Up-to-date symlink: /home/ytxu/cr_dvrk_ws/install/cisst_msgs/include/cisst_msgs/cisst_msgs/msg/detail/bool_stamped__rosidl_typesupport_introspection_cpp.hpp
[1.574s] -- Up-to-date symlink: /home/ytxu/cr_dvrk_ws/install/cisst_msgs/include/cisst_msgs/cisst_msgs/msg/detail/double_vec__rosidl_typesupport_introspection_cpp.hpp
[1.574s] -- Up-to-date symlink: /home/ytxu/cr_dvrk_ws/install/cisst_msgs/include/cisst_msgs/cisst_msgs/msg/detail/interval_statistics__rosidl_typesupport_introspection_cpp.hpp
[1.574s] -- Up-to-date symlink: /home/ytxu/cr_dvrk_ws/install/cisst_msgs/include/cisst_msgs/cisst_msgs/srv/detail/convert_float64_array__rosidl_typesupport_introspection_cpp.hpp
[1.575s] -- Up-to-date symlink: /home/ytxu/cr_dvrk_ws/install/cisst_msgs/share/cisst_msgs/environment/pythonpath.sh
[1.580s] -- Up-to-date symlink: /home/ytxu/cr_dvrk_ws/install/cisst_msgs/share/cisst_msgs/environment/pythonpath.dsv
[1.580s] -- Up-to-date symlink: /home/ytxu/cr_dvrk_ws/install/cisst_msgs/local/lib/python3.10/dist-packages/cisst_msgs-3.0.0-py3.10.egg-info/PKG-INFO
[1.581s] -- Up-to-date symlink: /home/ytxu/cr_dvrk_ws/install/cisst_msgs/local/lib/python3.10/dist-packages/cisst_msgs-3.0.0-py3.10.egg-info/SOURCES.txt
[1.581s] -- Up-to-date symlink: /home/ytxu/cr_dvrk_ws/install/cisst_msgs/local/lib/python3.10/dist-packages/cisst_msgs-3.0.0-py3.10.egg-info/dependency_links.txt
[1.582s] -- Up-to-date symlink: /home/ytxu/cr_dvrk_ws/install/cisst_msgs/local/lib/python3.10/dist-packages/cisst_msgs-3.0.0-py3.10.egg-info/top_level.txt
[1.582s] -- Up-to-date symlink: /home/ytxu/cr_dvrk_ws/install/cisst_msgs/local/lib/python3.10/dist-packages/cisst_msgs/__init__.py
[1.588s] -- Up-to-date symlink: /home/ytxu/cr_dvrk_ws/install/cisst_msgs/local/lib/python3.10/dist-packages/cisst_msgs/_cisst_msgs_s.ep.rosidl_typesupport_c.c
[1.588s] -- Up-to-date symlink: /home/ytxu/cr_dvrk_ws/install/cisst_msgs/local/lib/python3.10/dist-packages/cisst_msgs/_cisst_msgs_s.ep.rosidl_typesupport_fastrtps_c.c
[1.589s] -- Up-to-date symlink: /home/ytxu/cr_dvrk_ws/install/cisst_msgs/local/lib/python3.10/dist-packages/cisst_msgs/_cisst_msgs_s.ep.rosidl_typesupport_introspection_c.c
[1.590s] -- Up-to-date symlink: /home/ytxu/cr_dvrk_ws/install/cisst_msgs/local/lib/python3.10/dist-packages/cisst_msgs/cisst_msgs_s__rosidl_typesupport_c.cpython-310-x86_64-linux-gnu.so
[1.590s] -- Up-to-date symlink: /home/ytxu/cr_dvrk_ws/install/cisst_msgs/local/lib/python3.10/dist-packages/cisst_msgs/cisst_msgs_s__rosidl_typesupport_fastrtps_c.cpython-310-x86_64-linux-gnu.so
[1.590s] -- Up-to-date symlink: /home/ytxu/cr_dvrk_ws/install/cisst_msgs/local/lib/python3.10/dist-packages/cisst_msgs/cisst_msgs_s__rosidl_typesupport_introspection_c.cpython-310-x86_64-linux-gnu.so
[1.595s] -- Up-to-date symlink: /home/ytxu/cr_dvrk_ws/install/cisst_msgs/local/lib/python3.10/dist-packages/cisst_msgs/libcisst_msgs__rosidl_generator_py.so
[1.595s] -- Up-to-date symlink: /home/ytxu/cr_dvrk_ws/install/cisst_msgs/local/lib/python3.10/dist-packages/cisst_msgs/msg/__init__.py
[1.595s] -- Up-to-date symlink: /home/ytxu/cr_dvrk_ws/install/cisst_msgs/local/lib/python3.10/dist-packages/cisst_msgs/msg/_bool_stamped.py
[1.595s] -- Up-to-date symlink: /home/ytxu/cr_dvrk_ws/install/cisst_msgs/local/lib/python3.10/dist-packages/cisst_msgs/msg/_bool_stamped_s.c
[1.596s] -- Up-to-date symlink: /home/ytxu/cr_dvrk_ws/install/cisst_msgs/local/lib/python3.10/dist-packages/cisst_msgs/msg/_double_vec.py
[1.596s] -- Up-to-date symlink: /home/ytxu/cr_dvrk_ws/install/cisst_msgs/local/lib/python3.10/dist-packages/cisst_msgs/msg/_double_vec_s.c
[1.596s] -- Up-to-date symlink: /home/ytxu/cr_dvrk_ws/install/cisst_msgs/local/lib/python3.10/dist-packages/cisst_msgs/msg/_interval_statistics.py
[1.596s] -- Up-to-date symlink: /home/ytxu/cr_dvrk_ws/install/cisst_msgs/local/lib/python3.10/dist-packages/cisst_msgs/msg/_interval_statistics_s.c
[1.596s] -- Up-to-date symlink: /home/ytxu/cr_dvrk_ws/install/cisst_msgs/local/lib/python3.10/dist-packages/cisst_msgs/srv/__init__.py
[1.598s] -- Up-to-date symlink: /home/ytxu/cr_dvrk_ws/install/cisst_msgs/local/lib/python3.10/dist-packages/cisst_msgs/srv/_convert_float64_array.py
[1.599s] -- Up-to-date symlink: /home/ytxu/cr_dvrk_ws/install/cisst_msgs/local/lib/python3.10/dist-packages/cisst_msgs/srv/_convert_float64_array_s.c
[1.599s] -- Up-to-date symlink: /home/ytxu/cr_dvrk_ws/install/cisst_msgs/local/lib/python3.10/dist-packages/cisst_msgs/cisst_msgs_s__rosidl_typesupport_fastrtps_c.cpython-310-x86_64-linux-gnu.so
[1.599s] -- Up-to-date symlink: /home/ytxu/cr_dvrk_ws/install/cisst_msgs/local/lib/python3.10/dist-packages/cisst_msgs/cisst_msgs_s__rosidl_typesupport_introspection_c.cpython-310-x86_64-linux-gnu.so
[1.599s] -- Up-to-date symlink: /home/ytxu/cr_dvrk_ws/install/cisst_msgs/local/lib/python3.10/dist-packages/cisst_msgs/cisst_msgs_s__rosidl_typesupport_c.cpython-310-x86_64-linux-gnu.so
[1.604s] -- Up-to-date symlink: /home/ytxu/cr_dvrk_ws/install/cisst_msgs/share/cisst_msgs/msg/DoubleVec.idl
[1.604s] -- Up-to-date symlink: /home/ytxu/cr_dvrk_ws/install/cisst_msgs/share/cisst_msgs/msg/IntervalStatistics.idl
[1.604s] -- Up-to-date symlink: /home/ytxu/cr_dvrk_ws/install/cisst_msgs/share/cisst_msgs/msg/BoolStamped.idl
[1.607s] -- Up-to-date symlink: /home/ytxu/cr_dvrk_ws/install/cisst_msgs/share/cisst_msgs/srv/ConvertFloat64Array.idl
[1.607s] -- Up-to-date symlink: /home/ytxu/cr_dvrk_ws/install/cisst_msgs/share/cisst_msgs/msg/DoubleVec.msg
[1.607s] -- Up-to-date symlink: /home/ytxu/cr_dvrk_ws/install/cisst_msgs/share/cisst_msgs/msg/IntervalStatistics.msg
[1.607s] -- Up-to-date symlink: /home/ytxu/cr_dvrk_ws/install/cisst_msgs/share/cisst_msgs/msg/BoolStamped.msg
[1.609s] -- Up-to-date symlink: /home/ytxu/cr_dvrk_ws/install/cisst_msgs/share/cisst_msgs/srv/ConvertFloat64Array.srv
[1.610s] -- Up-to-date symlink: /home/ytxu/cr_dvrk_ws/install/cisst_msgs/share/cisst_msgs/srv/ConvertFloat64Array_Request.msg
[1.610s] -- Up-to-date symlink: /home/ytxu/cr_dvrk_ws/install/cisst_msgs/share/cisst_msgs/srv/ConvertFloat64Array_Response.msg
[1.611s] -- Up-to-date symlink: /home/ytxu/cr_dvrk_ws/install/cisst_msgs/share/ament_index/resource_index/package_run_dependencies/cisst_msgs
[1.613s] -- Up-to-date symlink: /home/ytxu/cr_dvrk_ws/install/cisst_msgs/share/ament_index/resource_index/parent_prefix_path/cisst_msgs
[1.613s] -- Up-to-date symlink: /home/ytxu/cr_dvrk_ws/install/cisst_msgs/share/cisst_msgs/environment/ament_prefix_path.sh
[1.616s] -- Up-to-date symlink: /home/ytxu/cr_dvrk_ws/install/cisst_msgs/share/cisst_msgs/environment/ament_prefix_path.dsv
[1.616s] -- Up-to-date symlink: /home/ytxu/cr_dvrk_ws/install/cisst_msgs/share/cisst_msgs/environment/path.sh
[1.616s] -- Up-to-date symlink: /home/ytxu/cr_dvrk_ws/install/cisst_msgs/share/cisst_msgs/environment/path.dsv
[1.617s] -- Up-to-date symlink: /home/ytxu/cr_dvrk_ws/install/cisst_msgs/share/cisst_msgs/local_setup.bash
[1.617s] -- Up-to-date symlink: /home/ytxu/cr_dvrk_ws/install/cisst_msgs/share/cisst_msgs/local_setup.sh
[1.618s] -- Up-to-date symlink: /home/ytxu/cr_dvrk_ws/install/cisst_msgs/share/cisst_msgs/local_setup.zsh
[1.618s] -- Up-to-date symlink: /home/ytxu/cr_dvrk_ws/install/cisst_msgs/share/cisst_msgs/local_setup.dsv
[1.619s] -- Symlinking: /home/ytxu/cr_dvrk_ws/install/cisst_msgs/share/cisst_msgs/package.dsv
[1.642s] -- Up-to-date symlink: /home/ytxu/cr_dvrk_ws/install/cisst_msgs/share/ament_index/resource_index/packages/cisst_msgs
[1.642s] -- Up-to-date symlink: /home/ytxu/cr_dvrk_ws/install/cisst_msgs/share/cisst_msgs/cmake/rosidl_cmake-extras.cmake
[1.643s] -- Up-to-date symlink: /home/ytxu/cr_dvrk_ws/install/cisst_msgs/share/cisst_msgs/cmake/ament_cmake_export_dependencies-extras.cmake
[1.643s] -- Up-to-date symlink: /home/ytxu/cr_dvrk_ws/install/cisst_msgs/share/cisst_msgs/cmake/ament_cmake_export_include_directories-extras.cmake
[1.652s] -- Up-to-date symlink: /home/ytxu/cr_dvrk_ws/install/cisst_msgs/share/cisst_msgs/cmake/ament_cmake_export_libraries-extras.cmake
[1.654s] -- Up-to-date symlink: /home/ytxu/cr_dvrk_ws/install/cisst_msgs/share/cisst_msgs/cmake/ament_cmake_export_targets-extras.cmake
[1.658s] -- Up-to-date symlink: /home/ytxu/cr_dvrk_ws/install/cisst_msgs/share/cisst_msgs/cmake/rosidl_cmake_export_typesupport_targets-extras.cmake
[1.659s] -- Up-to-date symlink: /home/ytxu/cr_dvrk_ws/install/cisst_msgs/share/cisst_msgs/cmake/rosidl_cmake_export_typesupport_libraries-extras.cmake
[1.659s] -- Up-to-date symlink: /home/ytxu/cr_dvrk_ws/install/cisst_msgs/share/cisst_msgs/cmake/cisst_msgsConfig.cmake
[1.662s] -- Up-to-date symlink: /home/ytxu/cr_dvrk_ws/install/cisst_msgs/share/cisst_msgs/cmake/cisst_msgsConfig-version.cmake
[1.663s] -- Up-to-date symlink: /home/ytxu/cr_dvrk_ws/install/cisst_msgs/share/cisst_msgs/package.xml
[1.665s] -- Up-to-date: /home/ytxu/cr_dvrk_ws/install/cisst_msgs/lib/libcisst_msgs__rosidl_generator_c.so
[1.667s] -- Up-to-date: /home/ytxu/cr_dvrk_ws/install/cisst_msgs/lib/libcisst_msgs__rosidl_typesupport_fastrtps_c.so
[1.668s] -- Up-to-date: /home/ytxu/cr_dvrk_ws/install/cisst_msgs/lib/libcisst_msgs__rosidl_typesupport_fastrtps_cpp.so
[1.669s] -- Up-to-date: /home/ytxu/cr_dvrk_ws/install/cisst_msgs/lib/libcisst_msgs__rosidl_typesupport_introspection_c.so
[1.670s] -- Up-to-date: /home/ytxu/cr_dvrk_ws/install/cisst_msgs/lib/libcisst_msgs__rosidl_typesupport_c.so
[1.671s] -- Up-to-date: /home/ytxu/cr_dvrk_ws/install/cisst_msgs/lib/libcisst_msgs__rosidl_typesupport_introspection_cpp.so
[1.672s] -- Up-to-date: /home/ytxu/cr_dvrk_ws/install/cisst_msgs/lib/libcisst_msgs__rosidl_typesupport_cpp.so
[1.681s] Listing '/home/ytxu/cr_dvrk_ws/install/cisst_msgs/local/lib/python3.10/dist-packages/cisst_msgs'...
[1.682s] Listing '/home/ytxu/cr_dvrk_ws/install/cisst_msgs/local/lib/python3.10/dist-packages/cisst_msgs/msg'...
[1.682s] Listing '/home/ytxu/cr_dvrk_ws/install/cisst_msgs/local/lib/python3.10/dist-packages/cisst_msgs/srv'...
[1.682s] -- Up-to-date: /home/ytxu/cr_dvrk_ws/install/cisst_msgs/lib/libcisst_msgs__rosidl_generator_py.so
[1.683s] -- Up-to-date: /home/ytxu/cr_dvrk_ws/install/cisst_msgs/share/cisst_msgs/cmake/export_cisst_msgs__rosidl_generator_cExport.cmake
[1.683s] -- Up-to-date: /home/ytxu/cr_dvrk_ws/install/cisst_msgs/share/cisst_msgs/cmake/export_cisst_msgs__rosidl_generator_cExport-release.cmake
[1.683s] -- Up-to-date: /home/ytxu/cr_dvrk_ws/install/cisst_msgs/share/cisst_msgs/cmake/export_cisst_msgs__rosidl_typesupport_fastrtps_cExport.cmake
[1.683s] -- Up-to-date: /home/ytxu/cr_dvrk_ws/install/cisst_msgs/share/cisst_msgs/cmake/export_cisst_msgs__rosidl_typesupport_fastrtps_cExport-release.cmake
[1.684s] -- Up-to-date: /home/ytxu/cr_dvrk_ws/install/cisst_msgs/share/cisst_msgs/cmake/export_cisst_msgs__rosidl_generator_cppExport.cmake
[1.684s] -- Up-to-date: /home/ytxu/cr_dvrk_ws/install/cisst_msgs/share/cisst_msgs/cmake/export_cisst_msgs__rosidl_typesupport_fastrtps_cppExport.cmake
[1.684s] -- Up-to-date: /home/ytxu/cr_dvrk_ws/install/cisst_msgs/share/cisst_msgs/cmake/export_cisst_msgs__rosidl_typesupport_fastrtps_cppExport-release.cmake
[1.684s] -- Up-to-date: /home/ytxu/cr_dvrk_ws/install/cisst_msgs/share/cisst_msgs/cmake/cisst_msgs__rosidl_typesupport_introspection_cExport.cmake
[1.685s] -- Up-to-date: /home/ytxu/cr_dvrk_ws/install/cisst_msgs/share/cisst_msgs/cmake/cisst_msgs__rosidl_typesupport_introspection_cExport-release.cmake
[1.685s] -- Up-to-date: /home/ytxu/cr_dvrk_ws/install/cisst_msgs/share/cisst_msgs/cmake/cisst_msgs__rosidl_typesupport_cExport.cmake
[1.685s] -- Up-to-date: /home/ytxu/cr_dvrk_ws/install/cisst_msgs/share/cisst_msgs/cmake/cisst_msgs__rosidl_typesupport_cExport-release.cmake
[1.685s] -- Up-to-date: /home/ytxu/cr_dvrk_ws/install/cisst_msgs/share/cisst_msgs/cmake/cisst_msgs__rosidl_typesupport_introspection_cppExport.cmake
[1.686s] -- Up-to-date: /home/ytxu/cr_dvrk_ws/install/cisst_msgs/share/cisst_msgs/cmake/cisst_msgs__rosidl_typesupport_introspection_cppExport-release.cmake
[1.687s] -- Up-to-date: /home/ytxu/cr_dvrk_ws/install/cisst_msgs/share/cisst_msgs/cmake/cisst_msgs__rosidl_typesupport_cppExport.cmake
[1.687s] -- Up-to-date: /home/ytxu/cr_dvrk_ws/install/cisst_msgs/share/cisst_msgs/cmake/cisst_msgs__rosidl_typesupport_cppExport-release.cmake
[1.688s] -- Up-to-date: /home/ytxu/cr_dvrk_ws/install/cisst_msgs/share/cisst_msgs/cmake/export_cisst_msgs__rosidl_generator_pyExport.cmake
[1.688s] -- Up-to-date: /home/ytxu/cr_dvrk_ws/install/cisst_msgs/share/cisst_msgs/cmake/export_cisst_msgs__rosidl_generator_pyExport-release.cmake
[1.770s] Invoked command in '/home/ytxu/cr_dvrk_ws/build/cisst_msgs' returned '0': CMAKE_PREFIX_PATH=/home/ytxu/cr_dvrk_ws/install/dvrk_robot:/home/ytxu/cr_dvrk_ws/install/sawIntuitiveResearchKitCore:/home/ytxu/cr_dvrk_ws/install/sawTextToSpeechAll:/home/ytxu/cr_dvrk_ws/install/robot_io:/home/ytxu/cr_dvrk_ws/install/sawRobotIO1394Core:/home/ytxu/cr_dvrk_ws/install/sawControllersAll:/home/ytxu/cr_dvrk_ws/install/sawKeyboardAll:/home/ytxu/cr_dvrk_ws/install/dvrk_video:/home/ytxu/cr_dvrk_ws/install/dvrk_python:/home/ytxu/cr_dvrk_ws/install/dvrk_model:/home/ytxu/cr_dvrk_ws/install/dvrk_hrsv_widget:/home/ytxu/cr_dvrk_ws/install/dvrk_config_jhu:/home/ytxu/cr_dvrk_ws/install/dvrk_config:/home/ytxu/cr_dvrk_ws/install/dvrk_camera_registration:/home/ytxu/cr_dvrk_ws/install/dvrk_arms_from_ros:/home/ytxu/cr_dvrk_ws/install/crtk_python_client:/home/ytxu/cr_dvrk_ws/install/cisst_ros_crtk:/home/ytxu/cr_dvrk_ws/install/crtk_msgs:/home/ytxu/cr_dvrk_ws/install/cisst_ros_bridge:/home/ytxu/cr_dvrk_ws/install/cisst_msgs:/home/ytxu/cr-dvrk-rviz/install/test_scripts:/home/ytxu/cr-dvrk-rviz/install/teleop_cr_psm:/home/ytxu/cr-dvrk-rviz/install/cr_dvrk_kinematics:/home/ytxu/ctr_tr_model/install/pub_ctr_kinematics:/opt/ros/humble:/home/ytxu/cr_dvrk_ws/install/cisst:/home/ytxu/cr_dvrk_ws/install/cisstNetlib /usr/bin/cmake --install /home/ytxu/cr_dvrk_ws/build/cisst_msgs
