-- The C compiler identification is GNU 11.4.0
-- The CXX compiler identification is GNU 11.4.0
-- Detecting C compiler ABI info
-- Detecting C compiler ABI info - done
-- Check for working C compiler: /usr/bin/cc - skipped
-- Detecting C compile features
-- Detecting C compile features - done
-- Detecting CXX compiler ABI info
-- Detecting CXX compiler ABI info - done
-- Check for working CXX compiler: /usr/bin/c++ - skipped
-- Detecting CXX compile features
-- Detecting CXX compile features - done
-- Found Python3: /usr/bin/python3 (found version "3.10.12") found components: Interpreter 
-- Override CMake install command with custom implementation using symlinks instead of copying resources
-- Configuring done
-- Generating done
-- Build files have been written to: /home/ytxu/cr_dvrk_ws/build/dvrk_python
Built target ament_cmake_python_symlink_dvrk
running egg_info
creating dvrk.egg-info
writing dvrk.egg-info/PKG-INFO
writing dependency_links to dvrk.egg-info/dependency_links.txt
writing top-level names to dvrk.egg-info/top_level.txt
writing manifest file 'dvrk.egg-info/SOURCES.txt'
reading manifest file 'dvrk.egg-info/SOURCES.txt'
writing manifest file 'dvrk.egg-info/SOURCES.txt'
Built target ament_cmake_python_build_dvrk_egg
-- Install configuration: "Release"
-- Execute custom install script
-- Symlinking: /home/ytxu/cr_dvrk_ws/install/dvrk_python/share/dvrk_python/environment/pythonpath.sh
-- Symlinking: /home/ytxu/cr_dvrk_ws/install/dvrk_python/share/dvrk_python/environment/pythonpath.dsv
-- Symlinking: /home/ytxu/cr_dvrk_ws/install/dvrk_python/local/lib/python3.10/dist-packages/dvrk-2.3.0-py3.10.egg-info/PKG-INFO
-- Symlinking: /home/ytxu/cr_dvrk_ws/install/dvrk_python/local/lib/python3.10/dist-packages/dvrk-2.3.0-py3.10.egg-info/SOURCES.txt
-- Symlinking: /home/ytxu/cr_dvrk_ws/install/dvrk_python/local/lib/python3.10/dist-packages/dvrk-2.3.0-py3.10.egg-info/dependency_links.txt
-- Symlinking: /home/ytxu/cr_dvrk_ws/install/dvrk_python/local/lib/python3.10/dist-packages/dvrk-2.3.0-py3.10.egg-info/top_level.txt
-- Symlinking: /home/ytxu/cr_dvrk_ws/install/dvrk_python/local/lib/python3.10/dist-packages/dvrk/__init__.py
-- Symlinking: /home/ytxu/cr_dvrk_ws/install/dvrk_python/local/lib/python3.10/dist-packages/dvrk/arm.py
-- Symlinking: /home/ytxu/cr_dvrk_ws/install/dvrk_python/local/lib/python3.10/dist-packages/dvrk/console.py
-- Symlinking: /home/ytxu/cr_dvrk_ws/install/dvrk_python/local/lib/python3.10/dist-packages/dvrk/ecm.py
-- Symlinking: /home/ytxu/cr_dvrk_ws/install/dvrk_python/local/lib/python3.10/dist-packages/dvrk/mtm.py
-- Symlinking: /home/ytxu/cr_dvrk_ws/install/dvrk_python/local/lib/python3.10/dist-packages/dvrk/psm.py
-- Symlinking: /home/ytxu/cr_dvrk_ws/install/dvrk_python/local/lib/python3.10/dist-packages/dvrk/suj.py
-- Symlinking: /home/ytxu/cr_dvrk_ws/install/dvrk_python/local/lib/python3.10/dist-packages/dvrk/teleop_psm.py
-- Symlinking: /home/ytxu/cr_dvrk_ws/install/dvrk_python/lib/dvrk_python/dvrk_arm_test.py
-- Symlinking: /home/ytxu/cr_dvrk_ws/install/dvrk_python/lib/dvrk_python/dvrk_bag_replay.py
-- Symlinking: /home/ytxu/cr_dvrk_ws/install/dvrk_python/lib/dvrk_python/dvrk_calibrate_potentiometer_psm.py
-- Symlinking: /home/ytxu/cr_dvrk_ws/install/dvrk_python/lib/dvrk_python/dvrk_calibrate_potentiometer_psm_cv.py
-- Symlinking: /home/ytxu/cr_dvrk_ws/install/dvrk_python/lib/dvrk_python/dvrk_calibrate_potentiometers.py
-- Symlinking: /home/ytxu/cr_dvrk_ws/install/dvrk_python/lib/dvrk_python/dvrk_calibrate_suj.py
-- Symlinking: /home/ytxu/cr_dvrk_ws/install/dvrk_python/lib/dvrk_python/dvrk_console_test.py
-- Symlinking: /home/ytxu/cr_dvrk_ws/install/dvrk_python/lib/dvrk_python/dvrk_ecm_psm_gc_collect.py
-- Symlinking: /home/ytxu/cr_dvrk_ws/install/dvrk_python/lib/dvrk_python/dvrk_latency_test.py
-- Symlinking: /home/ytxu/cr_dvrk_ws/install/dvrk_python/lib/dvrk_python/dvrk_move_wait_test.py
-- Symlinking: /home/ytxu/cr_dvrk_ws/install/dvrk_python/lib/dvrk_python/dvrk_mtm_cartesian_impedance.py
-- Symlinking: /home/ytxu/cr_dvrk_ws/install/dvrk_python/lib/dvrk_python/dvrk_mtm_test.py
-- Symlinking: /home/ytxu/cr_dvrk_ws/install/dvrk_python/lib/dvrk_python/dvrk_psm_ecm_registration.py
-- Symlinking: /home/ytxu/cr_dvrk_ws/install/dvrk_python/lib/dvrk_python/dvrk_psm_effort_test.py
-- Symlinking: /home/ytxu/cr_dvrk_ws/install/dvrk_python/lib/dvrk_python/dvrk_psm_test.py
-- Symlinking: /home/ytxu/cr_dvrk_ws/install/dvrk_python/lib/dvrk_python/dvrk_reset_teleoperation.py
-- Symlinking: /home/ytxu/cr_dvrk_ws/install/dvrk_python/lib/dvrk_python/dvrk_teleoperation.py
-- Symlinking: /home/ytxu/cr_dvrk_ws/install/dvrk_python/lib/dvrk_python/psm_calibration_cv.py
-- Symlinking: /home/ytxu/cr_dvrk_ws/install/dvrk_python/lib/dvrk_python/validate_psm_calibration.py
-- Symlinking: /home/ytxu/cr_dvrk_ws/install/dvrk_python/share/ament_index/resource_index/package_run_dependencies/dvrk_python
-- Symlinking: /home/ytxu/cr_dvrk_ws/install/dvrk_python/share/ament_index/resource_index/parent_prefix_path/dvrk_python
-- Symlinking: /home/ytxu/cr_dvrk_ws/install/dvrk_python/share/dvrk_python/environment/ament_prefix_path.sh
-- Symlinking: /home/ytxu/cr_dvrk_ws/install/dvrk_python/share/dvrk_python/environment/ament_prefix_path.dsv
-- Symlinking: /home/ytxu/cr_dvrk_ws/install/dvrk_python/share/dvrk_python/environment/path.sh
-- Symlinking: /home/ytxu/cr_dvrk_ws/install/dvrk_python/share/dvrk_python/environment/path.dsv
-- Symlinking: /home/ytxu/cr_dvrk_ws/install/dvrk_python/share/dvrk_python/local_setup.bash
-- Symlinking: /home/ytxu/cr_dvrk_ws/install/dvrk_python/share/dvrk_python/local_setup.sh
-- Symlinking: /home/ytxu/cr_dvrk_ws/install/dvrk_python/share/dvrk_python/local_setup.zsh
-- Symlinking: /home/ytxu/cr_dvrk_ws/install/dvrk_python/share/dvrk_python/local_setup.dsv
-- Symlinking: /home/ytxu/cr_dvrk_ws/install/dvrk_python/share/dvrk_python/package.dsv
-- Symlinking: /home/ytxu/cr_dvrk_ws/install/dvrk_python/share/ament_index/resource_index/packages/dvrk_python
-- Symlinking: /home/ytxu/cr_dvrk_ws/install/dvrk_python/share/dvrk_python/cmake/dvrk_pythonConfig.cmake
-- Symlinking: /home/ytxu/cr_dvrk_ws/install/dvrk_python/share/dvrk_python/cmake/dvrk_pythonConfig-version.cmake
-- Symlinking: /home/ytxu/cr_dvrk_ws/install/dvrk_python/share/dvrk_python/package.xml
Listing '/home/ytxu/cr_dvrk_ws/install/dvrk_python/local/lib/python3.10/dist-packages/dvrk'...
Compiling '/home/ytxu/cr_dvrk_ws/install/dvrk_python/local/lib/python3.10/dist-packages/dvrk/__init__.py'...
Compiling '/home/ytxu/cr_dvrk_ws/install/dvrk_python/local/lib/python3.10/dist-packages/dvrk/arm.py'...
Compiling '/home/ytxu/cr_dvrk_ws/install/dvrk_python/local/lib/python3.10/dist-packages/dvrk/console.py'...
Compiling '/home/ytxu/cr_dvrk_ws/install/dvrk_python/local/lib/python3.10/dist-packages/dvrk/ecm.py'...
Compiling '/home/ytxu/cr_dvrk_ws/install/dvrk_python/local/lib/python3.10/dist-packages/dvrk/mtm.py'...
Compiling '/home/ytxu/cr_dvrk_ws/install/dvrk_python/local/lib/python3.10/dist-packages/dvrk/psm.py'...
Compiling '/home/ytxu/cr_dvrk_ws/install/dvrk_python/local/lib/python3.10/dist-packages/dvrk/suj.py'...
Compiling '/home/ytxu/cr_dvrk_ws/install/dvrk_python/local/lib/python3.10/dist-packages/dvrk/teleop_psm.py'...
