[0.061s] Invoking command in '/home/ytxu/cr_dvrk_ws/build/crtk_python_client': CMAKE_PREFIX_PATH=/home/ytxu/cr_dvrk_ws/install/crtk_msgs:/home/ytxu/cr_dvrk_ws/install/dvrk_robot:/home/ytxu/cr_dvrk_ws/install/sawIntuitiveResearchKitCore:/home/ytxu/cr_dvrk_ws/install/sawTextToSpeechAll:/home/ytxu/cr_dvrk_ws/install/robot_io:/home/ytxu/cr_dvrk_ws/install/sawRobotIO1394Core:/home/ytxu/cr_dvrk_ws/install/sawControllersAll:/home/ytxu/cr_dvrk_ws/install/sawKeyboardAll:/home/ytxu/cr_dvrk_ws/install/dvrk_video:/home/ytxu/cr_dvrk_ws/install/dvrk_python:/home/ytxu/cr_dvrk_ws/install/dvrk_model:/home/ytxu/cr_dvrk_ws/install/dvrk_hrsv_widget:/home/ytxu/cr_dvrk_ws/install/dvrk_config_jhu:/home/ytxu/cr_dvrk_ws/install/dvrk_config:/home/ytxu/cr_dvrk_ws/install/dvrk_camera_registration:/home/ytxu/cr_dvrk_ws/install/dvrk_arms_from_ros:/home/ytxu/cr_dvrk_ws/install/crtk_python_client:/home/ytxu/cr_dvrk_ws/install/cisst_ros_crtk:/home/ytxu/cr_dvrk_ws/install/cisst_ros_bridge:/home/ytxu/cr_dvrk_ws/install/cisst_msgs:/home/ytxu/cr-dvrk-rviz/install/test_scripts:/home/ytxu/cr-dvrk-rviz/install/teleop_cr_psm:/home/ytxu/cr-dvrk-rviz/install/cr_dvrk_kinematics:/home/ytxu/ctr_tr_model/install/pub_ctr_kinematics:/opt/ros/humble:/home/ytxu/cr_dvrk_ws/install/cisst:/home/ytxu/cr_dvrk_ws/install/cisstNetlib LD_LIBRARY_PATH=/home/ytxu/cr_dvrk_ws/install/crtk_msgs/lib:/home/ytxu/cr_dvrk_ws/install/dvrk_robot/lib:/home/ytxu/cr_dvrk_ws/install/sawIntuitiveResearchKitCore/lib:/home/ytxu/cr_dvrk_ws/install/sawTextToSpeechAll/lib:/home/ytxu/cr_dvrk_ws/install/sawRobotIO1394Core/lib:/home/ytxu/cr_dvrk_ws/install/sawControllersAll/lib:/home/ytxu/cr_dvrk_ws/install/sawKeyboardAll/lib:/home/ytxu/cr_dvrk_ws/install/dvrk_arms_from_ros/lib:/home/ytxu/cr_dvrk_ws/install/cisst_ros_crtk/lib:/home/ytxu/cr_dvrk_ws/install/cisst_ros_bridge/lib:/home/ytxu/cr_dvrk_ws/install/cisst_msgs/lib:/home/ytxu/cr_dvrk_ws/install/cisst/lib:/home/ytxu/cr_dvrk_ws/install/cisst/lib:/opt/ros/humble/opt/rviz_ogre_vendor/lib:/opt/ros/humble/lib/x86_64-linux-gnu:/opt/ros/humble/lib /usr/bin/cmake --build /home/ytxu/cr_dvrk_ws/build/crtk_python_client -- -j12 -l12
[0.144s] Built target ament_cmake_python_symlink_crtk
[0.487s] running egg_info
[0.488s] writing crtk.egg-info/PKG-INFO
[0.489s] writing dependency_links to crtk.egg-info/dependency_links.txt
[0.489s] writing top-level names to crtk.egg-info/top_level.txt
[0.491s] reading manifest file 'crtk.egg-info/SOURCES.txt'
[0.492s] writing manifest file 'crtk.egg-info/SOURCES.txt'
[0.521s] Built target ament_cmake_python_build_crtk_egg
[0.535s] Invoked command in '/home/ytxu/cr_dvrk_ws/build/crtk_python_client' returned '0': CMAKE_PREFIX_PATH=/home/ytxu/cr_dvrk_ws/install/crtk_msgs:/home/ytxu/cr_dvrk_ws/install/dvrk_robot:/home/ytxu/cr_dvrk_ws/install/sawIntuitiveResearchKitCore:/home/ytxu/cr_dvrk_ws/install/sawTextToSpeechAll:/home/ytxu/cr_dvrk_ws/install/robot_io:/home/ytxu/cr_dvrk_ws/install/sawRobotIO1394Core:/home/ytxu/cr_dvrk_ws/install/sawControllersAll:/home/ytxu/cr_dvrk_ws/install/sawKeyboardAll:/home/ytxu/cr_dvrk_ws/install/dvrk_video:/home/ytxu/cr_dvrk_ws/install/dvrk_python:/home/ytxu/cr_dvrk_ws/install/dvrk_model:/home/ytxu/cr_dvrk_ws/install/dvrk_hrsv_widget:/home/ytxu/cr_dvrk_ws/install/dvrk_config_jhu:/home/ytxu/cr_dvrk_ws/install/dvrk_config:/home/ytxu/cr_dvrk_ws/install/dvrk_camera_registration:/home/ytxu/cr_dvrk_ws/install/dvrk_arms_from_ros:/home/ytxu/cr_dvrk_ws/install/crtk_python_client:/home/ytxu/cr_dvrk_ws/install/cisst_ros_crtk:/home/ytxu/cr_dvrk_ws/install/cisst_ros_bridge:/home/ytxu/cr_dvrk_ws/install/cisst_msgs:/home/ytxu/cr-dvrk-rviz/install/test_scripts:/home/ytxu/cr-dvrk-rviz/install/teleop_cr_psm:/home/ytxu/cr-dvrk-rviz/install/cr_dvrk_kinematics:/home/ytxu/ctr_tr_model/install/pub_ctr_kinematics:/opt/ros/humble:/home/ytxu/cr_dvrk_ws/install/cisst:/home/ytxu/cr_dvrk_ws/install/cisstNetlib LD_LIBRARY_PATH=/home/ytxu/cr_dvrk_ws/install/crtk_msgs/lib:/home/ytxu/cr_dvrk_ws/install/dvrk_robot/lib:/home/ytxu/cr_dvrk_ws/install/sawIntuitiveResearchKitCore/lib:/home/ytxu/cr_dvrk_ws/install/sawTextToSpeechAll/lib:/home/ytxu/cr_dvrk_ws/install/sawRobotIO1394Core/lib:/home/ytxu/cr_dvrk_ws/install/sawControllersAll/lib:/home/ytxu/cr_dvrk_ws/install/sawKeyboardAll/lib:/home/ytxu/cr_dvrk_ws/install/dvrk_arms_from_ros/lib:/home/ytxu/cr_dvrk_ws/install/cisst_ros_crtk/lib:/home/ytxu/cr_dvrk_ws/install/cisst_ros_bridge/lib:/home/ytxu/cr_dvrk_ws/install/cisst_msgs/lib:/home/ytxu/cr_dvrk_ws/install/cisst/lib:/home/ytxu/cr_dvrk_ws/install/cisst/lib:/opt/ros/humble/opt/rviz_ogre_vendor/lib:/opt/ros/humble/lib/x86_64-linux-gnu:/opt/ros/humble/lib /usr/bin/cmake --build /home/ytxu/cr_dvrk_ws/build/crtk_python_client -- -j12 -l12
[0.536s] Invoking command in '/home/ytxu/cr_dvrk_ws/build/crtk_python_client': CMAKE_PREFIX_PATH=/home/ytxu/cr_dvrk_ws/install/crtk_msgs:/home/ytxu/cr_dvrk_ws/install/dvrk_robot:/home/ytxu/cr_dvrk_ws/install/sawIntuitiveResearchKitCore:/home/ytxu/cr_dvrk_ws/install/sawTextToSpeechAll:/home/ytxu/cr_dvrk_ws/install/robot_io:/home/ytxu/cr_dvrk_ws/install/sawRobotIO1394Core:/home/ytxu/cr_dvrk_ws/install/sawControllersAll:/home/ytxu/cr_dvrk_ws/install/sawKeyboardAll:/home/ytxu/cr_dvrk_ws/install/dvrk_video:/home/ytxu/cr_dvrk_ws/install/dvrk_python:/home/ytxu/cr_dvrk_ws/install/dvrk_model:/home/ytxu/cr_dvrk_ws/install/dvrk_hrsv_widget:/home/ytxu/cr_dvrk_ws/install/dvrk_config_jhu:/home/ytxu/cr_dvrk_ws/install/dvrk_config:/home/ytxu/cr_dvrk_ws/install/dvrk_camera_registration:/home/ytxu/cr_dvrk_ws/install/dvrk_arms_from_ros:/home/ytxu/cr_dvrk_ws/install/crtk_python_client:/home/ytxu/cr_dvrk_ws/install/cisst_ros_crtk:/home/ytxu/cr_dvrk_ws/install/cisst_ros_bridge:/home/ytxu/cr_dvrk_ws/install/cisst_msgs:/home/ytxu/cr-dvrk-rviz/install/test_scripts:/home/ytxu/cr-dvrk-rviz/install/teleop_cr_psm:/home/ytxu/cr-dvrk-rviz/install/cr_dvrk_kinematics:/home/ytxu/ctr_tr_model/install/pub_ctr_kinematics:/opt/ros/humble:/home/ytxu/cr_dvrk_ws/install/cisst:/home/ytxu/cr_dvrk_ws/install/cisstNetlib LD_LIBRARY_PATH=/home/ytxu/cr_dvrk_ws/install/crtk_msgs/lib:/home/ytxu/cr_dvrk_ws/install/dvrk_robot/lib:/home/ytxu/cr_dvrk_ws/install/sawIntuitiveResearchKitCore/lib:/home/ytxu/cr_dvrk_ws/install/sawTextToSpeechAll/lib:/home/ytxu/cr_dvrk_ws/install/sawRobotIO1394Core/lib:/home/ytxu/cr_dvrk_ws/install/sawControllersAll/lib:/home/ytxu/cr_dvrk_ws/install/sawKeyboardAll/lib:/home/ytxu/cr_dvrk_ws/install/dvrk_arms_from_ros/lib:/home/ytxu/cr_dvrk_ws/install/cisst_ros_crtk/lib:/home/ytxu/cr_dvrk_ws/install/cisst_ros_bridge/lib:/home/ytxu/cr_dvrk_ws/install/cisst_msgs/lib:/home/ytxu/cr_dvrk_ws/install/cisst/lib:/home/ytxu/cr_dvrk_ws/install/cisst/lib:/opt/ros/humble/opt/rviz_ogre_vendor/lib:/opt/ros/humble/lib/x86_64-linux-gnu:/opt/ros/humble/lib /usr/bin/cmake --install /home/ytxu/cr_dvrk_ws/build/crtk_python_client
[0.549s] -- Install configuration: "Release"
[0.550s] -- Execute custom install script
[0.550s] -- Up-to-date symlink: /home/ytxu/cr_dvrk_ws/install/crtk_python_client/share/crtk_python_client/environment/pythonpath.sh
[0.550s] -- Up-to-date symlink: /home/ytxu/cr_dvrk_ws/install/crtk_python_client/share/crtk_python_client/environment/pythonpath.dsv
[0.551s] -- Up-to-date symlink: /home/ytxu/cr_dvrk_ws/install/crtk_python_client/local/lib/python3.10/dist-packages/crtk-1.3.1-py3.10.egg-info/PKG-INFO
[0.551s] -- Up-to-date symlink: /home/ytxu/cr_dvrk_ws/install/crtk_python_client/local/lib/python3.10/dist-packages/crtk-1.3.1-py3.10.egg-info/SOURCES.txt
[0.551s] -- Up-to-date symlink: /home/ytxu/cr_dvrk_ws/install/crtk_python_client/local/lib/python3.10/dist-packages/crtk-1.3.1-py3.10.egg-info/dependency_links.txt
[0.552s] -- Up-to-date symlink: /home/ytxu/cr_dvrk_ws/install/crtk_python_client/local/lib/python3.10/dist-packages/crtk-1.3.1-py3.10.egg-info/top_level.txt
[0.552s] -- Up-to-date symlink: /home/ytxu/cr_dvrk_ws/install/crtk_python_client/local/lib/python3.10/dist-packages/crtk/__init__.py
[0.553s] -- Up-to-date symlink: /home/ytxu/cr_dvrk_ws/install/crtk_python_client/local/lib/python3.10/dist-packages/crtk/joystick_button.py
[0.553s] -- Up-to-date symlink: /home/ytxu/cr_dvrk_ws/install/crtk_python_client/local/lib/python3.10/dist-packages/crtk/measured_cp.py
[0.553s] -- Up-to-date symlink: /home/ytxu/cr_dvrk_ws/install/crtk_python_client/local/lib/python3.10/dist-packages/crtk/msg_conversions.py
[0.553s] -- Up-to-date symlink: /home/ytxu/cr_dvrk_ws/install/crtk_python_client/local/lib/python3.10/dist-packages/crtk/ral_ros1.py
[0.553s] -- Up-to-date symlink: /home/ytxu/cr_dvrk_ws/install/crtk_python_client/local/lib/python3.10/dist-packages/crtk/ral_ros2.py
[0.554s] -- Up-to-date symlink: /home/ytxu/cr_dvrk_ws/install/crtk_python_client/local/lib/python3.10/dist-packages/crtk/utils.py
[0.554s] -- Up-to-date symlink: /home/ytxu/cr_dvrk_ws/install/crtk_python_client/local/lib/python3.10/dist-packages/crtk/wait_move_handle.py
[0.554s] -- Up-to-date symlink: /home/ytxu/cr_dvrk_ws/install/crtk_python_client/lib/crtk_python_client/crtk_haptic_example.py
[0.554s] -- Up-to-date symlink: /home/ytxu/cr_dvrk_ws/install/crtk_python_client/lib/crtk_python_client/crtk_move_cp_example.py
[0.555s] -- Up-to-date symlink: /home/ytxu/cr_dvrk_ws/install/crtk_python_client/lib/crtk_python_client/crtk_servo_cp_example.py
[0.555s] -- Up-to-date symlink: /home/ytxu/cr_dvrk_ws/install/crtk_python_client/lib/crtk_python_client/crtk_servo_cv_example.py
[0.555s] -- Up-to-date symlink: /home/ytxu/cr_dvrk_ws/install/crtk_python_client/lib/crtk_python_client/crtk_servo_jp_example.py
[0.555s] -- Up-to-date symlink: /home/ytxu/cr_dvrk_ws/install/crtk_python_client/lib/crtk_python_client/crtk_teleop_example.py
[0.556s] -- Up-to-date symlink: /home/ytxu/cr_dvrk_ws/install/crtk_python_client/share/ament_index/resource_index/package_run_dependencies/crtk_python_client
[0.556s] -- Up-to-date symlink: /home/ytxu/cr_dvrk_ws/install/crtk_python_client/share/ament_index/resource_index/parent_prefix_path/crtk_python_client
[0.556s] -- Up-to-date symlink: /home/ytxu/cr_dvrk_ws/install/crtk_python_client/share/crtk_python_client/environment/ament_prefix_path.sh
[0.556s] -- Up-to-date symlink: /home/ytxu/cr_dvrk_ws/install/crtk_python_client/share/crtk_python_client/environment/ament_prefix_path.dsv
[0.557s] -- Up-to-date symlink: /home/ytxu/cr_dvrk_ws/install/crtk_python_client/share/crtk_python_client/environment/path.sh
[0.557s] -- Up-to-date symlink: /home/ytxu/cr_dvrk_ws/install/crtk_python_client/share/crtk_python_client/environment/path.dsv
[0.557s] -- Up-to-date symlink: /home/ytxu/cr_dvrk_ws/install/crtk_python_client/share/crtk_python_client/local_setup.bash
[0.558s] -- Up-to-date symlink: /home/ytxu/cr_dvrk_ws/install/crtk_python_client/share/crtk_python_client/local_setup.sh
[0.558s] -- Up-to-date symlink: /home/ytxu/cr_dvrk_ws/install/crtk_python_client/share/crtk_python_client/local_setup.zsh
[0.558s] -- Up-to-date symlink: /home/ytxu/cr_dvrk_ws/install/crtk_python_client/share/crtk_python_client/local_setup.dsv
[0.558s] -- Symlinking: /home/ytxu/cr_dvrk_ws/install/crtk_python_client/share/crtk_python_client/package.dsv
[0.570s] -- Up-to-date symlink: /home/ytxu/cr_dvrk_ws/install/crtk_python_client/share/ament_index/resource_index/packages/crtk_python_client
[0.570s] -- Up-to-date symlink: /home/ytxu/cr_dvrk_ws/install/crtk_python_client/share/crtk_python_client/cmake/crtk_python_clientConfig.cmake
[0.570s] -- Up-to-date symlink: /home/ytxu/cr_dvrk_ws/install/crtk_python_client/share/crtk_python_client/cmake/crtk_python_clientConfig-version.cmake
[0.571s] -- Up-to-date symlink: /home/ytxu/cr_dvrk_ws/install/crtk_python_client/share/crtk_python_client/package.xml
[0.620s] Listing '/home/ytxu/cr_dvrk_ws/install/crtk_python_client/local/lib/python3.10/dist-packages/crtk'...
[0.627s] Invoked command in '/home/ytxu/cr_dvrk_ws/build/crtk_python_client' returned '0': CMAKE_PREFIX_PATH=/home/ytxu/cr_dvrk_ws/install/crtk_msgs:/home/ytxu/cr_dvrk_ws/install/dvrk_robot:/home/ytxu/cr_dvrk_ws/install/sawIntuitiveResearchKitCore:/home/ytxu/cr_dvrk_ws/install/sawTextToSpeechAll:/home/ytxu/cr_dvrk_ws/install/robot_io:/home/ytxu/cr_dvrk_ws/install/sawRobotIO1394Core:/home/ytxu/cr_dvrk_ws/install/sawControllersAll:/home/ytxu/cr_dvrk_ws/install/sawKeyboardAll:/home/ytxu/cr_dvrk_ws/install/dvrk_video:/home/ytxu/cr_dvrk_ws/install/dvrk_python:/home/ytxu/cr_dvrk_ws/install/dvrk_model:/home/ytxu/cr_dvrk_ws/install/dvrk_hrsv_widget:/home/ytxu/cr_dvrk_ws/install/dvrk_config_jhu:/home/ytxu/cr_dvrk_ws/install/dvrk_config:/home/ytxu/cr_dvrk_ws/install/dvrk_camera_registration:/home/ytxu/cr_dvrk_ws/install/dvrk_arms_from_ros:/home/ytxu/cr_dvrk_ws/install/crtk_python_client:/home/ytxu/cr_dvrk_ws/install/cisst_ros_crtk:/home/ytxu/cr_dvrk_ws/install/cisst_ros_bridge:/home/ytxu/cr_dvrk_ws/install/cisst_msgs:/home/ytxu/cr-dvrk-rviz/install/test_scripts:/home/ytxu/cr-dvrk-rviz/install/teleop_cr_psm:/home/ytxu/cr-dvrk-rviz/install/cr_dvrk_kinematics:/home/ytxu/ctr_tr_model/install/pub_ctr_kinematics:/opt/ros/humble:/home/ytxu/cr_dvrk_ws/install/cisst:/home/ytxu/cr_dvrk_ws/install/cisstNetlib LD_LIBRARY_PATH=/home/ytxu/cr_dvrk_ws/install/crtk_msgs/lib:/home/ytxu/cr_dvrk_ws/install/dvrk_robot/lib:/home/ytxu/cr_dvrk_ws/install/sawIntuitiveResearchKitCore/lib:/home/ytxu/cr_dvrk_ws/install/sawTextToSpeechAll/lib:/home/ytxu/cr_dvrk_ws/install/sawRobotIO1394Core/lib:/home/ytxu/cr_dvrk_ws/install/sawControllersAll/lib:/home/ytxu/cr_dvrk_ws/install/sawKeyboardAll/lib:/home/ytxu/cr_dvrk_ws/install/dvrk_arms_from_ros/lib:/home/ytxu/cr_dvrk_ws/install/cisst_ros_crtk/lib:/home/ytxu/cr_dvrk_ws/install/cisst_ros_bridge/lib:/home/ytxu/cr_dvrk_ws/install/cisst_msgs/lib:/home/ytxu/cr_dvrk_ws/install/cisst/lib:/home/ytxu/cr_dvrk_ws/install/cisst/lib:/opt/ros/humble/opt/rviz_ogre_vendor/lib:/opt/ros/humble/lib/x86_64-linux-gnu:/opt/ros/humble/lib /usr/bin/cmake --install /home/ytxu/cr_dvrk_ws/build/crtk_python_client
