[0.292s] Invoking command in '/home/ytxu/cr_dvrk_ws/build/sawIntuitiveResearchKitCore': CMAKE_PREFIX_PATH=/home/ytxu/cr_dvrk_ws/install/sawTextToSpeechAll:/home/ytxu/cr_dvrk_ws/install/sawControllersAll:/home/ytxu/cr_dvrk_ws/install/sawRobotIO1394Core:/home/ytxu/cr_dvrk_ws/install/sawKeyboardAll:/home/ytxu/cr_dvrk_ws/install/cisst:/home/ytxu/cr_dvrk_ws/install/cisstNetlib:/home/ytxu/cr_dvrk_ws/install/dvrk_robot:/home/ytxu/cr_dvrk_ws/install/sawIntuitiveResearchKitCore:/home/ytxu/cr_dvrk_ws/install/robot_io:/home/ytxu/cr_dvrk_ws/install/dvrk_video:/home/ytxu/cr_dvrk_ws/install/dvrk_python:/home/ytxu/cr_dvrk_ws/install/dvrk_model:/home/ytxu/cr_dvrk_ws/install/dvrk_hrsv_widget:/home/ytxu/cr_dvrk_ws/install/dvrk_config_jhu:/home/ytxu/cr_dvrk_ws/install/dvrk_config:/home/ytxu/cr_dvrk_ws/install/dvrk_camera_registration:/home/ytxu/cr_dvrk_ws/install/dvrk_arms_from_ros:/home/ytxu/cr_dvrk_ws/install/crtk_python_client:/home/ytxu/cr_dvrk_ws/install/cisst_ros_crtk:/home/ytxu/cr_dvrk_ws/install/crtk_msgs:/home/ytxu/cr_dvrk_ws/install/cisst_ros_bridge:/home/ytxu/cr_dvrk_ws/install/cisst_msgs LD_LIBRARY_PATH=/home/ytxu/cr_dvrk_ws/install/sawTextToSpeechAll/lib:/home/ytxu/cr_dvrk_ws/install/sawControllersAll/lib:/home/ytxu/cr_dvrk_ws/install/sawRobotIO1394Core/lib:/home/ytxu/cr_dvrk_ws/install/sawKeyboardAll/lib:/home/ytxu/cr_dvrk_ws/install/cisst/lib:/home/ytxu/cr_dvrk_ws/install/cisst/lib:/home/ytxu/cr_dvrk_ws/install/dvrk_robot/lib:/home/ytxu/cr_dvrk_ws/install/sawIntuitiveResearchKitCore/lib:/home/ytxu/cr_dvrk_ws/install/dvrk_arms_from_ros/lib:/home/ytxu/cr_dvrk_ws/install/cisst_ros_crtk/lib:/home/ytxu/cr_dvrk_ws/install/crtk_msgs/lib:/home/ytxu/cr_dvrk_ws/install/cisst_ros_bridge/lib:/home/ytxu/cr_dvrk_ws/install/cisst_msgs/lib:/opt/ros/humble/opt/rviz_ogre_vendor/lib:/opt/ros/humble/lib/x86_64-linux-gnu:/opt/ros/humble/lib PATH=/home/ytxu/cr_dvrk_ws/install/sawTextToSpeechAll/bin:/home/ytxu/cr_dvrk_ws/install/sawControllersAll/bin:/home/ytxu/cr_dvrk_ws/install/sawRobotIO1394Core/bin:/home/ytxu/cr_dvrk_ws/install/cisst/bin:/home/ytxu/cr_dvrk_ws/install/cisst/bin:/home/ytxu/cr_dvrk_ws/install/sawIntuitiveResearchKitCore/bin:/opt/ros/humble/bin:/home/ytxu/.local/bin:/usr/local/sbin:/usr/local/bin:/usr/sbin:/usr/bin:/sbin:/bin:/usr/games:/usr/local/games:/usr/lib/wsl/lib:/mnt/c/WINDOWS/system32:/mnt/c/WINDOWS:/mnt/c/WINDOWS/System32/Wbem:/mnt/c/WINDOWS/System32/WindowsPowerShell/v1.0/:/mnt/c/WINDOWS/System32/OpenSSH/:/mnt/c/Program Files/MATLAB/R2024a/bin:/mnt/c/Program Files/CMake/bin:/mnt/c/Program Files (x86)/Incredibuild:/mnt/c/ProgramData/chocolatey/bin:/mnt/c/Program Files/Git/cmd:/mnt/c/Program Files/usbipd-win/:/mnt/c/Users/Morimoto_Lab/AppData/Local/Microsoft/WindowsApps:/mnt/c/Users/Morimoto_Lab/AppData/Local/GitHubDesktop/bin:/mnt/c/Users/Morimoto_Lab/AppData/Local/Programs/Microsoft VS Code/bin:/snap/bin PKG_CONFIG_PATH=/home/ytxu/cr_dvrk_ws/install/cisst/lib/x86_64-linux-gnu/pkgconfig:/home/ytxu/cr_dvrk_ws/install/cisst/lib/pkgconfig:/home/ytxu/cr_dvrk_ws/install/cisstNetlib/lib/x86_64-linux-gnu/pkgconfig:/home/ytxu/cr_dvrk_ws/install/cisstNetlib/lib/pkgconfig:/home/ytxu/cr_dvrk_ws/install/dvrk_config_jhu/lib/x86_64-linux-gnu/pkgconfig:/home/ytxu/cr_dvrk_ws/install/dvrk_config_jhu/lib/pkgconfig PYTHONPATH=/home/ytxu/cr_dvrk_ws/install/cisst/lib:${PYTHONPATH} /usr/bin/cmake --build /home/ytxu/cr_dvrk_ws/build/sawIntuitiveResearchKitCore -- -j12 -l12
[0.343s] [35m[1mConsolidate compiler generated dependencies of target sawIntuitiveResearchKitSPotentiometersCalibration[0m
[0.344s] [35m[1mConsolidate compiler generated dependencies of target sawIntuitiveResearchKitGripperCalibration[0m
[0.359s] [ 11%] Built target gattlibExternal
[0.368s] [ 13%] Built target sawIntuitiveResearchKitGripperCalibration
[0.370s] [ 16%] Built target sawIntuitiveResearchKitSPotentiometersCalibration
[0.372s] [ 16%] Built target sawIntuitiveResearchKitRemoveLogs
[0.372s] [ 16%] Built target sawIntuitiveResearchKitSDCardUpdater
[0.378s] [ 16%] Built target sawIntuitiveResearchKitSUJBluetoothReset
[0.385s] [ 16%] Built target sawIntuitiveResearchKitConfigGenerator
[0.395s] [35m[1mConsolidate compiler generated dependencies of target sawIntuitiveResearchKit[0m
[0.466s] [ 69%] Built target sawIntuitiveResearchKit
[0.490s] [ 70%] [34m[1mAutomatic MOC for target sawIntuitiveResearchKitQt[0m
[0.528s] [ 70%] Built target sawIntuitiveResearchKitQt_autogen
[0.548s] [35m[1mConsolidate compiler generated dependencies of target sawIntuitiveResearchKitQt[0m
[0.607s] [ 91%] Built target sawIntuitiveResearchKitQt
[0.619s] [35m[1mConsolidate compiler generated dependencies of target sawIntuitiveResearchKitDerivedTeleOperationPSM[0m
[0.619s] [35m[1mConsolidate compiler generated dependencies of target sawIntuitiveResearchKitQtConsoleJSON[0m
[0.620s] [35m[1mConsolidate compiler generated dependencies of target sawIntuitiveResearchKitQtPID[0m
[0.636s] [ 94%] Built target sawIntuitiveResearchKitDerivedTeleOperationPSM
[0.638s] [ 97%] Built target sawIntuitiveResearchKitQtConsoleJSON
[0.641s] [100%] Built target sawIntuitiveResearchKitQtPID
[0.655s] Invoked command in '/home/ytxu/cr_dvrk_ws/build/sawIntuitiveResearchKitCore' returned '0': CMAKE_PREFIX_PATH=/home/ytxu/cr_dvrk_ws/install/sawTextToSpeechAll:/home/ytxu/cr_dvrk_ws/install/sawControllersAll:/home/ytxu/cr_dvrk_ws/install/sawRobotIO1394Core:/home/ytxu/cr_dvrk_ws/install/sawKeyboardAll:/home/ytxu/cr_dvrk_ws/install/cisst:/home/ytxu/cr_dvrk_ws/install/cisstNetlib:/home/ytxu/cr_dvrk_ws/install/dvrk_robot:/home/ytxu/cr_dvrk_ws/install/sawIntuitiveResearchKitCore:/home/ytxu/cr_dvrk_ws/install/robot_io:/home/ytxu/cr_dvrk_ws/install/dvrk_video:/home/ytxu/cr_dvrk_ws/install/dvrk_python:/home/ytxu/cr_dvrk_ws/install/dvrk_model:/home/ytxu/cr_dvrk_ws/install/dvrk_hrsv_widget:/home/ytxu/cr_dvrk_ws/install/dvrk_config_jhu:/home/ytxu/cr_dvrk_ws/install/dvrk_config:/home/ytxu/cr_dvrk_ws/install/dvrk_camera_registration:/home/ytxu/cr_dvrk_ws/install/dvrk_arms_from_ros:/home/ytxu/cr_dvrk_ws/install/crtk_python_client:/home/ytxu/cr_dvrk_ws/install/cisst_ros_crtk:/home/ytxu/cr_dvrk_ws/install/crtk_msgs:/home/ytxu/cr_dvrk_ws/install/cisst_ros_bridge:/home/ytxu/cr_dvrk_ws/install/cisst_msgs LD_LIBRARY_PATH=/home/ytxu/cr_dvrk_ws/install/sawTextToSpeechAll/lib:/home/ytxu/cr_dvrk_ws/install/sawControllersAll/lib:/home/ytxu/cr_dvrk_ws/install/sawRobotIO1394Core/lib:/home/ytxu/cr_dvrk_ws/install/sawKeyboardAll/lib:/home/ytxu/cr_dvrk_ws/install/cisst/lib:/home/ytxu/cr_dvrk_ws/install/cisst/lib:/home/ytxu/cr_dvrk_ws/install/dvrk_robot/lib:/home/ytxu/cr_dvrk_ws/install/sawIntuitiveResearchKitCore/lib:/home/ytxu/cr_dvrk_ws/install/dvrk_arms_from_ros/lib:/home/ytxu/cr_dvrk_ws/install/cisst_ros_crtk/lib:/home/ytxu/cr_dvrk_ws/install/crtk_msgs/lib:/home/ytxu/cr_dvrk_ws/install/cisst_ros_bridge/lib:/home/ytxu/cr_dvrk_ws/install/cisst_msgs/lib:/opt/ros/humble/opt/rviz_ogre_vendor/lib:/opt/ros/humble/lib/x86_64-linux-gnu:/opt/ros/humble/lib PATH=/home/ytxu/cr_dvrk_ws/install/sawTextToSpeechAll/bin:/home/ytxu/cr_dvrk_ws/install/sawControllersAll/bin:/home/ytxu/cr_dvrk_ws/install/sawRobotIO1394Core/bin:/home/ytxu/cr_dvrk_ws/install/cisst/bin:/home/ytxu/cr_dvrk_ws/install/cisst/bin:/home/ytxu/cr_dvrk_ws/install/sawIntuitiveResearchKitCore/bin:/opt/ros/humble/bin:/home/ytxu/.local/bin:/usr/local/sbin:/usr/local/bin:/usr/sbin:/usr/bin:/sbin:/bin:/usr/games:/usr/local/games:/usr/lib/wsl/lib:/mnt/c/WINDOWS/system32:/mnt/c/WINDOWS:/mnt/c/WINDOWS/System32/Wbem:/mnt/c/WINDOWS/System32/WindowsPowerShell/v1.0/:/mnt/c/WINDOWS/System32/OpenSSH/:/mnt/c/Program Files/MATLAB/R2024a/bin:/mnt/c/Program Files/CMake/bin:/mnt/c/Program Files (x86)/Incredibuild:/mnt/c/ProgramData/chocolatey/bin:/mnt/c/Program Files/Git/cmd:/mnt/c/Program Files/usbipd-win/:/mnt/c/Users/Morimoto_Lab/AppData/Local/Microsoft/WindowsApps:/mnt/c/Users/Morimoto_Lab/AppData/Local/GitHubDesktop/bin:/mnt/c/Users/Morimoto_Lab/AppData/Local/Programs/Microsoft VS Code/bin:/snap/bin PKG_CONFIG_PATH=/home/ytxu/cr_dvrk_ws/install/cisst/lib/x86_64-linux-gnu/pkgconfig:/home/ytxu/cr_dvrk_ws/install/cisst/lib/pkgconfig:/home/ytxu/cr_dvrk_ws/install/cisstNetlib/lib/x86_64-linux-gnu/pkgconfig:/home/ytxu/cr_dvrk_ws/install/cisstNetlib/lib/pkgconfig:/home/ytxu/cr_dvrk_ws/install/dvrk_config_jhu/lib/x86_64-linux-gnu/pkgconfig:/home/ytxu/cr_dvrk_ws/install/dvrk_config_jhu/lib/pkgconfig PYTHONPATH=/home/ytxu/cr_dvrk_ws/install/cisst/lib:${PYTHONPATH} /usr/bin/cmake --build /home/ytxu/cr_dvrk_ws/build/sawIntuitiveResearchKitCore -- -j12 -l12
[0.656s] Invoking command in '/home/ytxu/cr_dvrk_ws/build/sawIntuitiveResearchKitCore': CMAKE_PREFIX_PATH=/home/ytxu/cr_dvrk_ws/install/sawTextToSpeechAll:/home/ytxu/cr_dvrk_ws/install/sawControllersAll:/home/ytxu/cr_dvrk_ws/install/sawRobotIO1394Core:/home/ytxu/cr_dvrk_ws/install/sawKeyboardAll:/home/ytxu/cr_dvrk_ws/install/cisst:/home/ytxu/cr_dvrk_ws/install/cisstNetlib:/home/ytxu/cr_dvrk_ws/install/dvrk_robot:/home/ytxu/cr_dvrk_ws/install/sawIntuitiveResearchKitCore:/home/ytxu/cr_dvrk_ws/install/robot_io:/home/ytxu/cr_dvrk_ws/install/dvrk_video:/home/ytxu/cr_dvrk_ws/install/dvrk_python:/home/ytxu/cr_dvrk_ws/install/dvrk_model:/home/ytxu/cr_dvrk_ws/install/dvrk_hrsv_widget:/home/ytxu/cr_dvrk_ws/install/dvrk_config_jhu:/home/ytxu/cr_dvrk_ws/install/dvrk_config:/home/ytxu/cr_dvrk_ws/install/dvrk_camera_registration:/home/ytxu/cr_dvrk_ws/install/dvrk_arms_from_ros:/home/ytxu/cr_dvrk_ws/install/crtk_python_client:/home/ytxu/cr_dvrk_ws/install/cisst_ros_crtk:/home/ytxu/cr_dvrk_ws/install/crtk_msgs:/home/ytxu/cr_dvrk_ws/install/cisst_ros_bridge:/home/ytxu/cr_dvrk_ws/install/cisst_msgs LD_LIBRARY_PATH=/home/ytxu/cr_dvrk_ws/install/sawTextToSpeechAll/lib:/home/ytxu/cr_dvrk_ws/install/sawControllersAll/lib:/home/ytxu/cr_dvrk_ws/install/sawRobotIO1394Core/lib:/home/ytxu/cr_dvrk_ws/install/sawKeyboardAll/lib:/home/ytxu/cr_dvrk_ws/install/cisst/lib:/home/ytxu/cr_dvrk_ws/install/cisst/lib:/home/ytxu/cr_dvrk_ws/install/dvrk_robot/lib:/home/ytxu/cr_dvrk_ws/install/sawIntuitiveResearchKitCore/lib:/home/ytxu/cr_dvrk_ws/install/dvrk_arms_from_ros/lib:/home/ytxu/cr_dvrk_ws/install/cisst_ros_crtk/lib:/home/ytxu/cr_dvrk_ws/install/crtk_msgs/lib:/home/ytxu/cr_dvrk_ws/install/cisst_ros_bridge/lib:/home/ytxu/cr_dvrk_ws/install/cisst_msgs/lib:/opt/ros/humble/opt/rviz_ogre_vendor/lib:/opt/ros/humble/lib/x86_64-linux-gnu:/opt/ros/humble/lib PATH=/home/ytxu/cr_dvrk_ws/install/sawTextToSpeechAll/bin:/home/ytxu/cr_dvrk_ws/install/sawControllersAll/bin:/home/ytxu/cr_dvrk_ws/install/sawRobotIO1394Core/bin:/home/ytxu/cr_dvrk_ws/install/cisst/bin:/home/ytxu/cr_dvrk_ws/install/cisst/bin:/home/ytxu/cr_dvrk_ws/install/sawIntuitiveResearchKitCore/bin:/opt/ros/humble/bin:/home/ytxu/.local/bin:/usr/local/sbin:/usr/local/bin:/usr/sbin:/usr/bin:/sbin:/bin:/usr/games:/usr/local/games:/usr/lib/wsl/lib:/mnt/c/WINDOWS/system32:/mnt/c/WINDOWS:/mnt/c/WINDOWS/System32/Wbem:/mnt/c/WINDOWS/System32/WindowsPowerShell/v1.0/:/mnt/c/WINDOWS/System32/OpenSSH/:/mnt/c/Program Files/MATLAB/R2024a/bin:/mnt/c/Program Files/CMake/bin:/mnt/c/Program Files (x86)/Incredibuild:/mnt/c/ProgramData/chocolatey/bin:/mnt/c/Program Files/Git/cmd:/mnt/c/Program Files/usbipd-win/:/mnt/c/Users/Morimoto_Lab/AppData/Local/Microsoft/WindowsApps:/mnt/c/Users/Morimoto_Lab/AppData/Local/GitHubDesktop/bin:/mnt/c/Users/Morimoto_Lab/AppData/Local/Programs/Microsoft VS Code/bin:/snap/bin PKG_CONFIG_PATH=/home/ytxu/cr_dvrk_ws/install/cisst/lib/x86_64-linux-gnu/pkgconfig:/home/ytxu/cr_dvrk_ws/install/cisst/lib/pkgconfig:/home/ytxu/cr_dvrk_ws/install/cisstNetlib/lib/x86_64-linux-gnu/pkgconfig:/home/ytxu/cr_dvrk_ws/install/cisstNetlib/lib/pkgconfig:/home/ytxu/cr_dvrk_ws/install/dvrk_config_jhu/lib/x86_64-linux-gnu/pkgconfig:/home/ytxu/cr_dvrk_ws/install/dvrk_config_jhu/lib/pkgconfig PYTHONPATH=/home/ytxu/cr_dvrk_ws/install/cisst/lib:${PYTHONPATH} /usr/bin/cmake --install /home/ytxu/cr_dvrk_ws/build/sawIntuitiveResearchKitCore
[0.664s] -- Install configuration: "Release"
[0.664s] -- Up-to-date: /home/ytxu/cr_dvrk_ws/install/sawIntuitiveResearchKitCore/share/sawIntuitiveResearchKit/sawIntuitiveResearchKitConfig.cmake
[0.664s] -- Up-to-date: /home/ytxu/cr_dvrk_ws/install/sawIntuitiveResearchKitCore/share/sawIntuitiveResearchKit/sawIntuitiveResearchKitConfigVersion.cmake
[0.664s] -- Up-to-date: /home/ytxu/cr_dvrk_ws/install/sawIntuitiveResearchKitCore/include/sawIntuitiveResearchKit
[0.665s] -- Up-to-date: /home/ytxu/cr_dvrk_ws/install/sawIntuitiveResearchKitCore/include/sawIntuitiveResearchKit/mtsIntuitiveResearchKitConsoleQtWidget.h
[0.665s] -- Up-to-date: /home/ytxu/cr_dvrk_ws/install/sawIntuitiveResearchKitCore/include/sawIntuitiveResearchKit/mtsIntuitiveResearchKitArmQtWidget.h
[0.665s] -- Up-to-date: /home/ytxu/cr_dvrk_ws/install/sawIntuitiveResearchKitCore/include/sawIntuitiveResearchKit/prmConfigurationJointFromManipulator.h
[0.665s] -- Up-to-date: /home/ytxu/cr_dvrk_ws/install/sawIntuitiveResearchKitCore/include/sawIntuitiveResearchKit/robManipulatorECM.h
[0.665s] -- Up-to-date: /home/ytxu/cr_dvrk_ws/install/sawIntuitiveResearchKitCore/include/sawIntuitiveResearchKit/mtsIntuitiveResearchKitECM.h
[0.665s] -- Up-to-date: /home/ytxu/cr_dvrk_ws/install/sawIntuitiveResearchKitCore/include/sawIntuitiveResearchKit/mtsPSMCompensation.h
[0.665s] -- Up-to-date: /home/ytxu/cr_dvrk_ws/install/sawIntuitiveResearchKitCore/include/sawIntuitiveResearchKit/sawIntuitiveResearchKitQtExport.h
[0.665s] -- Up-to-date: /home/ytxu/cr_dvrk_ws/install/sawIntuitiveResearchKitCore/include/sawIntuitiveResearchKit/mtsToolList.h
[0.666s] -- Up-to-date: /home/ytxu/cr_dvrk_ws/install/sawIntuitiveResearchKitCore/include/sawIntuitiveResearchKit/mtsTeleOperationECMQtWidget.h
[0.666s] -- Up-to-date: /home/ytxu/cr_dvrk_ws/install/sawIntuitiveResearchKitCore/include/sawIntuitiveResearchKit/mtsIntuitiveResearchKitPSM.h
[0.666s] -- Up-to-date: /home/ytxu/cr_dvrk_ws/install/sawIntuitiveResearchKitCore/include/sawIntuitiveResearchKit/mtsTeleOperationPSMQtWidget.h
[0.666s] -- Up-to-date: /home/ytxu/cr_dvrk_ws/install/sawIntuitiveResearchKitCore/include/sawIntuitiveResearchKit/mtsStateMachine.h
[0.666s] -- Up-to-date: /home/ytxu/cr_dvrk_ws/install/sawIntuitiveResearchKitCore/include/sawIntuitiveResearchKit/prmActuatorJointCouplingCheck.h
[0.666s] -- Up-to-date: /home/ytxu/cr_dvrk_ws/install/sawIntuitiveResearchKitCore/include/sawIntuitiveResearchKit/mtsIntuitiveResearchKitConsoleQt.h
[0.667s] -- Up-to-date: /home/ytxu/cr_dvrk_ws/install/sawIntuitiveResearchKitCore/include/sawIntuitiveResearchKit/mtsIntuitiveResearchKitPSMQtWidget.h
[0.667s] -- Up-to-date: /home/ytxu/cr_dvrk_ws/install/sawIntuitiveResearchKitCore/include/sawIntuitiveResearchKit/robManipulatorPSMSnake.h
[0.667s] -- Up-to-date: /home/ytxu/cr_dvrk_ws/install/sawIntuitiveResearchKitCore/include/sawIntuitiveResearchKit/mtsSocketServerPSM.h
[0.667s] -- Up-to-date: /home/ytxu/cr_dvrk_ws/install/sawIntuitiveResearchKitCore/include/sawIntuitiveResearchKit/mtsIntuitiveResearchKitMTMQtWidget.h
[0.667s] -- Up-to-date: /home/ytxu/cr_dvrk_ws/install/sawIntuitiveResearchKitCore/include/sawIntuitiveResearchKit/robManipulatorMTM.h
[0.667s] -- Up-to-date: /home/ytxu/cr_dvrk_ws/install/sawIntuitiveResearchKitCore/include/sawIntuitiveResearchKit/mtsIntuitiveResearchKitSUJSi.h
[0.667s] -- Up-to-date: /home/ytxu/cr_dvrk_ws/install/sawIntuitiveResearchKitCore/include/sawIntuitiveResearchKit/mtsIntuitiveResearchKitConsole.h
[0.667s] -- Up-to-date: /home/ytxu/cr_dvrk_ws/install/sawIntuitiveResearchKitCore/include/sawIntuitiveResearchKit/mtsDaVinciHeadSensor.h
[0.667s] -- Up-to-date: /home/ytxu/cr_dvrk_ws/install/sawIntuitiveResearchKitCore/include/sawIntuitiveResearchKit/mtsDaVinciEndoscopeFocus.h
[0.667s] -- Up-to-date: /home/ytxu/cr_dvrk_ws/install/sawIntuitiveResearchKitCore/include/sawIntuitiveResearchKit/mtsSocketBaseQtWidget.h
[0.667s] -- Up-to-date: /home/ytxu/cr_dvrk_ws/install/sawIntuitiveResearchKitCore/include/sawIntuitiveResearchKit/mtsTeleOperationECM.h
[0.667s] -- Up-to-date: /home/ytxu/cr_dvrk_ws/install/sawIntuitiveResearchKitCore/include/sawIntuitiveResearchKit/mtsIntuitiveResearchKitUDPStreamer.h
[0.668s] -- Up-to-date: /home/ytxu/cr_dvrk_ws/install/sawIntuitiveResearchKitCore/include/sawIntuitiveResearchKit/mtsIntuitiveResearchKitSUJ.h
[0.668s] -- Up-to-date: /home/ytxu/cr_dvrk_ws/install/sawIntuitiveResearchKitCore/include/sawIntuitiveResearchKit/mtsIntuitiveResearchKitSUJQtWidget.h
[0.668s] -- Up-to-date: /home/ytxu/cr_dvrk_ws/install/sawIntuitiveResearchKitCore/include/sawIntuitiveResearchKit/mtsTeleOperationPSM.h
[0.668s] -- Up-to-date: /home/ytxu/cr_dvrk_ws/install/sawIntuitiveResearchKitCore/include/sawIntuitiveResearchKit/mtsSocketBasePSM.h
[0.668s] -- Up-to-date: /home/ytxu/cr_dvrk_ws/install/sawIntuitiveResearchKitCore/include/sawIntuitiveResearchKit/mtsIntuitiveResearchKitSUJFixed.h
[0.668s] -- Up-to-date: /home/ytxu/cr_dvrk_ws/install/sawIntuitiveResearchKitCore/include/sawIntuitiveResearchKit/mtsIntuitiveResearchKitArm.h
[0.668s] -- Up-to-date: /home/ytxu/cr_dvrk_ws/install/sawIntuitiveResearchKitCore/include/sawIntuitiveResearchKit/sawIntuitiveResearchKitExport.h
[0.668s] -- Up-to-date: /home/ytxu/cr_dvrk_ws/install/sawIntuitiveResearchKitCore/include/sawIntuitiveResearchKit/mtsHIDHeadSensor.h
[0.668s] -- Up-to-date: /home/ytxu/cr_dvrk_ws/install/sawIntuitiveResearchKitCore/include/sawIntuitiveResearchKit/mtsIntuitiveResearchKit.h
[0.668s] -- Up-to-date: /home/ytxu/cr_dvrk_ws/install/sawIntuitiveResearchKitCore/include/sawIntuitiveResearchKit/mtsIntuitiveResearchKitECMQtWidget.h
[0.668s] -- Up-to-date: /home/ytxu/cr_dvrk_ws/install/sawIntuitiveResearchKitCore/include/sawIntuitiveResearchKit/mtsSocketClientPSM.h
[0.668s] -- Up-to-date: /home/ytxu/cr_dvrk_ws/install/sawIntuitiveResearchKitCore/include/sawIntuitiveResearchKit/mtsIntuitiveResearchKitMTM.h
[0.669s] -- Up-to-date: /home/ytxu/cr_dvrk_ws/install/sawIntuitiveResearchKitCore/include/sawIntuitiveResearchKit/mtsDaVinciEndoscopeFocusQtWidget.h
[0.669s] -- Up-to-date: /home/ytxu/cr_dvrk_ws/install/sawIntuitiveResearchKitCore/include/sawIntuitiveResearchKit
[0.669s] -- Up-to-date: /home/ytxu/cr_dvrk_ws/install/sawIntuitiveResearchKitCore/include/sawIntuitiveResearchKit/socketMessages.h
[0.669s] -- Up-to-date: /home/ytxu/cr_dvrk_ws/install/sawIntuitiveResearchKitCore/include/sawIntuitiveResearchKit/mtsIntuitiveResearchKitArmTypes.h
[0.669s] -- Up-to-date: /home/ytxu/cr_dvrk_ws/install/sawIntuitiveResearchKitCore/include/sawIntuitiveResearchKit/mtsIntuitiveResearchKitToolTypes.h
[0.669s] -- Up-to-date: /home/ytxu/cr_dvrk_ws/install/sawIntuitiveResearchKitCore/include/sawIntuitiveResearchKit/sawIntuitiveResearchKitRevision.h
[0.669s] -- Up-to-date: /home/ytxu/cr_dvrk_ws/install/sawIntuitiveResearchKitCore/include/sawIntuitiveResearchKit/mtsIntuitiveResearchKitEndoscopeTypes.h
[0.670s] -- Up-to-date: /home/ytxu/cr_dvrk_ws/install/sawIntuitiveResearchKitCore/include/sawIntuitiveResearchKit/mtsHIDHeadSensorConfiguration.h
[0.670s] -- Up-to-date: /home/ytxu/cr_dvrk_ws/install/sawIntuitiveResearchKitCore/include/sawIntuitiveResearchKit/sawIntuitiveResearchKitConfig.h
[0.670s] -- Up-to-date: /home/ytxu/cr_dvrk_ws/install/sawIntuitiveResearchKitCore/lib/libsawIntuitiveResearchKit.so.2.3.1
[0.670s] -- Up-to-date: /home/ytxu/cr_dvrk_ws/install/sawIntuitiveResearchKitCore/lib/libsawIntuitiveResearchKit.so
[0.670s] -- Up-to-date: /home/ytxu/cr_dvrk_ws/install/sawIntuitiveResearchKitCore/lib/libsawIntuitiveResearchKitQt.so.2.3.1
[0.670s] -- Up-to-date: /home/ytxu/cr_dvrk_ws/install/sawIntuitiveResearchKitCore/lib/libsawIntuitiveResearchKitQt.so
[0.670s] -- Up-to-date: /home/ytxu/cr_dvrk_ws/install/sawIntuitiveResearchKitCore/bin/sawIntuitiveResearchKitQtPID
[0.670s] -- Up-to-date: /home/ytxu/cr_dvrk_ws/install/sawIntuitiveResearchKitCore/bin/sawIntuitiveResearchKitQtConsoleJSON
[0.670s] -- Up-to-date: /home/ytxu/cr_dvrk_ws/install/sawIntuitiveResearchKitCore/bin/sawIntuitiveResearchKitGripperCalibration
[0.670s] -- Up-to-date: /home/ytxu/cr_dvrk_ws/install/sawIntuitiveResearchKitCore/bin/sawIntuitiveResearchKitSPotentiometersCalibration
[0.670s] -- Up-to-date: /home/ytxu/cr_dvrk_ws/install/sawIntuitiveResearchKitCore/bin/calParser.py
[0.670s] -- Up-to-date: /home/ytxu/cr_dvrk_ws/install/sawIntuitiveResearchKitCore/bin/dvrk-config-generator.py
[0.670s] -- Up-to-date: /home/ytxu/cr_dvrk_ws/install/sawIntuitiveResearchKitCore/bin/dvrk-sd-card-updater.py
[0.670s] -- Up-to-date: /home/ytxu/cr_dvrk_ws/install/sawIntuitiveResearchKitCore/bin/dvrk-remove-logs.py
[0.670s] -- Up-to-date: /home/ytxu/cr_dvrk_ws/install/sawIntuitiveResearchKitCore/bin/dvrk-suj-bluetooth-reset.py
[0.672s] Invoked command in '/home/ytxu/cr_dvrk_ws/build/sawIntuitiveResearchKitCore' returned '0': CMAKE_PREFIX_PATH=/home/ytxu/cr_dvrk_ws/install/sawTextToSpeechAll:/home/ytxu/cr_dvrk_ws/install/sawControllersAll:/home/ytxu/cr_dvrk_ws/install/sawRobotIO1394Core:/home/ytxu/cr_dvrk_ws/install/sawKeyboardAll:/home/ytxu/cr_dvrk_ws/install/cisst:/home/ytxu/cr_dvrk_ws/install/cisstNetlib:/home/ytxu/cr_dvrk_ws/install/dvrk_robot:/home/ytxu/cr_dvrk_ws/install/sawIntuitiveResearchKitCore:/home/ytxu/cr_dvrk_ws/install/robot_io:/home/ytxu/cr_dvrk_ws/install/dvrk_video:/home/ytxu/cr_dvrk_ws/install/dvrk_python:/home/ytxu/cr_dvrk_ws/install/dvrk_model:/home/ytxu/cr_dvrk_ws/install/dvrk_hrsv_widget:/home/ytxu/cr_dvrk_ws/install/dvrk_config_jhu:/home/ytxu/cr_dvrk_ws/install/dvrk_config:/home/ytxu/cr_dvrk_ws/install/dvrk_camera_registration:/home/ytxu/cr_dvrk_ws/install/dvrk_arms_from_ros:/home/ytxu/cr_dvrk_ws/install/crtk_python_client:/home/ytxu/cr_dvrk_ws/install/cisst_ros_crtk:/home/ytxu/cr_dvrk_ws/install/crtk_msgs:/home/ytxu/cr_dvrk_ws/install/cisst_ros_bridge:/home/ytxu/cr_dvrk_ws/install/cisst_msgs LD_LIBRARY_PATH=/home/ytxu/cr_dvrk_ws/install/sawTextToSpeechAll/lib:/home/ytxu/cr_dvrk_ws/install/sawControllersAll/lib:/home/ytxu/cr_dvrk_ws/install/sawRobotIO1394Core/lib:/home/ytxu/cr_dvrk_ws/install/sawKeyboardAll/lib:/home/ytxu/cr_dvrk_ws/install/cisst/lib:/home/ytxu/cr_dvrk_ws/install/cisst/lib:/home/ytxu/cr_dvrk_ws/install/dvrk_robot/lib:/home/ytxu/cr_dvrk_ws/install/sawIntuitiveResearchKitCore/lib:/home/ytxu/cr_dvrk_ws/install/dvrk_arms_from_ros/lib:/home/ytxu/cr_dvrk_ws/install/cisst_ros_crtk/lib:/home/ytxu/cr_dvrk_ws/install/crtk_msgs/lib:/home/ytxu/cr_dvrk_ws/install/cisst_ros_bridge/lib:/home/ytxu/cr_dvrk_ws/install/cisst_msgs/lib:/opt/ros/humble/opt/rviz_ogre_vendor/lib:/opt/ros/humble/lib/x86_64-linux-gnu:/opt/ros/humble/lib PATH=/home/ytxu/cr_dvrk_ws/install/sawTextToSpeechAll/bin:/home/ytxu/cr_dvrk_ws/install/sawControllersAll/bin:/home/ytxu/cr_dvrk_ws/install/sawRobotIO1394Core/bin:/home/ytxu/cr_dvrk_ws/install/cisst/bin:/home/ytxu/cr_dvrk_ws/install/cisst/bin:/home/ytxu/cr_dvrk_ws/install/sawIntuitiveResearchKitCore/bin:/opt/ros/humble/bin:/home/ytxu/.local/bin:/usr/local/sbin:/usr/local/bin:/usr/sbin:/usr/bin:/sbin:/bin:/usr/games:/usr/local/games:/usr/lib/wsl/lib:/mnt/c/WINDOWS/system32:/mnt/c/WINDOWS:/mnt/c/WINDOWS/System32/Wbem:/mnt/c/WINDOWS/System32/WindowsPowerShell/v1.0/:/mnt/c/WINDOWS/System32/OpenSSH/:/mnt/c/Program Files/MATLAB/R2024a/bin:/mnt/c/Program Files/CMake/bin:/mnt/c/Program Files (x86)/Incredibuild:/mnt/c/ProgramData/chocolatey/bin:/mnt/c/Program Files/Git/cmd:/mnt/c/Program Files/usbipd-win/:/mnt/c/Users/Morimoto_Lab/AppData/Local/Microsoft/WindowsApps:/mnt/c/Users/Morimoto_Lab/AppData/Local/GitHubDesktop/bin:/mnt/c/Users/Morimoto_Lab/AppData/Local/Programs/Microsoft VS Code/bin:/snap/bin PKG_CONFIG_PATH=/home/ytxu/cr_dvrk_ws/install/cisst/lib/x86_64-linux-gnu/pkgconfig:/home/ytxu/cr_dvrk_ws/install/cisst/lib/pkgconfig:/home/ytxu/cr_dvrk_ws/install/cisstNetlib/lib/x86_64-linux-gnu/pkgconfig:/home/ytxu/cr_dvrk_ws/install/cisstNetlib/lib/pkgconfig:/home/ytxu/cr_dvrk_ws/install/dvrk_config_jhu/lib/x86_64-linux-gnu/pkgconfig:/home/ytxu/cr_dvrk_ws/install/dvrk_config_jhu/lib/pkgconfig PYTHONPATH=/home/ytxu/cr_dvrk_ws/install/cisst/lib:${PYTHONPATH} /usr/bin/cmake --install /home/ytxu/cr_dvrk_ws/build/sawIntuitiveResearchKitCore
