-- The C compiler identification is GNU 11.4.0
-- The CXX compiler identification is GNU 11.4.0
-- Detecting C compiler ABI info
-- Detecting C compiler ABI info - done
-- Check for working C compiler: /usr/bin/cc - skipped
-- Detecting C compile features
-- Detecting C compile features - done
-- Detecting CXX compiler ABI info
-- Detecting CXX compiler ABI info - done
-- Check for working CXX compiler: /usr/bin/c++ - skipped
-- Detecting CXX compile features
-- Detecting CXX compile features - done
-- Information: cisst has been found in "/home/ytxu/cr_dvrk_ws/install/cisst/", headers are in "/home/ytxu/cr_dvrk_ws/install/cisst//include"
-- Performing Test CXX_SUPPORTS_WEXTRA
-- Performing Test CXX_SUPPORTS_WEXTRA - Success
-- Performing Test CXX_SUPPORTS_WALL
-- Performing Test CXX_SUPPORTS_WALL - Success
-- Information: cisst has been found in "/home/ytxu/cr_dvrk_ws/install/cisst/", headers are in "/home/ytxu/cr_dvrk_ws/install/cisst//include"
-- Assuming cisst is built using ROS/catkin since ROS_ROOT is defined in environment
-- CATKIN_DEVEL_PREFIX is not defined so assuming this is NOT a ROS/catkin build after all
-- Assuming cisst is built using ROS2/colcon since ROS_VERSION is 2
-- Information: cisst has been found in "/home/ytxu/cr_dvrk_ws/install/cisst/", headers are in "/home/ytxu/cr_dvrk_ws/install/cisst//include"
-- Assuming cisst is built using ROS/catkin since ROS_ROOT is defined in environment
-- CATKIN_DEVEL_PREFIX is not defined so assuming this is NOT a ROS/catkin build after all
-- Information: cisst has been found in "/home/ytxu/cr_dvrk_ws/install/cisst/", headers are in "/home/ytxu/cr_dvrk_ws/install/cisst//include"
-- Configuring done
-- Generating done
-- Build files have been written to: /home/ytxu/cr_dvrk_ws/build/sawControllersAll
[  4%] [34m[1mcisstDataGenerator for mtsPIDConfiguration[0m
cisstDataGenerator: generating /home/ytxu/cr_dvrk_ws/build/sawControllersAll/components/include/sawControllers/mtsPIDConfiguration.h and /home/ytxu/cr_dvrk_ws/build/sawControllersAll/components/mtsPIDConfiguration_cdg.cpp from /home/ytxu/cr_dvrk_ws/src/cisst-saw/sawControllers/components/code/mtsPIDConfiguration.cdg
cisstDataGenerator: parse succeeded
cisstDataGenerator: generating header file "/home/ytxu/cr_dvrk_ws/build/sawControllersAll/components/include/sawControllers/mtsPIDConfiguration.h"
cisstDataGenerator: generating code file "/home/ytxu/cr_dvrk_ws/build/sawControllersAll/components/mtsPIDConfiguration_cdg.cpp"
[  9%] [32mBuilding CXX object components/CMakeFiles/sawControllers.dir/code/osaGravityCompensation.cpp.o[0m
[ 14%] [32mBuilding CXX object components/CMakeFiles/sawControllers.dir/code/osaPDGC.cpp.o[0m
[ 19%] [32mBuilding CXX object components/CMakeFiles/sawControllers.dir/code/osaPIDAntiWindup.cpp.o[0m
[ 23%] [32mBuilding CXX object components/CMakeFiles/sawControllers.dir/code/mtsController.cpp.o[0m
[ 28%] [32mBuilding CXX object components/CMakeFiles/sawControllers.dir/code/osaCartesianImpedanceController.cpp.o[0m
[ 33%] [32mBuilding CXX object components/CMakeFiles/sawControllers.dir/code/mtsPDGC.cpp.o[0m
[ 38%] [32mBuilding CXX object components/CMakeFiles/sawControllers.dir/code/mtsGravityCompensation.cpp.o[0m
[ 42%] [32mBuilding CXX object components/CMakeFiles/sawControllers.dir/code/mtsPID.cpp.o[0m
[ 47%] [32mBuilding CXX object components/CMakeFiles/sawControllers.dir/mtsPIDConfiguration_cdg.cpp.o[0m
[ 52%] [32m[1mLinking CXX shared library /home/ytxu/cr_dvrk_ws/install/cisst/lib/libsawControllers.so[0m
[ 52%] Built target sawControllers
[ 57%] [34m[1mAutomatic MOC for target sawControllersQt[0m
[ 57%] Built target sawControllersQt_autogen
[ 61%] [32mBuilding CXX object components/code/Qt/CMakeFiles/sawControllersQt.dir/sawControllersQt_autogen/mocs_compilation.cpp.o[0m
[ 66%] [32mBuilding CXX object components/code/Qt/CMakeFiles/sawControllersQt.dir/mtsPIDQtWidget.cpp.o[0m
[ 71%] [32m[1mLinking CXX shared library /home/ytxu/cr_dvrk_ws/install/cisst/lib/libsawControllersQt.so[0m
[ 71%] Built target sawControllersQt
[ 85%] [32mBuilding CXX object examples/CMakeFiles/osaGCExample.dir/osaGCExample.cpp.o[0m
[ 85%] [32mBuilding CXX object examples/CMakeFiles/mtsGCExample.dir/mtsGCExample.cpp.o[0m
[ 85%] [32mBuilding CXX object examples/CMakeFiles/osaPDGCExample.dir/osaPDGCExample.cpp.o[0m
[ 90%] [32m[1mLinking CXX executable osaGCExample[0m
[ 95%] [32m[1mLinking CXX executable osaPDGCExample[0m
[ 95%] Built target osaGCExample
[ 95%] Built target osaPDGCExample
[100%] [32m[1mLinking CXX executable mtsGCExample[0m
[100%] Built target mtsGCExample
-- Install configuration: "Release"
-- Installing: /home/ytxu/cr_dvrk_ws/install/sawControllersAll/share/sawControllers/sawControllersConfig.cmake
-- Installing: /home/ytxu/cr_dvrk_ws/install/sawControllersAll/share/sawControllers/sawControllersConfigVersion.cmake
-- Installing: /home/ytxu/cr_dvrk_ws/install/sawControllersAll/include/sawControllers
-- Installing: /home/ytxu/cr_dvrk_ws/install/sawControllersAll/include/sawControllers/osaPDGC.h
-- Installing: /home/ytxu/cr_dvrk_ws/install/sawControllersAll/include/sawControllers/mtsPDGC.h
-- Installing: /home/ytxu/cr_dvrk_ws/install/sawControllersAll/include/sawControllers/osaPIDAntiWindup.h
-- Installing: /home/ytxu/cr_dvrk_ws/install/sawControllersAll/include/sawControllers/mtsPIDQtWidget.h
-- Installing: /home/ytxu/cr_dvrk_ws/install/sawControllersAll/include/sawControllers/mtsController.h
-- Installing: /home/ytxu/cr_dvrk_ws/install/sawControllersAll/include/sawControllers/mtsGravityCompensation.h
-- Installing: /home/ytxu/cr_dvrk_ws/install/sawControllersAll/include/sawControllers/mtsPID.h
-- Installing: /home/ytxu/cr_dvrk_ws/install/sawControllersAll/include/sawControllers/osaCartesianImpedanceController.h
-- Installing: /home/ytxu/cr_dvrk_ws/install/sawControllersAll/include/sawControllers/sawControllersExport.h
-- Installing: /home/ytxu/cr_dvrk_ws/install/sawControllersAll/include/sawControllers/osaGravityCompensation.h
-- Installing: /home/ytxu/cr_dvrk_ws/install/sawControllersAll/include/sawControllers/sawControllersQtExport.h
-- Up-to-date: /home/ytxu/cr_dvrk_ws/install/sawControllersAll/include/sawControllers
-- Installing: /home/ytxu/cr_dvrk_ws/install/sawControllersAll/include/sawControllers/mtsPIDConfiguration.h
-- Installing: /home/ytxu/cr_dvrk_ws/install/sawControllersAll/include/sawControllers/sawControllersRevision.h
-- Installing: /home/ytxu/cr_dvrk_ws/install/sawControllersAll/lib/libsawControllers.so.2.2.0
-- Set runtime path of "/home/ytxu/cr_dvrk_ws/install/sawControllersAll/lib/libsawControllers.so.2.2.0" to ""
-- Installing: /home/ytxu/cr_dvrk_ws/install/sawControllersAll/lib/libsawControllers.so
-- Installing: /home/ytxu/cr_dvrk_ws/install/sawControllersAll/lib/libsawControllersQt.so.2.2.0
-- Set runtime path of "/home/ytxu/cr_dvrk_ws/install/sawControllersAll/lib/libsawControllersQt.so.2.2.0" to ""
-- Installing: /home/ytxu/cr_dvrk_ws/install/sawControllersAll/lib/libsawControllersQt.so
-- Installing: /home/ytxu/cr_dvrk_ws/install/sawControllersAll/bin/osaGCExample
-- Set runtime path of "/home/ytxu/cr_dvrk_ws/install/sawControllersAll/bin/osaGCExample" to ""
-- Installing: /home/ytxu/cr_dvrk_ws/install/sawControllersAll/bin/osaPDGCExample
-- Set runtime path of "/home/ytxu/cr_dvrk_ws/install/sawControllersAll/bin/osaPDGCExample" to ""
-- Installing: /home/ytxu/cr_dvrk_ws/install/sawControllersAll/bin/mtsGCExample
-- Set runtime path of "/home/ytxu/cr_dvrk_ws/install/sawControllersAll/bin/mtsGCExample" to ""
