[0.088s] Invoking command in '/home/ytxu/cr_dvrk_ws/build/cisstNetlib': CMAKE_PREFIX_PATH=/home/ytxu/cr_dvrk_ws/install/dvrk_robot:/home/ytxu/cr_dvrk_ws/install/sawIntuitiveResearchKitCore:/home/ytxu/cr_dvrk_ws/install/sawTextToSpeechAll:/home/ytxu/cr_dvrk_ws/install/robot_io:/home/ytxu/cr_dvrk_ws/install/sawRobotIO1394Core:/home/ytxu/cr_dvrk_ws/install/sawControllersAll:/home/ytxu/cr_dvrk_ws/install/sawKeyboardAll:/home/ytxu/cr_dvrk_ws/install/dvrk_video:/home/ytxu/cr_dvrk_ws/install/dvrk_python:/home/ytxu/cr_dvrk_ws/install/dvrk_model:/home/ytxu/cr_dvrk_ws/install/dvrk_hrsv_widget:/home/ytxu/cr_dvrk_ws/install/dvrk_config_jhu:/home/ytxu/cr_dvrk_ws/install/dvrk_config:/home/ytxu/cr_dvrk_ws/install/dvrk_camera_registration:/home/ytxu/cr_dvrk_ws/install/dvrk_arms_from_ros:/home/ytxu/cr_dvrk_ws/install/crtk_python_client:/home/ytxu/cr_dvrk_ws/install/cisst_ros_crtk:/home/ytxu/cr_dvrk_ws/install/crtk_msgs:/home/ytxu/cr_dvrk_ws/install/cisst_ros_bridge:/home/ytxu/cr_dvrk_ws/install/cisst_msgs:/home/ytxu/cr-dvrk-rviz/install/test_scripts:/home/ytxu/cr-dvrk-rviz/install/teleop_cr_psm:/home/ytxu/cr-dvrk-rviz/install/cr_dvrk_kinematics:/home/ytxu/ctr_tr_model/install/pub_ctr_kinematics:/opt/ros/humble:/home/ytxu/cr_dvrk_ws/install/cisst:/home/ytxu/cr_dvrk_ws/install/cisstNetlib /usr/bin/cmake --build /home/ytxu/cr_dvrk_ws/build/cisstNetlib -- -j12 -l12
[1.044s] [  2%] [34m[1mPerforming update step for 'cisstNetlib_C'[0m
[1.044s] [  4%] [34m[1mNo patch step for 'cisstNetlib_C'[0m
[1.048s] [  6%] [34m[1mPerforming configure step for 'cisstNetlib_C'[0m
[1.048s] loading initial cache file /home/ytxu/cr_dvrk_ws/build/cisstNetlib/cisstNetlibLapack/tmp/cisstNetlib_C-cache-Release.cmake
[1.049s] HEAD is now at 93ef9f8 disable BLAS TESTING since it requires CMake policy CMP0026 OLD which is not supported on recent CMake
[1.199s] -- Configuring done
[1.697s] -- Generating done
[1.699s] -- Build files have been written to: /home/ytxu/cr_dvrk_ws/build/cisstNetlib/cisstNetlibLapack/src/cisstNetlib_C-build
[1.704s] [  8%] [34m[1mPerforming build step for 'cisstNetlib_C'[0m
[1.709s] [35m[1mConsolidate compiler generated dependencies of target arithchk[0m
[1.709s] [  0%] Built target arithchk
[1.778s] [35m[1mConsolidate compiler generated dependencies of target f2c[0m
[1.826s] [  9%] Built target f2c
[1.885s] [35m[1mConsolidate compiler generated dependencies of target blas[0m
[1.910s] [ 17%] Built target blas
[2.354s] [35m[1mConsolidate compiler generated dependencies of target lapack[0m
[2.482s] [100%] Built target lapack
[2.528s] [ 10%] [34m[1mNo install step for 'cisstNetlib_C'[0m
[2.581s] [ 13%] [34m[1mCompleted 'cisstNetlib_C'[0m
[2.647s] [ 17%] Built target cisstNetlib_C
[2.700s] [ 60%] Built target cisstNetlib_lawson_hanson
[2.700s] [ 91%] Built target cisstNetlib_hanson_haskell
[2.700s] [100%] Built target cisstNetlib
[2.725s] Invoked command in '/home/ytxu/cr_dvrk_ws/build/cisstNetlib' returned '0': CMAKE_PREFIX_PATH=/home/ytxu/cr_dvrk_ws/install/dvrk_robot:/home/ytxu/cr_dvrk_ws/install/sawIntuitiveResearchKitCore:/home/ytxu/cr_dvrk_ws/install/sawTextToSpeechAll:/home/ytxu/cr_dvrk_ws/install/robot_io:/home/ytxu/cr_dvrk_ws/install/sawRobotIO1394Core:/home/ytxu/cr_dvrk_ws/install/sawControllersAll:/home/ytxu/cr_dvrk_ws/install/sawKeyboardAll:/home/ytxu/cr_dvrk_ws/install/dvrk_video:/home/ytxu/cr_dvrk_ws/install/dvrk_python:/home/ytxu/cr_dvrk_ws/install/dvrk_model:/home/ytxu/cr_dvrk_ws/install/dvrk_hrsv_widget:/home/ytxu/cr_dvrk_ws/install/dvrk_config_jhu:/home/ytxu/cr_dvrk_ws/install/dvrk_config:/home/ytxu/cr_dvrk_ws/install/dvrk_camera_registration:/home/ytxu/cr_dvrk_ws/install/dvrk_arms_from_ros:/home/ytxu/cr_dvrk_ws/install/crtk_python_client:/home/ytxu/cr_dvrk_ws/install/cisst_ros_crtk:/home/ytxu/cr_dvrk_ws/install/crtk_msgs:/home/ytxu/cr_dvrk_ws/install/cisst_ros_bridge:/home/ytxu/cr_dvrk_ws/install/cisst_msgs:/home/ytxu/cr-dvrk-rviz/install/test_scripts:/home/ytxu/cr-dvrk-rviz/install/teleop_cr_psm:/home/ytxu/cr-dvrk-rviz/install/cr_dvrk_kinematics:/home/ytxu/ctr_tr_model/install/pub_ctr_kinematics:/opt/ros/humble:/home/ytxu/cr_dvrk_ws/install/cisst:/home/ytxu/cr_dvrk_ws/install/cisstNetlib /usr/bin/cmake --build /home/ytxu/cr_dvrk_ws/build/cisstNetlib -- -j12 -l12
[2.728s] Invoking command in '/home/ytxu/cr_dvrk_ws/build/cisstNetlib': CMAKE_PREFIX_PATH=/home/ytxu/cr_dvrk_ws/install/dvrk_robot:/home/ytxu/cr_dvrk_ws/install/sawIntuitiveResearchKitCore:/home/ytxu/cr_dvrk_ws/install/sawTextToSpeechAll:/home/ytxu/cr_dvrk_ws/install/robot_io:/home/ytxu/cr_dvrk_ws/install/sawRobotIO1394Core:/home/ytxu/cr_dvrk_ws/install/sawControllersAll:/home/ytxu/cr_dvrk_ws/install/sawKeyboardAll:/home/ytxu/cr_dvrk_ws/install/dvrk_video:/home/ytxu/cr_dvrk_ws/install/dvrk_python:/home/ytxu/cr_dvrk_ws/install/dvrk_model:/home/ytxu/cr_dvrk_ws/install/dvrk_hrsv_widget:/home/ytxu/cr_dvrk_ws/install/dvrk_config_jhu:/home/ytxu/cr_dvrk_ws/install/dvrk_config:/home/ytxu/cr_dvrk_ws/install/dvrk_camera_registration:/home/ytxu/cr_dvrk_ws/install/dvrk_arms_from_ros:/home/ytxu/cr_dvrk_ws/install/crtk_python_client:/home/ytxu/cr_dvrk_ws/install/cisst_ros_crtk:/home/ytxu/cr_dvrk_ws/install/crtk_msgs:/home/ytxu/cr_dvrk_ws/install/cisst_ros_bridge:/home/ytxu/cr_dvrk_ws/install/cisst_msgs:/home/ytxu/cr-dvrk-rviz/install/test_scripts:/home/ytxu/cr-dvrk-rviz/install/teleop_cr_psm:/home/ytxu/cr-dvrk-rviz/install/cr_dvrk_kinematics:/home/ytxu/ctr_tr_model/install/pub_ctr_kinematics:/opt/ros/humble:/home/ytxu/cr_dvrk_ws/install/cisst:/home/ytxu/cr_dvrk_ws/install/cisstNetlib /usr/bin/cmake --install /home/ytxu/cr_dvrk_ws/build/cisstNetlib
[2.741s] -- Install configuration: "Release"
[2.741s] -- Up-to-date: /home/ytxu/cr_dvrk_ws/install/cisstNetlib/include/cisstNetlib.h
[2.742s] -- Up-to-date: /home/ytxu/cr_dvrk_ws/install/cisstNetlib/include/cisstNetlib/cisstNetlib-types.h
[2.742s] -- Up-to-date: /home/ytxu/cr_dvrk_ws/install/cisstNetlib/include/cisstNetlib/cisstNetlib-lapack.h
[2.742s] -- Up-to-date: /home/ytxu/cr_dvrk_ws/install/cisstNetlib/include/cisstNetlib/cisstNetlib-hanson-haskell.h
[2.742s] -- Up-to-date: /home/ytxu/cr_dvrk_ws/install/cisstNetlib/include/cisstNetlib/cisstNetlib-lawson-hanson.h
[2.742s] -- Up-to-date: /home/ytxu/cr_dvrk_ws/install/cisstNetlib/lib/libcisstNetlib_lapack.a
[2.742s] -- Up-to-date: /home/ytxu/cr_dvrk_ws/install/cisstNetlib/lib/libcisstNetlib_blas.a
[2.742s] -- Up-to-date: /home/ytxu/cr_dvrk_ws/install/cisstNetlib/lib/libcisstNetlib_f2c.a
[2.742s] -- Up-to-date: /home/ytxu/cr_dvrk_ws/install/cisstNetlib/share/cisstNetlib/CisstNetlibConfig.cmake
[2.743s] -- Up-to-date: /home/ytxu/cr_dvrk_ws/install/cisstNetlib/lib/libcisstNetlib_hanson_haskell.a
[2.744s] -- Up-to-date: /home/ytxu/cr_dvrk_ws/install/cisstNetlib/lib/libcisstNetlib_lawson_hanson.a
[2.744s] -- Up-to-date: /home/ytxu/cr_dvrk_ws/install/cisstNetlib/lib/libcisstNetlib.a
[2.748s] Invoked command in '/home/ytxu/cr_dvrk_ws/build/cisstNetlib' returned '0': CMAKE_PREFIX_PATH=/home/ytxu/cr_dvrk_ws/install/dvrk_robot:/home/ytxu/cr_dvrk_ws/install/sawIntuitiveResearchKitCore:/home/ytxu/cr_dvrk_ws/install/sawTextToSpeechAll:/home/ytxu/cr_dvrk_ws/install/robot_io:/home/ytxu/cr_dvrk_ws/install/sawRobotIO1394Core:/home/ytxu/cr_dvrk_ws/install/sawControllersAll:/home/ytxu/cr_dvrk_ws/install/sawKeyboardAll:/home/ytxu/cr_dvrk_ws/install/dvrk_video:/home/ytxu/cr_dvrk_ws/install/dvrk_python:/home/ytxu/cr_dvrk_ws/install/dvrk_model:/home/ytxu/cr_dvrk_ws/install/dvrk_hrsv_widget:/home/ytxu/cr_dvrk_ws/install/dvrk_config_jhu:/home/ytxu/cr_dvrk_ws/install/dvrk_config:/home/ytxu/cr_dvrk_ws/install/dvrk_camera_registration:/home/ytxu/cr_dvrk_ws/install/dvrk_arms_from_ros:/home/ytxu/cr_dvrk_ws/install/crtk_python_client:/home/ytxu/cr_dvrk_ws/install/cisst_ros_crtk:/home/ytxu/cr_dvrk_ws/install/crtk_msgs:/home/ytxu/cr_dvrk_ws/install/cisst_ros_bridge:/home/ytxu/cr_dvrk_ws/install/cisst_msgs:/home/ytxu/cr-dvrk-rviz/install/test_scripts:/home/ytxu/cr-dvrk-rviz/install/teleop_cr_psm:/home/ytxu/cr-dvrk-rviz/install/cr_dvrk_kinematics:/home/ytxu/ctr_tr_model/install/pub_ctr_kinematics:/opt/ros/humble:/home/ytxu/cr_dvrk_ws/install/cisst:/home/ytxu/cr_dvrk_ws/install/cisstNetlib /usr/bin/cmake --install /home/ytxu/cr_dvrk_ws/build/cisstNetlib
