[0.036s] Invoking command in '/home/ytxu/cr_dvrk_ws/build/dvrk_config_jhu': CMAKE_PREFIX_PATH=/home/ytxu/cr-dvrk-rviz/install/test_scripts:/home/ytxu/cr-dvrk-rviz/install/teleop_cr_psm:/home/ytxu/cr-dvrk-rviz/install/cr_dvrk_kinematics:/home/ytxu/ctr_tr_model/install/pub_ctr_kinematics:/opt/ros/humble /usr/bin/cmake --build /home/ytxu/cr_dvrk_ws/build/dvrk_config_jhu -- -j12 -l12
[0.111s] Invoked command in '/home/ytxu/cr_dvrk_ws/build/dvrk_config_jhu' returned '0': CMAKE_PREFIX_PATH=/home/ytxu/cr-dvrk-rviz/install/test_scripts:/home/ytxu/cr-dvrk-rviz/install/teleop_cr_psm:/home/ytxu/cr-dvrk-rviz/install/cr_dvrk_kinematics:/home/ytxu/ctr_tr_model/install/pub_ctr_kinematics:/opt/ros/humble /usr/bin/cmake --build /home/ytxu/cr_dvrk_ws/build/dvrk_config_jhu -- -j12 -l12
[0.115s] Invoking command in '/home/ytxu/cr_dvrk_ws/build/dvrk_config_jhu': CMAKE_PREFIX_PATH=/home/ytxu/cr-dvrk-rviz/install/test_scripts:/home/ytxu/cr-dvrk-rviz/install/teleop_cr_psm:/home/ytxu/cr-dvrk-rviz/install/cr_dvrk_kinematics:/home/ytxu/ctr_tr_model/install/pub_ctr_kinematics:/opt/ros/humble /usr/bin/cmake --install /home/ytxu/cr_dvrk_ws/build/dvrk_config_jhu
[0.124s] -- Install configuration: "Release"
[0.128s] -- Up-to-date: /home/ytxu/cr_dvrk_ws/install/dvrk_config_jhu/share/ament_index/resource_index/package_run_dependencies/dvrk_config_jhu
[0.130s] -- Up-to-date: /home/ytxu/cr_dvrk_ws/install/dvrk_config_jhu/share/ament_index/resource_index/parent_prefix_path/dvrk_config_jhu
[0.130s] -- Up-to-date: /home/ytxu/cr_dvrk_ws/install/dvrk_config_jhu/share/dvrk_config_jhu/environment/ament_prefix_path.sh
[0.131s] -- Up-to-date: /home/ytxu/cr_dvrk_ws/install/dvrk_config_jhu/share/dvrk_config_jhu/environment/ament_prefix_path.dsv
[0.131s] -- Up-to-date: /home/ytxu/cr_dvrk_ws/install/dvrk_config_jhu/share/dvrk_config_jhu/environment/path.sh
[0.132s] -- Up-to-date: /home/ytxu/cr_dvrk_ws/install/dvrk_config_jhu/share/dvrk_config_jhu/environment/path.dsv
[0.132s] -- Up-to-date: /home/ytxu/cr_dvrk_ws/install/dvrk_config_jhu/share/dvrk_config_jhu/local_setup.bash
[0.132s] -- Up-to-date: /home/ytxu/cr_dvrk_ws/install/dvrk_config_jhu/share/dvrk_config_jhu/local_setup.sh
[0.132s] -- Up-to-date: /home/ytxu/cr_dvrk_ws/install/dvrk_config_jhu/share/dvrk_config_jhu/local_setup.zsh
[0.134s] -- Up-to-date: /home/ytxu/cr_dvrk_ws/install/dvrk_config_jhu/share/dvrk_config_jhu/local_setup.dsv
[0.134s] -- Up-to-date: /home/ytxu/cr_dvrk_ws/install/dvrk_config_jhu/share/dvrk_config_jhu/package.dsv
[0.134s] -- Up-to-date: /home/ytxu/cr_dvrk_ws/install/dvrk_config_jhu/share/ament_index/resource_index/packages/dvrk_config_jhu
[0.135s] -- Up-to-date: /home/ytxu/cr_dvrk_ws/install/dvrk_config_jhu/share/dvrk_config_jhu/cmake/dvrk_config_jhuConfig.cmake
[0.135s] -- Up-to-date: /home/ytxu/cr_dvrk_ws/install/dvrk_config_jhu/share/dvrk_config_jhu/cmake/dvrk_config_jhuConfig-version.cmake
[0.135s] -- Up-to-date: /home/ytxu/cr_dvrk_ws/install/dvrk_config_jhu/share/dvrk_config_jhu/package.xml
[0.135s] -- Up-to-date: /home/ytxu/cr_dvrk_ws/install/dvrk_config_jhu/share/jhu-dVRK
[0.135s] -- Up-to-date: /home/ytxu/cr_dvrk_ws/install/dvrk_config_jhu/share/jhu-dVRK/console-MTML-PSM1.json
[0.136s] -- Up-to-date: /home/ytxu/cr_dvrk_ws/install/dvrk_config_jhu/share/jhu-dVRK/ros-io-PSM1-PSM2.json
[0.136s] -- Up-to-date: /home/ytxu/cr_dvrk_ws/install/dvrk_config_jhu/share/jhu-dVRK/console-MTMR-PSM1_SocketClient-Teleop.json
[0.136s] -- Up-to-date: /home/ytxu/cr_dvrk_ws/install/dvrk_config_jhu/share/jhu-dVRK/console-MTMR-PSM1-MTML-PSM2.json
[0.136s] -- Up-to-date: /home/ytxu/cr_dvrk_ws/install/dvrk_config_jhu/share/jhu-dVRK/console-MTMR-PSM1-PSM2-MTML-PSM2-PSM1-Teleop.json
[0.136s] -- Up-to-date: /home/ytxu/cr_dvrk_ws/install/dvrk_config_jhu/share/jhu-dVRK/console-MTML-PSM1-Teleop.json
[0.137s] -- Up-to-date: /home/ytxu/cr_dvrk_ws/install/dvrk_config_jhu/share/jhu-dVRK/console-MTML-MTMR.json
[0.137s] -- Up-to-date: /home/ytxu/cr_dvrk_ws/install/dvrk_config_jhu/share/jhu-dVRK/console-MTML-PSM2_KIN_SIMULATED-Teleop.json
[0.137s] -- Up-to-date: /home/ytxu/cr_dvrk_ws/install/dvrk_config_jhu/share/jhu-dVRK/console-PSM2-seq-r-bc-w.json
[0.137s] -- Up-to-date: /home/ytxu/cr_dvrk_ws/install/dvrk_config_jhu/share/jhu-dVRK/sawRobotIO1394-PSM1-28007.xml
[0.137s] -- Up-to-date: /home/ytxu/cr_dvrk_ws/install/dvrk_config_jhu/share/jhu-dVRK/console-MTMR-PSM1-TeleopDerived.json
[0.138s] -- Up-to-date: /home/ytxu/cr_dvrk_ws/install/dvrk_config_jhu/share/jhu-dVRK/console-MTML-MTMR-full-cart-simulated.json
[0.138s] -- Up-to-date: /home/ytxu/cr_dvrk_ws/install/dvrk_config_jhu/share/jhu-dVRK/console-MTMR-PSM2-Teleop.json
[0.138s] -- Up-to-date: /home/ytxu/cr_dvrk_ws/install/dvrk_config_jhu/share/jhu-dVRK/sawRobotIO1394-Focus-28007.xml
[0.139s] -- Up-to-date: /home/ytxu/cr_dvrk_ws/install/dvrk_config_jhu/share/jhu-dVRK/console-PSM2.json
[0.139s] -- Up-to-date: /home/ytxu/cr_dvrk_ws/install/dvrk_config_jhu/share/jhu-dVRK/sawRobotIO1394-MTMR-28247.xml
[0.140s] -- Up-to-date: /home/ytxu/cr_dvrk_ws/install/dvrk_config_jhu/share/jhu-dVRK/PSM1-28007.json
[0.140s] -- Up-to-date: /home/ytxu/cr_dvrk_ws/install/dvrk_config_jhu/share/jhu-dVRK/console-MTML-PSM2-Teleop.json
[0.141s] -- Up-to-date: /home/ytxu/cr_dvrk_ws/install/dvrk_config_jhu/share/jhu-dVRK/console-Falcon-PSM2-TeleopDerived.json
[0.141s] -- Up-to-date: /home/ytxu/cr_dvrk_ws/install/dvrk_config_jhu/share/jhu-dVRK/console-PSM2-seq-rw.json
[0.141s] -- Up-to-date: /home/ytxu/cr_dvrk_ws/install/dvrk_config_jhu/share/jhu-dVRK/console-MTML-PSM2-TeleopDerived.json
[0.142s] -- Up-to-date: /home/ytxu/cr_dvrk_ws/install/dvrk_config_jhu/share/jhu-dVRK/sawRobotIO1394-MTML-22723.xml
[0.142s] -- Up-to-date: /home/ytxu/cr_dvrk_ws/install/dvrk_config_jhu/share/jhu-dVRK/console-MTML-PSM1-TeleopDerived.json
[0.142s] -- Up-to-date: /home/ytxu/cr_dvrk_ws/install/dvrk_config_jhu/share/jhu-dVRK/console-PSM1-MTMR-PSM2-MTML-ECM_KIN_SIMULATED-Teleop.json
[0.142s] -- Up-to-date: /home/ytxu/cr_dvrk_ws/install/dvrk_config_jhu/share/jhu-dVRK/console-MTML-PSM1_SocketClient-Teleop.json
[0.142s] -- Up-to-date: /home/ytxu/cr_dvrk_ws/install/dvrk_config_jhu/share/jhu-dVRK/console-MTML.json
[0.143s] -- Up-to-date: /home/ytxu/cr_dvrk_ws/install/dvrk_config_jhu/share/jhu-dVRK/console-MTMR.json
[0.143s] -- Up-to-date: /home/ytxu/cr_dvrk_ws/install/dvrk_config_jhu/share/jhu-dVRK/cal-files
[0.143s] -- Up-to-date: /home/ytxu/cr_dvrk_ws/install/dvrk_config_jhu/share/jhu-dVRK/cal-files/jhu-psm1-p28007.cal
[0.143s] -- Up-to-date: /home/ytxu/cr_dvrk_ws/install/dvrk_config_jhu/share/jhu-dVRK/cal-files/jhu-mtml-m22723.cal
[0.143s] -- Up-to-date: /home/ytxu/cr_dvrk_ws/install/dvrk_config_jhu/share/jhu-dVRK/cal-files/jhu-psm2-p27374.cal
[0.144s] -- Up-to-date: /home/ytxu/cr_dvrk_ws/install/dvrk_config_jhu/share/jhu-dVRK/cal-files/jhu-mtml-m28003.cal
[0.144s] -- Up-to-date: /home/ytxu/cr_dvrk_ws/install/dvrk_config_jhu/share/jhu-dVRK/cal-files/jhu-mtmr-m28247.cal
[0.144s] -- Up-to-date: /home/ytxu/cr_dvrk_ws/install/dvrk_config_jhu/share/jhu-dVRK/gc-MTMR-28247.json
[0.144s] -- Up-to-date: /home/ytxu/cr_dvrk_ws/install/dvrk_config_jhu/share/jhu-dVRK/MTMR-28247.json
[0.144s] -- Up-to-date: /home/ytxu/cr_dvrk_ws/install/dvrk_config_jhu/share/jhu-dVRK/console-MTML-PSM1-PSM2-Teleop.json
[0.144s] -- Up-to-date: /home/ytxu/cr_dvrk_ws/install/dvrk_config_jhu/share/jhu-dVRK/console-MTML-PSM1_ROS-Teleop.json
[0.145s] -- Up-to-date: /home/ytxu/cr_dvrk_ws/install/dvrk_config_jhu/share/jhu-dVRK/custom-tool
[0.145s] -- Up-to-date: /home/ytxu/cr_dvrk_ws/install/dvrk_config_jhu/share/jhu-dVRK/custom-tool/CUSTOM_DUMMY_400900.json
[0.146s] -- Up-to-date: /home/ytxu/cr_dvrk_ws/install/dvrk_config_jhu/share/jhu-dVRK/custom-tool/console-MTML-PSM1-Custom-Dummy-Teleop.json
[0.146s] -- Up-to-date: /home/ytxu/cr_dvrk_ws/install/dvrk_config_jhu/share/jhu-dVRK/custom-tool/psm-Custom-Dummy.json
[0.146s] -- Up-to-date: /home/ytxu/cr_dvrk_ws/install/dvrk_config_jhu/share/jhu-dVRK/custom-tool/custom-tool-index.json
[0.147s] -- Up-to-date: /home/ytxu/cr_dvrk_ws/install/dvrk_config_jhu/share/jhu-dVRK/custom-tool/PSM1-28007-Custom-Dummy.json
[0.147s] -- Up-to-date: /home/ytxu/cr_dvrk_ws/install/dvrk_config_jhu/share/jhu-dVRK/custom-tool/console-PSM1-Custom-Dummy.json
[0.147s] -- Up-to-date: /home/ytxu/cr_dvrk_ws/install/dvrk_config_jhu/share/jhu-dVRK/console-MTML-UR-Teleop.json
[0.147s] -- Up-to-date: /home/ytxu/cr_dvrk_ws/install/dvrk_config_jhu/share/jhu-dVRK/console-PSM2-bc-rw.json
[0.147s] -- Up-to-date: /home/ytxu/cr_dvrk_ws/install/dvrk_config_jhu/share/jhu-dVRK/sawRobotIO1394-PSM2-27374.xml
[0.148s] -- Up-to-date: /home/ytxu/cr_dvrk_ws/install/dvrk_config_jhu/share/jhu-dVRK/PSM2-27374.json
[0.148s] -- Up-to-date: /home/ytxu/cr_dvrk_ws/install/dvrk_config_jhu/share/jhu-dVRK/console-MTMR-PSM1-MTML-PSM2-Teleop.json
[0.148s] -- Up-to-date: /home/ytxu/cr_dvrk_ws/install/dvrk_config_jhu/share/jhu-dVRK/xorg.conf
[0.148s] -- Up-to-date: /home/ytxu/cr_dvrk_ws/install/dvrk_config_jhu/share/jhu-dVRK/console-MTMR-PSM1_KIN_SIMULATED-Teleop.json
[0.149s] -- Up-to-date: /home/ytxu/cr_dvrk_ws/install/dvrk_config_jhu/share/jhu-dVRK/console-MTML-MTMR-ECM_KIN_SIMULATED-Teleop.json
[0.149s] -- Up-to-date: /home/ytxu/cr_dvrk_ws/install/dvrk_config_jhu/share/jhu-dVRK/console-MTML-PSM1-Joystick-Pedals-Teleop.json
[0.149s] -- Up-to-date: /home/ytxu/cr_dvrk_ws/install/dvrk_config_jhu/share/jhu-dVRK/console-MTMR-PSM2-5mm-Teleop.json
[0.150s] -- Up-to-date: /home/ytxu/cr_dvrk_ws/install/dvrk_config_jhu/share/jhu-dVRK/MTML-22723.json
[0.150s] -- Up-to-date: /home/ytxu/cr_dvrk_ws/install/dvrk_config_jhu/share/jhu-dVRK/sawRobotIO1394-MTML-gripper-22723.xml
[0.150s] -- Up-to-date: /home/ytxu/cr_dvrk_ws/install/dvrk_config_jhu/share/jhu-dVRK/console-PSM1.json
[0.150s] -- Up-to-date: /home/ytxu/cr_dvrk_ws/install/dvrk_config_jhu/share/jhu-dVRK/console-MTMR-PSM1-Teleop.json
[0.150s] -- Up-to-date: /home/ytxu/cr_dvrk_ws/install/dvrk_config_jhu/share/jhu-dVRK/gc-MTML-22723.json
[0.151s] -- Up-to-date: /home/ytxu/cr_dvrk_ws/install/dvrk_config_jhu/share/jhu-dVRK/sawRobotIO1394-MTMR-gripper-28247.xml
[0.151s] -- Up-to-date: /home/ytxu/cr_dvrk_ws/install/dvrk_config_jhu/share/jhu-daVinci
[0.156s] -- Up-to-date: /home/ytxu/cr_dvrk_ws/install/dvrk_config_jhu/share/jhu-daVinci/compensation-PSM3-28613.json
[0.156s] -- Up-to-date: /home/ytxu/cr_dvrk_ws/install/dvrk_config_jhu/share/jhu-daVinci/console-MTMR-PSM1_SocketClient-Teleop.json
[0.156s] -- Up-to-date: /home/ytxu/cr_dvrk_ws/install/dvrk_config_jhu/share/jhu-daVinci/console-SUJ.json
[0.157s] -- Up-to-date: /home/ytxu/cr_dvrk_ws/install/dvrk_config_jhu/share/jhu-daVinci/console-SUJ-PSM3.json
[0.159s] -- Up-to-date: /home/ytxu/cr_dvrk_ws/install/dvrk_config_jhu/share/jhu-daVinci/MTMR-32336.json
[0.159s] -- Up-to-date: /home/ytxu/cr_dvrk_ws/install/dvrk_config_jhu/share/jhu-daVinci/PSM3-28613.json
[0.160s] -- Up-to-date: /home/ytxu/cr_dvrk_ws/install/dvrk_config_jhu/share/jhu-daVinci/console-ECM.json
[0.160s] -- Up-to-date: /home/ytxu/cr_dvrk_ws/install/dvrk_config_jhu/share/jhu-daVinci/PSM1-49695.json
[0.160s] -- Up-to-date: /home/ytxu/cr_dvrk_ws/install/dvrk_config_jhu/share/jhu-daVinci/console-Falcon-PSM3-foot-pedals-Teleop.json
[0.160s] -- Up-to-date: /home/ytxu/cr_dvrk_ws/install/dvrk_config_jhu/share/jhu-daVinci/console-MTML-MTMR.json
[0.161s] -- Up-to-date: /home/ytxu/cr_dvrk_ws/install/dvrk_config_jhu/share/jhu-daVinci/console-MTMR-MTML-PSM3-ECM-Teleop.json
[0.161s] -- Up-to-date: /home/ytxu/cr_dvrk_ws/install/dvrk_config_jhu/share/jhu-daVinci/sawRobotIO1394-PSM2-32204.xml
[0.162s] -- Up-to-date: /home/ytxu/cr_dvrk_ws/install/dvrk_config_jhu/share/jhu-daVinci/console-SUJ-ECM-PSM1.json
[0.163s] -- Up-to-date: /home/ytxu/cr_dvrk_ws/install/dvrk_config_jhu/share/jhu-daVinci/console-SUJ-ECM-MTMR-PSM1-MTML-PSM2-Teleop.json
[0.163s] -- Up-to-date: /home/ytxu/cr_dvrk_ws/install/dvrk_config_jhu/share/jhu-daVinci/igtl.json
[0.163s] -- Up-to-date: /home/ytxu/cr_dvrk_ws/install/dvrk_config_jhu/share/jhu-daVinci/console-SUJ-ECM-PSM1-PSM3.json
[0.163s] -- Up-to-date: /home/ytxu/cr_dvrk_ws/install/dvrk_config_jhu/share/jhu-daVinci/console-SUJ-ECM-MTML-PSM1-Teleop-PSM2.json
[0.163s] -- Up-to-date: /home/ytxu/cr_dvrk_ws/install/dvrk_config_jhu/share/jhu-daVinci/console-PSM2.json
[0.163s] -- Up-to-date: /home/ytxu/cr_dvrk_ws/install/dvrk_config_jhu/share/jhu-daVinci/console-MTMR-PSM1_ROS-Teleop.json
[0.163s] -- Up-to-date: /home/ytxu/cr_dvrk_ws/install/dvrk_config_jhu/share/jhu-daVinci/sawRobotIO1394-PSM3-28613.xml
[0.164s] -- Up-to-date: /home/ytxu/cr_dvrk_ws/install/dvrk_config_jhu/share/jhu-daVinci/console-ECM-MTML-MTMR-Teleop.json
[0.166s] -- Up-to-date: /home/ytxu/cr_dvrk_ws/install/dvrk_config_jhu/share/jhu-daVinci/console-SUJ-ECM-PSM1-PSM2.json
[0.166s] -- Up-to-date: /home/ytxu/cr_dvrk_ws/install/dvrk_config_jhu/share/jhu-daVinci/suj-ECM-1-2-3.json
[0.167s] -- Up-to-date: /home/ytxu/cr_dvrk_ws/install/dvrk_config_jhu/share/jhu-daVinci/sawRobotIO1394-SUJ.xml
[0.167s] -- Up-to-date: /home/ytxu/cr_dvrk_ws/install/dvrk_config_jhu/share/jhu-daVinci/console-MTML-PSM2-Teleop.json
[0.167s] -- Up-to-date: /home/ytxu/cr_dvrk_ws/install/dvrk_config_jhu/share/jhu-daVinci/console-SUJ-ECM-MTMR-PSM1-Teleop.json
[0.168s] -- Up-to-date: /home/ytxu/cr_dvrk_ws/install/dvrk_config_jhu/share/jhu-daVinci/sawRobotIO1394-MTML-gripper-34863.xml
[0.168s] -- Up-to-date: /home/ytxu/cr_dvrk_ws/install/dvrk_config_jhu/share/jhu-daVinci/console-MTMR-PSM1-Teleop-PSM2.json
[0.168s] -- Up-to-date: /home/ytxu/cr_dvrk_ws/install/dvrk_config_jhu/share/jhu-daVinci/sawRobotIO1394-MTMR-32336.xml
[0.169s] -- Up-to-date: /home/ytxu/cr_dvrk_ws/install/dvrk_config_jhu/share/jhu-daVinci/sawRobotIO1394-MTML-34863.xml
[0.171s] -- Up-to-date: /home/ytxu/cr_dvrk_ws/install/dvrk_config_jhu/share/jhu-daVinci/console-SUJ-PSM2-is-reference-MTMR-PSM1-Teleop.json
[0.171s] -- Up-to-date: /home/ytxu/cr_dvrk_ws/install/dvrk_config_jhu/share/jhu-daVinci/console-MTML.json
[0.172s] -- Up-to-date: /home/ytxu/cr_dvrk_ws/install/dvrk_config_jhu/share/jhu-daVinci/sawRobotIO1394-PSM1-49695.xml
[0.172s] -- Up-to-date: /home/ytxu/cr_dvrk_ws/install/dvrk_config_jhu/share/jhu-daVinci/PSM2-32204.json
[0.172s] -- Up-to-date: /home/ytxu/cr_dvrk_ws/install/dvrk_config_jhu/share/jhu-daVinci/console-MTMR.json
[0.172s] -- Up-to-date: /home/ytxu/cr_dvrk_ws/install/dvrk_config_jhu/share/jhu-daVinci/gc-MTML-34863.json
[0.172s] -- Up-to-date: /home/ytxu/cr_dvrk_ws/install/dvrk_config_jhu/share/jhu-daVinci/cal-files
[0.173s] -- Up-to-date: /home/ytxu/cr_dvrk_ws/install/dvrk_config_jhu/share/jhu-daVinci/cal-files/jhu-dv-psm3-28613.cal
[0.173s] -- Up-to-date: /home/ytxu/cr_dvrk_ws/install/dvrk_config_jhu/share/jhu-daVinci/cal-files/jhu-dv-psm2-32204.cal
[0.173s] -- Up-to-date: /home/ytxu/cr_dvrk_ws/install/dvrk_config_jhu/share/jhu-daVinci/cal-files/jhu-dv-mtmr-32336.cal
[0.173s] -- Up-to-date: /home/ytxu/cr_dvrk_ws/install/dvrk_config_jhu/share/jhu-daVinci/cal-files/jhu-dv-mtml-34863.cal
[0.174s] -- Up-to-date: /home/ytxu/cr_dvrk_ws/install/dvrk_config_jhu/share/jhu-daVinci/cal-files/jhu-dv-psm1-49695.cal
[0.174s] -- Up-to-date: /home/ytxu/cr_dvrk_ws/install/dvrk_config_jhu/share/jhu-daVinci/cal-files/jhu-dv-ecm-29738.cal
[0.174s] -- Up-to-date: /home/ytxu/cr_dvrk_ws/install/dvrk_config_jhu/share/jhu-daVinci/console-SUJ-ECM-MTMR-PSM1-MTML-PSM3-Teleop.json
[0.174s] -- Up-to-date: /home/ytxu/cr_dvrk_ws/install/dvrk_config_jhu/share/jhu-daVinci/suj-fixed.json
[0.175s] -- Up-to-date: /home/ytxu/cr_dvrk_ws/install/dvrk_config_jhu/share/jhu-daVinci/console-ECM-MTMR-PSM1-MTML-PSM2-Teleop.json
[0.175s] -- Up-to-date: /home/ytxu/cr_dvrk_ws/install/dvrk_config_jhu/share/jhu-daVinci/console-SUJ_KIN_SIMULATED-ECM-MTMR-PSM1-MTML-PSM2-Teleop.json
[0.175s] -- Up-to-date: /home/ytxu/cr_dvrk_ws/install/dvrk_config_jhu/share/jhu-daVinci/console-SUJ-ECM-MTMR-PSM1-MTML-PSM2-PSM3-Teleop.json
[0.175s] -- Up-to-date: /home/ytxu/cr_dvrk_ws/install/dvrk_config_jhu/share/jhu-daVinci/console-MTMR-PSM3-Teleop.json
[0.175s] -- Up-to-date: /home/ytxu/cr_dvrk_ws/install/dvrk_config_jhu/share/jhu-daVinci/console-Falcon-PSM3-Teleop.json
[0.176s] -- Up-to-date: /home/ytxu/cr_dvrk_ws/install/dvrk_config_jhu/share/jhu-daVinci/ECM-29738.json
[0.176s] -- Up-to-date: /home/ytxu/cr_dvrk_ws/install/dvrk_config_jhu/share/jhu-daVinci/sawRobotIO1394-ECM-29738.xml
[0.176s] -- Up-to-date: /home/ytxu/cr_dvrk_ws/install/dvrk_config_jhu/share/jhu-daVinci/sawRobotIO1394-MTMR-gripper-32336.xml
[0.176s] -- Up-to-date: /home/ytxu/cr_dvrk_ws/install/dvrk_config_jhu/share/jhu-daVinci/old
[0.176s] -- Up-to-date: /home/ytxu/cr_dvrk_ws/install/dvrk_config_jhu/share/jhu-daVinci/old/sawRobotIO1394-MTMR-22403-foot-pedal.xml
[0.176s] -- Up-to-date: /home/ytxu/cr_dvrk_ws/install/dvrk_config_jhu/share/jhu-daVinci/old/sawRobotIO1394-MTMR-22403.xml
[0.176s] -- Up-to-date: /home/ytxu/cr_dvrk_ws/install/dvrk_config_jhu/share/jhu-daVinci/gc-MTMR-32336.json
[0.176s] -- Up-to-date: /home/ytxu/cr_dvrk_ws/install/dvrk_config_jhu/share/jhu-daVinci/suj-ECM-1-2-3-PSM2-is-reference.json
[0.176s] -- Up-to-date: /home/ytxu/cr_dvrk_ws/install/dvrk_config_jhu/share/jhu-daVinci/console-SUJ-ECM-MTML-PSM1-PSM2-Teleop.json
[0.177s] -- Up-to-date: /home/ytxu/cr_dvrk_ws/install/dvrk_config_jhu/share/jhu-daVinci/console-SUJFixed-ECM-MTMR-PSM1-MTML-PSM2-Teleop.json
[0.177s] -- Up-to-date: /home/ytxu/cr_dvrk_ws/install/dvrk_config_jhu/share/jhu-daVinci/console-MTMR-PSM1_KIN_SIMULATED.json
[0.180s] -- Up-to-date: /home/ytxu/cr_dvrk_ws/install/dvrk_config_jhu/share/jhu-daVinci/console-PSM1.json
[0.180s] -- Up-to-date: /home/ytxu/cr_dvrk_ws/install/dvrk_config_jhu/share/jhu-daVinci/console-PSM1-ECM-SUJ.json
[0.180s] -- Up-to-date: /home/ytxu/cr_dvrk_ws/install/dvrk_config_jhu/share/jhu-daVinci/console-SUJ-ECM.json
[0.180s] -- Up-to-date: /home/ytxu/cr_dvrk_ws/install/dvrk_config_jhu/share/jhu-daVinci/MTML-34863.json
[0.180s] -- Up-to-date: /home/ytxu/cr_dvrk_ws/install/dvrk_config_jhu/share/jhu-daVinci/console-PSM3.json
[0.180s] -- Up-to-date: /home/ytxu/cr_dvrk_ws/install/dvrk_config_jhu/share/jhu-daVinci/console-SUJ-ECM-MTMR-PSM1-Teleop-PSM2.json
[0.181s] -- Up-to-date: /home/ytxu/cr_dvrk_ws/install/dvrk_config_jhu/share/jhu-dVRK-Si
[0.181s] -- Up-to-date: /home/ytxu/cr_dvrk_ws/install/dvrk_config_jhu/share/jhu-dVRK-Si/console-MTMR-Omni-JoystickPedals-PSM3-Teleop.json
[0.181s] -- Up-to-date: /home/ytxu/cr_dvrk_ws/install/dvrk_config_jhu/share/jhu-dVRK-Si/sawRobotIO1394-PSM1-334809.xml
[0.181s] -- Up-to-date: /home/ytxu/cr_dvrk_ws/install/dvrk_config_jhu/share/jhu-dVRK-Si/sawSensablePhantomUSBTouch.json
[0.181s] -- Up-to-date: /home/ytxu/cr_dvrk_ws/install/dvrk_config_jhu/share/jhu-dVRK-Si/sawRobotIO1394-PSM3-28007.xml
[0.181s] -- Up-to-date: /home/ytxu/cr_dvrk_ws/install/dvrk_config_jhu/share/jhu-dVRK-Si/PSM_KIN_SIMULATED_CADIERE_FORCEPS_400049.json
[0.181s] -- Up-to-date: /home/ytxu/cr_dvrk_ws/install/dvrk_config_jhu/share/jhu-dVRK-Si/console-MTMR-ForceDimension-JoystickPedals-PSM3-Teleop-with-jaws.json
[0.182s] -- Up-to-date: /home/ytxu/cr_dvrk_ws/install/dvrk_config_jhu/share/jhu-dVRK-Si/sawRobotIO1394-PSM1-334809-PotentiometerLookupTable.json
[0.182s] -- Up-to-date: /home/ytxu/cr_dvrk_ws/install/dvrk_config_jhu/share/jhu-dVRK-Si/console-PSM3_SIMULATED.json
[0.182s] -- Up-to-date: /home/ytxu/cr_dvrk_ws/install/dvrk_config_jhu/share/jhu-dVRK-Si/PSM3-28007.json
[0.182s] -- Up-to-date: /home/ytxu/cr_dvrk_ws/install/dvrk_config_jhu/share/jhu-dVRK-Si/console-MTMR-ForceDimension-JoystickPedals-PSM3_SIMULATED-Teleop.json
[0.182s] -- Up-to-date: /home/ytxu/cr_dvrk_ws/install/dvrk_config_jhu/share/jhu-dVRK-Si/omega7-11311.json
[0.182s] -- Up-to-date: /home/ytxu/cr_dvrk_ws/install/dvrk_config_jhu/share/jhu-dVRK-Si/console-PSM1.json
[0.183s] -- Up-to-date: /home/ytxu/cr_dvrk_ws/install/dvrk_config_jhu/share/jhu-dVRK-Si/console-MTMR-ForceDimension-JoystickPedals-PSM3-Teleop.json
[0.183s] -- Up-to-date: /home/ytxu/cr_dvrk_ws/install/dvrk_config_jhu/share/jhu-dVRK-Si/console-PSM3.json
[0.183s] -- Up-to-date: /home/ytxu/cr_dvrk_ws/install/dvrk_config_jhu/share/jhu-dVRK-Si/PSM1-334809.json
[0.185s] -- Up-to-date: /home/ytxu/cr_dvrk_ws/install/dvrk_config_jhu/share/jhu-daVinci-Si
[0.187s] -- Up-to-date: /home/ytxu/cr_dvrk_ws/install/dvrk_config_jhu/share/jhu-daVinci-Si/console-SUJ-ECM-MTMR-PSM1-PSM2-PSM3.json
[0.187s] -- Up-to-date: /home/ytxu/cr_dvrk_ws/install/dvrk_config_jhu/share/jhu-daVinci-Si/sawRobotIO1394-PSM2-586288.xml
[0.188s] -- Up-to-date: /home/ytxu/cr_dvrk_ws/install/dvrk_config_jhu/share/jhu-daVinci-Si/console-SUJ.json
[0.188s] -- Up-to-date: /home/ytxu/cr_dvrk_ws/install/dvrk_config_jhu/share/jhu-daVinci-Si/console-SUJ-ECM-MTML-PSM2-MTMR-PSM1-PSM3-Teleop.json
[0.192s] -- Up-to-date: /home/ytxu/cr_dvrk_ws/install/dvrk_config_jhu/share/jhu-daVinci-Si/sawRobotIO1394-MTMR-gripper-30924.xml
[0.192s] -- Up-to-date: /home/ytxu/cr_dvrk_ws/install/dvrk_config_jhu/share/jhu-daVinci-Si/console-ECM.json
[0.192s] -- Up-to-date: /home/ytxu/cr_dvrk_ws/install/dvrk_config_jhu/share/jhu-daVinci-Si/PSM2-586288.json
[0.192s] -- Up-to-date: /home/ytxu/cr_dvrk_ws/install/dvrk_config_jhu/share/jhu-daVinci-Si/console-SUJ_fixed-ECM-MTML-PSM2-MTMR-PSM1-Teleop.json
[0.193s] -- Up-to-date: /home/ytxu/cr_dvrk_ws/install/dvrk_config_jhu/share/jhu-daVinci-Si/MTMR-30924.json
[0.193s] -- Up-to-date: /home/ytxu/cr_dvrk_ws/install/dvrk_config_jhu/share/jhu-daVinci-Si/console-MTMR-PSM1SocketClient-Teleop.json
[0.193s] -- Up-to-date: /home/ytxu/cr_dvrk_ws/install/dvrk_config_jhu/share/jhu-daVinci-Si/console-PSM2.json
[0.193s] -- Up-to-date: /home/ytxu/cr_dvrk_ws/install/dvrk_config_jhu/share/jhu-daVinci-Si/suj-si.json
[0.194s] -- Up-to-date: /home/ytxu/cr_dvrk_ws/install/dvrk_config_jhu/share/jhu-daVinci-Si/console-ECM-PSM2.json
[0.194s] -- Up-to-date: /home/ytxu/cr_dvrk_ws/install/dvrk_config_jhu/share/jhu-daVinci-Si/PSM3-698534.json
[0.194s] -- Up-to-date: /home/ytxu/cr_dvrk_ws/install/dvrk_config_jhu/share/jhu-daVinci-Si/sawRobotIO1394-PSM3-698534-PotentiometerLookupTable.json
[0.194s] -- Up-to-date: /home/ytxu/cr_dvrk_ws/install/dvrk_config_jhu/share/jhu-daVinci-Si/sawRobotIO1394-PSM1-292409-PotentiometerLookupTable.json
[0.194s] -- Up-to-date: /home/ytxu/cr_dvrk_ws/install/dvrk_config_jhu/share/jhu-daVinci-Si/console-MTML.json
[0.194s] -- Up-to-date: /home/ytxu/cr_dvrk_ws/install/dvrk_config_jhu/share/jhu-daVinci-Si/sawRobotIO1394-PSM2-586288-PotentiometerLookupTable.json
[0.194s] -- Up-to-date: /home/ytxu/cr_dvrk_ws/install/dvrk_config_jhu/share/jhu-daVinci-Si/console-MTMR.json
[0.195s] -- Up-to-date: /home/ytxu/cr_dvrk_ws/install/dvrk_config_jhu/share/jhu-daVinci-Si/console-MTMR-ForceDimension-PSM1-Teleop.json
[0.195s] -- Up-to-date: /home/ytxu/cr_dvrk_ws/install/dvrk_config_jhu/share/jhu-daVinci-Si/cal-files
[0.195s] -- Up-to-date: /home/ytxu/cr_dvrk_ws/install/dvrk_config_jhu/share/jhu-daVinci-Si/cal-files/e267579.cal
[0.195s] -- Up-to-date: /home/ytxu/cr_dvrk_ws/install/dvrk_config_jhu/share/jhu-daVinci-Si/cal-files/p586288.cal
[0.195s] -- Up-to-date: /home/ytxu/cr_dvrk_ws/install/dvrk_config_jhu/share/jhu-daVinci-Si/cal-files/jhu-mtml-28989.cal
[0.196s] -- Up-to-date: /home/ytxu/cr_dvrk_ws/install/dvrk_config_jhu/share/jhu-daVinci-Si/cal-files/jhu-ecm-s-267579.cal
[0.196s] -- Up-to-date: /home/ytxu/cr_dvrk_ws/install/dvrk_config_jhu/share/jhu-daVinci-Si/cal-files/jhu-psm-s-334809.cal
[0.196s] -- Up-to-date: /home/ytxu/cr_dvrk_ws/install/dvrk_config_jhu/share/jhu-daVinci-Si/cal-files/e438610.cal
[0.196s] -- Up-to-date: /home/ytxu/cr_dvrk_ws/install/dvrk_config_jhu/share/jhu-daVinci-Si/cal-files/jhu-mtmr-22403.cal
[0.196s] -- Up-to-date: /home/ytxu/cr_dvrk_ws/install/dvrk_config_jhu/share/jhu-daVinci-Si/cal-files/p292409.cal
[0.196s] -- Up-to-date: /home/ytxu/cr_dvrk_ws/install/dvrk_config_jhu/share/jhu-daVinci-Si/gc-MTMR-30924.json
[0.196s] -- Up-to-date: /home/ytxu/cr_dvrk_ws/install/dvrk_config_jhu/share/jhu-daVinci-Si/suj-fixed.json
[0.197s] -- Up-to-date: /home/ytxu/cr_dvrk_ws/install/dvrk_config_jhu/share/jhu-daVinci-Si/console-SUJ-ECM-MTML-PSM2-MTMR-PSM1-Teleop.json
[0.197s] -- Up-to-date: /home/ytxu/cr_dvrk_ws/install/dvrk_config_jhu/share/jhu-daVinci-Si/console-SUJ-PSM1.json
[0.197s] -- Up-to-date: /home/ytxu/cr_dvrk_ws/install/dvrk_config_jhu/share/jhu-daVinci-Si/sawRobotIO1394-MTML-gripper-28989.xml
[0.197s] -- Up-to-date: /home/ytxu/cr_dvrk_ws/install/dvrk_config_jhu/share/jhu-daVinci-Si/ECM-438610.json
[0.198s] -- Up-to-date: /home/ytxu/cr_dvrk_ws/install/dvrk_config_jhu/share/jhu-daVinci-Si/sawRobotIO1394-ECM-438610.xml
[0.198s] -- Up-to-date: /home/ytxu/cr_dvrk_ws/install/dvrk_config_jhu/share/jhu-daVinci-Si/sawRobotIO1394-PSM3-698534.xml
[0.198s] -- Up-to-date: /home/ytxu/cr_dvrk_ws/install/dvrk_config_jhu/share/jhu-daVinci-Si/MTML-28989.json
[0.198s] -- Up-to-date: /home/ytxu/cr_dvrk_ws/install/dvrk_config_jhu/share/jhu-daVinci-Si/console-SUJ-ECM-PSM1-PSM2-PSM3.json
[0.198s] -- Up-to-date: /home/ytxu/cr_dvrk_ws/install/dvrk_config_jhu/share/jhu-daVinci-Si/sawRobotIO1394-PSM1-292409.xml
[0.198s] -- Up-to-date: /home/ytxu/cr_dvrk_ws/install/dvrk_config_jhu/share/jhu-daVinci-Si/console-SUJ-ECM-MTMR-PSM1-PSM2-Teleop.json
[0.199s] -- Up-to-date: /home/ytxu/cr_dvrk_ws/install/dvrk_config_jhu/share/jhu-daVinci-Si/PSM1-292409.json
[0.199s] -- Up-to-date: /home/ytxu/cr_dvrk_ws/install/dvrk_config_jhu/share/jhu-daVinci-Si/sawRobotIO1394-MTML-28989.xml
[0.199s] -- Up-to-date: /home/ytxu/cr_dvrk_ws/install/dvrk_config_jhu/share/jhu-daVinci-Si/omega7-11311.json
[0.199s] -- Up-to-date: /home/ytxu/cr_dvrk_ws/install/dvrk_config_jhu/share/jhu-daVinci-Si/console-PSM1.json
[0.199s] -- Up-to-date: /home/ytxu/cr_dvrk_ws/install/dvrk_config_jhu/share/jhu-daVinci-Si/sawRobotIO1394-MTMR-30924.xml
[0.199s] -- Up-to-date: /home/ytxu/cr_dvrk_ws/install/dvrk_config_jhu/share/jhu-daVinci-Si/sawRobotIO1394-ECM-438610-PotentiometerLookupTable.json
[0.199s] -- Up-to-date: /home/ytxu/cr_dvrk_ws/install/dvrk_config_jhu/share/jhu-daVinci-Si/console-PSM3.json
[0.205s] Invoked command in '/home/ytxu/cr_dvrk_ws/build/dvrk_config_jhu' returned '0': CMAKE_PREFIX_PATH=/home/ytxu/cr-dvrk-rviz/install/test_scripts:/home/ytxu/cr-dvrk-rviz/install/teleop_cr_psm:/home/ytxu/cr-dvrk-rviz/install/cr_dvrk_kinematics:/home/ytxu/ctr_tr_model/install/pub_ctr_kinematics:/opt/ros/humble /usr/bin/cmake --install /home/ytxu/cr_dvrk_ws/build/dvrk_config_jhu
