-- The C compiler identification is GNU 11.4.0
-- The CXX compiler identification is GNU 11.4.0
-- Detecting C compiler ABI info
-- Detecting C compiler ABI info - done
-- Check for working C compiler: /usr/bin/cc - skipped
-- Detecting C compile features
-- Detecting C compile features - done
-- Detecting CXX compiler ABI info
-- Detecting CXX compiler ABI info - done
-- Check for working CXX compiler: /usr/bin/c++ - skipped
-- Detecting CXX compile features
-- Detecting CXX compile features - done
-- Information: cisst has been found in "/home/ytxu/cr_dvrk_ws/install/cisst/", headers are in "/home/ytxu/cr_dvrk_ws/install/cisst//include"
-- Performing Test CXX_SUPPORTS_WEXTRA
-- Performing Test CXX_SUPPORTS_WEXTRA - Success
-- Performing Test CXX_SUPPORTS_WALL
-- Performing Test CXX_SUPPORTS_WALL - Success
-- Information: cisst has been found in "/home/ytxu/cr_dvrk_ws/install/cisst/", headers are in "/home/ytxu/cr_dvrk_ws/install/cisst//include"
-- Assuming cisst is built using ROS/catkin since ROS_ROOT is defined in environment
-- CATKIN_DEVEL_PREFIX is not defined so assuming this is NOT a ROS/catkin build after all
-- Assuming cisst is built using ROS2/colcon since ROS_VERSION is 2
-- Assuming cisst is built using ROS/catkin since ROS_ROOT is defined in environment
-- CATKIN_DEVEL_PREFIX is not defined so assuming this is NOT a ROS/catkin build after all
-- Information: cisst has been found in "/home/ytxu/cr_dvrk_ws/install/cisst/", headers are in "/home/ytxu/cr_dvrk_ws/install/cisst//include"
-- Configuring done
-- Generating done
-- Build files have been written to: /home/ytxu/cr_dvrk_ws/build/sawTextToSpeechAll
[ 25%] [32mBuilding CXX object components/CMakeFiles/sawTextToSpeech.dir/code/mtsTextToSpeech.cpp.o[0m
[ 50%] [32m[1mLinking CXX shared library /home/ytxu/cr_dvrk_ws/install/cisst/lib/libsawTextToSpeech.so[0m
[ 50%] Built target sawTextToSpeech
[ 75%] [32mBuilding CXX object examples/keyboard/CMakeFiles/sawTextToSpeechExampleKeyboard.dir/main.cpp.o[0m
[100%] [32m[1mLinking CXX executable sawTextToSpeechExampleKeyboard[0m
[100%] Built target sawTextToSpeechExampleKeyboard
-- Install configuration: "Release"
-- Installing: /home/ytxu/cr_dvrk_ws/install/sawTextToSpeechAll/share/sawTextToSpeech/sawTextToSpeechConfig.cmake
-- Installing: /home/ytxu/cr_dvrk_ws/install/sawTextToSpeechAll/share/sawTextToSpeech/sawTextToSpeechConfigVersion.cmake
-- Installing: /home/ytxu/cr_dvrk_ws/install/sawTextToSpeechAll/include/sawTextToSpeech
-- Installing: /home/ytxu/cr_dvrk_ws/install/sawTextToSpeechAll/include/sawTextToSpeech/mtsTextToSpeech.h
-- Installing: /home/ytxu/cr_dvrk_ws/install/sawTextToSpeechAll/include/sawTextToSpeech/sawTextToSpeechExport.h
-- Up-to-date: /home/ytxu/cr_dvrk_ws/install/sawTextToSpeechAll/include/sawTextToSpeech
-- Installing: /home/ytxu/cr_dvrk_ws/install/sawTextToSpeechAll/include/sawTextToSpeech/sawTextToSpeechRevision.h
-- Installing: /home/ytxu/cr_dvrk_ws/install/sawTextToSpeechAll/lib/libsawTextToSpeech.so.1.4.0
-- Set runtime path of "/home/ytxu/cr_dvrk_ws/install/sawTextToSpeechAll/lib/libsawTextToSpeech.so.1.4.0" to ""
-- Installing: /home/ytxu/cr_dvrk_ws/install/sawTextToSpeechAll/lib/libsawTextToSpeech.so
-- Installing: /home/ytxu/cr_dvrk_ws/install/sawTextToSpeechAll/bin/sawTextToSpeechExampleKeyboard
-- Set runtime path of "/home/ytxu/cr_dvrk_ws/install/sawTextToSpeechAll/bin/sawTextToSpeechExampleKeyboard" to ""
