[0.728s] Invoking command in '/home/ytxu/cr_dvrk_ws/build/sawTextToSpeechAll': CISST_ROOT=/home/ytxu/cr_dvrk_ws/install/cisst CMAKE_PREFIX_PATH=/home/ytxu/cr_dvrk_ws/install/sawKeyboardAll:/home/ytxu/cr_dvrk_ws/install/cisst:/home/ytxu/cr_dvrk_ws/install/cisstNetlib LD_LIBRARY_PATH=/home/ytxu/cr_dvrk_ws/install/sawKeyboardAll/lib:/home/ytxu/cr_dvrk_ws/install/cisst/lib:/home/ytxu/cr_dvrk_ws/install/cisst/lib:${LD_LIBRARY_PATH} PATH=/home/ytxu/cr_dvrk_ws/install/cisst/bin:/home/ytxu/cr_dvrk_ws/install/cisst/bin:${PATH} PKG_CONFIG_PATH=/home/ytxu/cr_dvrk_ws/install/cisst/lib/x86_64-linux-gnu/pkgconfig:/home/ytxu/cr_dvrk_ws/install/cisst/lib/pkgconfig:/home/ytxu/cr_dvrk_ws/install/cisstNetlib/lib/x86_64-linux-gnu/pkgconfig:/home/ytxu/cr_dvrk_ws/install/cisstNetlib/lib/pkgconfig PYTHONPATH=/home/ytxu/cr_dvrk_ws/install/cisst/lib:${PYTHONPATH} ROS_PACKAGE_PATH=/home/ytxu/cr_dvrk_ws/install/cisst/share /usr/bin/cmake /home/ytxu/cr_dvrk_ws/src/cisst-saw/sawTextToSpeech -DCMAKE_BUILD_TYPE=Release -DCMAKE_INSTALL_PREFIX=/home/ytxu/cr_dvrk_ws/install/sawTextToSpeechAll
[0.930s] -- The C compiler identification is GNU 11.4.0
[1.726s] -- The CXX compiler identification is GNU 11.4.0
[2.270s] -- Detecting C compiler ABI info
[2.658s] -- Detecting C compiler ABI info - done
[2.682s] -- Check for working C compiler: /usr/bin/cc - skipped
[2.683s] -- Detecting C compile features
[2.683s] -- Detecting C compile features - done
[2.692s] -- Detecting CXX compiler ABI info
[3.025s] -- Detecting CXX compiler ABI info - done
[3.054s] -- Check for working CXX compiler: /usr/bin/c++ - skipped
[3.055s] -- Detecting CXX compile features
[3.055s] -- Detecting CXX compile features - done
[3.056s] -- Information: cisst has been found in "/home/ytxu/cr_dvrk_ws/install/cisst/", headers are in "/home/ytxu/cr_dvrk_ws/install/cisst//include"
[3.097s] -- Performing Test CXX_SUPPORTS_WEXTRA
[3.308s] -- Performing Test CXX_SUPPORTS_WEXTRA - Success
[3.309s] -- Performing Test CXX_SUPPORTS_WALL
[3.500s] -- Performing Test CXX_SUPPORTS_WALL - Success
[3.668s] -- Information: cisst has been found in "/home/ytxu/cr_dvrk_ws/install/cisst/", headers are in "/home/ytxu/cr_dvrk_ws/install/cisst//include"
[3.702s] -- Assuming cisst is built using ROS/catkin since ROS_ROOT is defined in environment
[3.702s] -- CATKIN_DEVEL_PREFIX is not defined so assuming this is NOT a ROS/catkin build after all
[3.702s] -- Assuming cisst is built using ROS2/colcon since ROS_VERSION is 2
[3.702s] -- Assuming cisst is built using ROS/catkin since ROS_ROOT is defined in environment
[3.702s] -- CATKIN_DEVEL_PREFIX is not defined so assuming this is NOT a ROS/catkin build after all
[3.708s] -- Information: cisst has been found in "/home/ytxu/cr_dvrk_ws/install/cisst/", headers are in "/home/ytxu/cr_dvrk_ws/install/cisst//include"
[3.751s] -- Configuring done
[3.770s] -- Generating done
[3.771s] -- Build files have been written to: /home/ytxu/cr_dvrk_ws/build/sawTextToSpeechAll
[3.783s] Invoked command in '/home/ytxu/cr_dvrk_ws/build/sawTextToSpeechAll' returned '0': CISST_ROOT=/home/ytxu/cr_dvrk_ws/install/cisst CMAKE_PREFIX_PATH=/home/ytxu/cr_dvrk_ws/install/sawKeyboardAll:/home/ytxu/cr_dvrk_ws/install/cisst:/home/ytxu/cr_dvrk_ws/install/cisstNetlib LD_LIBRARY_PATH=/home/ytxu/cr_dvrk_ws/install/sawKeyboardAll/lib:/home/ytxu/cr_dvrk_ws/install/cisst/lib:/home/ytxu/cr_dvrk_ws/install/cisst/lib:${LD_LIBRARY_PATH} PATH=/home/ytxu/cr_dvrk_ws/install/cisst/bin:/home/ytxu/cr_dvrk_ws/install/cisst/bin:${PATH} PKG_CONFIG_PATH=/home/ytxu/cr_dvrk_ws/install/cisst/lib/x86_64-linux-gnu/pkgconfig:/home/ytxu/cr_dvrk_ws/install/cisst/lib/pkgconfig:/home/ytxu/cr_dvrk_ws/install/cisstNetlib/lib/x86_64-linux-gnu/pkgconfig:/home/ytxu/cr_dvrk_ws/install/cisstNetlib/lib/pkgconfig PYTHONPATH=/home/ytxu/cr_dvrk_ws/install/cisst/lib:${PYTHONPATH} ROS_PACKAGE_PATH=/home/ytxu/cr_dvrk_ws/install/cisst/share /usr/bin/cmake /home/ytxu/cr_dvrk_ws/src/cisst-saw/sawTextToSpeech -DCMAKE_BUILD_TYPE=Release -DCMAKE_INSTALL_PREFIX=/home/ytxu/cr_dvrk_ws/install/sawTextToSpeechAll
[3.786s] Invoking command in '/home/ytxu/cr_dvrk_ws/build/sawTextToSpeechAll': CISST_ROOT=/home/ytxu/cr_dvrk_ws/install/cisst CMAKE_PREFIX_PATH=/home/ytxu/cr_dvrk_ws/install/sawKeyboardAll:/home/ytxu/cr_dvrk_ws/install/cisst:/home/ytxu/cr_dvrk_ws/install/cisstNetlib LD_LIBRARY_PATH=/home/ytxu/cr_dvrk_ws/install/sawKeyboardAll/lib:/home/ytxu/cr_dvrk_ws/install/cisst/lib:/home/ytxu/cr_dvrk_ws/install/cisst/lib:${LD_LIBRARY_PATH} PATH=/home/ytxu/cr_dvrk_ws/install/cisst/bin:/home/ytxu/cr_dvrk_ws/install/cisst/bin:${PATH} PKG_CONFIG_PATH=/home/ytxu/cr_dvrk_ws/install/cisst/lib/x86_64-linux-gnu/pkgconfig:/home/ytxu/cr_dvrk_ws/install/cisst/lib/pkgconfig:/home/ytxu/cr_dvrk_ws/install/cisstNetlib/lib/x86_64-linux-gnu/pkgconfig:/home/ytxu/cr_dvrk_ws/install/cisstNetlib/lib/pkgconfig PYTHONPATH=/home/ytxu/cr_dvrk_ws/install/cisst/lib:${PYTHONPATH} ROS_PACKAGE_PATH=/home/ytxu/cr_dvrk_ws/install/cisst/share /usr/bin/cmake --build /home/ytxu/cr_dvrk_ws/build/sawTextToSpeechAll -- -j12 -l12
[3.870s] [ 25%] [32mBuilding CXX object components/CMakeFiles/sawTextToSpeech.dir/code/mtsTextToSpeech.cpp.o[0m
[8.437s] In file included from [01m[K/home/ytxu/cr_dvrk_ws/install/cisst/include/cisstVector/vctFixedSizeConstVectorBase.h:41[m[K,
[8.438s]                  from [01m[K/home/ytxu/cr_dvrk_ws/install/cisst/include/cisstVector/vctFixedSizeVectorBase.h:29[m[K,
[8.438s]                  from [01m[K/home/ytxu/cr_dvrk_ws/install/cisst/include/cisstVector/vctFixedSizeConstVectorRef.h:30[m[K,
[8.438s]                  from [01m[K/home/ytxu/cr_dvrk_ws/install/cisst/include/cisstVector/vctFixedSizeVectorRef.h:28[m[K,
[8.438s]                  from [01m[K/home/ytxu/cr_dvrk_ws/install/cisst/include/cisstVector/vctFixedSizeVector.h:28[m[K,
[8.438s]                  from [01m[K/home/ytxu/cr_dvrk_ws/install/cisst/include/cisstVector/vctFixedSizeVectorTypes.h:29[m[K,
[8.438s]                  from [01m[K/home/ytxu/cr_dvrk_ws/install/cisst/include/cisstMultiTask/mtsGenericObjectProxy.h:33[m[K,
[8.438s]                  from [01m[K/home/ytxu/cr_dvrk_ws/install/cisst/include/cisstMultiTask/mtsStateArray.h:31[m[K,
[8.438s]                  from [01m[K/home/ytxu/cr_dvrk_ws/install/cisst/include/cisstMultiTask/mtsStateTable.h:32[m[K,
[8.438s]                  from [01m[K/home/ytxu/cr_dvrk_ws/install/cisst/include/cisstMultiTask/mtsTask.h:35[m[K,
[8.438s]                  from [01m[K/home/ytxu/cr_dvrk_ws/install/cisst/include/cisstMultiTask/mtsTaskContinuous.h:28[m[K,
[8.439s]                  from [01m[K/home/ytxu/cr_dvrk_ws/install/cisst/include/cisstMultiTask/mtsTaskFromSignal.h:30[m[K,
[8.439s]                  from [01m[K/home/ytxu/cr_dvrk_ws/src/cisst-saw/sawTextToSpeech/components/include/sawTextToSpeech/mtsTextToSpeech.h:23[m[K,
[8.439s]                  from [01m[K/home/ytxu/cr_dvrk_ws/src/cisst-saw/sawTextToSpeech/components/code/mtsTextToSpeech.cpp:20[m[K:
[8.439s] In static member function ‘[01m[Kstatic vctUnaryOperations<_outputElementType, _inputElementType>::OutputElementType vctUnaryOperations<_outputElementType, _inputElementType>::Identity::Operate(const InputElementType&) [with _outputElementType = double; _inputElementType = double][m[K’,
[8.443s]     inlined from ‘[01m[Kstatic void vctFixedSizeVectorRecursiveEngines<_size>::VoVi<_elementOperationType>::Unfold(_outputVectorType&, const _inputVectorType&) [with _outputVectorType = vctFixedSizeVectorBase<3, 1, double, double [3]>; _inputVectorType = vctFixedSizeConstVectorBase<3, 1, double, double [3]>; _elementOperationType = vctUnaryOperations<double>::Identity; long unsigned int _size = 1][m[K’ at [01m[K/home/ytxu/cr_dvrk_ws/install/cisst/include/cisstVector/vctFixedSizeVectorRecursiveEngines.h:473:67[m[K,
[8.443s]     inlined from ‘[01m[Kstatic void vctFixedSizeVectorRecursiveEngines<_size>::VoVi<_elementOperationType>::Unfold(_outputVectorType&, const _inputVectorType&) [with _outputVectorType = vctFixedSizeVectorBase<3, 1, double, double [3]>; _inputVectorType = vctFixedSizeConstVectorBase<3, 1, double, double [3]>; _elementOperationType = vctUnaryOperations<double>::Identity; long unsigned int _size = 2][m[K’ at [01m[K/home/ytxu/cr_dvrk_ws/install/cisst/include/cisstVector/vctFixedSizeVectorRecursiveEngines.h:472:34[m[K,
[8.443s]     inlined from ‘[01m[Kstatic void vctFixedSizeVectorRecursiveEngines<_size>::VoVi<_elementOperationType>::Unfold(_outputVectorType&, const _inputVectorType&) [with _outputVectorType = vctFixedSizeVectorBase<3, 1, double, double [3]>; _inputVectorType = vctFixedSizeConstVectorBase<3, 1, double, double [3]>; _elementOperationType = vctUnaryOperations<double>::Identity; long unsigned int _size = 3][m[K’ at [01m[K/home/ytxu/cr_dvrk_ws/install/cisst/include/cisstVector/vctFixedSizeVectorRecursiveEngines.h:472:34[m[K,
[8.443s]     inlined from ‘[01m[KvctFixedSizeVectorBase<_size, _stride, _elementType, _dataPtrType>::ThisType& vctFixedSizeVectorBase<_size, _stride, _elementType, _dataPtrType>::Assign(const vctFixedSizeConstVectorBase<_size, __stride, __elementType, __dataPtrType>&) [with long int __stride = 1; __elementType = double; __dataPtrType = double [3]; long unsigned int _size = 3; long int _stride = 1; _elementType = double; _dataPtrType = double [3]][m[K’ at [01m[K/home/ytxu/cr_dvrk_ws/install/cisst/include/cisstVector/vctFixedSizeVectorBase.h:277:19[m[K,
[8.443s]     inlined from ‘[01m[KvctFixedSizeVector<_elementType, _size>::vctFixedSizeVector(const ThisType&) [with _elementType = double; long unsigned int _size = 3][m[K’ at [01m[K/home/ytxu/cr_dvrk_ws/install/cisst/include/cisstVector/vctFixedSizeVector.h:80:21[m[K,
[8.443s]     inlined from ‘[01m[KmtsGenericObjectProxy<_elementType>::mtsGenericObjectProxy(const value_type&) [with _elementType = vctFixedSizeVector<double, 3>][m[K’ at [01m[K/home/ytxu/cr_dvrk_ws/install/cisst/include/cisstMultiTask/mtsGenericObjectProxy.h:403:9[m[K,
[8.443s]     inlined from ‘[01m[Kstatic mtsGenericObject* mtsGenericTypesImpl<T, <anonymous> >::ConditionalCreate(const T&, const string&) [with T = vctFixedSizeVector<double, 3>; bool <anonymous> = false][m[K’ at [01m[K/home/ytxu/cr_dvrk_ws/install/cisst/include/cisstMultiTask/mtsGenericObjectProxy.h:618:16[m[K,
[8.443s]     inlined from ‘[01m[Kstatic mtsGenericObject* mtsGenericTypes<_elementType>::ConditionalCreate(const T&, const string&) [with T = vctFixedSizeVector<double, 3>][m[K’ at [01m[K/home/ytxu/cr_dvrk_ws/install/cisst/include/cisstMultiTask/mtsGenericObjectProxy.h:692:56[m[K,
[8.443s]     inlined from ‘[01m[KmtsCommandWrite<_classType, _argumentType>::mtsCommandWrite(mtsCommandWrite<_classType, _argumentType>::ActionType, mtsCommandWrite<_classType, _argumentType>::ClassType*, const string&, const ArgumentType&) [with _classType = mtsTextToSpeech; _argumentType = vctFixedSizeVector<double, 3>][m[K’ at [01m[K/home/ytxu/cr_dvrk_ws/install/cisst/include/cisstMultiTask/mtsCommandWrite.h:129:83[m[K,
[8.444s]     inlined from ‘[01m[KmtsCommandWriteBase* mtsInterfaceProvided::AddCommandWrite(void (__classType::*)(const __argumentType&), __classType*, const string&, const __argumentType&, mtsCommandQueueingPolicy) [with __classType = mtsTextToSpeech; __argumentType = vctFixedSizeVector<double, 3>][m[K’ at [01m[K/home/ytxu/cr_dvrk_ws/install/cisst/include/cisstMultiTask/mtsInterfaceProvided.h:335:38[m[K,
[8.444s]     inlined from ‘[01m[KmtsCommandWriteBase* mtsInterfaceProvided::AddCommandWrite(void (__classType::*)(const __argumentType&), __classType*, const string&, mtsCommandQueueingPolicy) [with __classType = mtsTextToSpeech; __argumentType = vctFixedSizeVector<double, 3>][m[K’ at [01m[K/home/ytxu/cr_dvrk_ws/install/cisst/include/cisstMultiTask/mtsInterfaceProvided.h:344:66[m[K,
[8.444s]     inlined from ‘[01m[KmtsTextToSpeech::mtsTextToSpeech()[m[K’ at [01m[K/home/ytxu/cr_dvrk_ws/src/cisst-saw/sawTextToSpeech/components/code/mtsTextToSpeech.cpp:70:43[m[K:
[8.444s] [01m[K/home/ytxu/cr_dvrk_ws/install/cisst/include/cisstVector/vctUnaryOperations.h:72:43:[m[K [01;35m[Kwarning: [m[K‘[01m[K*(const __vector(2) double*)((char*)&<unnamed> + offsetof(vctFixedSizeVector<double, 3>,vctFixedSizeVector<double, 3>::<unnamed>.vctFixedSizeVectorBase<3, 1, double, double[3]>::<unnamed>.vctFixedSizeConstVectorBase<3, 1, double, double[3]>::Data[0]))[m[K’ may be used uninitialized [[01;35m[K]8;;https://gcc.gnu.org/onlinedocs/gcc/Warning-Options.html#index-Wmaybe-uninitialized-Wmaybe-uninitialized]8;;[m[K]
[8.444s]    72 |             return OutputElementType(input[01;35m[K)[m[K;
[8.444s]       |                                           [01;35m[K^[m[K
[8.444s] In file included from [01m[K/home/ytxu/cr_dvrk_ws/src/cisst-saw/sawTextToSpeech/components/code/mtsTextToSpeech.cpp:25[m[K:
[8.444s] [01m[K/home/ytxu/cr_dvrk_ws/install/cisst/include/cisstMultiTask/mtsInterfaceProvided.h:[m[K In constructor ‘[01m[KmtsTextToSpeech::mtsTextToSpeech()[m[K’:
[8.444s] [01m[K/home/ytxu/cr_dvrk_ws/install/cisst/include/cisstMultiTask/mtsInterfaceProvided.h:344:108:[m[K [01;36m[Knote: [m[K‘[01m[K<anonymous>[m[K’ declared here
[8.444s]   344 | AddCommandWrite<__classType, __argumentType>(method, classInstantiation, commandName, [01;36m[K__argumentType()[m[K,
[8.444s]       |                                                                                       [01;36m[K^~~~~~~~~~~~~~~~[m[K
[8.444s] 
[8.444s] In file included from [01m[K/home/ytxu/cr_dvrk_ws/install/cisst/include/cisstVector/vctFixedSizeConstVectorBase.h:41[m[K,
[8.445s]                  from [01m[K/home/ytxu/cr_dvrk_ws/install/cisst/include/cisstVector/vctFixedSizeVectorBase.h:29[m[K,
[8.445s]                  from [01m[K/home/ytxu/cr_dvrk_ws/install/cisst/include/cisstVector/vctFixedSizeConstVectorRef.h:30[m[K,
[8.445s]                  from [01m[K/home/ytxu/cr_dvrk_ws/install/cisst/include/cisstVector/vctFixedSizeVectorRef.h:28[m[K,
[8.445s]                  from [01m[K/home/ytxu/cr_dvrk_ws/install/cisst/include/cisstVector/vctFixedSizeVector.h:28[m[K,
[8.445s]                  from [01m[K/home/ytxu/cr_dvrk_ws/install/cisst/include/cisstVector/vctFixedSizeVectorTypes.h:29[m[K,
[8.445s]                  from [01m[K/home/ytxu/cr_dvrk_ws/install/cisst/include/cisstMultiTask/mtsGenericObjectProxy.h:33[m[K,
[8.445s]                  from [01m[K/home/ytxu/cr_dvrk_ws/install/cisst/include/cisstMultiTask/mtsStateArray.h:31[m[K,
[8.445s]                  from [01m[K/home/ytxu/cr_dvrk_ws/install/cisst/include/cisstMultiTask/mtsStateTable.h:32[m[K,
[8.445s]                  from [01m[K/home/ytxu/cr_dvrk_ws/install/cisst/include/cisstMultiTask/mtsTask.h:35[m[K,
[8.445s]                  from [01m[K/home/ytxu/cr_dvrk_ws/install/cisst/include/cisstMultiTask/mtsTaskContinuous.h:28[m[K,
[8.445s]                  from [01m[K/home/ytxu/cr_dvrk_ws/install/cisst/include/cisstMultiTask/mtsTaskFromSignal.h:30[m[K,
[8.445s]                  from [01m[K/home/ytxu/cr_dvrk_ws/src/cisst-saw/sawTextToSpeech/components/include/sawTextToSpeech/mtsTextToSpeech.h:23[m[K,
[8.446s]                  from [01m[K/home/ytxu/cr_dvrk_ws/src/cisst-saw/sawTextToSpeech/components/code/mtsTextToSpeech.cpp:20[m[K:
[8.446s] In static member function ‘[01m[Kstatic vctUnaryOperations<_outputElementType, _inputElementType>::OutputElementType vctUnaryOperations<_outputElementType, _inputElementType>::Identity::Operate(const InputElementType&) [with _outputElementType = double; _inputElementType = double][m[K’,
[8.446s]     inlined from ‘[01m[Kstatic void vctFixedSizeVectorRecursiveEngines<_size>::VoVi<_elementOperationType>::Unfold(_outputVectorType&, const _inputVectorType&) [with _outputVectorType = vctFixedSizeVectorBase<3, 1, double, double [3]>; _inputVectorType = vctFixedSizeConstVectorBase<3, 1, double, double [3]>; _elementOperationType = vctUnaryOperations<double>::Identity; long unsigned int _size = 3][m[K’ at [01m[K/home/ytxu/cr_dvrk_ws/install/cisst/include/cisstVector/vctFixedSizeVectorRecursiveEngines.h:473:67[m[K,
[8.446s]     inlined from ‘[01m[KvctFixedSizeVectorBase<_size, _stride, _elementType, _dataPtrType>::ThisType& vctFixedSizeVectorBase<_size, _stride, _elementType, _dataPtrType>::Assign(const vctFixedSizeConstVectorBase<_size, __stride, __elementType, __dataPtrType>&) [with long int __stride = 1; __elementType = double; __dataPtrType = double [3]; long unsigned int _size = 3; long int _stride = 1; _elementType = double; _dataPtrType = double [3]][m[K’ at [01m[K/home/ytxu/cr_dvrk_ws/install/cisst/include/cisstVector/vctFixedSizeVectorBase.h:277:19[m[K,
[8.450s]     inlined from ‘[01m[KvctFixedSizeVector<_elementType, _size>::vctFixedSizeVector(const ThisType&) [with _elementType = double; long unsigned int _size = 3][m[K’ at [01m[K/home/ytxu/cr_dvrk_ws/install/cisst/include/cisstVector/vctFixedSizeVector.h:80:21[m[K,
[8.450s]     inlined from ‘[01m[KmtsGenericObjectProxy<_elementType>::mtsGenericObjectProxy(const value_type&) [with _elementType = vctFixedSizeVector<double, 3>][m[K’ at [01m[K/home/ytxu/cr_dvrk_ws/install/cisst/include/cisstMultiTask/mtsGenericObjectProxy.h:403:9[m[K,
[8.450s]     inlined from ‘[01m[Kstatic mtsGenericObject* mtsGenericTypesImpl<T, <anonymous> >::ConditionalCreate(const T&, const string&) [with T = vctFixedSizeVector<double, 3>; bool <anonymous> = false][m[K’ at [01m[K/home/ytxu/cr_dvrk_ws/install/cisst/include/cisstMultiTask/mtsGenericObjectProxy.h:618:16[m[K,
[8.450s]     inlined from ‘[01m[Kstatic mtsGenericObject* mtsGenericTypes<_elementType>::ConditionalCreate(const T&, const string&) [with T = vctFixedSizeVector<double, 3>][m[K’ at [01m[K/home/ytxu/cr_dvrk_ws/install/cisst/include/cisstMultiTask/mtsGenericObjectProxy.h:692:56[m[K,
[8.451s]     inlined from ‘[01m[KmtsCommandWrite<_classType, _argumentType>::mtsCommandWrite(mtsCommandWrite<_classType, _argumentType>::ActionType, mtsCommandWrite<_classType, _argumentType>::ClassType*, const string&, const ArgumentType&) [with _classType = mtsTextToSpeech; _argumentType = vctFixedSizeVector<double, 3>][m[K’ at [01m[K/home/ytxu/cr_dvrk_ws/install/cisst/include/cisstMultiTask/mtsCommandWrite.h:129:83[m[K,
[8.451s]     inlined from ‘[01m[KmtsCommandWriteBase* mtsInterfaceProvided::AddCommandWrite(void (__classType::*)(const __argumentType&), __classType*, const string&, const __argumentType&, mtsCommandQueueingPolicy) [with __classType = mtsTextToSpeech; __argumentType = vctFixedSizeVector<double, 3>][m[K’ at [01m[K/home/ytxu/cr_dvrk_ws/install/cisst/include/cisstMultiTask/mtsInterfaceProvided.h:335:38[m[K,
[8.451s]     inlined from ‘[01m[KmtsCommandWriteBase* mtsInterfaceProvided::AddCommandWrite(void (__classType::*)(const __argumentType&), __classType*, const string&, mtsCommandQueueingPolicy) [with __classType = mtsTextToSpeech; __argumentType = vctFixedSizeVector<double, 3>][m[K’ at [01m[K/home/ytxu/cr_dvrk_ws/install/cisst/include/cisstMultiTask/mtsInterfaceProvided.h:344:66[m[K,
[8.451s]     inlined from ‘[01m[KmtsTextToSpeech::mtsTextToSpeech()[m[K’ at [01m[K/home/ytxu/cr_dvrk_ws/src/cisst-saw/sawTextToSpeech/components/code/mtsTextToSpeech.cpp:70:43[m[K:
[8.451s] [01m[K/home/ytxu/cr_dvrk_ws/install/cisst/include/cisstVector/vctUnaryOperations.h:72:43:[m[K [01;35m[Kwarning: [m[K‘[01m[K<unnamed>.vctFixedSizeVector<double, 3>::<unnamed>.vctFixedSizeVectorBase<3, 1, double, double[3]>::<unnamed>.vctFixedSizeConstVectorBase<3, 1, double, double[3]>::Data[2][m[K’ may be used uninitialized [[01;35m[K]8;;https://gcc.gnu.org/onlinedocs/gcc/Warning-Options.html#index-Wmaybe-uninitialized-Wmaybe-uninitialized]8;;[m[K]
[8.451s]    72 |             return OutputElementType(input[01;35m[K)[m[K;
[8.451s]       |                                           [01;35m[K^[m[K
[8.451s] In file included from [01m[K/home/ytxu/cr_dvrk_ws/src/cisst-saw/sawTextToSpeech/components/code/mtsTextToSpeech.cpp:25[m[K:
[8.451s] [01m[K/home/ytxu/cr_dvrk_ws/install/cisst/include/cisstMultiTask/mtsInterfaceProvided.h:[m[K In constructor ‘[01m[KmtsTextToSpeech::mtsTextToSpeech()[m[K’:
[8.451s] [01m[K/home/ytxu/cr_dvrk_ws/install/cisst/include/cisstMultiTask/mtsInterfaceProvided.h:344:108:[m[K [01;36m[Knote: [m[K‘[01m[K<anonymous>[m[K’ declared here
[8.452s]   344 | AddCommandWrite<__classType, __argumentType>(method, classInstantiation, commandName, [01;36m[K__argumentType()[m[K,
[8.452s]       |                                                                                       [01;36m[K^~~~~~~~~~~~~~~~[m[K
[8.452s] 
[9.791s] [ 50%] [32m[1mLinking CXX shared library /home/ytxu/cr_dvrk_ws/install/cisst/lib/libsawTextToSpeech.so[0m
[10.059s] [ 50%] Built target sawTextToSpeech
[10.089s] [ 75%] [32mBuilding CXX object examples/keyboard/CMakeFiles/sawTextToSpeechExampleKeyboard.dir/main.cpp.o[0m
[11.593s] [100%] [32m[1mLinking CXX executable sawTextToSpeechExampleKeyboard[0m
[11.824s] [100%] Built target sawTextToSpeechExampleKeyboard
[11.840s] Invoked command in '/home/ytxu/cr_dvrk_ws/build/sawTextToSpeechAll' returned '0': CISST_ROOT=/home/ytxu/cr_dvrk_ws/install/cisst CMAKE_PREFIX_PATH=/home/ytxu/cr_dvrk_ws/install/sawKeyboardAll:/home/ytxu/cr_dvrk_ws/install/cisst:/home/ytxu/cr_dvrk_ws/install/cisstNetlib LD_LIBRARY_PATH=/home/ytxu/cr_dvrk_ws/install/sawKeyboardAll/lib:/home/ytxu/cr_dvrk_ws/install/cisst/lib:/home/ytxu/cr_dvrk_ws/install/cisst/lib:${LD_LIBRARY_PATH} PATH=/home/ytxu/cr_dvrk_ws/install/cisst/bin:/home/ytxu/cr_dvrk_ws/install/cisst/bin:${PATH} PKG_CONFIG_PATH=/home/ytxu/cr_dvrk_ws/install/cisst/lib/x86_64-linux-gnu/pkgconfig:/home/ytxu/cr_dvrk_ws/install/cisst/lib/pkgconfig:/home/ytxu/cr_dvrk_ws/install/cisstNetlib/lib/x86_64-linux-gnu/pkgconfig:/home/ytxu/cr_dvrk_ws/install/cisstNetlib/lib/pkgconfig PYTHONPATH=/home/ytxu/cr_dvrk_ws/install/cisst/lib:${PYTHONPATH} ROS_PACKAGE_PATH=/home/ytxu/cr_dvrk_ws/install/cisst/share /usr/bin/cmake --build /home/ytxu/cr_dvrk_ws/build/sawTextToSpeechAll -- -j12 -l12
[11.842s] Invoking command in '/home/ytxu/cr_dvrk_ws/build/sawTextToSpeechAll': CISST_ROOT=/home/ytxu/cr_dvrk_ws/install/cisst CMAKE_PREFIX_PATH=/home/ytxu/cr_dvrk_ws/install/sawKeyboardAll:/home/ytxu/cr_dvrk_ws/install/cisst:/home/ytxu/cr_dvrk_ws/install/cisstNetlib LD_LIBRARY_PATH=/home/ytxu/cr_dvrk_ws/install/sawKeyboardAll/lib:/home/ytxu/cr_dvrk_ws/install/cisst/lib:/home/ytxu/cr_dvrk_ws/install/cisst/lib:${LD_LIBRARY_PATH} PATH=/home/ytxu/cr_dvrk_ws/install/cisst/bin:/home/ytxu/cr_dvrk_ws/install/cisst/bin:${PATH} PKG_CONFIG_PATH=/home/ytxu/cr_dvrk_ws/install/cisst/lib/x86_64-linux-gnu/pkgconfig:/home/ytxu/cr_dvrk_ws/install/cisst/lib/pkgconfig:/home/ytxu/cr_dvrk_ws/install/cisstNetlib/lib/x86_64-linux-gnu/pkgconfig:/home/ytxu/cr_dvrk_ws/install/cisstNetlib/lib/pkgconfig PYTHONPATH=/home/ytxu/cr_dvrk_ws/install/cisst/lib:${PYTHONPATH} ROS_PACKAGE_PATH=/home/ytxu/cr_dvrk_ws/install/cisst/share /usr/bin/cmake --install /home/ytxu/cr_dvrk_ws/build/sawTextToSpeechAll
[11.850s] -- Install configuration: "Release"
[11.851s] -- Installing: /home/ytxu/cr_dvrk_ws/install/sawTextToSpeechAll/share/sawTextToSpeech/sawTextToSpeechConfig.cmake
[11.851s] -- Installing: /home/ytxu/cr_dvrk_ws/install/sawTextToSpeechAll/share/sawTextToSpeech/sawTextToSpeechConfigVersion.cmake
[11.851s] -- Installing: /home/ytxu/cr_dvrk_ws/install/sawTextToSpeechAll/include/sawTextToSpeech
[11.852s] -- Installing: /home/ytxu/cr_dvrk_ws/install/sawTextToSpeechAll/include/sawTextToSpeech/mtsTextToSpeech.h
[11.852s] -- Installing: /home/ytxu/cr_dvrk_ws/install/sawTextToSpeechAll/include/sawTextToSpeech/sawTextToSpeechExport.h
[11.852s] -- Up-to-date: /home/ytxu/cr_dvrk_ws/install/sawTextToSpeechAll/include/sawTextToSpeech
[11.852s] -- Installing: /home/ytxu/cr_dvrk_ws/install/sawTextToSpeechAll/include/sawTextToSpeech/sawTextToSpeechRevision.h
[11.853s] -- Installing: /home/ytxu/cr_dvrk_ws/install/sawTextToSpeechAll/lib/libsawTextToSpeech.so.1.4.0
[11.853s] -- Set runtime path of "/home/ytxu/cr_dvrk_ws/install/sawTextToSpeechAll/lib/libsawTextToSpeech.so.1.4.0" to ""
[11.853s] -- Installing: /home/ytxu/cr_dvrk_ws/install/sawTextToSpeechAll/lib/libsawTextToSpeech.so
[11.854s] -- Installing: /home/ytxu/cr_dvrk_ws/install/sawTextToSpeechAll/bin/sawTextToSpeechExampleKeyboard
[11.854s] -- Set runtime path of "/home/ytxu/cr_dvrk_ws/install/sawTextToSpeechAll/bin/sawTextToSpeechExampleKeyboard" to ""
[11.857s] Invoked command in '/home/ytxu/cr_dvrk_ws/build/sawTextToSpeechAll' returned '0': CISST_ROOT=/home/ytxu/cr_dvrk_ws/install/cisst CMAKE_PREFIX_PATH=/home/ytxu/cr_dvrk_ws/install/sawKeyboardAll:/home/ytxu/cr_dvrk_ws/install/cisst:/home/ytxu/cr_dvrk_ws/install/cisstNetlib LD_LIBRARY_PATH=/home/ytxu/cr_dvrk_ws/install/sawKeyboardAll/lib:/home/ytxu/cr_dvrk_ws/install/cisst/lib:/home/ytxu/cr_dvrk_ws/install/cisst/lib:${LD_LIBRARY_PATH} PATH=/home/ytxu/cr_dvrk_ws/install/cisst/bin:/home/ytxu/cr_dvrk_ws/install/cisst/bin:${PATH} PKG_CONFIG_PATH=/home/ytxu/cr_dvrk_ws/install/cisst/lib/x86_64-linux-gnu/pkgconfig:/home/ytxu/cr_dvrk_ws/install/cisst/lib/pkgconfig:/home/ytxu/cr_dvrk_ws/install/cisstNetlib/lib/x86_64-linux-gnu/pkgconfig:/home/ytxu/cr_dvrk_ws/install/cisstNetlib/lib/pkgconfig PYTHONPATH=/home/ytxu/cr_dvrk_ws/install/cisst/lib:${PYTHONPATH} ROS_PACKAGE_PATH=/home/ytxu/cr_dvrk_ws/install/cisst/share /usr/bin/cmake --install /home/ytxu/cr_dvrk_ws/build/sawTextToSpeechAll
