[0.094s] Invoking command in '/home/ytxu/cr_dvrk_ws/build/cisstNetlib': CMAKE_PREFIX_PATH=/home/ytxu/cr_dvrk_ws/install/dvrk_robot:/home/ytxu/cr_dvrk_ws/install/sawIntuitiveResearchKitCore:/home/ytxu/cr_dvrk_ws/install/sawTextToSpeechAll:/home/ytxu/cr_dvrk_ws/install/robot_io:/home/ytxu/cr_dvrk_ws/install/sawRobotIO1394Core:/home/ytxu/cr_dvrk_ws/install/sawControllersAll:/home/ytxu/cr_dvrk_ws/install/sawKeyboardAll:/home/ytxu/cr_dvrk_ws/install/dvrk_video:/home/ytxu/cr_dvrk_ws/install/dvrk_python:/home/ytxu/cr_dvrk_ws/install/dvrk_model:/home/ytxu/cr_dvrk_ws/install/dvrk_hrsv_widget:/home/ytxu/cr_dvrk_ws/install/dvrk_config_jhu:/home/ytxu/cr_dvrk_ws/install/dvrk_config:/home/ytxu/cr_dvrk_ws/install/dvrk_camera_registration:/home/ytxu/cr_dvrk_ws/install/dvrk_arms_from_ros:/home/ytxu/cr_dvrk_ws/install/crtk_python_client:/home/ytxu/cr_dvrk_ws/install/cisst_ros_crtk:/home/ytxu/cr_dvrk_ws/install/crtk_msgs:/home/ytxu/cr_dvrk_ws/install/cisst_ros_bridge:/home/ytxu/cr_dvrk_ws/install/cisst_msgs:/home/ytxu/cr-dvrk-rviz/install/test_scripts:/home/ytxu/cr-dvrk-rviz/install/teleop_cr_psm:/home/ytxu/cr-dvrk-rviz/install/cr_dvrk_kinematics:/home/ytxu/ctr_tr_model/install/pub_ctr_kinematics:/opt/ros/humble:/home/ytxu/cr_dvrk_ws/install/cisst:/home/ytxu/cr_dvrk_ws/install/cisstNetlib /usr/bin/cmake --build /home/ytxu/cr_dvrk_ws/build/cisstNetlib -- -j12 -l12
[0.981s] [  2%] [34m[1mPerforming update step for 'cisstNetlib_C'[0m
[0.982s] [  4%] [34m[1mNo patch step for 'cisstNetlib_C'[0m
[0.982s] [  6%] [34m[1mPerforming configure step for 'cisstNetlib_C'[0m
[0.982s] loading initial cache file /home/ytxu/cr_dvrk_ws/build/cisstNetlib/cisstNetlibLapack/tmp/cisstNetlib_C-cache-Release.cmake
[0.982s] HEAD is now at 93ef9f8 disable BLAS TESTING since it requires CMake policy CMP0026 OLD which is not supported on recent CMake
[1.085s] -- Configuring done
[1.472s] -- Generating done
[1.473s] -- Build files have been written to: /home/ytxu/cr_dvrk_ws/build/cisstNetlib/cisstNetlibLapack/src/cisstNetlib_C-build
[1.474s] [  8%] [34m[1mPerforming build step for 'cisstNetlib_C'[0m
[1.480s] [35m[1mConsolidate compiler generated dependencies of target arithchk[0m
[1.480s] [  0%] Built target arithchk
[1.491s] [35m[1mConsolidate compiler generated dependencies of target f2c[0m
[1.532s] [  9%] Built target f2c
[1.601s] [35m[1mConsolidate compiler generated dependencies of target blas[0m
[1.634s] [ 17%] Built target blas
[2.138s] [35m[1mConsolidate compiler generated dependencies of target lapack[0m
[2.250s] [100%] Built target lapack
[2.293s] [ 10%] [34m[1mNo install step for 'cisstNetlib_C'[0m
[2.338s] [ 13%] [34m[1mCompleted 'cisstNetlib_C'[0m
[2.387s] [ 17%] Built target cisstNetlib_C
[2.432s] [ 32%] Built target cisstNetlib
[2.433s] [ 80%] Built target cisstNetlib_hanson_haskell
[2.433s] [100%] Built target cisstNetlib_lawson_hanson
[2.453s] Invoked command in '/home/ytxu/cr_dvrk_ws/build/cisstNetlib' returned '0': CMAKE_PREFIX_PATH=/home/ytxu/cr_dvrk_ws/install/dvrk_robot:/home/ytxu/cr_dvrk_ws/install/sawIntuitiveResearchKitCore:/home/ytxu/cr_dvrk_ws/install/sawTextToSpeechAll:/home/ytxu/cr_dvrk_ws/install/robot_io:/home/ytxu/cr_dvrk_ws/install/sawRobotIO1394Core:/home/ytxu/cr_dvrk_ws/install/sawControllersAll:/home/ytxu/cr_dvrk_ws/install/sawKeyboardAll:/home/ytxu/cr_dvrk_ws/install/dvrk_video:/home/ytxu/cr_dvrk_ws/install/dvrk_python:/home/ytxu/cr_dvrk_ws/install/dvrk_model:/home/ytxu/cr_dvrk_ws/install/dvrk_hrsv_widget:/home/ytxu/cr_dvrk_ws/install/dvrk_config_jhu:/home/ytxu/cr_dvrk_ws/install/dvrk_config:/home/ytxu/cr_dvrk_ws/install/dvrk_camera_registration:/home/ytxu/cr_dvrk_ws/install/dvrk_arms_from_ros:/home/ytxu/cr_dvrk_ws/install/crtk_python_client:/home/ytxu/cr_dvrk_ws/install/cisst_ros_crtk:/home/ytxu/cr_dvrk_ws/install/crtk_msgs:/home/ytxu/cr_dvrk_ws/install/cisst_ros_bridge:/home/ytxu/cr_dvrk_ws/install/cisst_msgs:/home/ytxu/cr-dvrk-rviz/install/test_scripts:/home/ytxu/cr-dvrk-rviz/install/teleop_cr_psm:/home/ytxu/cr-dvrk-rviz/install/cr_dvrk_kinematics:/home/ytxu/ctr_tr_model/install/pub_ctr_kinematics:/opt/ros/humble:/home/ytxu/cr_dvrk_ws/install/cisst:/home/ytxu/cr_dvrk_ws/install/cisstNetlib /usr/bin/cmake --build /home/ytxu/cr_dvrk_ws/build/cisstNetlib -- -j12 -l12
[2.457s] Invoking command in '/home/ytxu/cr_dvrk_ws/build/cisstNetlib': CMAKE_PREFIX_PATH=/home/ytxu/cr_dvrk_ws/install/dvrk_robot:/home/ytxu/cr_dvrk_ws/install/sawIntuitiveResearchKitCore:/home/ytxu/cr_dvrk_ws/install/sawTextToSpeechAll:/home/ytxu/cr_dvrk_ws/install/robot_io:/home/ytxu/cr_dvrk_ws/install/sawRobotIO1394Core:/home/ytxu/cr_dvrk_ws/install/sawControllersAll:/home/ytxu/cr_dvrk_ws/install/sawKeyboardAll:/home/ytxu/cr_dvrk_ws/install/dvrk_video:/home/ytxu/cr_dvrk_ws/install/dvrk_python:/home/ytxu/cr_dvrk_ws/install/dvrk_model:/home/ytxu/cr_dvrk_ws/install/dvrk_hrsv_widget:/home/ytxu/cr_dvrk_ws/install/dvrk_config_jhu:/home/ytxu/cr_dvrk_ws/install/dvrk_config:/home/ytxu/cr_dvrk_ws/install/dvrk_camera_registration:/home/ytxu/cr_dvrk_ws/install/dvrk_arms_from_ros:/home/ytxu/cr_dvrk_ws/install/crtk_python_client:/home/ytxu/cr_dvrk_ws/install/cisst_ros_crtk:/home/ytxu/cr_dvrk_ws/install/crtk_msgs:/home/ytxu/cr_dvrk_ws/install/cisst_ros_bridge:/home/ytxu/cr_dvrk_ws/install/cisst_msgs:/home/ytxu/cr-dvrk-rviz/install/test_scripts:/home/ytxu/cr-dvrk-rviz/install/teleop_cr_psm:/home/ytxu/cr-dvrk-rviz/install/cr_dvrk_kinematics:/home/ytxu/ctr_tr_model/install/pub_ctr_kinematics:/opt/ros/humble:/home/ytxu/cr_dvrk_ws/install/cisst:/home/ytxu/cr_dvrk_ws/install/cisstNetlib /usr/bin/cmake --install /home/ytxu/cr_dvrk_ws/build/cisstNetlib
[2.478s] -- Install configuration: "Release"
[2.478s] -- Up-to-date: /home/ytxu/cr_dvrk_ws/install/cisstNetlib/include/cisstNetlib.h
[2.479s] -- Up-to-date: /home/ytxu/cr_dvrk_ws/install/cisstNetlib/include/cisstNetlib/cisstNetlib-types.h
[2.479s] -- Up-to-date: /home/ytxu/cr_dvrk_ws/install/cisstNetlib/include/cisstNetlib/cisstNetlib-lapack.h
[2.479s] -- Up-to-date: /home/ytxu/cr_dvrk_ws/install/cisstNetlib/include/cisstNetlib/cisstNetlib-hanson-haskell.h
[2.479s] -- Up-to-date: /home/ytxu/cr_dvrk_ws/install/cisstNetlib/include/cisstNetlib/cisstNetlib-lawson-hanson.h
[2.479s] -- Up-to-date: /home/ytxu/cr_dvrk_ws/install/cisstNetlib/lib/libcisstNetlib_lapack.a
[2.480s] -- Up-to-date: /home/ytxu/cr_dvrk_ws/install/cisstNetlib/lib/libcisstNetlib_blas.a
[2.480s] -- Up-to-date: /home/ytxu/cr_dvrk_ws/install/cisstNetlib/lib/libcisstNetlib_f2c.a
[2.480s] -- Up-to-date: /home/ytxu/cr_dvrk_ws/install/cisstNetlib/share/cisstNetlib/CisstNetlibConfig.cmake
[2.481s] -- Up-to-date: /home/ytxu/cr_dvrk_ws/install/cisstNetlib/lib/libcisstNetlib_hanson_haskell.a
[2.484s] -- Up-to-date: /home/ytxu/cr_dvrk_ws/install/cisstNetlib/lib/libcisstNetlib_lawson_hanson.a
[2.485s] -- Up-to-date: /home/ytxu/cr_dvrk_ws/install/cisstNetlib/lib/libcisstNetlib.a
[2.489s] Invoked command in '/home/ytxu/cr_dvrk_ws/build/cisstNetlib' returned '0': CMAKE_PREFIX_PATH=/home/ytxu/cr_dvrk_ws/install/dvrk_robot:/home/ytxu/cr_dvrk_ws/install/sawIntuitiveResearchKitCore:/home/ytxu/cr_dvrk_ws/install/sawTextToSpeechAll:/home/ytxu/cr_dvrk_ws/install/robot_io:/home/ytxu/cr_dvrk_ws/install/sawRobotIO1394Core:/home/ytxu/cr_dvrk_ws/install/sawControllersAll:/home/ytxu/cr_dvrk_ws/install/sawKeyboardAll:/home/ytxu/cr_dvrk_ws/install/dvrk_video:/home/ytxu/cr_dvrk_ws/install/dvrk_python:/home/ytxu/cr_dvrk_ws/install/dvrk_model:/home/ytxu/cr_dvrk_ws/install/dvrk_hrsv_widget:/home/ytxu/cr_dvrk_ws/install/dvrk_config_jhu:/home/ytxu/cr_dvrk_ws/install/dvrk_config:/home/ytxu/cr_dvrk_ws/install/dvrk_camera_registration:/home/ytxu/cr_dvrk_ws/install/dvrk_arms_from_ros:/home/ytxu/cr_dvrk_ws/install/crtk_python_client:/home/ytxu/cr_dvrk_ws/install/cisst_ros_crtk:/home/ytxu/cr_dvrk_ws/install/crtk_msgs:/home/ytxu/cr_dvrk_ws/install/cisst_ros_bridge:/home/ytxu/cr_dvrk_ws/install/cisst_msgs:/home/ytxu/cr-dvrk-rviz/install/test_scripts:/home/ytxu/cr-dvrk-rviz/install/teleop_cr_psm:/home/ytxu/cr-dvrk-rviz/install/cr_dvrk_kinematics:/home/ytxu/ctr_tr_model/install/pub_ctr_kinematics:/opt/ros/humble:/home/ytxu/cr_dvrk_ws/install/cisst:/home/ytxu/cr_dvrk_ws/install/cisstNetlib /usr/bin/cmake --install /home/ytxu/cr_dvrk_ws/build/cisstNetlib
