[0.038s] Invoking command in '/home/ytxu/cr_dvrk_ws/build/dvrk_config': CMAKE_PREFIX_PATH=/home/ytxu/cr-dvrk-rviz/install/test_scripts:/home/ytxu/cr-dvrk-rviz/install/teleop_cr_psm:/home/ytxu/cr-dvrk-rviz/install/cr_dvrk_kinematics:/home/ytxu/ctr_tr_model/install/pub_ctr_kinematics:/opt/ros/humble /usr/bin/cmake /home/ytxu/cr_dvrk_ws/src/cisst-saw/sawIntuitiveResearchKit/share -DCMAKE_BUILD_TYPE=Release -DAMENT_CMAKE_SYMLINK_INSTALL=1 -DCMAKE_INSTALL_PREFIX=/home/ytxu/cr_dvrk_ws/install/dvrk_config
[0.323s] -- The C compiler identification is GNU 11.4.0
[0.589s] -- The CXX compiler identification is GNU 11.4.0
[0.755s] -- Detecting C compiler ABI info
[0.882s] -- Detecting C compiler ABI info - done
[0.892s] -- Check for working C compiler: /usr/bin/cc - skipped
[0.893s] -- Detecting C compile features
[0.893s] -- Detecting C compile features - done
[0.896s] -- Detecting CXX compiler ABI info
[1.027s] -- Detecting CXX compiler ABI info - done
[1.036s] -- Check for working CXX compiler: /usr/bin/c++ - skipped
[1.036s] -- Detecting CXX compile features
[1.037s] -- Detecting CXX compile features - done
[1.587s] -- Found Python3: /usr/bin/python3 (found version "3.10.12") found components: Interpreter 
[1.670s] -- Override CMake install command with custom implementation using symlinks instead of copying resources
[1.781s] -- Configuring done
[1.787s] -- Generating done
[1.790s] -- Build files have been written to: /home/ytxu/cr_dvrk_ws/build/dvrk_config
[1.796s] Invoked command in '/home/ytxu/cr_dvrk_ws/build/dvrk_config' returned '0': CMAKE_PREFIX_PATH=/home/ytxu/cr-dvrk-rviz/install/test_scripts:/home/ytxu/cr-dvrk-rviz/install/teleop_cr_psm:/home/ytxu/cr-dvrk-rviz/install/cr_dvrk_kinematics:/home/ytxu/ctr_tr_model/install/pub_ctr_kinematics:/opt/ros/humble /usr/bin/cmake /home/ytxu/cr_dvrk_ws/src/cisst-saw/sawIntuitiveResearchKit/share -DCMAKE_BUILD_TYPE=Release -DAMENT_CMAKE_SYMLINK_INSTALL=1 -DCMAKE_INSTALL_PREFIX=/home/ytxu/cr_dvrk_ws/install/dvrk_config
[1.798s] Invoking command in '/home/ytxu/cr_dvrk_ws/build/dvrk_config': CMAKE_PREFIX_PATH=/home/ytxu/cr-dvrk-rviz/install/test_scripts:/home/ytxu/cr-dvrk-rviz/install/teleop_cr_psm:/home/ytxu/cr-dvrk-rviz/install/cr_dvrk_kinematics:/home/ytxu/ctr_tr_model/install/pub_ctr_kinematics:/opt/ros/humble /usr/bin/cmake --build /home/ytxu/cr_dvrk_ws/build/dvrk_config -- -j12 -l12
[1.840s] Invoked command in '/home/ytxu/cr_dvrk_ws/build/dvrk_config' returned '0': CMAKE_PREFIX_PATH=/home/ytxu/cr-dvrk-rviz/install/test_scripts:/home/ytxu/cr-dvrk-rviz/install/teleop_cr_psm:/home/ytxu/cr-dvrk-rviz/install/cr_dvrk_kinematics:/home/ytxu/ctr_tr_model/install/pub_ctr_kinematics:/opt/ros/humble /usr/bin/cmake --build /home/ytxu/cr_dvrk_ws/build/dvrk_config -- -j12 -l12
[1.841s] Invoking command in '/home/ytxu/cr_dvrk_ws/build/dvrk_config': CMAKE_PREFIX_PATH=/home/ytxu/cr-dvrk-rviz/install/test_scripts:/home/ytxu/cr-dvrk-rviz/install/teleop_cr_psm:/home/ytxu/cr-dvrk-rviz/install/cr_dvrk_kinematics:/home/ytxu/ctr_tr_model/install/pub_ctr_kinematics:/opt/ros/humble /usr/bin/cmake --install /home/ytxu/cr_dvrk_ws/build/dvrk_config
[1.849s] -- Install configuration: "Release"
[1.849s] -- Execute custom install script
[1.851s] -- Symlinking: /home/ytxu/cr_dvrk_ws/install/dvrk_config/share/dvrk_config/arm/ECM_KIN_SIMULATED_STRAIGHT.json
[1.860s] -- Symlinking: /home/ytxu/cr_dvrk_ws/install/dvrk_config/share/dvrk_config/arm/ECM_Si_KIN_SIMULATED_STRAIGHT.json
[1.869s] -- Symlinking: /home/ytxu/cr_dvrk_ws/install/dvrk_config/share/dvrk_config/arm/MTML_KIN_SIMULATED.json
[1.877s] -- Symlinking: /home/ytxu/cr_dvrk_ws/install/dvrk_config/share/dvrk_config/arm/MTMR_KIN_SIMULATED.json
[1.885s] -- Symlinking: /home/ytxu/cr_dvrk_ws/install/dvrk_config/share/dvrk_config/arm/PSM_KIN_SIMULATED_5MM_NEEDLE_DRIVER_400117.json
[1.897s] -- Symlinking: /home/ytxu/cr_dvrk_ws/install/dvrk_config/share/dvrk_config/arm/PSM_KIN_SIMULATED_LARGE_NEEDLE_DRIVER_400006.json
[1.907s] -- Symlinking: /home/ytxu/cr_dvrk_ws/install/dvrk_config/share/dvrk_config/arm/PSM_KIN_SIMULATED_MANUAL.json
[1.916s] -- Symlinking: /home/ytxu/cr_dvrk_ws/install/dvrk_config/share/dvrk_config/arm/PSM_Si_KIN_SIMULATED_LARGE_NEEDLE_DRIVER_420006.json
[1.927s] -- Symlinking: /home/ytxu/cr_dvrk_ws/install/dvrk_config/share/dvrk_config/arm/README.md
[1.936s] -- Symlinking: /home/ytxu/cr_dvrk_ws/install/dvrk_config/share/dvrk_config/arm/suj-fixed-simulated.json
[1.945s] -- Symlinking: /home/ytxu/cr_dvrk_ws/install/dvrk_config/share/dvrk_config/arm/suj-si-simulated.json
[1.954s] -- Symlinking: /home/ytxu/cr_dvrk_ws/install/dvrk_config/share/dvrk_config/arm/suj-simulated.json
[1.964s] -- Symlinking: /home/ytxu/cr_dvrk_ws/install/dvrk_config/share/dvrk_config/collection/collection-MTML-MTMR.json
[1.974s] -- Symlinking: /home/ytxu/cr_dvrk_ws/install/dvrk_config/share/dvrk_config/collection/collection-MTML-PSM1.json
[1.984s] -- Symlinking: /home/ytxu/cr_dvrk_ws/install/dvrk_config/share/dvrk_config/console/console-ECM_Classic_KIN_SIMULATED.json
[1.994s] -- Symlinking: /home/ytxu/cr_dvrk_ws/install/dvrk_config/share/dvrk_config/console/console-ECM_Si_KIN_SIMULATED.json
[2.002s] -- Symlinking: /home/ytxu/cr_dvrk_ws/install/dvrk_config/share/dvrk_config/console/console-MTML_Classic_KIN_SIMULATED.json
[2.012s] -- Symlinking: /home/ytxu/cr_dvrk_ws/install/dvrk_config/share/dvrk_config/console/console-MTMR-ForceDimension-PSM1_KIN_SIMULATED-Teleop.json
[2.021s] -- Symlinking: /home/ytxu/cr_dvrk_ws/install/dvrk_config/share/dvrk_config/console/console-MTMR-ForceDimension-no-keyboard-PSM1_KIN_SIMULATED-Teleop.json
[2.032s] -- Symlinking: /home/ytxu/cr_dvrk_ws/install/dvrk_config/share/dvrk_config/console/console-MTMR-NovintFalcon-JoystickPedals-PSM1_KIN_SIMULATED-Teleop.json
[2.040s] -- Symlinking: /home/ytxu/cr_dvrk_ws/install/dvrk_config/share/dvrk_config/console/console-MTMR-Omni-PSM1_KIN_SIMULATED-Teleop.json
[2.050s] -- Symlinking: /home/ytxu/cr_dvrk_ws/install/dvrk_config/share/dvrk_config/console/console-MTMR_Classic_KIN_SIMULATED.json
[2.059s] -- Symlinking: /home/ytxu/cr_dvrk_ws/install/dvrk_config/share/dvrk_config/console/console-MTMR_KIN_SIMULATED-PSM1_SocketClient-Teleop.json
[2.067s] -- Symlinking: /home/ytxu/cr_dvrk_ws/install/dvrk_config/share/dvrk_config/console/console-PSM1_Classic_KIN_SIMULATED.json
[2.078s] -- Symlinking: /home/ytxu/cr_dvrk_ws/install/dvrk_config/share/dvrk_config/console/console-PSM1_KIN_SIMULATED_SocketServer.json
[2.090s] -- Symlinking: /home/ytxu/cr_dvrk_ws/install/dvrk_config/share/dvrk_config/console/console-PSM1_SNAKE_KIN_SIMULATED.json
[2.099s] -- Symlinking: /home/ytxu/cr_dvrk_ws/install/dvrk_config/share/dvrk_config/console/console-PSM1_Si_KIN_SIMULATED.json
[2.114s] -- Symlinking: /home/ytxu/cr_dvrk_ws/install/dvrk_config/share/dvrk_config/console/console-PSM2_Classic_KIN_SIMULATED.json
[2.118s] -- Symlinking: /home/ytxu/cr_dvrk_ws/install/dvrk_config/share/dvrk_config/console/console-PSM2_Si_KIN_SIMULATED.json
[2.129s] -- Symlinking: /home/ytxu/cr_dvrk_ws/install/dvrk_config/share/dvrk_config/console/console-PSM3_Classic_KIN_SIMULATED.json
[2.137s] -- Symlinking: /home/ytxu/cr_dvrk_ws/install/dvrk_config/share/dvrk_config/console/console-PSM3_Si_KIN_SIMULATED.json
[2.146s] -- Symlinking: /home/ytxu/cr_dvrk_ws/install/dvrk_config/share/dvrk_config/console/console-dVRK-cart-simulated.json
[2.156s] -- Symlinking: /home/ytxu/cr_dvrk_ws/install/dvrk_config/share/dvrk_config/console/console-full-system-simulated.json
[2.165s] -- Symlinking: /home/ytxu/cr_dvrk_ws/install/dvrk_config/share/dvrk_config/console/console-patient-cart-Classic-simulated.json
[2.173s] -- Symlinking: /home/ytxu/cr_dvrk_ws/install/dvrk_config/share/dvrk_config/console/console-patient-cart-Si-simulated.json
[2.182s] -- Symlinking: /home/ytxu/cr_dvrk_ws/install/dvrk_config/share/dvrk_config/console/console-patient-cart-fixed-simulated.json
[2.191s] -- Symlinking: /home/ytxu/cr_dvrk_ws/install/dvrk_config/share/dvrk_config/console/console-surgeon-console-simulated.json
[2.200s] -- Symlinking: /home/ytxu/cr_dvrk_ws/install/dvrk_config/share/dvrk_config/console/sawSensablePhantomDefault.json
[2.209s] -- Symlinking: /home/ytxu/cr_dvrk_ws/install/dvrk_config/share/dvrk_config/deprecated/dvecm.rob
[2.218s] -- Symlinking: /home/ytxu/cr_dvrk_ws/install/dvrk_config/share/dvrk_config/deprecated/dvmtm.rob
[2.227s] -- Symlinking: /home/ytxu/cr_dvrk_ws/install/dvrk_config/share/dvrk_config/deprecated/dvpsm.rob
[2.237s] -- Symlinking: /home/ytxu/cr_dvrk_ws/install/dvrk_config/share/dvrk_config/hid/goovis-hd.json
[2.246s] -- Symlinking: /home/ytxu/cr_dvrk_ws/install/dvrk_config/share/dvrk_config/igtl/README.md
[2.256s] -- Symlinking: /home/ytxu/cr_dvrk_ws/install/dvrk_config/share/dvrk_config/igtl/igtl-PSM1.json
[2.265s] -- Symlinking: /home/ytxu/cr_dvrk_ws/install/dvrk_config/share/dvrk_config/igtl/manager-igtl-PSM1.json
[2.274s] -- Symlinking: /home/ytxu/cr_dvrk_ws/install/dvrk_config/share/dvrk_config/io/README.md
[2.283s] -- Symlinking: /home/ytxu/cr_dvrk_ws/install/dvrk_config/share/dvrk_config/io/sawRobotIO1394-MTML-all-inputs.xml
[2.294s] -- Symlinking: /home/ytxu/cr_dvrk_ws/install/dvrk_config/share/dvrk_config/io/sawRobotIO1394-MTML-dv-endoscope-focus.xml
[2.302s] -- Symlinking: /home/ytxu/cr_dvrk_ws/install/dvrk_config/share/dvrk_config/io/sawRobotIO1394-MTML-dv-head-sensor.xml
[2.311s] -- Symlinking: /home/ytxu/cr_dvrk_ws/install/dvrk_config/share/dvrk_config/io/sawRobotIO1394-MTML-foot-pedals-DQLA.xml
[2.320s] -- Symlinking: /home/ytxu/cr_dvrk_ws/install/dvrk_config/share/dvrk_config/io/sawRobotIO1394-MTML-foot-pedals.xml
[2.329s] -- Symlinking: /home/ytxu/cr_dvrk_ws/install/dvrk_config/share/dvrk_config/io/sawRobotIO1394-MTMR-all-inputs.xml
[2.338s] -- Symlinking: /home/ytxu/cr_dvrk_ws/install/dvrk_config/share/dvrk_config/io/sawRobotIO1394-MTMR-dv-endoscope-focus.xml
[2.348s] -- Symlinking: /home/ytxu/cr_dvrk_ws/install/dvrk_config/share/dvrk_config/io/sawRobotIO1394-MTMR-dv-head-sensor.xml
[2.358s] -- Symlinking: /home/ytxu/cr_dvrk_ws/install/dvrk_config/share/dvrk_config/io/sawRobotIO1394-MTMR-foot-pedals-DQLA.xml
[2.367s] -- Symlinking: /home/ytxu/cr_dvrk_ws/install/dvrk_config/share/dvrk_config/io/sawRobotIO1394-MTMR-foot-pedals.xml
[2.376s] -- Symlinking: /home/ytxu/cr_dvrk_ws/install/dvrk_config/share/dvrk_config/io/sawRobotIO1394-PSM1-foot-pedals.xml
[2.385s] -- Symlinking: /home/ytxu/cr_dvrk_ws/install/dvrk_config/share/dvrk_config/io/sawRobotIO1394-PSM1s-all-inputs.xml
[2.394s] -- Symlinking: /home/ytxu/cr_dvrk_ws/install/dvrk_config/share/dvrk_config/io/sawRobotIO1394-PSM2-foot-pedals.xml
[2.403s] -- Symlinking: /home/ytxu/cr_dvrk_ws/install/dvrk_config/share/dvrk_config/io/sawRobotIO1394-PSM3-dv-head-sensor.xml
[2.411s] -- Symlinking: /home/ytxu/cr_dvrk_ws/install/dvrk_config/share/dvrk_config/io/sawRobotIO1394-PSM3-foot-pedals.xml
[2.421s] -- Symlinking: /home/ytxu/cr_dvrk_ws/install/dvrk_config/share/dvrk_config/kinematic/compute-ftmax.py
[2.430s] -- Symlinking: /home/ytxu/cr_dvrk_ws/install/dvrk_config/share/dvrk_config/kinematic/ecm-si.json
[2.439s] -- Symlinking: /home/ytxu/cr_dvrk_ws/install/dvrk_config/share/dvrk_config/kinematic/ecm.json
[2.448s] -- Symlinking: /home/ytxu/cr_dvrk_ws/install/dvrk_config/share/dvrk_config/kinematic/mtm-deprecated.json
[2.459s] -- Symlinking: /home/ytxu/cr_dvrk_ws/install/dvrk_config/share/dvrk_config/kinematic/mtml-deprecated.json
[2.468s] -- Symlinking: /home/ytxu/cr_dvrk_ws/install/dvrk_config/share/dvrk_config/kinematic/mtml.json
[2.476s] -- Symlinking: /home/ytxu/cr_dvrk_ws/install/dvrk_config/share/dvrk_config/kinematic/mtmr-deprecated.json
[2.485s] -- Symlinking: /home/ytxu/cr_dvrk_ws/install/dvrk_config/share/dvrk_config/kinematic/mtmr.json
[2.495s] -- Symlinking: /home/ytxu/cr_dvrk_ws/install/dvrk_config/share/dvrk_config/kinematic/psm-si-physical.json
[2.503s] -- Symlinking: /home/ytxu/cr_dvrk_ws/install/dvrk_config/share/dvrk_config/kinematic/psm-si.json
[2.513s] -- Symlinking: /home/ytxu/cr_dvrk_ws/install/dvrk_config/share/dvrk_config/kinematic/psm.json
[2.523s] -- Symlinking: /home/ytxu/cr_dvrk_ws/install/dvrk_config/share/dvrk_config/pid/deprecated/sawControllersPID-ECM.xml
[2.531s] -- Symlinking: /home/ytxu/cr_dvrk_ws/install/dvrk_config/share/dvrk_config/pid/deprecated/sawControllersPID-Focus.xml
[2.540s] -- Symlinking: /home/ytxu/cr_dvrk_ws/install/dvrk_config/share/dvrk_config/pid/deprecated/sawControllersPID-MTML.xml
[2.550s] -- Symlinking: /home/ytxu/cr_dvrk_ws/install/dvrk_config/share/dvrk_config/pid/deprecated/sawControllersPID-MTMR.xml
[2.558s] -- Symlinking: /home/ytxu/cr_dvrk_ws/install/dvrk_config/share/dvrk_config/pid/deprecated/sawControllersPID-PSM-Si.xml
[2.567s] -- Symlinking: /home/ytxu/cr_dvrk_ws/install/dvrk_config/share/dvrk_config/pid/deprecated/sawControllersPID-PSM.xml
[2.576s] -- Symlinking: /home/ytxu/cr_dvrk_ws/install/dvrk_config/share/dvrk_config/pid/sawControllersPID-ECM-Si.json
[2.585s] -- Symlinking: /home/ytxu/cr_dvrk_ws/install/dvrk_config/share/dvrk_config/pid/sawControllersPID-ECM.json
[2.594s] -- Symlinking: /home/ytxu/cr_dvrk_ws/install/dvrk_config/share/dvrk_config/pid/sawControllersPID-MTM.json
[2.604s] -- Symlinking: /home/ytxu/cr_dvrk_ws/install/dvrk_config/share/dvrk_config/pid/sawControllersPID-PSM-Si.json
[2.612s] -- Symlinking: /home/ytxu/cr_dvrk_ws/install/dvrk_config/share/dvrk_config/pid/sawControllersPID-PSM.json
[2.621s] -- Symlinking: /home/ytxu/cr_dvrk_ws/install/dvrk_config/share/dvrk_config/schemas/README.md
[2.630s] -- Symlinking: /home/ytxu/cr_dvrk_ws/install/dvrk_config/share/dvrk_config/schemas/cisst-component-manager.schema.json
[2.638s] -- Symlinking: /home/ytxu/cr_dvrk_ws/install/dvrk_config/share/dvrk_config/schemas/cisst-matrices.schema.json
[2.647s] -- Symlinking: /home/ytxu/cr_dvrk_ws/install/dvrk_config/share/dvrk_config/schemas/dvrk-arm.schema.json
[2.656s] -- Symlinking: /home/ytxu/cr_dvrk_ws/install/dvrk_config/share/dvrk_config/schemas/dvrk-console.schema.json
[2.667s] -- Symlinking: /home/ytxu/cr_dvrk_ws/install/dvrk_config/share/dvrk_config/schemas/dvrk-ecm.schema.json
[2.675s] -- Symlinking: /home/ytxu/cr_dvrk_ws/install/dvrk_config/share/dvrk_config/schemas/dvrk-interface-button.schema.json
[2.687s] -- Symlinking: /home/ytxu/cr_dvrk_ws/install/dvrk_config/share/dvrk_config/schemas/dvrk-mtm.schema.json
[2.696s] -- Symlinking: /home/ytxu/cr_dvrk_ws/install/dvrk_config/share/dvrk_config/schemas/dvrk-psm.schema.json
[2.706s] -- Symlinking: /home/ytxu/cr_dvrk_ws/install/dvrk_config/share/dvrk_config/schemas/dvrk-teleop-ecm.schema.json
[2.716s] -- Symlinking: /home/ytxu/cr_dvrk_ws/install/dvrk_config/share/dvrk_config/schemas/dvrk-teleop-psm.schema.json
[2.725s] -- Symlinking: /home/ytxu/cr_dvrk_ws/install/dvrk_config/share/dvrk_config/schemas/dvrk-tool-list.schema.json
[2.734s] -- Symlinking: /home/ytxu/cr_dvrk_ws/install/dvrk_config/share/dvrk_config/schemas/generate-html.py
[2.742s] -- Symlinking: /home/ytxu/cr_dvrk_ws/install/dvrk_config/share/dvrk_config/schemas/json-schema.py
[2.751s] -- Symlinking: /home/ytxu/cr_dvrk_ws/install/dvrk_config/share/dvrk_config/socket-streamer/README.md
[2.760s] -- Symlinking: /home/ytxu/cr_dvrk_ws/install/dvrk_config/share/dvrk_config/socket-streamer/example.py
[2.768s] -- Symlinking: /home/ytxu/cr_dvrk_ws/install/dvrk_config/share/dvrk_config/socket-streamer/manager-socket-streamer-MTML.json
[2.776s] -- Symlinking: /home/ytxu/cr_dvrk_ws/install/dvrk_config/share/dvrk_config/socket-streamer/manager-socket-streamer-PSM1.json
[2.787s] -- Symlinking: /home/ytxu/cr_dvrk_ws/install/dvrk_config/share/dvrk_config/socket-streamer/manager-socket-streamer-PSM2.json
[2.796s] -- Symlinking: /home/ytxu/cr_dvrk_ws/install/dvrk_config/share/dvrk_config/socket-streamer/manager-socket-streamer-console.json
[2.806s] -- Symlinking: /home/ytxu/cr_dvrk_ws/install/dvrk_config/share/dvrk_config/socket-streamer/manager-socket-streamer-patient-cart.json
[2.815s] -- Symlinking: /home/ytxu/cr_dvrk_ws/install/dvrk_config/share/dvrk_config/socket-streamer/streamerECM.json
[2.824s] -- Symlinking: /home/ytxu/cr_dvrk_ws/install/dvrk_config/share/dvrk_config/socket-streamer/streamerMTML.json
[2.835s] -- Symlinking: /home/ytxu/cr_dvrk_ws/install/dvrk_config/share/dvrk_config/socket-streamer/streamerMTMR.json
[2.843s] -- Symlinking: /home/ytxu/cr_dvrk_ws/install/dvrk_config/share/dvrk_config/socket-streamer/streamerPSM1.json
[2.852s] -- Symlinking: /home/ytxu/cr_dvrk_ws/install/dvrk_config/share/dvrk_config/socket-streamer/streamerPSM2.json
[2.861s] -- Symlinking: /home/ytxu/cr_dvrk_ws/install/dvrk_config/share/dvrk_config/tool/BOWEL_GRASPER_400127.json
[2.870s] -- Symlinking: /home/ytxu/cr_dvrk_ws/install/dvrk_config/share/dvrk_config/tool/CADIERE_FORCEPS_400049.json
[2.879s] -- Symlinking: /home/ytxu/cr_dvrk_ws/install/dvrk_config/share/dvrk_config/tool/CADIERE_FORCEPS_420049.json
[2.888s] -- Symlinking: /home/ytxu/cr_dvrk_ws/install/dvrk_config/share/dvrk_config/tool/CURVED_SCISSORS_400178.json
[2.898s] -- Symlinking: /home/ytxu/cr_dvrk_ws/install/dvrk_config/share/dvrk_config/tool/CURVED_SCISSORS_420178.json
[2.907s] -- Symlinking: /home/ytxu/cr_dvrk_ws/install/dvrk_config/share/dvrk_config/tool/DEBAKEY_FORCEPS_400036.json
[2.916s] -- Symlinking: /home/ytxu/cr_dvrk_ws/install/dvrk_config/share/dvrk_config/tool/DEBAKEY_FORCEPS_420036.json
[2.928s] -- Symlinking: /home/ytxu/cr_dvrk_ws/install/dvrk_config/share/dvrk_config/tool/DOUBLE_FENESTRATED_GRASPER_400189.json
[2.940s] -- Symlinking: /home/ytxu/cr_dvrk_ws/install/dvrk_config/share/dvrk_config/tool/FENESTRATED_BIPOLAR_FORCEPS_400205.json
[2.949s] -- Symlinking: /home/ytxu/cr_dvrk_ws/install/dvrk_config/share/dvrk_config/tool/FENESTRATED_BIPOLAR_FORCEPS_420205.json
[2.959s] -- Symlinking: /home/ytxu/cr_dvrk_ws/install/dvrk_config/share/dvrk_config/tool/LARGE_CLIP_APPLIER_400230.json
[2.968s] -- Symlinking: /home/ytxu/cr_dvrk_ws/install/dvrk_config/share/dvrk_config/tool/LARGE_CLIP_APPLIER_420230.json
[2.977s] -- Symlinking: /home/ytxu/cr_dvrk_ws/install/dvrk_config/share/dvrk_config/tool/LARGE_NEEDLE_DRIVER_400006.json
[2.986s] -- Symlinking: /home/ytxu/cr_dvrk_ws/install/dvrk_config/share/dvrk_config/tool/LARGE_NEEDLE_DRIVER_420006.json
[2.997s] -- Symlinking: /home/ytxu/cr_dvrk_ws/install/dvrk_config/share/dvrk_config/tool/LARGE_NEEDLE_DRIVER_420006_GEARED.json
[3.006s] -- Symlinking: /home/ytxu/cr_dvrk_ws/install/dvrk_config/share/dvrk_config/tool/LARGE_SUTURECUT_NEEDLEDRIVER_420296.json
[3.014s] -- Symlinking: /home/ytxu/cr_dvrk_ws/install/dvrk_config/share/dvrk_config/tool/LONG_TIP_FORCEPS_400048.json
[3.022s] -- Symlinking: /home/ytxu/cr_dvrk_ws/install/dvrk_config/share/dvrk_config/tool/LONG_TIP_FORCEPS_420048.json
[3.031s] -- Symlinking: /home/ytxu/cr_dvrk_ws/install/dvrk_config/share/dvrk_config/tool/LRG_SUTURECUT_NEEDLE_DRIVER_400296.json
[3.040s] -- Symlinking: /home/ytxu/cr_dvrk_ws/install/dvrk_config/share/dvrk_config/tool/MARYLAND_BIPOLAR_FORCEPS_400172.json
[3.049s] -- Symlinking: /home/ytxu/cr_dvrk_ws/install/dvrk_config/share/dvrk_config/tool/MARYLAND_BIPOLAR_FORCEPS_420172.json
[3.058s] -- Symlinking: /home/ytxu/cr_dvrk_ws/install/dvrk_config/share/dvrk_config/tool/MARYLAND_DISSECTOR_400143.json
[3.067s] -- Symlinking: /home/ytxu/cr_dvrk_ws/install/dvrk_config/share/dvrk_config/tool/MEDIUM-LARGE_CLIP_APPLIER_420327.json
[3.076s] -- Symlinking: /home/ytxu/cr_dvrk_ws/install/dvrk_config/share/dvrk_config/tool/MEGA_NEEDLE_DRIVER_400194.json
[3.085s] -- Symlinking: /home/ytxu/cr_dvrk_ws/install/dvrk_config/share/dvrk_config/tool/MEGA_NEEDLE_DRIVER_420194.json
[3.094s] -- Symlinking: /home/ytxu/cr_dvrk_ws/install/dvrk_config/share/dvrk_config/tool/MEGA_SUTURECUT_NEEDLE_DRIVER_400309.json
[3.103s] -- Symlinking: /home/ytxu/cr_dvrk_ws/install/dvrk_config/share/dvrk_config/tool/MEGA_SUTURECUT_NEEDLE_DRIVER_420309.json
[3.114s] -- Symlinking: /home/ytxu/cr_dvrk_ws/install/dvrk_config/share/dvrk_config/tool/MICRO_FORCEPS_400033.json
[3.124s] -- Symlinking: /home/ytxu/cr_dvrk_ws/install/dvrk_config/share/dvrk_config/tool/MICRO_FORCEPS_420033.json
[3.136s] -- Symlinking: /home/ytxu/cr_dvrk_ws/install/dvrk_config/share/dvrk_config/tool/MONOPOLAR_CURVED_SCISSORS_400179.json
[3.148s] -- Symlinking: /home/ytxu/cr_dvrk_ws/install/dvrk_config/share/dvrk_config/tool/MONOPOLAR_CURVED_SCISSORS_420179.json
[3.163s] -- Symlinking: /home/ytxu/cr_dvrk_ws/install/dvrk_config/share/dvrk_config/tool/NEEDLE_DRIVER_400117.json
[3.171s] -- Symlinking: /home/ytxu/cr_dvrk_ws/install/dvrk_config/share/dvrk_config/tool/NEEDLE_DRIVER_420117.json
[3.182s] -- Symlinking: /home/ytxu/cr_dvrk_ws/install/dvrk_config/share/dvrk_config/tool/PERMANENT_CAUTERY_HOOK_400183.json
[3.190s] -- Symlinking: /home/ytxu/cr_dvrk_ws/install/dvrk_config/share/dvrk_config/tool/PERMANENT_CAUTERY_HOOK_420183.json
[3.199s] -- Symlinking: /home/ytxu/cr_dvrk_ws/install/dvrk_config/share/dvrk_config/tool/PERMANENT_CAUTERY_SPATULA_400184.json
[3.207s] -- Symlinking: /home/ytxu/cr_dvrk_ws/install/dvrk_config/share/dvrk_config/tool/PERMANENT_CAUTERY_SPATULA_420184.json
[3.216s] -- Symlinking: /home/ytxu/cr_dvrk_ws/install/dvrk_config/share/dvrk_config/tool/POTTS_SCISSORS_400001.json
[3.227s] -- Symlinking: /home/ytxu/cr_dvrk_ws/install/dvrk_config/share/dvrk_config/tool/POTTS_SCISSORS_420001.json
[3.235s] -- Symlinking: /home/ytxu/cr_dvrk_ws/install/dvrk_config/share/dvrk_config/tool/PROGRASP_FORCEPS_400093.json
[3.244s] -- Symlinking: /home/ytxu/cr_dvrk_ws/install/dvrk_config/share/dvrk_config/tool/PROGRASP_FORCEPS_420093.json
[3.253s] -- Symlinking: /home/ytxu/cr_dvrk_ws/install/dvrk_config/share/dvrk_config/tool/RESANO_FORCEPS_400181.json
[3.264s] -- Symlinking: /home/ytxu/cr_dvrk_ws/install/dvrk_config/share/dvrk_config/tool/RESANO_FORCEPS_420181.json
[3.274s] -- Symlinking: /home/ytxu/cr_dvrk_ws/install/dvrk_config/share/dvrk_config/tool/ROUND_TIP_SCISSORS_400007.json
[3.286s] -- Symlinking: /home/ytxu/cr_dvrk_ws/install/dvrk_config/share/dvrk_config/tool/ROUND_TIP_SCISSORS_420007.json
[3.297s] -- Symlinking: /home/ytxu/cr_dvrk_ws/install/dvrk_config/share/dvrk_config/tool/ROUND_TOOTH_FORCEPS_400035.json
[3.308s] -- Symlinking: /home/ytxu/cr_dvrk_ws/install/dvrk_config/share/dvrk_config/tool/SMALL_CLIP_APPLIER_400003.json
[3.320s] -- Symlinking: /home/ytxu/cr_dvrk_ws/install/dvrk_config/share/dvrk_config/tool/STAPLER_45_410298.json
[3.329s] -- Symlinking: /home/ytxu/cr_dvrk_ws/install/dvrk_config/share/dvrk_config/tool/TENACULUM_FORCEPS_400207.json
[3.339s] -- Symlinking: /home/ytxu/cr_dvrk_ws/install/dvrk_config/share/dvrk_config/tool/THORACIC_GRASPER_400208.json
[3.350s] -- Symlinking: /home/ytxu/cr_dvrk_ws/install/dvrk_config/share/dvrk_config/tool/index.json
[3.359s] -- Symlinking: /home/ytxu/cr_dvrk_ws/install/dvrk_config/share/ament_index/resource_index/package_run_dependencies/dvrk_config
[3.370s] -- Symlinking: /home/ytxu/cr_dvrk_ws/install/dvrk_config/share/ament_index/resource_index/parent_prefix_path/dvrk_config
[3.379s] -- Symlinking: /home/ytxu/cr_dvrk_ws/install/dvrk_config/share/dvrk_config/environment/ament_prefix_path.sh
[3.390s] -- Symlinking: /home/ytxu/cr_dvrk_ws/install/dvrk_config/share/dvrk_config/environment/ament_prefix_path.dsv
[3.400s] -- Symlinking: /home/ytxu/cr_dvrk_ws/install/dvrk_config/share/dvrk_config/environment/path.sh
[3.410s] -- Symlinking: /home/ytxu/cr_dvrk_ws/install/dvrk_config/share/dvrk_config/environment/path.dsv
[3.421s] -- Symlinking: /home/ytxu/cr_dvrk_ws/install/dvrk_config/share/dvrk_config/local_setup.bash
[3.431s] -- Symlinking: /home/ytxu/cr_dvrk_ws/install/dvrk_config/share/dvrk_config/local_setup.sh
[3.442s] -- Symlinking: /home/ytxu/cr_dvrk_ws/install/dvrk_config/share/dvrk_config/local_setup.zsh
[3.451s] -- Symlinking: /home/ytxu/cr_dvrk_ws/install/dvrk_config/share/dvrk_config/local_setup.dsv
[3.461s] -- Symlinking: /home/ytxu/cr_dvrk_ws/install/dvrk_config/share/dvrk_config/package.dsv
[3.470s] -- Symlinking: /home/ytxu/cr_dvrk_ws/install/dvrk_config/share/ament_index/resource_index/packages/dvrk_config
[3.480s] -- Symlinking: /home/ytxu/cr_dvrk_ws/install/dvrk_config/share/dvrk_config/cmake/dvrk_configConfig.cmake
[3.492s] -- Symlinking: /home/ytxu/cr_dvrk_ws/install/dvrk_config/share/dvrk_config/cmake/dvrk_configConfig-version.cmake
[3.501s] -- Symlinking: /home/ytxu/cr_dvrk_ws/install/dvrk_config/share/dvrk_config/package.xml
[3.513s] Invoked command in '/home/ytxu/cr_dvrk_ws/build/dvrk_config' returned '0': CMAKE_PREFIX_PATH=/home/ytxu/cr-dvrk-rviz/install/test_scripts:/home/ytxu/cr-dvrk-rviz/install/teleop_cr_psm:/home/ytxu/cr-dvrk-rviz/install/cr_dvrk_kinematics:/home/ytxu/ctr_tr_model/install/pub_ctr_kinematics:/opt/ros/humble /usr/bin/cmake --install /home/ytxu/cr_dvrk_ws/build/dvrk_config
